#
# There is insufficient memory for the Java Runtime Environment to continue.
# Native memory allocation (mmap) failed to map 65536 bytes. Error detail: Failed to commit metaspace.
# Possible reasons:
#   The system is out of physical RAM or swap space
#   This process is running with CompressedOops enabled, and the Java Heap may be blocking the growth of the native heap
# Possible solutions:
#   Reduce memory load on the system
#   Increase physical memory or swap space
#   Check if swap backing store is full
#   Decrease Java heap size (-Xmx/-Xms)
#   Decrease number of Java threads
#   Decrease Java thread stack sizes (-Xss)
#   Set larger code cache with -XX:ReservedCodeCacheSize=
#   JVM is running with Unscaled Compressed Oops mode in which the Java heap is
#     placed in the first 4GB address space. The Java Heap base address is the
#     maximum limit for the native heap growth. Please use -XX:HeapBaseMinAddress
#     to set the Java Heap base and to place the Java Heap above 4GB virtual address.
# This output file may be truncated or incomplete.
#
#  Out of Memory Error (virtualSpaceNode.cpp:110), pid=26356, tid=29840
#
# JRE version: OpenJDK Runtime Environment Temurin-17.0.12+7 (17.0.12+7) (build 17.0.12+7)
# Java VM: OpenJDK 64-Bit Server VM Temurin-17.0.12+7 (17.0.12+7, mixed mode, tiered, compressed oops, compressed class ptrs, parallel gc, windows-amd64)
# No core dump will be written. Minidumps are not enabled by default on client versions of Windows
#

---------------  S U M M A R Y ------------

Command Line: --add-modules=ALL-SYSTEM --add-opens=java.base/java.util=ALL-UNNAMED --add-opens=java.base/java.lang=ALL-UNNAMED --add-opens=java.base/sun.nio.fs=ALL-UNNAMED -Declipse.application=org.eclipse.jdt.ls.core.id1 -Dosgi.bundles.defaultStartLevel=4 -Declipse.product=org.eclipse.jdt.ls.core.product -Djava.import.generatesMetadataFilesAtProjectRoot=false -DDetectVMInstallationsJob.disabled=true -Dfile.encoding=utf8 -XX:+UseParallelGC -XX:GCTimeRatio=4 -XX:AdaptiveSizePolicyWeight=90 -Dsun.zip.disableMemoryMapping=true -Xmx1G -Xms100m -Xlog:disable -javaagent:c:\Users\vivin\.vscode\extensions\redhat.java-1.34.0-win32-x64\lombok\lombok-1.18.33.jar c:\Users\vivin\.vscode\extensions\redhat.java-1.34.0-win32-x64\server\plugins\org.eclipse.equinox.launcher_1.6.900.v20240613-2009.jar -configuration c:\Users\vivin\AppData\Roaming\Code\User\globalStorage\redhat.java\1.34.0\config_ss_win -data c:\Users\vivin\AppData\Roaming\Code\User\workspaceStorage\03aef4cec3476b10e38d3aef6a71f36d\redhat.java\ss_ws --pipe=\\.\pipe\lsp-b850c13ef0ad309350d39f35f54eb5aa-sock

Host: AMD Ryzen 3 3250U with Radeon Graphics         , 4 cores, 5G,  Windows 11 , 64 bit Build 22621 (10.0.22621.3958)
Time: Tue Sep 17 22:06:35 2024 India Standard Time elapsed time: 9.196170 seconds (0d 0h 0m 9s)

---------------  T H R E A D  ---------------

Current thread (0x0000017e5ba8a010):  JavaThread "Start Level: Equinox Container: 7e7f8b48-25c5-464c-b47d-4d90b9737f34" daemon [_thread_in_vm, id=29840, stack(0x00000002baa00000,0x00000002bab00000)]

Stack: [0x00000002baa00000,0x00000002bab00000]
Native frames: (J=compiled Java code, j=interpreted, Vv=VM code, C=native code)
V  [jvm.dll+0x67f929]
V  [jvm.dll+0x8371ba]
V  [jvm.dll+0x838c7e]
V  [jvm.dll+0x8392e3]
V  [jvm.dll+0x24834f]
V  [jvm.dll+0x832e6d]
V  [jvm.dll+0x623e9e]
V  [jvm.dll+0x623f0a]
V  [jvm.dll+0x626724]
V  [jvm.dll+0x624846]
V  [jvm.dll+0x23db70]
V  [jvm.dll+0x1ec8cb]
V  [jvm.dll+0x1e2261]
V  [jvm.dll+0x54468e]
V  [jvm.dll+0x1f2ce7]
V  [jvm.dll+0x7b056b]
V  [jvm.dll+0x7b1939]
V  [jvm.dll+0x7b1c88]
V  [jvm.dll+0x2404de]
V  [jvm.dll+0x3833fe]
C  0x0000017e4bd1afa5

The last pc belongs to new (printed below).
Java frames: (J=compiled Java code, j=interpreted, Vv=VM code)
j  sun.nio.cs.ISO_8859_1.newEncoder()Ljava/nio/charset/CharsetEncoder;+0 java.base@17.0.12
j  sun.nio.cs.StreamEncoder.<init>(Ljava/io/OutputStream;Ljava/lang/Object;Ljava/nio/charset/Charset;)V+4 java.base@17.0.12
j  sun.nio.cs.StreamEncoder.forOutputStreamWriter(Ljava/io/OutputStream;Ljava/lang/Object;Ljava/nio/charset/Charset;)Lsun/nio/cs/StreamEncoder;+7 java.base@17.0.12
j  java.io.OutputStreamWriter.<init>(Ljava/io/OutputStream;Ljava/nio/charset/Charset;)V+23 java.base@17.0.12
j  java.util.Properties.store(Ljava/io/OutputStream;Ljava/lang/String;)V+13 java.base@17.0.12
j  org.eclipse.core.internal.preferences.EclipsePreferences.removeTimestampFromTable(Ljava/util/Properties;)Ljava/lang/String;+11
j  org.eclipse.core.internal.preferences.EclipsePreferences.write(Ljava/util/Properties;Lorg/eclipse/core/runtime/IPath;)V+35
j  org.eclipse.core.internal.preferences.EclipsePreferences.save(Lorg/eclipse/core/runtime/IPath;)V+114
j  org.eclipse.core.internal.preferences.EclipsePreferences.save()V+12
j  org.eclipse.core.internal.preferences.EclipsePreferences.internalFlush()Lorg/eclipse/core/runtime/preferences/IEclipsePreferences;+76
j  org.eclipse.core.internal.preferences.EclipsePreferences.flush()V+10
j  org.eclipse.core.internal.preferences.legacy.PreferenceForwarder.flush()V+11
j  org.eclipse.core.runtime.Plugin.lambda$1(Lorg/eclipse/core/runtime/Preferences;)V+4
j  org.eclipse.core.runtime.Plugin$$Lambda$166+0x000000010021fc10.run()V+4
j  org.eclipse.core.runtime.Plugin.savePluginPreferences()V+48
j  org.eclipse.core.internal.resources.Workspace.setDescription(Lorg/eclipse/core/resources/IWorkspaceDescription;)V+41
j  org.eclipse.jdt.ls.core.internal.managers.ProjectsManager.setAutoBuilding(Z)Z+33
j  org.eclipse.jdt.ls.core.internal.JavaLanguageServerPlugin.disableServices()V+1
j  org.eclipse.jdt.ls.core.internal.JavaLanguageServerPlugin.start(Lorg/osgi/framework/BundleContext;)V+42
j  org.eclipse.osgi.internal.framework.BundleContextImpl$2.run()Ljava/lang/Void;+23
j  org.eclipse.osgi.internal.framework.BundleContextImpl$2.run()Ljava/lang/Object;+1
J 906 c1 java.security.AccessController.executePrivileged(Ljava/security/PrivilegedExceptionAction;Ljava/security/AccessControlContext;Ljava/lang/Class;)Ljava/lang/Object; java.base@17.0.12 (65 bytes) @ 0x0000017e449518b4 [0x0000017e44951760+0x0000000000000154]
j  java.security.AccessController.doPrivileged(Ljava/security/PrivilegedExceptionAction;)Ljava/lang/Object;+9 java.base@17.0.12
j  org.eclipse.osgi.internal.framework.BundleContextImpl.startActivator(Lorg/osgi/framework/BundleActivator;)V+9
j  org.eclipse.osgi.internal.framework.BundleContextImpl.start()V+134
j  org.eclipse.osgi.internal.framework.EquinoxBundle.startWorker0()V+35
j  org.eclipse.osgi.internal.framework.EquinoxBundle$EquinoxModule.startWorker()V+4
j  org.eclipse.osgi.container.Module.doStart([Lorg/eclipse/osgi/container/Module$StartOptions;)Lorg/eclipse/osgi/container/ModuleContainerAdaptor$ModuleEvent;+190
j  org.eclipse.osgi.container.Module.start([Lorg/eclipse/osgi/container/Module$StartOptions;)V+460
j  org.eclipse.osgi.container.ModuleContainer$ContainerStartLevel$2.run()V+71
j  org.eclipse.osgi.internal.framework.EquinoxContainerAdaptor$1$1.execute(Ljava/lang/Runnable;)V+1
j  org.eclipse.osgi.container.ModuleContainer$ContainerStartLevel.incStartLevel(ILjava/util/List;Z)V+193
j  org.eclipse.osgi.container.ModuleContainer$ContainerStartLevel.incStartLevel(ILjava/util/List;Ljava/util/List;Ljava/util/List;Ljava/util/List;)V+19
j  org.eclipse.osgi.container.ModuleContainer$ContainerStartLevel.doContainerStartLevel(Lorg/eclipse/osgi/container/Module;I[Lorg/osgi/framework/FrameworkListener;)V+349
j  org.eclipse.osgi.container.ModuleContainer$ContainerStartLevel.dispatchEvent(Lorg/eclipse/osgi/container/Module;[Lorg/osgi/framework/FrameworkListener;ILjava/lang/Integer;)V+32
j  org.eclipse.osgi.container.ModuleContainer$ContainerStartLevel.dispatchEvent(Ljava/lang/Object;Ljava/lang/Object;ILjava/lang/Object;)V+15
j  org.eclipse.osgi.framework.eventmgr.EventManager.dispatchEvent(Ljava/util/Set;Lorg/eclipse/osgi/framework/eventmgr/EventDispatcher;ILjava/lang/Object;)V+48
j  org.eclipse.osgi.framework.eventmgr.EventManager$EventThread.run()V+26
v  ~StubRoutines::call_stub
new  187 new  [0x0000017e4bd1ae20, 0x0000017e4bd1b040]  544 bytes
[MachCode]
  0x0000017e4bd1ae20: 4883 ec08 | c5fa 1104 | 24eb 1f48 | 83ec 10c5 | fb11 0424 | eb14 4883 | ec10 4889 | 0424 48c7 
  0x0000017e4bd1ae40: 4424 0800 | 0000 00eb | 0150 410f | b755 010f | cac1 ea10 | 488b 4de8 | 488b 4908 | 488b 4908 
  0x0000017e4bd1ae60: 488b 4108 | 807c 1004 | 070f 85d6 | 0000 0066 | 8b54 d148 | 488b 4928 | 488b 4cd1 | 0851 80b9 
  0x0000017e4bd1ae80: 3301 0000 | 040f 85b9 | 0000 008b | 5108 f7c2 | 0100 0000 | 0f85 aa00 | 0000 498b | 8708 0100 
  0x0000017e4bd1aea0: 0048 8d1c | 1049 3b9f | 1801 0000 | 0f87 9200 | 0000 4989 | 9f08 0100 | 00e9 0000 | 0000 4883 
  0x0000017e4bd1aec0: ea10 0f84 | 0f00 0000 | 33c9 c1ea | 0348 894c | d008 48ff | ca75 f648 | c700 0100 | 0000 5933 
  0x0000017e4bd1aee0: f689 700c | 48c1 e903 | 8948 0849 | bad9 b567 | 58fb 7f00 | 0041 803a | 000f 8440 | 0000 0050 
  0x0000017e4bd1af00: 488b c848 | 83ec 20f7 | c40f 0000 | 000f 841a | 0000 0048 | 83ec 0849 | bab0 4c1d | 58fb 7f00 
  0x0000017e4bd1af20: 0041 ffd2 | 4883 c408 | e90d 0000 | 0049 bab0 | 4c1d 58fb | 7f00 0041 | ffd2 4883 | c420 58e9 
  0x0000017e4bd1af40: cd00 0000 | 5948 8b55 | e848 8b52 | 0848 8b52 | 0845 0fb7 | 4501 410f | c841 c1e8 | 10e8 0500 
  0x0000017e4bd1af60: 0000 e9aa | 0000 0048 | 8d44 2408 | 4c89 6dc0 | 498b cfc5 | f877 4989 | afa8 0200 | 0049 8987 
  0x0000017e4bd1af80: 9802 0000 | 4883 ec20 | f7c4 0f00 | 0000 0f84 | 1a00 0000 | 4883 ec08 | 49ba b033 | e757 fb7f 
  0x0000017e4bd1afa0: 0000 41ff | d248 83c4 | 08e9 0d00 | 0000 49ba | b033 e757 | fb7f 0000 | 41ff d248 | 83c4 2049 
  0x0000017e4bd1afc0: c787 9802 | 0000 0000 | 0000 49c7 | 87a8 0200 | 0000 0000 | 0049 c787 | a002 0000 | 0000 0000 
  0x0000017e4bd1afe0: c5f8 7749 | 817f 0800 | 0000 000f | 8405 0000 | 00e9 0a5f | feff 498b | 87f0 0200 | 0049 c787 
  0x0000017e4bd1b000: f002 0000 | 0000 0000 | 4c8b 6dc0 | 4c8b 75c8 | c341 0fb6 | 5d03 4983 | c503 49ba | 9022 6a58 
  0x0000017e4bd1b020: fb7f 0000 | 41ff 24da | 0000 0000 | 0000 0000 | 0000 0000 | 0000 0000 | 0000 0000 | 0000 0000 
[/MachCode]

Compiled method (c1)    9257  906       3       java.security.AccessController::executePrivileged (65 bytes)
 total in heap  [0x0000017e44951590,0x0000017e44951b78] = 1512
 relocation     [0x0000017e449516e8,0x0000017e44951748] = 96
 main code      [0x0000017e44951760,0x0000017e44951a00] = 672
 stub code      [0x0000017e44951a00,0x0000017e44951a58] = 88
 metadata       [0x0000017e44951a58,0x0000017e44951a68] = 16
 scopes data    [0x0000017e44951a68,0x0000017e44951ae0] = 120
 scopes pcs     [0x0000017e44951ae0,0x0000017e44951b60] = 128
 dependencies   [0x0000017e44951b60,0x0000017e44951b68] = 8
 nul chk table  [0x0000017e44951b68,0x0000017e44951b78] = 16

[Constant Pool (empty)]

[MachCode]
[Verified Entry Point]
  # {method} {0x0000017e56030fe0} 'executePrivileged' '(Ljava/security/PrivilegedExceptionAction;Ljava/security/AccessControlContext;Ljava/lang/Class;)Ljava/lang/Object;' in 'java/security/AccessController'
  # parm0:    rdx:rdx   = 'java/security/PrivilegedExceptionAction'
  # parm1:    r8:r8     = 'java/security/AccessControlContext'
  # parm2:    r9:r9     = 'java/lang/Class'
  #           [sp+0x50]  (sp of caller)
  0x0000017e44951760: 8984 2400 | 90ff ff55 | 4883 ec40 | 4c89 4424 

  0x0000017e44951770: ;   {metadata(method data for {method} {0x0000017e56030fe0} 'executePrivileged' '(Ljava/security/PrivilegedExceptionAction;Ljava/security/AccessControlContext;Ljava/lang/Class;)Ljava/lang/Object;' in 'java/security/AccessController')}
  0x0000017e44951770: 3048 be18 | 7e9b 567e | 0100 008b | becc 0000 | 0083 c702 | 89be cc00 | 0000 81e7 | fe07 0000 
  0x0000017e44951790: 83ff 000f | 84b7 0100 | 0049 83f8 

  0x0000017e4495179c: ;   {metadata(method data for {method} {0x0000017e56030fe0} 'executePrivileged' '(Ljava/security/PrivilegedExceptionAction;Ljava/security/AccessControlContext;Ljava/lang/Class;)Ljava/lang/Object;' in 'java/security/AccessController')}
  0x0000017e4495179c: 0048 be18 | 7e9b 567e | 0100 0048 | bf10 0100 | 0000 0000 | 000f 840a | 0000 0048 | bf20 0100 
  0x0000017e449517bc: 0000 0000 | 0048 8b1c | 3e48 8d5b | 0148 891c | 3e4c 894c | 2428 4889 | 5424 200f | 841f 0000 
  0x0000017e449517dc: ;   {metadata(method data for {method} {0x0000017e56030fe0} 'executePrivileged' '(Ljava/security/PrivilegedExceptionAction;Ljava/security/AccessControlContext;Ljava/lang/Class;)Ljava/lang/Object;' in 'java/security/AccessController')}
  0x0000017e449517dc: 0048 be18 | 7e9b 567e | 0100 0048 | 8386 3001 | 0000 0149 | 8bd0 0f1f 

  0x0000017e449517f4: ;   {static_call}
  0x0000017e449517f4: 4400 00e8 

  0x0000017e449517f8: ; ImmutableOopMap {[32]=Oop [40]=Oop [48]=Oop }
                      ;*invokestatic ensureMaterializedForStackWalk {reexecute=0 rethrow=0 return_oop=0}
                      ; - java.security.AccessController::executePrivileged@5
  0x0000017e449517f8: bc1e 9d07 

  0x0000017e449517fc: ;   {metadata(method data for {method} {0x0000017e56030fe0} 'executePrivileged' '(Ljava/security/PrivilegedExceptionAction;Ljava/security/AccessControlContext;Ljava/lang/Class;)Ljava/lang/Object;' in 'java/security/AccessController')}
  0x0000017e449517fc: 48ba 187e | 9b56 7e01 | 0000 ff82 | 4001 0000 | 488b 5424 | 2048 3b02 

  0x0000017e44951814: ;   {metadata(method data for {method} {0x0000017e56030fe0} 'executePrivileged' '(Ljava/security/PrivilegedExceptionAction;Ljava/security/AccessControlContext;Ljava/lang/Class;)Ljava/lang/Object;' in 'java/security/AccessController')}
  0x0000017e44951814: 488b f248 | bf18 7e9b | 567e 0100 | 008b 7608 | 48c1 e603 | 483b b7b0 | 0100 0075 | 0d48 8387 
  0x0000017e44951834: b801 0000 | 01e9 6600 | 0000 483b | b7c0 0100 | 0075 0d48 | 8387 c801 | 0000 01e9 | 5000 0000 
  0x0000017e44951854: 4881 bfb0 | 0100 0000 | 0000 0075 | 1748 89b7 | b001 0000 | 48c7 87b8 | 0100 0001 | 0000 00e9 
  0x0000017e44951874: 2c00 0000 | 4881 bfc0 | 0100 0000 | 0000 0075 | 1748 89b7 | c001 0000 | 48c7 87c8 | 0100 0001 
  0x0000017e44951894: 0000 00e9 | 0800 0000 | 4883 87a0 | 0100 0001 | 9048 b8b0 | 1c2a 5b7e 

  0x0000017e449518ac: ;   {virtual_call}
  0x0000017e449518ac: 0100 00e8 

  0x0000017e449518b0: ; ImmutableOopMap {[40]=Oop [48]=Oop }
                      ;*invokeinterface run {reexecute=0 rethrow=0 return_oop=0}
                      ; - java.security.AccessController::executePrivileged@29
  0x0000017e449518b0: 54f2 4a07 

  0x0000017e449518b4: ;   {metadata(method data for {method} {0x0000017e56030fe0} 'executePrivileged' '(Ljava/security/PrivilegedExceptionAction;Ljava/security/AccessControlContext;Ljava/lang/Class;)Ljava/lang/Object;' in 'java/security/AccessController')}
  0x0000017e449518b4: 48be 187e | 9b56 7e01 | 0000 ff86 | d801 0000 | 4c8b 4c24 

  0x0000017e449518c8: ;   {metadata(method data for {method} {0x0000017e56030fe0} 'executePrivileged' '(Ljava/security/PrivilegedExceptionAction;Ljava/security/AccessControlContext;Ljava/lang/Class;)Ljava/lang/Object;' in 'java/security/AccessController')}
  0x0000017e449518c8: 2848 be18 | 7e9b 567e | 0100 0048 | 8386 3802 

  0x0000017e449518d8: ;   {metadata(method data for {method} {0x0000017e56035da0} 'reachabilityFence' '(Ljava/lang/Object;)V' in 'java/lang/ref/Reference')}
  0x0000017e449518d8: 0000 0148 | bed8 915e | 567e 0100 | 008b becc | 0000 0083 | c702 89be | cc00 0000 | 81e7 feff 
  0x0000017e449518f8: 1f00 83ff | 000f 8473 

  0x0000017e44951900: ;   {metadata(method data for {method} {0x0000017e56030fe0} 'executePrivileged' '(Ljava/security/PrivilegedExceptionAction;Ljava/security/AccessControlContext;Ljava/lang/Class;)Ljava/lang/Object;' in 'java/security/AccessController')}
  0x0000017e44951900: 0000 0048 | be18 7e9b | 567e 0100 | 0048 8386 | 4802 0000 

  0x0000017e44951914: ;   {metadata(method data for {method} {0x0000017e56035da0} 'reachabilityFence' '(Ljava/lang/Object;)V' in 'java/lang/ref/Reference')}
  0x0000017e44951914: 0148 bed8 | 915e 567e | 0100 008b | becc 0000 | 0083 c702 | 89be cc00 | 0000 81e7 | feff 1f00 
  0x0000017e44951934: 83ff 000f | 845a 0000 | 0048 83c4 

  0x0000017e44951940: ;   {poll_return}
  0x0000017e44951940: 405d 493b | a750 0300 | 000f 8766 | 0000 00c3 

  0x0000017e44951950: ;   {metadata({method} {0x0000017e56030fe0} 'executePrivileged' '(Ljava/security/PrivilegedExceptionAction;Ljava/security/AccessControlContext;Ljava/lang/Class;)Ljava/lang/Object;' in 'java/security/AccessController')}
  0x0000017e44951950: 49ba d80f | 0356 7e01 | 0000 4c89 | 5424 0848 | c704 24ff 

  0x0000017e44951964: ;   {runtime_call counter_overflow Runtime1 stub}
  0x0000017e44951964: ffff ffe8 

  0x0000017e44951968: ; ImmutableOopMap {rdx=Oop r8=Oop [48]=Oop r9=Oop }
                      ;*synchronization entry
                      ; - java.security.AccessController::executePrivileged@-1
  0x0000017e44951968: 1463 4a07 | e928 feff 

  0x0000017e44951970: ;   {runtime_call throw_null_pointer_exception Runtime1 stub}
  0x0000017e44951970: ffe8 2a12 

  0x0000017e44951974: ; ImmutableOopMap {[40]=Oop rdx=Oop [48]=Oop }
                      ;*invokeinterface run {reexecute=0 rethrow=0 return_oop=0}
                      ; - java.security.AccessController::executePrivileged@29
                      ;   {metadata({method} {0x0000017e56035da0} 'reachabilityFence' '(Ljava/lang/Object;)V' in 'java/lang/ref/Reference')}
  0x0000017e44951974: 4a07 49ba | 985d 0356 | 7e01 0000 | 4c89 5424 | 0848 c704 | 24ff ffff 

  0x0000017e4495198c: ;   {runtime_call counter_overflow Runtime1 stub}
  0x0000017e4495198c: ffe8 ee62 

  0x0000017e44951990: ; ImmutableOopMap {rax=Oop r9=Oop }
                      ;*synchronization entry
                      ; - java.lang.ref.Reference::reachabilityFence@-1
                      ; - java.security.AccessController::executePrivileged@56
  0x0000017e44951990: 4a07 e96c 

  0x0000017e44951994: ;   {metadata({method} {0x0000017e56035da0} 'reachabilityFence' '(Ljava/lang/Object;)V' in 'java/lang/ref/Reference')}
  0x0000017e44951994: ffff ff49 | ba98 5d03 | 567e 0100 | 004c 8954 | 2408 48c7 | 0424 ffff 

  0x0000017e449519ac: ;   {runtime_call counter_overflow Runtime1 stub}
  0x0000017e449519ac: ffff e8cd 

  0x0000017e449519b0: ; ImmutableOopMap {rax=Oop }
                      ;*synchronization entry
                      ; - java.lang.ref.Reference::reachabilityFence@-1
                      ; - java.security.AccessController::executePrivileged@60
  0x0000017e449519b0: 624a 07eb 

  0x0000017e449519b4: ;   {internal_word}
  0x0000017e449519b4: 8849 ba42 | 1995 447e | 0100 004d | 8997 6803 

  0x0000017e449519c4: ;   {runtime_call SafepointBlob}
  0x0000017e449519c4: 0000 e935 | 5d40 0790 | 9049 8b87 | e003 0000 | 49c7 87e0 | 0300 0000 | 0000 0049 | c787 e803 
  0x0000017e449519e4: 0000 0000 | 0000 4883 

  0x0000017e449519ec: ;   {runtime_call unwind_exception Runtime1 stub}
  0x0000017e449519ec: c440 5de9 | 8cff 4907 | f4f4 f4f4 | f4f4 f4f4 | f4f4 f4f4 
[Stub Code]
  0x0000017e44951a00: ;   {no_reloc}
  0x0000017e44951a00: 0f1f 4400 

  0x0000017e44951a04: ;   {static_stub}
  0x0000017e44951a04: 0048 bb50 | 0d03 567e 

  0x0000017e44951a0c: ;   {runtime_call I2C/C2I adapters}
  0x0000017e44951a0c: 0100 00e9 | 3c40 4007 

  0x0000017e44951a14: ;   {static_stub}
  0x0000017e44951a14: 9048 bb00 | 0000 0000 

  0x0000017e44951a1c: ;   {runtime_call}
  0x0000017e44951a1c: 0000 00e9 | fbff ffff 
[Exception Handler]
  0x0000017e44951a24: ;   {runtime_call handle_exception_from_callee Runtime1 stub}
  0x0000017e44951a24: e857 2f4a 

  0x0000017e44951a28: ;   {external_word}
  0x0000017e44951a28: 0748 b930 | ca41 58fb | 7f00 0048 

  0x0000017e44951a34: ;   {runtime_call}
  0x0000017e44951a34: 83e4 f049 | ba70 4c0a | 58fb 7f00 | 0041 ffd2 

  0x0000017e44951a44: ;   {section_word}
  0x0000017e44951a44: f449 ba45 | 1a95 447e | 0100 0041 

  0x0000017e44951a50: ;   {runtime_call DeoptimizationBlob}
  0x0000017e44951a50: 52e9 4a4f | 4007 f4f4 
[/MachCode]


---------------  P R O C E S S  ---------------

Threads class SMR info:
_java_thread_list=0x0000017e5c4f3f60, length=23, elements={
0x0000017e41b39ef0, 0x0000017e5597f030, 0x0000017e55980520, 0x0000017e41beafe0,
0x0000017e41beb8b0, 0x0000017e41bed130, 0x0000017e559b0af0, 0x0000017e559b4070,
0x0000017e559b5df0, 0x0000017e559c8ee0, 0x0000017e558abd20, 0x0000017e5ad39090,
0x0000017e5b5fa990, 0x0000017e5b946c20, 0x0000017e5ba8a010, 0x0000017e5b6ad4b0,
0x0000017e5b946050, 0x0000017e5ba39c50, 0x0000017e5ba3bfc0, 0x0000017e5ba3ab80,
0x0000017e5ba3c4d0, 0x0000017e5b3aaf10, 0x0000017e5ba3b090
}

Java Threads: ( => current thread )
  0x0000017e41b39ef0 JavaThread "main" [_thread_blocked, id=19624, stack(0x00000002b9500000,0x00000002b9600000)]
  0x0000017e5597f030 JavaThread "Reference Handler" daemon [_thread_blocked, id=7564, stack(0x00000002b9800000,0x00000002b9900000)]
  0x0000017e55980520 JavaThread "Finalizer" daemon [_thread_blocked, id=17072, stack(0x00000002b9900000,0x00000002b9a00000)]
  0x0000017e41beafe0 JavaThread "Signal Dispatcher" daemon [_thread_blocked, id=32908, stack(0x00000002b9a00000,0x00000002b9b00000)]
  0x0000017e41beb8b0 JavaThread "Attach Listener" daemon [_thread_blocked, id=32388, stack(0x00000002b9b00000,0x00000002b9c00000)]
  0x0000017e41bed130 JavaThread "Service Thread" daemon [_thread_blocked, id=5624, stack(0x00000002b9c00000,0x00000002b9d00000)]
  0x0000017e559b0af0 JavaThread "Monitor Deflation Thread" daemon [_thread_blocked, id=29952, stack(0x00000002b9d00000,0x00000002b9e00000)]
  0x0000017e559b4070 JavaThread "C2 CompilerThread0" daemon [_thread_blocked, id=27172, stack(0x00000002b9e00000,0x00000002b9f00000)]
  0x0000017e559b5df0 JavaThread "C1 CompilerThread0" daemon [_thread_blocked, id=26768, stack(0x00000002b9f00000,0x00000002ba000000)]
  0x0000017e559c8ee0 JavaThread "Sweeper thread" daemon [_thread_blocked, id=11020, stack(0x00000002ba000000,0x00000002ba100000)]
  0x0000017e558abd20 JavaThread "Common-Cleaner" daemon [_thread_blocked, id=3864, stack(0x00000002ba100000,0x00000002ba200000)]
  0x0000017e5ad39090 JavaThread "Notification Thread" daemon [_thread_blocked, id=31488, stack(0x00000002ba200000,0x00000002ba300000)]
  0x0000017e5b5fa990 JavaThread "Active Thread: Equinox Container: 7e7f8b48-25c5-464c-b47d-4d90b9737f34" [_thread_blocked, id=31584, stack(0x00000002ba700000,0x00000002ba800000)]
  0x0000017e5b946c20 JavaThread "Framework Event Dispatcher: Equinox Container: 7e7f8b48-25c5-464c-b47d-4d90b9737f34" daemon [_thread_blocked, id=3784, stack(0x00000002ba900000,0x00000002baa00000)]
=>0x0000017e5ba8a010 JavaThread "Start Level: Equinox Container: 7e7f8b48-25c5-464c-b47d-4d90b9737f34" daemon [_thread_in_vm, id=29840, stack(0x00000002baa00000,0x00000002bab00000)]
  0x0000017e5b6ad4b0 JavaThread "SCR Component Actor" daemon [_thread_blocked, id=14188, stack(0x00000002bab00000,0x00000002bac00000)]
  0x0000017e5b946050 JavaThread "SCR Component Registry" daemon [_thread_in_vm, id=24588, stack(0x00000002ba800000,0x00000002ba900000)]
  0x0000017e5ba39c50 JavaThread "Worker-JM" [_thread_blocked, id=31340, stack(0x00000002bac00000,0x00000002bad00000)]
  0x0000017e5ba3bfc0 JavaThread "JNA Cleaner" daemon [_thread_blocked, id=33200, stack(0x00000002bad00000,0x00000002bae00000)]
  0x0000017e5ba3ab80 JavaThread "Worker-0" [_thread_blocked, id=27856, stack(0x00000002bae00000,0x00000002baf00000)]
  0x0000017e5ba3c4d0 JavaThread "Worker-1" [_thread_blocked, id=30176, stack(0x00000002baf00000,0x00000002bb000000)]
  0x0000017e5b3aaf10 JavaThread "C2 CompilerThread1" daemon [_thread_blocked, id=30856, stack(0x00000002bb000000,0x00000002bb100000)]
  0x0000017e5ba3b090 JavaThread "Java indexing" daemon [_thread_blocked, id=13864, stack(0x00000002bb100000,0x00000002bb200000)]

Other Threads:
  0x0000017e41be8990 VMThread "VM Thread" [stack: 0x00000002b9700000,0x00000002b9800000] [id=29744]
  0x0000017e5ad39570 WatcherThread [stack: 0x00000002ba300000,0x00000002ba400000] [id=26680]
  0x0000017e41b4f9e0 GCTaskThread "GC Thread#0" [stack: 0x00000002b9600000,0x00000002b9700000] [id=22400]
  0x0000017e5b5b4420 GCTaskThread "GC Thread#1" [stack: 0x00000002ba400000,0x00000002ba500000] [id=9692]
  0x0000017e5b032880 GCTaskThread "GC Thread#2" [stack: 0x00000002ba500000,0x00000002ba600000] [id=10460]
  0x0000017e5b032b40 GCTaskThread "GC Thread#3" [stack: 0x00000002ba600000,0x00000002ba700000] [id=18952]

Threads with active compile tasks:

VM state: not at safepoint (normal execution)

VM Mutex/Monitor currently owned by a thread:  ([mutex/lock_event])
[0x0000017e41b348b0] Metaspace_lock - owner thread: 0x0000017e5ba8a010

Heap address: 0x00000000c0000000, size: 1024 MB, Compressed Oops mode: 32-bit

CDS archive(s) not mapped
Compressed class space mapped at: 0x0000000100000000-0x0000000140000000, reserved size: 1073741824
Narrow klass base: 0x0000000000000000, Narrow klass shift: 3, Narrow klass range: 0x140000000

GC Precious Log:
 CPUs: 4 total, 4 available
 Memory: 6086M
 Large Page Support: Disabled
 NUMA Support: Disabled
 Compressed Oops: Enabled (32-bit)
 Alignments: Space 512K, Generation 512K, Heap 2M
 Heap Min Capacity: 100M
 Heap Initial Capacity: 100M
 Heap Max Capacity: 1G
 Pre-touch: Disabled
 Parallel Workers: 4

Heap:
 PSYoungGen      total 27648K, used 25260K [0x00000000eab00000, 0x00000000eca00000, 0x0000000100000000)
  eden space 24576K, 90% used [0x00000000eab00000,0x00000000ec0b4c88,0x00000000ec300000)
  from space 3072K, 98% used [0x00000000ec700000,0x00000000ec9f65d8,0x00000000eca00000)
  to   space 3584K, 0% used [0x00000000ec300000,0x00000000ec300000,0x00000000ec680000)
 ParOldGen       total 68608K, used 6791K [0x00000000c0000000, 0x00000000c4300000, 0x00000000eab00000)
  object space 68608K, 9% used [0x00000000c0000000,0x00000000c06a1c90,0x00000000c4300000)
 Metaspace       used 30053K, committed 30592K, reserved 1114112K
  class space    used 2918K, committed 3136K, reserved 1048576K

Card table byte_map: [0x0000017e414d0000,0x0000017e416e0000] _byte_map_base: 0x0000017e40ed0000

Marking Bits: (ParMarkBitMap*) 0x00007ffb586958b0
 Begin Bits: [0x0000017e537d0000, 0x0000017e547d0000)
 End Bits:   [0x0000017e547d0000, 0x0000017e557d0000)

Polling page: 0x0000017e3f920000

Metaspace:

Usage:
  Non-class:     26.50 MB used.
      Class:      2.85 MB used.
       Both:     29.35 MB used.

Virtual space:
  Non-class space:       64.00 MB reserved,      26.81 MB ( 42%) committed,  1 nodes.
      Class space:        1.00 GB reserved,       3.06 MB ( <1%) committed,  1 nodes.
             Both:        1.06 GB reserved,      29.88 MB (  3%) committed. 

Chunk freelists:
   Non-Class:  4.72 MB
       Class:  12.98 MB
        Both:  17.71 MB

MaxMetaspaceSize: unlimited
CompressedClassSpaceSize: 1.00 GB
Initial GC threshold: 21.00 MB
Current GC threshold: 35.00 MB
CDS: off
MetaspaceReclaimPolicy: balanced
 - commit_granule_bytes: 65536.
 - commit_granule_words: 8192.
 - virtual_space_node_default_size: 8388608.
 - enlarge_chunks_in_place: 1.
 - new_chunks_are_fully_committed: 0.
 - uncommit_free_chunks: 1.
 - use_allocation_guard: 0.
 - handle_deallocations: 1.


Internal statistics:

num_allocs_failed_limit: 3.
num_arena_births: 314.
num_arena_deaths: 14.
num_vsnodes_births: 2.
num_vsnodes_deaths: 0.
num_space_committed: 478.
num_space_uncommitted: 0.
num_chunks_returned_to_freelist: 17.
num_chunks_taken_from_freelist: 1141.
num_chunk_merges: 9.
num_chunk_splits: 752.
num_chunks_enlarged: 525.
num_inconsistent_stats: 0.

CodeHeap 'non-profiled nmethods': size=120000Kb used=1182Kb max_used=1182Kb free=118817Kb
 bounds [0x0000017e4c2a0000, 0x0000017e4c510000, 0x0000017e537d0000]
CodeHeap 'profiled nmethods': size=120000Kb used=5425Kb max_used=5425Kb free=114574Kb
 bounds [0x0000017e447d0000, 0x0000017e44d20000, 0x0000017e4bd00000]
CodeHeap 'non-nmethods': size=5760Kb used=1250Kb max_used=1302Kb free=4509Kb
 bounds [0x0000017e4bd00000, 0x0000017e4bf70000, 0x0000017e4c2a0000]
 total_blobs=3239 nmethods=2674 adapters=479
 compilation: enabled
              stopped_count=0, restarted_count=0
 full_count=0

Compilation events (20 events):
Event: 9.174 Thread 0x0000017e559b5df0 nmethod 2665 0x0000017e44d19d10 code [0x0000017e44d19ee0, 0x0000017e44d1a2c8]
Event: 9.177 Thread 0x0000017e5b3aaf10 2666       4       java.util.HashMap::putVal (300 bytes)
Event: 9.178 Thread 0x0000017e559b5df0 2667       3       java.lang.Character::toUpperCase (6 bytes)
Event: 9.178 Thread 0x0000017e559b5df0 nmethod 2667 0x0000017e44d1a410 code [0x0000017e44d1a5c0, 0x0000017e44d1a818]
Event: 9.178 Thread 0x0000017e559b5df0 2668       3       java.lang.Character::toUpperCase (9 bytes)
Event: 9.178 Thread 0x0000017e559b5df0 nmethod 2668 0x0000017e44d1a910 code [0x0000017e44d1aac0, 0x0000017e44d1acb8]
Event: 9.179 Thread 0x0000017e559b5df0 2669       3       java.util.TreeMap::colorOf (13 bytes)
Event: 9.179 Thread 0x0000017e559b5df0 nmethod 2669 0x0000017e44d1ad90 code [0x0000017e44d1af20, 0x0000017e44d1b078]
Event: 9.179 Thread 0x0000017e559b5df0 2670       3       java.lang.ProcessEnvironment$NameComparator::compare (13 bytes)
Event: 9.179 Thread 0x0000017e559b5df0 nmethod 2670 0x0000017e44d1b110 code [0x0000017e44d1b2c0, 0x0000017e44d1b5c8]
Event: 9.181 Thread 0x0000017e559b4070 nmethod 2657% 0x0000017e4c3c4d90 code [0x0000017e4c3c4f60, 0x0000017e4c3c5ca8]
Event: 9.188 Thread 0x0000017e559b4070 2671       4       java.lang.Character::digit (6 bytes)
Event: 9.188 Thread 0x0000017e559b5df0 2672       3       java.lang.AbstractStringBuilder::isLatin1 (19 bytes)
Event: 9.189 Thread 0x0000017e559b5df0 nmethod 2672 0x0000017e44d1b690 code [0x0000017e44d1b820, 0x0000017e44d1b998]
Event: 9.189 Thread 0x0000017e559b5df0 2673       3       jdk.internal.org.objectweb.asm.ClassWriter::visitField (53 bytes)
Event: 9.189 Thread 0x0000017e559b5df0 nmethod 2673 0x0000017e44d1ba10 code [0x0000017e44d1bbc0, 0x0000017e44d1be48]
Event: 9.189 Thread 0x0000017e559b5df0 2674       3       jdk.internal.org.objectweb.asm.FieldWriter::<init> (69 bytes)
Event: 9.189 Thread 0x0000017e5b3aaf10 nmethod 2666 0x0000017e4c3c6510 code [0x0000017e4c3c6700, 0x0000017e4c3c6e80]
Event: 9.189 Thread 0x0000017e559b5df0 nmethod 2674 0x0000017e44d1bf90 code [0x0000017e44d1c180, 0x0000017e44d1c508]
Event: 9.189 Thread 0x0000017e559b4070 nmethod 2671 0x0000017e4c3c7510 code [0x0000017e4c3c76a0, 0x0000017e4c3c77d8]

GC Heap History (14 events):
Event: 2.279 GC heap before
{Heap before GC invocations=1 (full 0):
 PSYoungGen      total 29696K, used 25600K [0x00000000eab00000, 0x00000000ecc00000, 0x0000000100000000)
  eden space 25600K, 100% used [0x00000000eab00000,0x00000000ec400000,0x00000000ec400000)
  from space 4096K, 0% used [0x00000000ec800000,0x00000000ec800000,0x00000000ecc00000)
  to   space 4096K, 0% used [0x00000000ec400000,0x00000000ec400000,0x00000000ec800000)
 ParOldGen       total 68608K, used 0K [0x00000000c0000000, 0x00000000c4300000, 0x00000000eab00000)
  object space 68608K, 0% used [0x00000000c0000000,0x00000000c0000000,0x00000000c4300000)
 Metaspace       used 10991K, committed 11200K, reserved 1114112K
  class space    used 1094K, committed 1216K, reserved 1048576K
}
Event: 2.296 GC heap after
{Heap after GC invocations=1 (full 0):
 PSYoungGen      total 29696K, used 3124K [0x00000000eab00000, 0x00000000ecc00000, 0x0000000100000000)
  eden space 25600K, 0% used [0x00000000eab00000,0x00000000eab00000,0x00000000ec400000)
  from space 4096K, 76% used [0x00000000ec400000,0x00000000ec70d2f0,0x00000000ec800000)
  to   space 4096K, 0% used [0x00000000ec800000,0x00000000ec800000,0x00000000ecc00000)
 ParOldGen       total 68608K, used 0K [0x00000000c0000000, 0x00000000c4300000, 0x00000000eab00000)
  object space 68608K, 0% used [0x00000000c0000000,0x00000000c0000000,0x00000000c4300000)
 Metaspace       used 10991K, committed 11200K, reserved 1114112K
  class space    used 1094K, committed 1216K, reserved 1048576K
}
Event: 4.090 GC heap before
{Heap before GC invocations=2 (full 0):
 PSYoungGen      total 29696K, used 28724K [0x00000000eab00000, 0x00000000ecc00000, 0x0000000100000000)
  eden space 25600K, 100% used [0x00000000eab00000,0x00000000ec400000,0x00000000ec400000)
  from space 4096K, 76% used [0x00000000ec400000,0x00000000ec70d2f0,0x00000000ec800000)
  to   space 4096K, 0% used [0x00000000ec800000,0x00000000ec800000,0x00000000ecc00000)
 ParOldGen       total 68608K, used 0K [0x00000000c0000000, 0x00000000c4300000, 0x00000000eab00000)
  object space 68608K, 0% used [0x00000000c0000000,0x00000000c0000000,0x00000000c4300000)
 Metaspace       used 14735K, committed 15040K, reserved 1114112K
  class space    used 1492K, committed 1664K, reserved 1048576K
}
Event: 4.102 GC heap after
{Heap after GC invocations=2 (full 0):
 PSYoungGen      total 29696K, used 4073K [0x00000000eab00000, 0x00000000ecc00000, 0x0000000100000000)
  eden space 25600K, 0% used [0x00000000eab00000,0x00000000eab00000,0x00000000ec400000)
  from space 4096K, 99% used [0x00000000ec800000,0x00000000ecbfa780,0x00000000ecc00000)
  to   space 4096K, 0% used [0x00000000ec400000,0x00000000ec400000,0x00000000ec800000)
 ParOldGen       total 68608K, used 781K [0x00000000c0000000, 0x00000000c4300000, 0x00000000eab00000)
  object space 68608K, 1% used [0x00000000c0000000,0x00000000c00c37f8,0x00000000c4300000)
 Metaspace       used 14735K, committed 15040K, reserved 1114112K
  class space    used 1492K, committed 1664K, reserved 1048576K
}
Event: 6.110 GC heap before
{Heap before GC invocations=3 (full 0):
 PSYoungGen      total 29696K, used 29673K [0x00000000eab00000, 0x00000000ecc00000, 0x0000000100000000)
  eden space 25600K, 100% used [0x00000000eab00000,0x00000000ec400000,0x00000000ec400000)
  from space 4096K, 99% used [0x00000000ec800000,0x00000000ecbfa780,0x00000000ecc00000)
  to   space 4096K, 0% used [0x00000000ec400000,0x00000000ec400000,0x00000000ec800000)
 ParOldGen       total 68608K, used 781K [0x00000000c0000000, 0x00000000c4300000, 0x00000000eab00000)
  object space 68608K, 1% used [0x00000000c0000000,0x00000000c00c37f8,0x00000000c4300000)
 Metaspace       used 19772K, committed 20160K, reserved 1114112K
  class space    used 2020K, committed 2176K, reserved 1048576K
}
Event: 6.120 GC heap after
{Heap after GC invocations=3 (full 0):
 PSYoungGen      total 29696K, used 4074K [0x00000000eab00000, 0x00000000ecc00000, 0x0000000100000000)
  eden space 25600K, 0% used [0x00000000eab00000,0x00000000eab00000,0x00000000ec400000)
  from space 4096K, 99% used [0x00000000ec400000,0x00000000ec7fabc0,0x00000000ec800000)
  to   space 4096K, 0% used [0x00000000ec800000,0x00000000ec800000,0x00000000ecc00000)
 ParOldGen       total 68608K, used 2411K [0x00000000c0000000, 0x00000000c4300000, 0x00000000eab00000)
  object space 68608K, 3% used [0x00000000c0000000,0x00000000c025ac20,0x00000000c4300000)
 Metaspace       used 19772K, committed 20160K, reserved 1114112K
  class space    used 2020K, committed 2176K, reserved 1048576K
}
Event: 6.489 GC heap before
{Heap before GC invocations=4 (full 0):
 PSYoungGen      total 29696K, used 10690K [0x00000000eab00000, 0x00000000ecc00000, 0x0000000100000000)
  eden space 25600K, 25% used [0x00000000eab00000,0x00000000eb175e78,0x00000000ec400000)
  from space 4096K, 99% used [0x00000000ec400000,0x00000000ec7fabc0,0x00000000ec800000)
  to   space 4096K, 0% used [0x00000000ec800000,0x00000000ec800000,0x00000000ecc00000)
 ParOldGen       total 68608K, used 2411K [0x00000000c0000000, 0x00000000c4300000, 0x00000000eab00000)
  object space 68608K, 3% used [0x00000000c0000000,0x00000000c025ac20,0x00000000c4300000)
 Metaspace       used 21007K, committed 21504K, reserved 1114112K
  class space    used 2147K, committed 2368K, reserved 1048576K
}
Event: 6.494 GC heap after
{Heap after GC invocations=4 (full 0):
 PSYoungGen      total 29696K, used 4094K [0x00000000eab00000, 0x00000000ecc00000, 0x0000000100000000)
  eden space 25600K, 0% used [0x00000000eab00000,0x00000000eab00000,0x00000000ec400000)
  from space 4096K, 99% used [0x00000000ec800000,0x00000000ecbffa98,0x00000000ecc00000)
  to   space 4096K, 0% used [0x00000000ec400000,0x00000000ec400000,0x00000000ec800000)
 ParOldGen       total 68608K, used 2827K [0x00000000c0000000, 0x00000000c4300000, 0x00000000eab00000)
  object space 68608K, 4% used [0x00000000c0000000,0x00000000c02c2c20,0x00000000c4300000)
 Metaspace       used 21007K, committed 21504K, reserved 1114112K
  class space    used 2147K, committed 2368K, reserved 1048576K
}
Event: 6.494 GC heap before
{Heap before GC invocations=5 (full 1):
 PSYoungGen      total 29696K, used 4094K [0x00000000eab00000, 0x00000000ecc00000, 0x0000000100000000)
  eden space 25600K, 0% used [0x00000000eab00000,0x00000000eab00000,0x00000000ec400000)
  from space 4096K, 99% used [0x00000000ec800000,0x00000000ecbffa98,0x00000000ecc00000)
  to   space 4096K, 0% used [0x00000000ec400000,0x00000000ec400000,0x00000000ec800000)
 ParOldGen       total 68608K, used 2827K [0x00000000c0000000, 0x00000000c4300000, 0x00000000eab00000)
  object space 68608K, 4% used [0x00000000c0000000,0x00000000c02c2c20,0x00000000c4300000)
 Metaspace       used 21007K, committed 21504K, reserved 1114112K
  class space    used 2147K, committed 2368K, reserved 1048576K
}
Event: 6.531 GC heap after
{Heap after GC invocations=5 (full 1):
 PSYoungGen      total 29696K, used 0K [0x00000000eab00000, 0x00000000ecc00000, 0x0000000100000000)
  eden space 25600K, 0% used [0x00000000eab00000,0x00000000eab00000,0x00000000ec400000)
  from space 4096K, 0% used [0x00000000ec800000,0x00000000ec800000,0x00000000ecc00000)
  to   space 4096K, 0% used [0x00000000ec400000,0x00000000ec400000,0x00000000ec800000)
 ParOldGen       total 68608K, used 6783K [0x00000000c0000000, 0x00000000c4300000, 0x00000000eab00000)
  object space 68608K, 9% used [0x00000000c0000000,0x00000000c069fc90,0x00000000c4300000)
 Metaspace       used 20994K, committed 21504K, reserved 1114112K
  class space    used 2144K, committed 2368K, reserved 1048576K
}
Event: 7.554 GC heap before
{Heap before GC invocations=6 (full 1):
 PSYoungGen      total 29696K, used 25600K [0x00000000eab00000, 0x00000000ecc00000, 0x0000000100000000)
  eden space 25600K, 100% used [0x00000000eab00000,0x00000000ec400000,0x00000000ec400000)
  from space 4096K, 0% used [0x00000000ec800000,0x00000000ec800000,0x00000000ecc00000)
  to   space 4096K, 0% used [0x00000000ec400000,0x00000000ec400000,0x00000000ec800000)
 ParOldGen       total 68608K, used 6783K [0x00000000c0000000, 0x00000000c4300000, 0x00000000eab00000)
  object space 68608K, 9% used [0x00000000c0000000,0x00000000c069fc90,0x00000000c4300000)
 Metaspace       used 23895K, committed 24448K, reserved 1114112K
  class space    used 2441K, committed 2688K, reserved 1048576K
}
Event: 7.558 GC heap after
{Heap after GC invocations=6 (full 1):
 PSYoungGen      total 27648K, used 2386K [0x00000000eab00000, 0x00000000eca80000, 0x0000000100000000)
  eden space 25088K, 0% used [0x00000000eab00000,0x00000000eab00000,0x00000000ec380000)
  from space 2560K, 93% used [0x00000000ec400000,0x00000000ec654bf8,0x00000000ec680000)
  to   space 3584K, 0% used [0x00000000ec700000,0x00000000ec700000,0x00000000eca80000)
 ParOldGen       total 68608K, used 6791K [0x00000000c0000000, 0x00000000c4300000, 0x00000000eab00000)
  object space 68608K, 9% used [0x00000000c0000000,0x00000000c06a1c90,0x00000000c4300000)
 Metaspace       used 23895K, committed 24448K, reserved 1114112K
  class space    used 2441K, committed 2688K, reserved 1048576K
}
Event: 8.358 GC heap before
{Heap before GC invocations=7 (full 1):
 PSYoungGen      total 27648K, used 27427K [0x00000000eab00000, 0x00000000eca80000, 0x0000000100000000)
  eden space 25088K, 99% used [0x00000000eab00000,0x00000000ec374160,0x00000000ec380000)
  from space 2560K, 93% used [0x00000000ec400000,0x00000000ec654bf8,0x00000000ec680000)
  to   space 3584K, 0% used [0x00000000ec700000,0x00000000ec700000,0x00000000eca80000)
 ParOldGen       total 68608K, used 6791K [0x00000000c0000000, 0x00000000c4300000, 0x00000000eab00000)
  object space 68608K, 9% used [0x00000000c0000000,0x00000000c06a1c90,0x00000000c4300000)
 Metaspace       used 28100K, committed 28672K, reserved 1114112K
  class space    used 2753K, committed 3008K, reserved 1048576K
}
Event: 8.362 GC heap after
{Heap after GC invocations=7 (full 1):
 PSYoungGen      total 27648K, used 3033K [0x00000000eab00000, 0x00000000eca00000, 0x0000000100000000)
  eden space 24576K, 0% used [0x00000000eab00000,0x00000000eab00000,0x00000000ec300000)
  from space 3072K, 98% used [0x00000000ec700000,0x00000000ec9f65d8,0x00000000eca00000)
  to   space 3584K, 0% used [0x00000000ec300000,0x00000000ec300000,0x00000000ec680000)
 ParOldGen       total 68608K, used 6791K [0x00000000c0000000, 0x00000000c4300000, 0x00000000eab00000)
  object space 68608K, 9% used [0x00000000c0000000,0x00000000c06a1c90,0x00000000c4300000)
 Metaspace       used 28100K, committed 28672K, reserved 1114112K
  class space    used 2753K, committed 3008K, reserved 1048576K
}

Dll operation events (10 events):
Event: 0.017 Loaded shared library c:\Users\vivin\.vscode\extensions\redhat.java-1.34.0-win32-x64\jre\17.0.12-win32-x86_64\bin\java.dll
Event: 0.266 Loaded shared library c:\Users\vivin\.vscode\extensions\redhat.java-1.34.0-win32-x64\jre\17.0.12-win32-x86_64\bin\zip.dll
Event: 0.271 Loaded shared library C:\Users\vivin\.vscode\extensions\redhat.java-1.34.0-win32-x64\jre\17.0.12-win32-x86_64\bin\instrument.dll
Event: 0.291 Loaded shared library C:\Users\vivin\.vscode\extensions\redhat.java-1.34.0-win32-x64\jre\17.0.12-win32-x86_64\bin\net.dll
Event: 0.295 Loaded shared library C:\Users\vivin\.vscode\extensions\redhat.java-1.34.0-win32-x64\jre\17.0.12-win32-x86_64\bin\nio.dll
Event: 0.308 Loaded shared library C:\Users\vivin\.vscode\extensions\redhat.java-1.34.0-win32-x64\jre\17.0.12-win32-x86_64\bin\zip.dll
Event: 0.355 Loaded shared library C:\Users\vivin\.vscode\extensions\redhat.java-1.34.0-win32-x64\jre\17.0.12-win32-x86_64\bin\jimage.dll
Event: 0.486 Loaded shared library c:\Users\vivin\.vscode\extensions\redhat.java-1.34.0-win32-x64\jre\17.0.12-win32-x86_64\bin\verify.dll
Event: 3.673 Loaded shared library C:\Users\vivin\AppData\Roaming\Code\User\globalStorage\redhat.java\1.34.0\config_ss_win\org.eclipse.equinox.launcher\org.eclipse.equinox.launcher.win32.win32.x86_64_1.2.1100.v20240722-2106\eclipse_11904.dll
Event: 6.927 Loaded shared library C:\Users\vivin\AppData\Local\Temp\jna-112220296\jna11262730714208026120.dll

Deoptimization events (20 events):
Event: 9.175 Thread 0x0000017e5ba8a010 Uncommon trap: trap_request=0xffffff45 fr.pc=0x0000017e4c2ba1f4 relative=0x0000000000000354
Event: 9.175 Thread 0x0000017e5ba8a010 Uncommon trap: reason=unstable_if action=reinterpret pc=0x0000017e4c2ba1f4 method=java.lang.StringLatin1.canEncode(I)Z @ 4 c2
Event: 9.175 Thread 0x0000017e5ba8a010 DEOPT PACKING pc=0x0000017e4c2ba1f4 sp=0x00000002baafe610
Event: 9.175 Thread 0x0000017e5ba8a010 DEOPT UNPACKING pc=0x0000017e4bd566a3 sp=0x00000002baafe538 mode 2
Event: 9.175 Thread 0x0000017e5ba8a010 Uncommon trap: trap_request=0xffffff45 fr.pc=0x0000017e4c2baad4 relative=0x0000000000000334
Event: 9.175 Thread 0x0000017e5ba8a010 Uncommon trap: reason=unstable_if action=reinterpret pc=0x0000017e4c2baad4 method=java.lang.AbstractStringBuilder.isLatin1()Z @ 10 c2
Event: 9.175 Thread 0x0000017e5ba8a010 DEOPT PACKING pc=0x0000017e4c2baad4 sp=0x00000002baafe630
Event: 9.175 Thread 0x0000017e5ba8a010 DEOPT UNPACKING pc=0x0000017e4bd566a3 sp=0x00000002baafe5b0 mode 2
Event: 9.175 Thread 0x0000017e5ba8a010 Uncommon trap: trap_request=0xffffff45 fr.pc=0x0000017e4c33d8dc relative=0x000000000000005c
Event: 9.175 Thread 0x0000017e5ba8a010 Uncommon trap: reason=unstable_if action=reinterpret pc=0x0000017e4c33d8dc method=java.lang.AbstractStringBuilder.isLatin1()Z @ 10 c2
Event: 9.175 Thread 0x0000017e5ba8a010 DEOPT PACKING pc=0x0000017e4c33d8dc sp=0x00000002baafe610
Event: 9.175 Thread 0x0000017e5ba8a010 DEOPT UNPACKING pc=0x0000017e4bd566a3 sp=0x00000002baafe5a0 mode 2
Event: 9.177 Thread 0x0000017e5ba8a010 Uncommon trap: trap_request=0xffffffc6 fr.pc=0x0000017e4c32e5f0 relative=0x0000000000000930
Event: 9.177 Thread 0x0000017e5ba8a010 Uncommon trap: reason=bimorphic_or_optimized_type_check action=maybe_recompile pc=0x0000017e4c32e5f0 method=java.util.HashMap.putVal(ILjava/lang/Object;Ljava/lang/Object;ZZ)Ljava/lang/Object; @ 56 c2
Event: 9.177 Thread 0x0000017e5ba8a010 DEOPT PACKING pc=0x0000017e4c32e5f0 sp=0x00000002baafdc90
Event: 9.177 Thread 0x0000017e5ba8a010 DEOPT UNPACKING pc=0x0000017e4bd566a3 sp=0x00000002baafdbe8 mode 2
Event: 9.177 Thread 0x0000017e5ba8a010 Uncommon trap: trap_request=0xffffffc6 fr.pc=0x0000017e4c32e5f0 relative=0x0000000000000930
Event: 9.177 Thread 0x0000017e5ba8a010 Uncommon trap: reason=bimorphic_or_optimized_type_check action=maybe_recompile pc=0x0000017e4c32e5f0 method=java.util.HashMap.putVal(ILjava/lang/Object;Ljava/lang/Object;ZZ)Ljava/lang/Object; @ 56 c2
Event: 9.177 Thread 0x0000017e5ba8a010 DEOPT PACKING pc=0x0000017e4c32e5f0 sp=0x00000002baafdc90
Event: 9.177 Thread 0x0000017e5ba8a010 DEOPT UNPACKING pc=0x0000017e4bd566a3 sp=0x00000002baafdbe8 mode 2

Classes loaded (20 events):
Event: 9.173 Loading class java/math/RoundingMode done
Event: 9.174 Loading class java/text/MessageFormat
Event: 9.174 Loading class java/text/MessageFormat done
Event: 9.174 Loading class java/text/MessageFormat$Field
Event: 9.175 Loading class java/text/MessageFormat$Field done
Event: 9.176 Loading class java/lang/ProcessEnvironment
Event: 9.176 Loading class java/lang/ProcessEnvironment done
Event: 9.177 Loading class java/lang/ProcessEnvironment$NameComparator
Event: 9.177 Loading class java/lang/ProcessEnvironment$NameComparator done
Event: 9.177 Loading class java/lang/ProcessEnvironment$EntryComparator
Event: 9.177 Loading class java/lang/ProcessEnvironment$EntryComparator done
Event: 9.177 Loading class java/lang/ProcessEnvironment$CheckedEntrySet
Event: 9.178 Loading class java/lang/ProcessEnvironment$CheckedEntrySet done
Event: 9.178 Loading class java/lang/ProcessEnvironment$CheckedEntrySet$1
Event: 9.178 Loading class java/lang/ProcessEnvironment$CheckedEntrySet$1 done
Event: 9.178 Loading class java/lang/ProcessEnvironment$CheckedEntry
Event: 9.178 Loading class java/lang/ProcessEnvironment$CheckedEntry done
Event: 9.190 Loading class sun/nio/fs/WindowsException
Event: 9.190 Loading class sun/nio/fs/WindowsException done
Event: 9.191 Loading class sun/nio/cs/ISO_8859_1$Encoder

Classes unloaded (7 events):
Event: 6.500 Thread 0x0000017e41be8990 Unloading class 0x000000010021b400 'java/lang/invoke/LambdaForm$MH+0x000000010021b400'
Event: 6.500 Thread 0x0000017e41be8990 Unloading class 0x000000010021b000 'java/lang/invoke/LambdaForm$MH+0x000000010021b000'
Event: 6.500 Thread 0x0000017e41be8990 Unloading class 0x000000010021ac00 'java/lang/invoke/LambdaForm$MH+0x000000010021ac00'
Event: 6.500 Thread 0x0000017e41be8990 Unloading class 0x000000010021a800 'java/lang/invoke/LambdaForm$MH+0x000000010021a800'
Event: 6.500 Thread 0x0000017e41be8990 Unloading class 0x000000010021a400 'java/lang/invoke/LambdaForm$BMH+0x000000010021a400'
Event: 6.500 Thread 0x0000017e41be8990 Unloading class 0x000000010021a000 'java/lang/invoke/LambdaForm$DMH+0x000000010021a000'
Event: 6.500 Thread 0x0000017e41be8990 Unloading class 0x0000000100214400 'java/lang/invoke/LambdaForm$DMH+0x0000000100214400'

Classes redefined (0 events):
No events

Internal exceptions (20 events):
Event: 7.050 Thread 0x0000017e5ba8a010 Exception <a 'java/lang/NoSuchMethodError'{0x00000000eaf60fe8}: 'java.lang.Object java.lang.invoke.DirectMethodHandle$Holder.newInvokeSpecial(java.lang.Object, java.lang.Object, java.lang.Object, long)'> (0x00000000eaf60fe8) 
thrown [s\src\hotspot\share\interpreter\linkResolver.cpp, line 759]
Event: 7.050 Thread 0x0000017e5ba8a010 Exception <a 'java/lang/NoSuchMethodError'{0x00000000eaf65588}: 'java.lang.Object java.lang.invoke.DirectMethodHandle$Holder.invokeSpecial(java.lang.Object, java.lang.Object, java.lang.Object, java.lang.Object, long)'> (0x00000000eaf65588) 
thrown [s\src\hotspot\share\interpreter\linkResolver.cpp, line 759]
Event: 7.050 Thread 0x0000017e5ba8a010 Exception <a 'java/lang/NoSuchMethodError'{0x00000000eaf69400}: 'java.lang.Object java.lang.invoke.Invokers$Holder.linkToTargetMethod(java.lang.Object, java.lang.Object, long, java.lang.Object)'> (0x00000000eaf69400) 
thrown [s\src\hotspot\share\interpreter\linkResolver.cpp, line 759]
Event: 7.061 Thread 0x0000017e5ba8a010 Exception <a 'java/lang/NoSuchMethodError'{0x00000000eafbd578}: 'int java.lang.invoke.DirectMethodHandle$Holder.invokeStaticInit(java.lang.Object, java.lang.Object, java.lang.Object)'> (0x00000000eafbd578) 
thrown [s\src\hotspot\share\interpreter\linkResolver.cpp, line 759]
Event: 7.163 Thread 0x0000017e5ba8a010 Exception <a 'java/lang/IncompatibleClassChangeError'{0x00000000eb20b2e8}: Found class java.lang.Object, but interface was expected> (0x00000000eb20b2e8) 
thrown [s\src\hotspot\share\interpreter\linkResolver.cpp, line 826]
Event: 7.177 Thread 0x0000017e5ba8a010 Exception <a 'java/lang/NoSuchMethodError'{0x00000000eb2204e8}: 'java.lang.Object java.lang.invoke.DirectMethodHandle$Holder.invokeSpecial(java.lang.Object, java.lang.Object, java.lang.Object, int, java.lang.Object, java.lang.Object)'> (0x00000000eb2204e8) 
thrown [s\src\hotspot\share\interpreter\linkResolver.cpp, line 759]
Event: 7.181 Thread 0x0000017e5ba8a010 Exception <a 'java/lang/NoSuchMethodError'{0x00000000eb228c70}: 'java.lang.Object java.lang.invoke.DirectMethodHandle$Holder.newInvokeSpecial(java.lang.Object, java.lang.Object, java.lang.Object, int, java.lang.Object)'> (0x00000000eb228c70) 
thrown [s\src\hotspot\share\interpreter\linkResolver.cpp, line 759]
Event: 7.183 Thread 0x0000017e5ba8a010 Exception <a 'java/lang/NoSuchMethodError'{0x00000000eb22d0c8}: 'java.lang.Object java.lang.invoke.DirectMethodHandle$Holder.invokeSpecial(java.lang.Object, java.lang.Object, java.lang.Object, java.lang.Object, int, java.lang.Object)'> (0x00000000eb22d0c8) 
thrown [s\src\hotspot\share\interpreter\linkResolver.cpp, line 759]
Event: 7.186 Thread 0x0000017e5ba3ab80 Exception <a 'java/lang/NoSuchMethodError'{0x00000000eaff1778}: 'java.lang.Object java.lang.invoke.DirectMethodHandle$Holder.invokeSpecial(java.lang.Object, java.lang.Object, int, java.lang.Object, java.lang.Object)'> (0x00000000eaff1778) 
thrown [s\src\hotspot\share\interpreter\linkResolver.cpp, line 759]
Event: 7.188 Thread 0x0000017e5ba3ab80 Exception <a 'java/lang/NoSuchMethodError'{0x00000000eaff8e48}: 'java.lang.Object java.lang.invoke.DirectMethodHandle$Holder.newInvokeSpecial(java.lang.Object, java.lang.Object, int, java.lang.Object)'> (0x00000000eaff8e48) 
thrown [s\src\hotspot\share\interpreter\linkResolver.cpp, line 759]
Event: 7.189 Thread 0x0000017e5ba3ab80 Exception <a 'java/lang/NoSuchMethodError'{0x00000000eaffc958}: 'java.lang.Object java.lang.invoke.DirectMethodHandle$Holder.invokeSpecial(java.lang.Object, java.lang.Object, java.lang.Object, int, java.lang.Object)'> (0x00000000eaffc958) 
thrown [s\src\hotspot\share\interpreter\linkResolver.cpp, line 759]
Event: 7.283 Thread 0x0000017e5ba8a010 Exception <a 'java/lang/NoSuchMethodError'{0x00000000eb54ed08}: 'double java.lang.invoke.DirectMethodHandle$Holder.invokeStatic(java.lang.Object, java.lang.Object)'> (0x00000000eb54ed08) 
thrown [s\src\hotspot\share\interpreter\linkResolver.cpp, line 759]
Event: 7.283 Thread 0x0000017e5ba8a010 Exception <a 'java/lang/NoSuchMethodError'{0x00000000eb552620}: 'double java.lang.invoke.DirectMethodHandle$Holder.invokeStaticInit(java.lang.Object, java.lang.Object)'> (0x00000000eb552620) 
thrown [s\src\hotspot\share\interpreter\linkResolver.cpp, line 759]
Event: 8.008 Thread 0x0000017e5ba8a010 Implicit null exception at 0x0000017e4c391d48 to 0x0000017e4c391e08
Event: 9.028 Thread 0x0000017e5ba8a010 Exception <a 'java/lang/ClassNotFoundException'{0x00000000ebc297d8}: com/sun/org/apache/xerces/internal/impl/msg/spi/DOMMessagesProvider> (0x00000000ebc297d8) 
thrown [s\src\hotspot\share\classfile\systemDictionary.cpp, line 256]
Event: 9.038 Thread 0x0000017e5ba8a010 Implicit null exception at 0x0000017e4c3a3b00 to 0x0000017e4c3a4770
Event: 9.040 Thread 0x0000017e5ba8a010 Exception <a 'java/lang/ClassNotFoundException'{0x00000000ebc51288}: com/sun/org/apache/xerces/internal/impl/msg/spi/XMLSerializerMessagesProvider> (0x00000000ebc51288) 
thrown [s\src\hotspot\share\classfile\systemDictionary.cpp, line 256]
Event: 9.041 Thread 0x0000017e5ba8a010 Exception <a 'java/lang/ClassNotFoundException'{0x00000000ebc5e510}: com/sun/org/apache/xerces/internal/impl/msg/spi/XMLMessagesProvider> (0x00000000ebc5e510) 
thrown [s\src\hotspot\share\classfile\systemDictionary.cpp, line 256]
Event: 9.102 Thread 0x0000017e5ba8a010 Exception <a 'java/lang/NoSuchMethodError'{0x00000000ebe8f120}: 'java.lang.Object java.lang.invoke.DirectMethodHandle$Holder.newInvokeSpecial(java.lang.Object, int, java.lang.Object, java.lang.Object)'> (0x00000000ebe8f120) 
thrown [s\src\hotspot\share\interpreter\linkResolver.cpp, line 759]
Event: 9.191 Thread 0x0000017e5ba8a010 Exception <a 'sun/nio/fs/WindowsException'{0x00000000ec09e450}> (0x00000000ec09e450) 
thrown [s\src\hotspot\share\prims\jni.cpp, line 516]

VM Operations (20 events):
Event: 6.489 Executing VM operation: CollectForMetadataAllocation
Event: 6.531 Executing VM operation: CollectForMetadataAllocation done
Event: 6.573 Executing VM operation: HandshakeAllThreads
Event: 6.573 Executing VM operation: HandshakeAllThreads done
Event: 6.939 Executing VM operation: HandshakeAllThreads
Event: 6.939 Executing VM operation: HandshakeAllThreads done
Event: 7.077 Executing VM operation: HandshakeAllThreads
Event: 7.077 Executing VM operation: HandshakeAllThreads done
Event: 7.127 Executing VM operation: HandshakeAllThreads
Event: 7.127 Executing VM operation: HandshakeAllThreads done
Event: 7.554 Executing VM operation: ParallelGCFailedAllocation
Event: 7.558 Executing VM operation: ParallelGCFailedAllocation done
Event: 8.358 Executing VM operation: ParallelGCFailedAllocation
Event: 8.365 Executing VM operation: ParallelGCFailedAllocation done
Event: 8.911 Executing VM operation: HandshakeAllThreads
Event: 8.911 Executing VM operation: HandshakeAllThreads done
Event: 9.173 Executing VM operation: HandshakeAllThreads
Event: 9.173 Executing VM operation: HandshakeAllThreads done
Event: 9.177 Executing VM operation: HandshakeAllThreads
Event: 9.177 Executing VM operation: HandshakeAllThreads done

Events (20 events):
Event: 1.686 Thread 0x0000017e5b037210 Thread exited: 0x0000017e5b037210
Event: 1.826 Thread 0x0000017e5b434800 Thread added: 0x0000017e5b434800
Event: 1.981 Thread 0x0000017e5b434800 Thread exited: 0x0000017e5b434800
Event: 2.617 Thread 0x0000017e5b6f0860 Thread added: 0x0000017e5b6f0860
Event: 2.859 Thread 0x0000017e5b6f0860 Thread exited: 0x0000017e5b6f0860
Event: 3.176 Thread 0x0000017e5b5fa990 Thread added: 0x0000017e5b5fa990
Event: 3.619 Thread 0x0000017e5b759980 Thread added: 0x0000017e5b759980
Event: 3.626 Thread 0x0000017e5b946c20 Thread added: 0x0000017e5b946c20
Event: 3.643 Thread 0x0000017e5ba8a010 Thread added: 0x0000017e5ba8a010
Event: 3.767 Thread 0x0000017e5b6ad4b0 Thread added: 0x0000017e5b6ad4b0
Event: 3.946 Thread 0x0000017e5b759980 Thread exited: 0x0000017e5b759980
Event: 4.249 Thread 0x0000017e5b946050 Thread added: 0x0000017e5b946050
Event: 5.354 Thread 0x0000017e5ba39c50 Thread added: 0x0000017e5ba39c50
Event: 6.961 Thread 0x0000017e5ba3bfc0 Thread added: 0x0000017e5ba3bfc0
Event: 7.054 Thread 0x0000017e5ba3ab80 Thread added: 0x0000017e5ba3ab80
Event: 7.187 Thread 0x0000017e5ba3c4d0 Thread added: 0x0000017e5ba3c4d0
Event: 7.504 Thread 0x0000017e5b21f450 Thread added: 0x0000017e5b21f450
Event: 7.760 Thread 0x0000017e5b21f450 Thread exited: 0x0000017e5b21f450
Event: 8.632 Thread 0x0000017e5b3aaf10 Thread added: 0x0000017e5b3aaf10
Event: 9.073 Thread 0x0000017e5ba3b090 Thread added: 0x0000017e5ba3b090


Dynamic libraries:
0x00007ff7446f0000 - 0x00007ff7446fe000 	c:\Users\vivin\.vscode\extensions\redhat.java-1.34.0-win32-x64\jre\17.0.12-win32-x86_64\bin\java.exe
0x00007ffbdbd30000 - 0x00007ffbdbf47000 	C:\WINDOWS\SYSTEM32\ntdll.dll
0x00007ffbdaa10000 - 0x00007ffbdaad4000 	C:\WINDOWS\System32\KERNEL32.DLL
0x00007ffbd9420000 - 0x00007ffbd97cd000 	C:\WINDOWS\System32\KERNELBASE.dll
0x00007ffbd9910000 - 0x00007ffbd9a21000 	C:\WINDOWS\System32\ucrtbase.dll
0x00007ffbd5780000 - 0x00007ffbd5797000 	c:\Users\vivin\.vscode\extensions\redhat.java-1.34.0-win32-x64\jre\17.0.12-win32-x86_64\bin\jli.dll
0x00007ffbdafb0000 - 0x00007ffbdb15e000 	C:\WINDOWS\System32\USER32.dll
0x00007ffbd9260000 - 0x00007ffbd9286000 	C:\WINDOWS\System32\win32u.dll
0x00007ffbdaf60000 - 0x00007ffbdaf89000 	C:\WINDOWS\System32\GDI32.dll
0x00007ffbd9300000 - 0x00007ffbd9419000 	C:\WINDOWS\System32\gdi32full.dll
0x00007ffbd91c0000 - 0x00007ffbd925a000 	C:\WINDOWS\System32\msvcp_win.dll
0x00007ffbd5730000 - 0x00007ffbd574b000 	c:\Users\vivin\.vscode\extensions\redhat.java-1.34.0-win32-x64\jre\17.0.12-win32-x86_64\bin\VCRUNTIME140.dll
0x00007ffbbb740000 - 0x00007ffbbb9d3000 	C:\WINDOWS\WinSxS\amd64_microsoft.windows.common-controls_6595b64144ccf1df_6.0.22621.3672_none_2713b9d173822955\COMCTL32.dll
0x00007ffbdad90000 - 0x00007ffbdae37000 	C:\WINDOWS\System32\msvcrt.dll
0x00007ffbdac90000 - 0x00007ffbdacc1000 	C:\WINDOWS\System32\IMM32.DLL
0x00007ffbd61e0000 - 0x00007ffbd61ec000 	c:\Users\vivin\.vscode\extensions\redhat.java-1.34.0-win32-x64\jre\17.0.12-win32-x86_64\bin\vcruntime140_1.dll
0x00007ffbd3f40000 - 0x00007ffbd3fcd000 	c:\Users\vivin\.vscode\extensions\redhat.java-1.34.0-win32-x64\jre\17.0.12-win32-x86_64\bin\msvcp140.dll
0x00007ffb57af0000 - 0x00007ffb5875a000 	c:\Users\vivin\.vscode\extensions\redhat.java-1.34.0-win32-x64\jre\17.0.12-win32-x86_64\bin\server\jvm.dll
0x00007ffbd9a70000 - 0x00007ffbd9b22000 	C:\WINDOWS\System32\ADVAPI32.dll
0x00007ffbd9ca0000 - 0x00007ffbd9d49000 	C:\WINDOWS\System32\sechost.dll
0x00007ffbd9a30000 - 0x00007ffbd9a58000 	C:\WINDOWS\System32\bcrypt.dll
0x00007ffbdae40000 - 0x00007ffbdaf54000 	C:\WINDOWS\System32\RPCRT4.dll
0x00007ffbd9d70000 - 0x00007ffbd9de1000 	C:\WINDOWS\System32\WS2_32.dll
0x00007ffbd8f20000 - 0x00007ffbd8f6d000 	C:\WINDOWS\SYSTEM32\POWRPROF.dll
0x00007ffbd1670000 - 0x00007ffbd16a4000 	C:\WINDOWS\SYSTEM32\WINMM.dll
0x00007ffbd06e0000 - 0x00007ffbd06ea000 	C:\WINDOWS\SYSTEM32\VERSION.dll
0x00007ffbd8d50000 - 0x00007ffbd8d63000 	C:\WINDOWS\SYSTEM32\UMPDC.dll
0x00007ffbd80a0000 - 0x00007ffbd80b8000 	C:\WINDOWS\SYSTEM32\kernel.appcore.dll
0x00007ffbd5710000 - 0x00007ffbd571a000 	c:\Users\vivin\.vscode\extensions\redhat.java-1.34.0-win32-x64\jre\17.0.12-win32-x86_64\bin\jimage.dll
0x00007ffbd3a20000 - 0x00007ffbd3c52000 	C:\WINDOWS\SYSTEM32\DBGHELP.DLL
0x00007ffbdb160000 - 0x00007ffbdb4ee000 	C:\WINDOWS\System32\combase.dll
0x00007ffbd9bc0000 - 0x00007ffbd9c97000 	C:\WINDOWS\System32\OLEAUT32.dll
0x00007ffbcd860000 - 0x00007ffbcd892000 	C:\WINDOWS\SYSTEM32\dbgcore.DLL
0x00007ffbd9890000 - 0x00007ffbd990b000 	C:\WINDOWS\System32\bcryptPrimitives.dll
0x00007ffbd55a0000 - 0x00007ffbd55ae000 	c:\Users\vivin\.vscode\extensions\redhat.java-1.34.0-win32-x64\jre\17.0.12-win32-x86_64\bin\instrument.dll
0x00007ffbd5440000 - 0x00007ffbd5465000 	c:\Users\vivin\.vscode\extensions\redhat.java-1.34.0-win32-x64\jre\17.0.12-win32-x86_64\bin\java.dll
0x00007ffbd5420000 - 0x00007ffbd5438000 	c:\Users\vivin\.vscode\extensions\redhat.java-1.34.0-win32-x64\jre\17.0.12-win32-x86_64\bin\zip.dll
0x00007ffbd9f90000 - 0x00007ffbda7f7000 	C:\WINDOWS\System32\SHELL32.dll
0x00007ffbd6fd0000 - 0x00007ffbd78cf000 	C:\WINDOWS\SYSTEM32\windows.storage.dll
0x00007ffbd6e90000 - 0x00007ffbd6fcf000 	C:\WINDOWS\SYSTEM32\wintypes.dll
0x00007ffbda810000 - 0x00007ffbda909000 	C:\WINDOWS\System32\SHCORE.dll
0x00007ffbd9f30000 - 0x00007ffbd9f8e000 	C:\WINDOWS\System32\shlwapi.dll
0x00007ffbd8f80000 - 0x00007ffbd8fa7000 	C:\WINDOWS\SYSTEM32\profapi.dll
0x00007ffbd2b10000 - 0x00007ffbd2b29000 	C:\Users\vivin\.vscode\extensions\redhat.java-1.34.0-win32-x64\jre\17.0.12-win32-x86_64\bin\net.dll
0x00007ffbd1330000 - 0x00007ffbd1466000 	C:\WINDOWS\SYSTEM32\WINHTTP.dll
0x00007ffbd8510000 - 0x00007ffbd8579000 	C:\WINDOWS\system32\mswsock.dll
0x00007ffbd2a80000 - 0x00007ffbd2a96000 	C:\Users\vivin\.vscode\extensions\redhat.java-1.34.0-win32-x64\jre\17.0.12-win32-x86_64\bin\nio.dll
0x00007ffbd5590000 - 0x00007ffbd55a0000 	c:\Users\vivin\.vscode\extensions\redhat.java-1.34.0-win32-x64\jre\17.0.12-win32-x86_64\bin\verify.dll
0x00007ffbc63a0000 - 0x00007ffbc63e5000 	C:\Users\vivin\AppData\Roaming\Code\User\globalStorage\redhat.java\1.34.0\config_ss_win\org.eclipse.equinox.launcher\org.eclipse.equinox.launcher.win32.win32.x86_64_1.2.1100.v20240722-2106\eclipse_11904.dll
0x00007ffbdaae0000 - 0x00007ffbdac85000 	C:\WINDOWS\System32\ole32.dll
0x00007ffbd8760000 - 0x00007ffbd877b000 	C:\WINDOWS\SYSTEM32\CRYPTSP.dll
0x00007ffbd8000000 - 0x00007ffbd8035000 	C:\WINDOWS\system32\rsaenh.dll
0x00007ffbd8600000 - 0x00007ffbd8628000 	C:\WINDOWS\SYSTEM32\USERENV.dll
0x00007ffbd8780000 - 0x00007ffbd878c000 	C:\WINDOWS\SYSTEM32\CRYPTBASE.dll
0x00007ffbd7a10000 - 0x00007ffbd7a3d000 	C:\WINDOWS\SYSTEM32\IPHLPAPI.DLL
0x00007ffbda800000 - 0x00007ffbda809000 	C:\WINDOWS\System32\NSI.dll
0x00007ffbd0dc0000 - 0x00007ffbd0dd9000 	C:\WINDOWS\SYSTEM32\dhcpcsvc6.DLL
0x00007ffbd0cc0000 - 0x00007ffbd0cdf000 	C:\WINDOWS\SYSTEM32\dhcpcsvc.DLL
0x00007ffbd7ab0000 - 0x00007ffbd7ba8000 	C:\WINDOWS\SYSTEM32\DNSAPI.dll
0x00007ffbc4fb0000 - 0x00007ffbc4ff5000 	C:\Users\vivin\AppData\Local\Temp\jna-112220296\jna11262730714208026120.dll
0x00007ffbd9ed0000 - 0x00007ffbd9ed8000 	C:\WINDOWS\System32\PSAPI.DLL

dbghelp: loaded successfully - version: 4.0.5 - missing functions: none
symbol engine: initialized successfully - sym options: 0x614 - pdb path: .;c:\Users\vivin\.vscode\extensions\redhat.java-1.34.0-win32-x64\jre\17.0.12-win32-x86_64\bin;C:\WINDOWS\SYSTEM32;C:\WINDOWS\WinSxS\amd64_microsoft.windows.common-controls_6595b64144ccf1df_6.0.22621.3672_none_2713b9d173822955;c:\Users\vivin\.vscode\extensions\redhat.java-1.34.0-win32-x64\jre\17.0.12-win32-x86_64\bin\server;C:\Users\vivin\AppData\Roaming\Code\User\globalStorage\redhat.java\1.34.0\config_ss_win\org.eclipse.equinox.launcher\org.eclipse.equinox.launcher.win32.win32.x86_64_1.2.1100.v20240722-2106;C:\Users\vivin\AppData\Local\Temp\jna-112220296

VM Arguments:
jvm_args: --add-modules=ALL-SYSTEM --add-opens=java.base/java.util=ALL-UNNAMED --add-opens=java.base/java.lang=ALL-UNNAMED --add-opens=java.base/sun.nio.fs=ALL-UNNAMED -Declipse.application=org.eclipse.jdt.ls.core.id1 -Dosgi.bundles.defaultStartLevel=4 -Declipse.product=org.eclipse.jdt.ls.core.product -Djava.import.generatesMetadataFilesAtProjectRoot=false -DDetectVMInstallationsJob.disabled=true -Dfile.encoding=utf8 -XX:+UseParallelGC -XX:GCTimeRatio=4 -XX:AdaptiveSizePolicyWeight=90 -Dsun.zip.disableMemoryMapping=true -Xmx1G -Xms100m -Xlog:disable -javaagent:c:\Users\vivin\.vscode\extensions\redhat.java-1.34.0-win32-x64\lombok\lombok-1.18.33.jar 
java_command: c:\Users\vivin\.vscode\extensions\redhat.java-1.34.0-win32-x64\server\plugins\org.eclipse.equinox.launcher_1.6.900.v20240613-2009.jar -configuration c:\Users\vivin\AppData\Roaming\Code\User\globalStorage\redhat.java\1.34.0\config_ss_win -data c:\Users\vivin\AppData\Roaming\Code\User\workspaceStorage\03aef4cec3476b10e38d3aef6a71f36d\redhat.java\ss_ws --pipe=\\.\pipe\lsp-b850c13ef0ad309350d39f35f54eb5aa-sock
java_class_path (initial): c:\Users\vivin\.vscode\extensions\redhat.java-1.34.0-win32-x64\server\plugins\org.eclipse.equinox.launcher_1.6.900.v20240613-2009.jar
Launcher Type: SUN_STANDARD

[Global flags]
    uintx AdaptiveSizePolicyWeight                 = 90                                        {product} {command line}
     intx CICompilerCount                          = 3                                         {product} {ergonomic}
    uintx GCTimeRatio                              = 4                                         {product} {command line}
   size_t InitialHeapSize                          = 104857600                                 {product} {command line}
   size_t MaxHeapSize                              = 1073741824                                {product} {command line}
   size_t MaxNewSize                               = 357564416                                 {product} {ergonomic}
   size_t MinHeapDeltaBytes                        = 524288                                    {product} {ergonomic}
   size_t MinHeapSize                              = 104857600                                 {product} {command line}
   size_t NewSize                                  = 34603008                                  {product} {ergonomic}
    uintx NonNMethodCodeHeapSize                   = 5832780                                {pd product} {ergonomic}
    uintx NonProfiledCodeHeapSize                  = 122912730                              {pd product} {ergonomic}
   size_t OldSize                                  = 70254592                                  {product} {ergonomic}
    uintx ProfiledCodeHeapSize                     = 122912730                              {pd product} {ergonomic}
    uintx ReservedCodeCacheSize                    = 251658240                              {pd product} {ergonomic}
     bool SegmentedCodeCache                       = true                                      {product} {ergonomic}
   size_t SoftMaxHeapSize                          = 1073741824                             {manageable} {ergonomic}
     bool UseCompressedClassPointers               = true                           {product lp64_product} {ergonomic}
     bool UseCompressedOops                        = true                           {product lp64_product} {ergonomic}
     bool UseLargePagesIndividualAllocation        = false                                  {pd product} {ergonomic}
     bool UseParallelGC                            = true                                      {product} {command line}

Logging:
Log output configuration:
 #0: stdout all=off uptime,level,tags
 #1: stderr all=off uptime,level,tags

Environment Variables:
PATH=C:\Program Files\Common Files\Oracle\Java\javapath;C:\WINDOWS\system32;C:\WINDOWS;C:\WINDOWS\System32\Wbem;C:\WINDOWS\System32\WindowsPowerShell\v1.0\;C:\WINDOWS\System32\OpenSSH\;%JAVA_HOME%\bin;C:\Program Files\nodejs\;C:\Program Files\Git\cmd;C:\Program Files\MySQL\MySQL Shell 8.0\bin\;C:\Users\vivin\AppData\Local\Microsoft\WindowsApps;C:\Users\vivin\AppData\Local\Programs\Microsoft VS Code\bin;C:\Users\vivin\AppData\Roaming\npm
USERNAME=vivin
OS=Windows_NT
PROCESSOR_IDENTIFIER=AMD64 Family 23 Model 24 Stepping 1, AuthenticAMD
TMP=C:\Users\vivin\AppData\Local\Temp
TEMP=C:\Users\vivin\AppData\Local\Temp



Periodic native trim disabled


---------------  S Y S T E M  ---------------

OS:
 Windows 11 , 64 bit Build 22621 (10.0.22621.3958)
OS uptime: 2 days 8:56 hours

CPU: total 4 (initial active 4) (4 cores per cpu, 2 threads per core) family 23 model 24 stepping 1 microcode 0x0, cx8, cmov, fxsr, ht, mmx, 3dnowpref, sse, sse2, sse3, ssse3, sse4a, sse4.1, sse4.2, popcnt, lzcnt, tsc, tscinvbit, avx, avx2, aes, clmul, bmi1, bmi2, adx, sha, fma, vzeroupper, clflush, clflushopt
Processor Information for all 4 processors :
  Max Mhz: 2600, Current Mhz: 2600, Mhz Limit: 2600

Memory: 4k page, system-wide physical 6086M (979M free)
TotalPageFile size 24518M (AvailPageFile size 47M)
current process WorkingSet (physical memory assigned to process): 146M, peak: 150M
current process commit charge ("private bytes"): 239M, peak: 244M

vm_info: OpenJDK 64-Bit Server VM (17.0.12+7) for windows-amd64 JRE (17.0.12+7), built on Jul 16 2024 22:08:24 by "admin" with MS VC++ 16.10 / 16.11 (VS2019)

END.
