#
# There is insufficient memory for the Java Runtime Environment to continue.
# Native memory allocation (malloc) failed to allocate 32744 bytes. Error detail: ChunkPool::allocate
# Possible reasons:
#   The system is out of physical RAM or swap space
#   This process is running with CompressedOops enabled, and the Java Heap may be blocking the growth of the native heap
# Possible solutions:
#   Reduce memory load on the system
#   Increase physical memory or swap space
#   Check if swap backing store is full
#   Decrease Java heap size (-Xmx/-Xms)
#   Decrease number of Java threads
#   Decrease Java thread stack sizes (-Xss)
#   Set larger code cache with -XX:ReservedCodeCacheSize=
#   JVM is running with Unscaled Compressed Oops mode in which the Java heap is
#     placed in the first 4GB address space. The Java Heap base address is the
#     maximum limit for the native heap growth. Please use -XX:HeapBaseMinAddress
#     to set the Java Heap base and to place the Java Heap above 4GB virtual address.
# This output file may be truncated or incomplete.
#
#  Out of Memory Error (arena.cpp:79), pid=7976, tid=30492
#
# JRE version: OpenJDK Runtime Environment Temurin-17.0.12+7 (17.0.12+7) (build 17.0.12+7)
# Java VM: OpenJDK 64-Bit Server VM Temurin-17.0.12+7 (17.0.12+7, mixed mode, tiered, compressed oops, compressed class ptrs, parallel gc, windows-amd64)
# No core dump will be written. Minidumps are not enabled by default on client versions of Windows
#

---------------  S U M M A R Y ------------

Command Line: --add-modules=ALL-SYSTEM --add-opens=java.base/java.util=ALL-UNNAMED --add-opens=java.base/java.lang=ALL-UNNAMED --add-opens=java.base/sun.nio.fs=ALL-UNNAMED -Declipse.application=org.eclipse.jdt.ls.core.id1 -Dosgi.bundles.defaultStartLevel=4 -Declipse.product=org.eclipse.jdt.ls.core.product -Djava.import.generatesMetadataFilesAtProjectRoot=false -DDetectVMInstallationsJob.disabled=true -Dfile.encoding=utf8 -XX:+UseParallelGC -XX:GCTimeRatio=4 -XX:AdaptiveSizePolicyWeight=90 -Dsun.zip.disableMemoryMapping=true -Xmx1G -Xms100m -Xlog:disable -javaagent:c:\Users\vivin\.vscode\extensions\redhat.java-1.34.0-win32-x64\lombok\lombok-1.18.33.jar -XX:+HeapDumpOnOutOfMemoryError -XX:HeapDumpPath=c:\Users\vivin\AppData\Roaming\Code\User\workspaceStorage\03aef4cec3476b10e38d3aef6a71f36d\redhat.java -Daether.dependencyCollector.impl=bf c:\Users\vivin\.vscode\extensions\redhat.java-1.34.0-win32-x64\server\plugins\org.eclipse.equinox.launcher_1.6.900.v20240613-2009.jar -configuration c:\Users\vivin\AppData\Roaming\Code\User\globalStorage\redhat.java\1.34.0\config_win -data c:\Users\vivin\AppData\Roaming\Code\User\workspaceStorage\03aef4cec3476b10e38d3aef6a71f36d\redhat.java\jdt_ws --pipe=\\.\pipe\lsp-a4c21f19228b2ad52619cae10e98434a-sock

Host: AMD Ryzen 3 3250U with Radeon Graphics         , 4 cores, 5G,  Windows 11 , 64 bit Build 22621 (10.0.22621.3958)
Time: Fri Sep 20 01:10:43 2024 India Standard Time elapsed time: 81.870976 seconds (0d 0h 1m 21s)

---------------  T H R E A D  ---------------

Current thread (0x0000020b199caf20):  JavaThread "C2 CompilerThread0" daemon [_thread_in_native, id=30492, stack(0x000000e889a00000,0x000000e889b00000)]


Current CompileTask:
C2:  81871 10471   !   4       org.eclipse.jdt.internal.core.search.indexing.BinaryIndexer::indexDocument (1157 bytes)

Stack: [0x000000e889a00000,0x000000e889b00000]
Native frames: (J=compiled Java code, j=interpreted, Vv=VM code, C=native code)
V  [jvm.dll+0x67f929]
V  [jvm.dll+0x8371ba]
V  [jvm.dll+0x838c7e]
V  [jvm.dll+0x8392e3]
V  [jvm.dll+0x24834f]
V  [jvm.dll+0xacbd1]
V  [jvm.dll+0xad01c]
V  [jvm.dll+0x6a625f]
V  [jvm.dll+0x6a6c4e]
V  [jvm.dll+0x6a559a]
V  [jvm.dll+0x223209]
V  [jvm.dll+0x21c0bd]
V  [jvm.dll+0x219be1]
V  [jvm.dll+0x1a58bd]
V  [jvm.dll+0x229a2d]
V  [jvm.dll+0x227bdc]
V  [jvm.dll+0x7ec1f7]
V  [jvm.dll+0x7e65dc]
V  [jvm.dll+0x67e7f7]
C  [ucrtbase.dll+0x29333]
C  [KERNEL32.DLL+0x1257d]
C  [ntdll.dll+0x5af28]


---------------  P R O C E S S  ---------------

Threads class SMR info:
_java_thread_list=0x0000020b2110e650, length=48, elements={
0x0000020b05b5a6a0, 0x0000020b05c07ee0, 0x0000020b05c093d0, 0x0000020b05c0c360,
0x0000020b05c0cc30, 0x0000020b05c0d700, 0x0000020b05c0e1d0, 0x0000020b199caf20,
0x0000020b199edae0, 0x0000020b199ee7a0, 0x0000020b1ecb5310, 0x0000020b1ee7b020,
0x0000020b1f90d0b0, 0x0000020b1fd0b8a0, 0x0000020b1fae9410, 0x0000020b1ef3d050,
0x0000020b1f2fff50, 0x0000020b1f141eb0, 0x0000020b1f144220, 0x0000020b1f1432f0,
0x0000020b1f1423c0, 0x0000020b1f1419a0, 0x0000020b1f142de0, 0x0000020b1f143800,
0x0000020b21168eb0, 0x0000020b211689a0, 0x0000020b211693c0, 0x0000020b2116a2f0,
0x0000020b21167f80, 0x0000020b211698d0, 0x0000020b2116f3f0, 0x0000020b2116cb70,
0x0000020b21169de0, 0x0000020b2116c150, 0x0000020b2116e9d0, 0x0000020b2116a800,
0x0000020b2116c660, 0x0000020b2116ad10, 0x0000020b2116eee0, 0x0000020b2116d080,
0x0000020b2116b730, 0x0000020b2116f900, 0x0000020b2116daa0, 0x0000020b2116dfb0,
0x0000020b2116bc40, 0x0000020b2116e4c0, 0x0000020b1f144730, 0x0000020b235b0910
}

Java Threads: ( => current thread )
  0x0000020b05b5a6a0 JavaThread "main" [_thread_blocked, id=29304, stack(0x000000e889100000,0x000000e889200000)]
  0x0000020b05c07ee0 JavaThread "Reference Handler" daemon [_thread_blocked, id=23316, stack(0x000000e889400000,0x000000e889500000)]
  0x0000020b05c093d0 JavaThread "Finalizer" daemon [_thread_blocked, id=17660, stack(0x000000e889500000,0x000000e889600000)]
  0x0000020b05c0c360 JavaThread "Signal Dispatcher" daemon [_thread_blocked, id=52, stack(0x000000e889600000,0x000000e889700000)]
  0x0000020b05c0cc30 JavaThread "Attach Listener" daemon [_thread_blocked, id=12632, stack(0x000000e889700000,0x000000e889800000)]
  0x0000020b05c0d700 JavaThread "Service Thread" daemon [_thread_blocked, id=2712, stack(0x000000e889800000,0x000000e889900000)]
  0x0000020b05c0e1d0 JavaThread "Monitor Deflation Thread" daemon [_thread_blocked, id=30480, stack(0x000000e889900000,0x000000e889a00000)]
=>0x0000020b199caf20 JavaThread "C2 CompilerThread0" daemon [_thread_in_native, id=30492, stack(0x000000e889a00000,0x000000e889b00000)]
  0x0000020b199edae0 JavaThread "C1 CompilerThread0" daemon [_thread_blocked, id=17888, stack(0x000000e889b00000,0x000000e889c00000)]
  0x0000020b199ee7a0 JavaThread "Sweeper thread" daemon [_thread_blocked, id=22328, stack(0x000000e889c00000,0x000000e889d00000)]
  0x0000020b1ecb5310 JavaThread "Common-Cleaner" daemon [_thread_blocked, id=7988, stack(0x000000e889d00000,0x000000e889e00000)]
  0x0000020b1ee7b020 JavaThread "Notification Thread" daemon [_thread_blocked, id=30092, stack(0x000000e889e00000,0x000000e889f00000)]
  0x0000020b1f90d0b0 JavaThread "Active Thread: Equinox Container: 77dcfde2-1024-45d2-8567-f5365f7d6942" [_thread_blocked, id=28568, stack(0x000000e88a400000,0x000000e88a500000)]
  0x0000020b1fd0b8a0 JavaThread "Framework Event Dispatcher: Equinox Container: 77dcfde2-1024-45d2-8567-f5365f7d6942" daemon [_thread_blocked, id=25812, stack(0x000000e88a500000,0x000000e88a600000)]
  0x0000020b1fae9410 JavaThread "Start Level: Equinox Container: 77dcfde2-1024-45d2-8567-f5365f7d6942" daemon [_thread_blocked, id=25572, stack(0x000000e88a600000,0x000000e88a700000)]
  0x0000020b1ef3d050 JavaThread "Bundle File Closer" daemon [_thread_blocked, id=26340, stack(0x000000e88a300000,0x000000e88a400000)]
  0x0000020b1f2fff50 JavaThread "SCR Component Actor" daemon [_thread_blocked, id=22448, stack(0x000000e88a700000,0x000000e88a800000)]
  0x0000020b1f141eb0 JavaThread "Worker-JM" [_thread_blocked, id=13972, stack(0x000000e88a900000,0x000000e88aa00000)]
  0x0000020b1f144220 JavaThread "JNA Cleaner" daemon [_thread_blocked, id=15980, stack(0x000000e88aa00000,0x000000e88ab00000)]
  0x0000020b1f1432f0 JavaThread "Worker-0" [_thread_blocked, id=22148, stack(0x000000e88ab00000,0x000000e88ac00000)]
  0x0000020b1f1423c0 JavaThread "Worker-1" [_thread_blocked, id=24388, stack(0x000000e88ac00000,0x000000e88ad00000)]
  0x0000020b1f1419a0 JavaThread "Worker-2" [_thread_blocked, id=25948, stack(0x000000e88ad00000,0x000000e88ae00000)]
  0x0000020b1f142de0 JavaThread "Worker-3: Java indexing... " [_thread_blocked, id=27272, stack(0x000000e88ae00000,0x000000e88af00000)]
  0x0000020b1f143800 JavaThread "Java indexing" daemon [_thread_in_Java, id=10456, stack(0x000000e88b000000,0x000000e88b100000)]
  0x0000020b21168eb0 JavaThread "Thread-3" daemon [_thread_in_native, id=12732, stack(0x000000e88a800000,0x000000e88a900000)]
  0x0000020b211689a0 JavaThread "Thread-4" daemon [_thread_in_native, id=17400, stack(0x000000e88b100000,0x000000e88b200000)]
  0x0000020b211693c0 JavaThread "Thread-5" daemon [_thread_in_native, id=28696, stack(0x000000e88b200000,0x000000e88b300000)]
  0x0000020b2116a2f0 JavaThread "Thread-6" daemon [_thread_in_native, id=18708, stack(0x000000e88b300000,0x000000e88b400000)]
  0x0000020b21167f80 JavaThread "Thread-7" daemon [_thread_in_native, id=10100, stack(0x000000e88b400000,0x000000e88b500000)]
  0x0000020b211698d0 JavaThread "pool-2-thread-1" [_thread_blocked, id=21436, stack(0x000000e88b500000,0x000000e88b600000)]
  0x0000020b2116f3f0 JavaThread "WorkspaceEventsHandler" [_thread_blocked, id=22400, stack(0x000000e88b600000,0x000000e88b700000)]
  0x0000020b2116cb70 JavaThread "pool-1-thread-1" [_thread_blocked, id=28740, stack(0x000000e88b700000,0x000000e88b800000)]
  0x0000020b21169de0 JavaThread "Worker-4" [_thread_blocked, id=12200, stack(0x000000e88b800000,0x000000e88b900000)]
  0x0000020b2116c150 JavaThread "Worker-5" [_thread_blocked, id=24636, stack(0x000000e88bb00000,0x000000e88bc00000)]
  0x0000020b2116e9d0 JavaThread "Compiler Source File Reader" daemon [_thread_blocked, id=14028, stack(0x000000e88bc00000,0x000000e88bd00000)]
  0x0000020b2116a800 JavaThread "Compiler Source File Reader" daemon [_thread_blocked, id=19516, stack(0x000000e88bd00000,0x000000e88be00000)]
  0x0000020b2116c660 JavaThread "ForkJoinPool.commonPool-worker-1" daemon [_thread_blocked, id=12816, stack(0x000000e88be00000,0x000000e88bf00000)]
  0x0000020b2116ad10 JavaThread "Compiler Processing Task" daemon [_thread_blocked, id=20196, stack(0x000000e88bf00000,0x000000e88c000000)]
  0x0000020b2116eee0 JavaThread "Worker-6" [_thread_blocked, id=17680, stack(0x000000e88c000000,0x000000e88c100000)]
  0x0000020b2116d080 JavaThread "Worker-7" [_thread_blocked, id=3480, stack(0x000000e88c100000,0x000000e88c200000)]
  0x0000020b2116b730 JavaThread "ForkJoinPool.commonPool-worker-2" daemon [_thread_blocked, id=22936, stack(0x000000e88c200000,0x000000e88c300000)]
  0x0000020b2116f900 JavaThread "ForkJoinPool.commonPool-worker-3" daemon [_thread_blocked, id=29768, stack(0x000000e88c300000,0x000000e88c400000)]
  0x0000020b2116daa0 JavaThread "Java Debug Server" daemon [_thread_in_native, id=24904, stack(0x000000e88c400000,0x000000e88c500000)]
  0x0000020b2116dfb0 JavaThread "pool-3-thread-1" [_thread_in_native, id=28196, stack(0x000000e88c500000,0x000000e88c600000)]
  0x0000020b2116bc40 JavaThread "RxSchedulerPurge-1" daemon [_thread_blocked, id=29716, stack(0x000000e88c600000,0x000000e88c700000)]
  0x0000020b2116e4c0 JavaThread "RxCachedWorkerPoolEvictor-1" daemon [_thread_blocked, id=2188, stack(0x000000e88c700000,0x000000e88c800000)]
  0x0000020b1f144730 JavaThread "RxNewThreadScheduler-1" daemon [_thread_blocked, id=3800, stack(0x000000e88c800000,0x000000e88c900000)]
  0x0000020b235b0910 JavaThread "process reaper (pid 29224)" daemon [_thread_in_native, id=19792, stack(0x000000e888b30000,0x000000e888b50000)]

Other Threads:
  0x0000020b1998b050 VMThread "VM Thread" [stack: 0x000000e889300000,0x000000e889400000] [id=18356]
  0x0000020b1edf6870 WatcherThread [stack: 0x000000e889f00000,0x000000e88a000000] [id=25140]
  0x0000020b05b70980 GCTaskThread "GC Thread#0" [stack: 0x000000e889200000,0x000000e889300000] [id=3872]
  0x0000020b1ef7a560 GCTaskThread "GC Thread#1" [stack: 0x000000e88a000000,0x000000e88a100000] [id=27504]
  0x0000020b1f790450 GCTaskThread "GC Thread#2" [stack: 0x000000e88a100000,0x000000e88a200000] [id=7688]
  0x0000020b1f790710 GCTaskThread "GC Thread#3" [stack: 0x000000e88a200000,0x000000e88a300000] [id=26188]

Threads with active compile tasks:
C2 CompilerThread0    82260 10471   !   4       org.eclipse.jdt.internal.core.search.indexing.BinaryIndexer::indexDocument (1157 bytes)

VM state: not at safepoint (normal execution)

VM Mutex/Monitor currently owned by a thread: None

Heap address: 0x00000000c0000000, size: 1024 MB, Compressed Oops mode: 32-bit

CDS archive(s) not mapped
Compressed class space mapped at: 0x0000000100000000-0x0000000140000000, reserved size: 1073741824
Narrow klass base: 0x0000000000000000, Narrow klass shift: 3, Narrow klass range: 0x140000000

GC Precious Log:
 CPUs: 4 total, 4 available
 Memory: 6086M
 Large Page Support: Disabled
 NUMA Support: Disabled
 Compressed Oops: Enabled (32-bit)
 Alignments: Space 512K, Generation 512K, Heap 2M
 Heap Min Capacity: 100M
 Heap Initial Capacity: 100M
 Heap Max Capacity: 1G
 Pre-touch: Disabled
 Parallel Workers: 4

Heap:
 PSYoungGen      total 32768K, used 31290K [0x00000000eab00000, 0x00000000ee480000, 0x0000000100000000)
  eden space 23040K, 93% used [0x00000000eab00000,0x00000000ec00fb20,0x00000000ec180000)
  from space 9728K, 99% used [0x00000000ec180000,0x00000000ecafed58,0x00000000ecb00000)
  to   space 16896K, 0% used [0x00000000ed400000,0x00000000ed400000,0x00000000ee480000)
 ParOldGen       total 309760K, used 289847K [0x00000000c0000000, 0x00000000d2e80000, 0x00000000eab00000)
  object space 309760K, 93% used [0x00000000c0000000,0x00000000d1b0dd58,0x00000000d2e80000)
 Metaspace       used 72222K, committed 73472K, reserved 1114112K
  class space    used 7611K, committed 8192K, reserved 1048576K

Card table byte_map: [0x0000020b054f0000,0x0000020b05700000] _byte_map_base: 0x0000020b04ef0000

Marking Bits: (ParMarkBitMap*) 0x00007ffb696e58b0
 Begin Bits: [0x0000020b177f0000, 0x0000020b187f0000)
 End Bits:   [0x0000020b187f0000, 0x0000020b197f0000)

Polling page: 0x0000020b03af0000

Metaspace:

Usage:
  Non-class:     63.10 MB used.
      Class:      7.43 MB used.
       Both:     70.53 MB used.

Virtual space:
  Non-class space:       64.00 MB reserved,      63.75 MB (>99%) committed,  1 nodes.
      Class space:        1.00 GB reserved,       8.00 MB ( <1%) committed,  1 nodes.
             Both:        1.06 GB reserved,      71.75 MB (  7%) committed. 

Chunk freelists:
   Non-Class:  148.00 KB
       Class:  8.00 MB
        Both:  8.15 MB

MaxMetaspaceSize: unlimited
CompressedClassSpaceSize: 1.00 GB
Initial GC threshold: 21.00 MB
Current GC threshold: 119.50 MB
CDS: off
MetaspaceReclaimPolicy: balanced
 - commit_granule_bytes: 65536.
 - commit_granule_words: 8192.
 - virtual_space_node_default_size: 8388608.
 - enlarge_chunks_in_place: 1.
 - new_chunks_are_fully_committed: 0.
 - uncommit_free_chunks: 1.
 - use_allocation_guard: 0.
 - handle_deallocations: 1.


Internal statistics:

num_allocs_failed_limit: 9.
num_arena_births: 784.
num_arena_deaths: 14.
num_vsnodes_births: 2.
num_vsnodes_deaths: 0.
num_space_committed: 1148.
num_space_uncommitted: 0.
num_chunks_returned_to_freelist: 23.
num_chunks_taken_from_freelist: 3808.
num_chunk_merges: 14.
num_chunk_splits: 2353.
num_chunks_enlarged: 1372.
num_inconsistent_stats: 0.

CodeHeap 'non-profiled nmethods': size=120000Kb used=6558Kb max_used=6558Kb free=113441Kb
 bounds [0x0000020b102c0000, 0x0000020b10930000, 0x0000020b177f0000]
CodeHeap 'profiled nmethods': size=120000Kb used=18190Kb max_used=19994Kb free=101810Kb
 bounds [0x0000020b087f0000, 0x0000020b09b80000, 0x0000020b0fd20000]
CodeHeap 'non-nmethods': size=5760Kb used=1389Kb max_used=1463Kb free=4370Kb
 bounds [0x0000020b0fd20000, 0x0000020b0ff90000, 0x0000020b102c0000]
 total_blobs=9322 nmethods=8578 adapters=654
 compilation: enabled
              stopped_count=0, restarted_count=0
 full_count=0

Compilation events (20 events):
Event: 76.540 Thread 0x0000020b199edae0 nmethod 10461 0x0000020b088dd010 code [0x0000020b088dd200, 0x0000020b088dd778]
Event: 77.755 Thread 0x0000020b199edae0 10462       3       org.eclipse.jdt.internal.compiler.classfmt.AnnotationInfo::scanAnnotation (330 bytes)
Event: 77.758 Thread 0x0000020b199edae0 nmethod 10462 0x0000020b0924fc90 code [0x0000020b0924ff80, 0x0000020b09251088]
Event: 79.119 Thread 0x0000020b199edae0 10463       3       java.util.concurrent.ThreadPoolExecutor::isShutdown (12 bytes)
Event: 79.119 Thread 0x0000020b199caf20 10464       4       org.eclipse.jdt.internal.compiler.classfmt.AnnotationInfo::scanAnnotation (330 bytes)
Event: 79.120 Thread 0x0000020b199edae0 nmethod 10463 0x0000020b090e6210 code [0x0000020b090e63c0, 0x0000020b090e65b8]
Event: 79.169 Thread 0x0000020b199caf20 nmethod 10464 0x0000020b10920a10 code [0x0000020b10920c20, 0x0000020b10921ea0]
Event: 79.267 Thread 0x0000020b199edae0 10465       3       org.eclipse.jdt.internal.compiler.classfmt.MethodInfo::decodeMethodParameters (129 bytes)
Event: 79.270 Thread 0x0000020b199edae0 nmethod 10465 0x0000020b0997ac90 code [0x0000020b0997af20, 0x0000020b0997bd08]
Event: 79.663 Thread 0x0000020b199caf20 10466       4       org.eclipse.jdt.internal.core.search.indexing.BinaryIndexer::addBinaryAnnotation (87 bytes)
Event: 80.279 Thread 0x0000020b199edae0 10467       3       org.eclipse.jdt.internal.compiler.classfmt.AnnotationInfo::scanAnnotation (330 bytes)
Event: 80.281 Thread 0x0000020b199edae0 nmethod 10467 0x0000020b09302010 code [0x0000020b09302300, 0x0000020b09303408]
Event: 80.344 Thread 0x0000020b199edae0 10469   !   3       org.eclipse.jdt.internal.core.search.indexing.BinaryIndexer::indexDocument (1157 bytes)
Event: 80.356 Thread 0x0000020b199edae0 nmethod 10469 0x0000020b09526790 code [0x0000020b09527000, 0x0000020b0952c3b8]
Event: 80.371 Thread 0x0000020b199caf20 nmethod 10466 0x0000020b10922910 code [0x0000020b10922c60, 0x0000020b10925748]
Event: 80.372 Thread 0x0000020b199caf20 10468       4       org.eclipse.jdt.internal.compiler.classfmt.AnnotationInfo::<init> (32 bytes)
Event: 80.374 Thread 0x0000020b199caf20 nmethod 10468 0x0000020b10927490 code [0x0000020b10927620, 0x0000020b10927708]
Event: 80.377 Thread 0x0000020b199caf20 10470       4       org.eclipse.jdt.internal.compiler.ast.TypeDeclaration::kind (58 bytes)
Event: 80.378 Thread 0x0000020b199caf20 nmethod 10470 0x0000020b10927810 code [0x0000020b10927980, 0x0000020b10927a38]
Event: 81.681 Thread 0x0000020b199caf20 10471   !   4       org.eclipse.jdt.internal.core.search.indexing.BinaryIndexer::indexDocument (1157 bytes)

GC Heap History (20 events):
Event: 79.043 GC heap before
{Heap before GC invocations=344 (full 14):
 PSYoungGen      total 18944K, used 18682K [0x00000000eab00000, 0x00000000ec600000, 0x0000000100000000)
  eden space 13312K, 100% used [0x00000000eab00000,0x00000000eb800000,0x00000000eb800000)
  from space 5632K, 95% used [0x00000000ec080000,0x00000000ec5be898,0x00000000ec600000)
  to   space 6656K, 0% used [0x00000000eb900000,0x00000000eb900000,0x00000000ebf80000)
 ParOldGen       total 275968K, used 260242K [0x00000000c0000000, 0x00000000d0d80000, 0x00000000eab00000)
  object space 275968K, 94% used [0x00000000c0000000,0x00000000cfe24b18,0x00000000d0d80000)
 Metaspace       used 72222K, committed 73472K, reserved 1114112K
  class space    used 7611K, committed 8192K, reserved 1048576K
}
Event: 79.058 GC heap after
{Heap after GC invocations=344 (full 14):
 PSYoungGen      total 20992K, used 6645K [0x00000000eab00000, 0x00000000eca80000, 0x0000000100000000)
  eden space 14336K, 0% used [0x00000000eab00000,0x00000000eab00000,0x00000000eb900000)
  from space 6656K, 99% used [0x00000000eb900000,0x00000000ebf7d700,0x00000000ebf80000)
  to   space 8704K, 0% used [0x00000000ec200000,0x00000000ec200000,0x00000000eca80000)
 ParOldGen       total 275968K, used 261735K [0x00000000c0000000, 0x00000000d0d80000, 0x00000000eab00000)
  object space 275968K, 94% used [0x00000000c0000000,0x00000000cff99e98,0x00000000d0d80000)
 Metaspace       used 72222K, committed 73472K, reserved 1114112K
  class space    used 7611K, committed 8192K, reserved 1048576K
}
Event: 79.148 GC heap before
{Heap before GC invocations=345 (full 14):
 PSYoungGen      total 20992K, used 20981K [0x00000000eab00000, 0x00000000eca80000, 0x0000000100000000)
  eden space 14336K, 100% used [0x00000000eab00000,0x00000000eb900000,0x00000000eb900000)
  from space 6656K, 99% used [0x00000000eb900000,0x00000000ebf7d700,0x00000000ebf80000)
  to   space 8704K, 0% used [0x00000000ec200000,0x00000000ec200000,0x00000000eca80000)
 ParOldGen       total 275968K, used 261735K [0x00000000c0000000, 0x00000000d0d80000, 0x00000000eab00000)
  object space 275968K, 94% used [0x00000000c0000000,0x00000000cff99e98,0x00000000d0d80000)
 Metaspace       used 72222K, committed 73472K, reserved 1114112K
  class space    used 7611K, committed 8192K, reserved 1048576K
}
Event: 79.161 GC heap after
{Heap after GC invocations=345 (full 14):
 PSYoungGen      total 21504K, used 5437K [0x00000000eab00000, 0x00000000ec780000, 0x0000000100000000)
  eden space 15872K, 0% used [0x00000000eab00000,0x00000000eab00000,0x00000000eba80000)
  from space 5632K, 96% used [0x00000000ec200000,0x00000000ec74f4e0,0x00000000ec780000)
  to   space 6656K, 0% used [0x00000000eba80000,0x00000000eba80000,0x00000000ec100000)
 ParOldGen       total 275968K, used 265863K [0x00000000c0000000, 0x00000000d0d80000, 0x00000000eab00000)
  object space 275968K, 96% used [0x00000000c0000000,0x00000000d03a1e68,0x00000000d0d80000)
 Metaspace       used 72222K, committed 73472K, reserved 1114112K
  class space    used 7611K, committed 8192K, reserved 1048576K
}
Event: 79.273 GC heap before
{Heap before GC invocations=346 (full 14):
 PSYoungGen      total 21504K, used 21309K [0x00000000eab00000, 0x00000000ec780000, 0x0000000100000000)
  eden space 15872K, 100% used [0x00000000eab00000,0x00000000eba80000,0x00000000eba80000)
  from space 5632K, 96% used [0x00000000ec200000,0x00000000ec74f4e0,0x00000000ec780000)
  to   space 6656K, 0% used [0x00000000eba80000,0x00000000eba80000,0x00000000ec100000)
 ParOldGen       total 275968K, used 265863K [0x00000000c0000000, 0x00000000d0d80000, 0x00000000eab00000)
  object space 275968K, 96% used [0x00000000c0000000,0x00000000d03a1e68,0x00000000d0d80000)
 Metaspace       used 72222K, committed 73472K, reserved 1114112K
  class space    used 7611K, committed 8192K, reserved 1048576K
}
Event: 79.286 GC heap after
{Heap after GC invocations=346 (full 14):
 PSYoungGen      total 22528K, used 6643K [0x00000000eab00000, 0x00000000ecf00000, 0x0000000100000000)
  eden space 15872K, 0% used [0x00000000eab00000,0x00000000eab00000,0x00000000eba80000)
  from space 6656K, 99% used [0x00000000eba80000,0x00000000ec0fccc0,0x00000000ec100000)
  to   space 9728K, 0% used [0x00000000ec580000,0x00000000ec580000,0x00000000ecf00000)
 ParOldGen       total 275968K, used 267975K [0x00000000c0000000, 0x00000000d0d80000, 0x00000000eab00000)
  object space 275968K, 97% used [0x00000000c0000000,0x00000000d05b1c28,0x00000000d0d80000)
 Metaspace       used 72222K, committed 73472K, reserved 1114112K
  class space    used 7611K, committed 8192K, reserved 1048576K
}
Event: 79.433 GC heap before
{Heap before GC invocations=347 (full 14):
 PSYoungGen      total 22528K, used 22515K [0x00000000eab00000, 0x00000000ecf00000, 0x0000000100000000)
  eden space 15872K, 100% used [0x00000000eab00000,0x00000000eba80000,0x00000000eba80000)
  from space 6656K, 99% used [0x00000000eba80000,0x00000000ec0fccc0,0x00000000ec100000)
  to   space 9728K, 0% used [0x00000000ec580000,0x00000000ec580000,0x00000000ecf00000)
 ParOldGen       total 275968K, used 267975K [0x00000000c0000000, 0x00000000d0d80000, 0x00000000eab00000)
  object space 275968K, 97% used [0x00000000c0000000,0x00000000d05b1c28,0x00000000d0d80000)
 Metaspace       used 72222K, committed 73472K, reserved 1114112K
  class space    used 7611K, committed 8192K, reserved 1048576K
}
Event: 79.452 GC heap after
{Heap after GC invocations=347 (full 14):
 PSYoungGen      total 24576K, used 6607K [0x00000000eab00000, 0x00000000ecc00000, 0x0000000100000000)
  eden space 17920K, 0% used [0x00000000eab00000,0x00000000eab00000,0x00000000ebc80000)
  from space 6656K, 99% used [0x00000000ec580000,0x00000000ecbf3f10,0x00000000ecc00000)
  to   space 7680K, 0% used [0x00000000ebd00000,0x00000000ebd00000,0x00000000ec480000)
 ParOldGen       total 275968K, used 271660K [0x00000000c0000000, 0x00000000d0d80000, 0x00000000eab00000)
  object space 275968K, 98% used [0x00000000c0000000,0x00000000d094b2c8,0x00000000d0d80000)
 Metaspace       used 72222K, committed 73472K, reserved 1114112K
  class space    used 7611K, committed 8192K, reserved 1048576K
}
Event: 79.683 GC heap before
{Heap before GC invocations=348 (full 14):
 PSYoungGen      total 24576K, used 24527K [0x00000000eab00000, 0x00000000ecc00000, 0x0000000100000000)
  eden space 17920K, 100% used [0x00000000eab00000,0x00000000ebc80000,0x00000000ebc80000)
  from space 6656K, 99% used [0x00000000ec580000,0x00000000ecbf3f10,0x00000000ecc00000)
  to   space 7680K, 0% used [0x00000000ebd00000,0x00000000ebd00000,0x00000000ec480000)
 ParOldGen       total 275968K, used 271660K [0x00000000c0000000, 0x00000000d0d80000, 0x00000000eab00000)
  object space 275968K, 98% used [0x00000000c0000000,0x00000000d094b2c8,0x00000000d0d80000)
 Metaspace       used 72222K, committed 73472K, reserved 1114112K
  class space    used 7611K, committed 8192K, reserved 1048576K
}
Event: 79.699 GC heap after
{Heap after GC invocations=348 (full 14):
 PSYoungGen      total 26112K, used 7662K [0x00000000eab00000, 0x00000000ed400000, 0x0000000100000000)
  eden space 18432K, 0% used [0x00000000eab00000,0x00000000eab00000,0x00000000ebd00000)
  from space 7680K, 99% used [0x00000000ebd00000,0x00000000ec47bbf0,0x00000000ec480000)
  to   space 11264K, 0% used [0x00000000ec900000,0x00000000ec900000,0x00000000ed400000)
 ParOldGen       total 275968K, used 274407K [0x00000000c0000000, 0x00000000d0d80000, 0x00000000eab00000)
  object space 275968K, 99% used [0x00000000c0000000,0x00000000d0bf9f88,0x00000000d0d80000)
 Metaspace       used 72222K, committed 73472K, reserved 1114112K
  class space    used 7611K, committed 8192K, reserved 1048576K
}
Event: 79.699 GC heap before
{Heap before GC invocations=349 (full 15):
 PSYoungGen      total 26112K, used 7662K [0x00000000eab00000, 0x00000000ed400000, 0x0000000100000000)
  eden space 18432K, 0% used [0x00000000eab00000,0x00000000eab00000,0x00000000ebd00000)
  from space 7680K, 99% used [0x00000000ebd00000,0x00000000ec47bbf0,0x00000000ec480000)
  to   space 11264K, 0% used [0x00000000ec900000,0x00000000ec900000,0x00000000ed400000)
 ParOldGen       total 275968K, used 274407K [0x00000000c0000000, 0x00000000d0d80000, 0x00000000eab00000)
  object space 275968K, 99% used [0x00000000c0000000,0x00000000d0bf9f88,0x00000000d0d80000)
 Metaspace       used 72222K, committed 73472K, reserved 1114112K
  class space    used 7611K, committed 8192K, reserved 1048576K
}
Event: 80.262 GC heap after
{Heap after GC invocations=349 (full 15):
 PSYoungGen      total 26112K, used 3481K [0x00000000eab00000, 0x00000000ed480000, 0x0000000100000000)
  eden space 18432K, 0% used [0x00000000eab00000,0x00000000eab00000,0x00000000ebd00000)
  from space 7680K, 45% used [0x00000000ebd00000,0x00000000ec0666d0,0x00000000ec480000)
  to   space 11264K, 0% used [0x00000000ec980000,0x00000000ec980000,0x00000000ed480000)
 ParOldGen       total 309760K, used 275573K [0x00000000c0000000, 0x00000000d2e80000, 0x00000000eab00000)
  object space 309760K, 88% used [0x00000000c0000000,0x00000000d0d1d490,0x00000000d2e80000)
 Metaspace       used 72222K, committed 73472K, reserved 1114112K
  class space    used 7611K, committed 8192K, reserved 1048576K
}
Event: 80.505 GC heap before
{Heap before GC invocations=350 (full 15):
 PSYoungGen      total 26112K, used 21913K [0x00000000eab00000, 0x00000000ed480000, 0x0000000100000000)
  eden space 18432K, 100% used [0x00000000eab00000,0x00000000ebd00000,0x00000000ebd00000)
  from space 7680K, 45% used [0x00000000ebd00000,0x00000000ec0666d0,0x00000000ec480000)
  to   space 11264K, 0% used [0x00000000ec980000,0x00000000ec980000,0x00000000ed480000)
 ParOldGen       total 309760K, used 275573K [0x00000000c0000000, 0x00000000d2e80000, 0x00000000eab00000)
  object space 309760K, 88% used [0x00000000c0000000,0x00000000d0d1d490,0x00000000d2e80000)
 Metaspace       used 72222K, committed 73472K, reserved 1114112K
  class space    used 7611K, committed 8192K, reserved 1048576K
}
Event: 80.576 GC heap after
{Heap after GC invocations=350 (full 15):
 PSYoungGen      total 26112K, used 5670K [0x00000000eab00000, 0x00000000ecf80000, 0x0000000100000000)
  eden space 19968K, 0% used [0x00000000eab00000,0x00000000eab00000,0x00000000ebe80000)
  from space 6144K, 92% used [0x00000000ec980000,0x00000000ecf098a8,0x00000000ecf80000)
  to   space 7680K, 0% used [0x00000000ec080000,0x00000000ec080000,0x00000000ec800000)
 ParOldGen       total 309760K, used 277631K [0x00000000c0000000, 0x00000000d2e80000, 0x00000000eab00000)
  object space 309760K, 89% used [0x00000000c0000000,0x00000000d0f1fe40,0x00000000d2e80000)
 Metaspace       used 72222K, committed 73472K, reserved 1114112K
  class space    used 7611K, committed 8192K, reserved 1048576K
}
Event: 80.916 GC heap before
{Heap before GC invocations=351 (full 15):
 PSYoungGen      total 26112K, used 25638K [0x00000000eab00000, 0x00000000ecf80000, 0x0000000100000000)
  eden space 19968K, 100% used [0x00000000eab00000,0x00000000ebe80000,0x00000000ebe80000)
  from space 6144K, 92% used [0x00000000ec980000,0x00000000ecf098a8,0x00000000ecf80000)
  to   space 7680K, 0% used [0x00000000ec080000,0x00000000ec080000,0x00000000ec800000)
 ParOldGen       total 309760K, used 277631K [0x00000000c0000000, 0x00000000d2e80000, 0x00000000eab00000)
  object space 309760K, 89% used [0x00000000c0000000,0x00000000d0f1fe40,0x00000000d2e80000)
 Metaspace       used 72222K, committed 73472K, reserved 1114112K
  class space    used 7611K, committed 8192K, reserved 1048576K
}
Event: 80.930 GC heap after
{Heap after GC invocations=351 (full 15):
 PSYoungGen      total 29184K, used 7669K [0x00000000eab00000, 0x00000000ed600000, 0x0000000100000000)
  eden space 21504K, 0% used [0x00000000eab00000,0x00000000eab00000,0x00000000ec000000)
  from space 7680K, 99% used [0x00000000ec080000,0x00000000ec7fd438,0x00000000ec800000)
  to   space 11264K, 0% used [0x00000000ecb00000,0x00000000ecb00000,0x00000000ed600000)
 ParOldGen       total 309760K, used 280001K [0x00000000c0000000, 0x00000000d2e80000, 0x00000000eab00000)
  object space 309760K, 90% used [0x00000000c0000000,0x00000000d1170758,0x00000000d2e80000)
 Metaspace       used 72222K, committed 73472K, reserved 1114112K
  class space    used 7611K, committed 8192K, reserved 1048576K
}
Event: 81.302 GC heap before
{Heap before GC invocations=352 (full 15):
 PSYoungGen      total 29184K, used 29173K [0x00000000eab00000, 0x00000000ed600000, 0x0000000100000000)
  eden space 21504K, 100% used [0x00000000eab00000,0x00000000ec000000,0x00000000ec000000)
  from space 7680K, 99% used [0x00000000ec080000,0x00000000ec7fd438,0x00000000ec800000)
  to   space 11264K, 0% used [0x00000000ecb00000,0x00000000ecb00000,0x00000000ed600000)
 ParOldGen       total 309760K, used 280001K [0x00000000c0000000, 0x00000000d2e80000, 0x00000000eab00000)
  object space 309760K, 90% used [0x00000000c0000000,0x00000000d1170758,0x00000000d2e80000)
 Metaspace       used 72222K, committed 73472K, reserved 1114112K
  class space    used 7611K, committed 8192K, reserved 1048576K
}
Event: 81.379 GC heap after
{Heap after GC invocations=352 (full 15):
 PSYoungGen      total 33280K, used 9382K [0x00000000eab00000, 0x00000000ed500000, 0x0000000100000000)
  eden space 23040K, 0% used [0x00000000eab00000,0x00000000eab00000,0x00000000ec180000)
  from space 10240K, 91% used [0x00000000ecb00000,0x00000000ed4298b8,0x00000000ed500000)
  to   space 9728K, 0% used [0x00000000ec180000,0x00000000ec180000,0x00000000ecb00000)
 ParOldGen       total 309760K, used 283945K [0x00000000c0000000, 0x00000000d2e80000, 0x00000000eab00000)
  object space 309760K, 91% used [0x00000000c0000000,0x00000000d154a550,0x00000000d2e80000)
 Metaspace       used 72222K, committed 73472K, reserved 1114112K
  class space    used 7611K, committed 8192K, reserved 1048576K
}
Event: 81.716 GC heap before
{Heap before GC invocations=353 (full 15):
 PSYoungGen      total 33280K, used 32422K [0x00000000eab00000, 0x00000000ed500000, 0x0000000100000000)
  eden space 23040K, 100% used [0x00000000eab00000,0x00000000ec180000,0x00000000ec180000)
  from space 10240K, 91% used [0x00000000ecb00000,0x00000000ed4298b8,0x00000000ed500000)
  to   space 9728K, 0% used [0x00000000ec180000,0x00000000ec180000,0x00000000ecb00000)
 ParOldGen       total 309760K, used 283945K [0x00000000c0000000, 0x00000000d2e80000, 0x00000000eab00000)
  object space 309760K, 91% used [0x00000000c0000000,0x00000000d154a550,0x00000000d2e80000)
 Metaspace       used 72222K, committed 73472K, reserved 1114112K
  class space    used 7611K, committed 8192K, reserved 1048576K
}
Event: 81.739 GC heap after
{Heap after GC invocations=353 (full 15):
 PSYoungGen      total 32768K, used 9723K [0x00000000eab00000, 0x00000000ee480000, 0x0000000100000000)
  eden space 23040K, 0% used [0x00000000eab00000,0x00000000eab00000,0x00000000ec180000)
  from space 9728K, 99% used [0x00000000ec180000,0x00000000ecafed58,0x00000000ecb00000)
  to   space 16896K, 0% used [0x00000000ed400000,0x00000000ed400000,0x00000000ee480000)
 ParOldGen       total 309760K, used 289847K [0x00000000c0000000, 0x00000000d2e80000, 0x00000000eab00000)
  object space 309760K, 93% used [0x00000000c0000000,0x00000000d1b0dd58,0x00000000d2e80000)
 Metaspace       used 72222K, committed 73472K, reserved 1114112K
  class space    used 7611K, committed 8192K, reserved 1048576K
}

Dll operation events (12 events):
Event: 0.037 Loaded shared library c:\Users\vivin\.vscode\extensions\redhat.java-1.34.0-win32-x64\jre\17.0.12-win32-x86_64\bin\java.dll
Event: 0.487 Loaded shared library c:\Users\vivin\.vscode\extensions\redhat.java-1.34.0-win32-x64\jre\17.0.12-win32-x86_64\bin\zip.dll
Event: 0.497 Loaded shared library C:\Users\vivin\.vscode\extensions\redhat.java-1.34.0-win32-x64\jre\17.0.12-win32-x86_64\bin\instrument.dll
Event: 0.536 Loaded shared library C:\Users\vivin\.vscode\extensions\redhat.java-1.34.0-win32-x64\jre\17.0.12-win32-x86_64\bin\net.dll
Event: 0.548 Loaded shared library C:\Users\vivin\.vscode\extensions\redhat.java-1.34.0-win32-x64\jre\17.0.12-win32-x86_64\bin\nio.dll
Event: 0.599 Loaded shared library C:\Users\vivin\.vscode\extensions\redhat.java-1.34.0-win32-x64\jre\17.0.12-win32-x86_64\bin\zip.dll
Event: 0.657 Loaded shared library C:\Users\vivin\.vscode\extensions\redhat.java-1.34.0-win32-x64\jre\17.0.12-win32-x86_64\bin\jimage.dll
Event: 0.989 Loaded shared library c:\Users\vivin\.vscode\extensions\redhat.java-1.34.0-win32-x64\jre\17.0.12-win32-x86_64\bin\verify.dll
Event: 6.568 Loaded shared library C:\Users\vivin\AppData\Roaming\Code\User\globalStorage\redhat.java\1.34.0\config_win\org.eclipse.equinox.launcher\org.eclipse.equinox.launcher.win32.win32.x86_64_1.2.1100.v20240722-2106\eclipse_11904.dll
Event: 13.974 Loaded shared library C:\Users\vivin\AppData\Local\Temp\jna-112220296\jna16858455987572544809.dll
Event: 48.140 Loaded shared library C:\Users\vivin\.vscode\extensions\redhat.java-1.34.0-win32-x64\jre\17.0.12-win32-x86_64\bin\sunmscapi.dll
Event: 53.395 Loaded shared library C:\Users\vivin\.vscode\extensions\redhat.java-1.34.0-win32-x64\jre\17.0.12-win32-x86_64\bin\extnet.dll

Deoptimization events (20 events):
Event: 76.297 Thread 0x0000020b1f143800 Uncommon trap: trap_request=0xffffff45 fr.pc=0x0000020b108fc914 relative=0x0000000000000ef4
Event: 76.297 Thread 0x0000020b1f143800 Uncommon trap: reason=unstable_if action=reinterpret pc=0x0000020b108fc914 method=org.eclipse.jdt.internal.compiler.classfmt.AnnotationInfo.scanAnnotation(IZZ)I @ 71 c2
Event: 76.297 Thread 0x0000020b1f143800 DEOPT PACKING pc=0x0000020b108fc914 sp=0x000000e88b0feeb0
Event: 76.297 Thread 0x0000020b1f143800 DEOPT UNPACKING pc=0x0000020b0fd766a3 sp=0x000000e88b0fee48 mode 2
Event: 79.662 Thread 0x0000020b1f143800 Uncommon trap: trap_request=0xffffff45 fr.pc=0x0000020b10921cb0 relative=0x0000000000001090
Event: 79.662 Thread 0x0000020b1f143800 Uncommon trap: reason=unstable_if action=reinterpret pc=0x0000020b10921cb0 method=org.eclipse.jdt.internal.compiler.classfmt.AnnotationInfo.scanAnnotation(IZZ)I @ 209 c2
Event: 79.662 Thread 0x0000020b1f143800 DEOPT PACKING pc=0x0000020b10921cb0 sp=0x000000e88b0feeb0
Event: 79.662 Thread 0x0000020b1f143800 DEOPT UNPACKING pc=0x0000020b0fd766a3 sp=0x000000e88b0fee48 mode 2
Event: 80.339 Thread 0x0000020b1f143800 Uncommon trap: trap_request=0xffffff45 fr.pc=0x0000020b10901c80 relative=0x0000000000003c60
Event: 80.339 Thread 0x0000020b1f143800 Uncommon trap: reason=unstable_if action=reinterpret pc=0x0000020b10901c80 method=org.eclipse.jdt.internal.compiler.ast.TypeDeclaration.kind(I)I @ 5 c2
Event: 80.339 Thread 0x0000020b1f143800 DEOPT PACKING pc=0x0000020b10901c80 sp=0x000000e88b0ff160
Event: 80.339 Thread 0x0000020b1f143800 DEOPT UNPACKING pc=0x0000020b0fd766a3 sp=0x000000e88b0ff0a0 mode 2
Event: 80.348 Thread 0x0000020b1f143800 Uncommon trap: trap_request=0xffffff45 fr.pc=0x0000020b10751a00 relative=0x0000000000000080
Event: 80.348 Thread 0x0000020b1f143800 Uncommon trap: reason=unstable_if action=reinterpret pc=0x0000020b10751a00 method=org.eclipse.jdt.internal.compiler.ast.TypeDeclaration.kind(I)I @ 5 c2
Event: 80.348 Thread 0x0000020b1f143800 DEOPT PACKING pc=0x0000020b10751a00 sp=0x000000e88b0ff100
Event: 80.348 Thread 0x0000020b1f143800 DEOPT UNPACKING pc=0x0000020b0fd766a3 sp=0x000000e88b0ff090 mode 2
Event: 80.673 Thread 0x0000020b1f143800 DEOPT PACKING pc=0x0000020b0952b978 sp=0x000000e88b0feff0
Event: 80.673 Thread 0x0000020b1f143800 DEOPT UNPACKING pc=0x0000020b0fd76e43 sp=0x000000e88b0fe5e8 mode 0
Event: 81.183 Thread 0x0000020b1f143800 DEOPT PACKING pc=0x0000020b0952bb7b sp=0x000000e88b0feff0
Event: 81.183 Thread 0x0000020b1f143800 DEOPT UNPACKING pc=0x0000020b0fd76e43 sp=0x000000e88b0fe5e8 mode 0

Classes loaded (20 events):
Event: 57.389 Loading class java/util/concurrent/CompletableFuture$UniCompose
Event: 57.389 Loading class java/util/concurrent/CompletableFuture$UniCompose done
Event: 57.389 Loading class java/util/concurrent/CompletableFuture$UniRelay
Event: 57.389 Loading class java/util/concurrent/CompletableFuture$UniRelay done
Event: 59.404 Loading class jdk/internal/reflect/UnsafeLongFieldAccessorImpl
Event: 59.405 Loading class jdk/internal/reflect/UnsafeLongFieldAccessorImpl done
Event: 59.584 Loading class java/util/stream/IntPipeline$1
Event: 59.597 Loading class java/util/stream/IntPipeline$1 done
Event: 59.598 Loading class java/util/stream/IntPipeline$1$1
Event: 59.598 Loading class java/util/stream/IntPipeline$1$1 done
Event: 63.991 Loading class java/util/regex/Pattern$1
Event: 63.991 Loading class java/util/regex/Pattern$1 done
Event: 65.173 Loading class java/util/stream/Streams$RangeIntSpliterator
Event: 65.174 Loading class java/util/stream/Streams$RangeIntSpliterator done
Event: 65.177 Loading class java/lang/ProcessHandleImpl$ExitCompletion
Event: 65.178 Loading class java/lang/ProcessHandleImpl$ExitCompletion done
Event: 65.178 Loading class java/lang/ProcessHandleImpl$1
Event: 65.178 Loading class java/lang/ProcessHandleImpl$1 done
Event: 65.180 Loading class java/util/concurrent/CompletableFuture$UniHandle
Event: 65.180 Loading class java/util/concurrent/CompletableFuture$UniHandle done

Classes unloaded (7 events):
Event: 23.749 Thread 0x0000020b1998b050 Unloading class 0x0000000100252400 'java/lang/invoke/LambdaForm$MH+0x0000000100252400'
Event: 23.749 Thread 0x0000020b1998b050 Unloading class 0x0000000100252000 'java/lang/invoke/LambdaForm$MH+0x0000000100252000'
Event: 23.749 Thread 0x0000020b1998b050 Unloading class 0x0000000100251c00 'java/lang/invoke/LambdaForm$MH+0x0000000100251c00'
Event: 23.749 Thread 0x0000020b1998b050 Unloading class 0x0000000100251800 'java/lang/invoke/LambdaForm$MH+0x0000000100251800'
Event: 23.749 Thread 0x0000020b1998b050 Unloading class 0x0000000100251400 'java/lang/invoke/LambdaForm$BMH+0x0000000100251400'
Event: 23.749 Thread 0x0000020b1998b050 Unloading class 0x0000000100251000 'java/lang/invoke/LambdaForm$DMH+0x0000000100251000'
Event: 23.749 Thread 0x0000020b1998b050 Unloading class 0x000000010024c400 'java/lang/invoke/LambdaForm$DMH+0x000000010024c400'

Classes redefined (0 events):
No events

Internal exceptions (20 events):
Event: 52.198 Thread 0x0000020b21169de0 Exception <a 'sun/nio/fs/WindowsException'{0x00000000eae15340}> (0x00000000eae15340) 
thrown [s\src\hotspot\share\prims\jni.cpp, line 516]
Event: 52.220 Thread 0x0000020b21169de0 Exception <a 'sun/nio/fs/WindowsException'{0x00000000eae27520}> (0x00000000eae27520) 
thrown [s\src\hotspot\share\prims\jni.cpp, line 516]
Event: 52.220 Thread 0x0000020b21169de0 Exception <a 'sun/nio/fs/WindowsException'{0x00000000eae27b58}> (0x00000000eae27b58) 
thrown [s\src\hotspot\share\prims\jni.cpp, line 516]
Event: 52.450 Thread 0x0000020b2116c660 Exception <a 'java/lang/NoSuchMethodError'{0x00000000ead35d10}: 'void java.lang.invoke.DirectMethodHandle$Holder.invokeSpecial(java.lang.Object, java.lang.Object, java.lang.Object, java.lang.Object, java.lang.Object)'> (0x00000000ead35d10) 
thrown [s\src\hotspot\share\interpreter\linkResolver.cpp, line 759]
Event: 52.600 Thread 0x0000020b2116f900 Exception <a 'sun/nio/fs/WindowsException'{0x00000000eaea1100}> (0x00000000eaea1100) 
thrown [s\src\hotspot\share\prims\jni.cpp, line 516]
Event: 52.600 Thread 0x0000020b2116f900 Exception <a 'sun/nio/fs/WindowsException'{0x00000000eaea1758}> (0x00000000eaea1758) 
thrown [s\src\hotspot\share\prims\jni.cpp, line 516]
Event: 52.601 Thread 0x0000020b2116f900 Exception <a 'sun/nio/fs/WindowsException'{0x00000000eaea23f8}> (0x00000000eaea23f8) 
thrown [s\src\hotspot\share\prims\jni.cpp, line 516]
Event: 52.601 Thread 0x0000020b2116f900 Exception <a 'sun/nio/fs/WindowsException'{0x00000000eaea2cd8}> (0x00000000eaea2cd8) 
thrown [s\src\hotspot\share\prims\jni.cpp, line 516]
Event: 52.631 Thread 0x0000020b2116f900 Exception <a 'sun/nio/fs/WindowsException'{0x00000000eab022c8}> (0x00000000eab022c8) 
thrown [s\src\hotspot\share\prims\jni.cpp, line 516]
Event: 52.631 Thread 0x0000020b2116f900 Exception <a 'sun/nio/fs/WindowsException'{0x00000000eab02900}> (0x00000000eab02900) 
thrown [s\src\hotspot\share\prims\jni.cpp, line 516]
Event: 54.088 Thread 0x0000020b2116dfb0 Exception <a 'java/io/FileNotFoundException'{0x00000000ead026c0}> (0x00000000ead026c0) 
thrown [s\src\hotspot\share\prims\jni.cpp, line 516]
Event: 56.151 Thread 0x0000020b1f143800 Implicit null exception at 0x0000020b1085a2fc to 0x0000020b1085f5d0
Event: 56.773 Thread 0x0000020b2116dfb0 Exception <a 'java/lang/NoSuchMethodError'{0x00000000eaba36a0}: 'java.lang.Object java.lang.invoke.DirectMethodHandle$Holder.invokeVirtual(java.lang.Object, java.lang.Object, java.lang.Object, java.lang.Object)'> (0x00000000eaba36a0) 
thrown [s\src\hotspot\share\interpreter\linkResolver.cpp, line 759]
Event: 57.121 Thread 0x0000020b1f144730 Exception <a 'java/lang/NoSuchMethodError'{0x00000000eacec5f0}: 'java.lang.Object java.lang.invoke.DirectMethodHandle$Holder.invokeStatic(java.lang.Object, long, java.lang.Object, java.lang.Object)'> (0x00000000eacec5f0) 
thrown [s\src\hotspot\share\interpreter\linkResolver.cpp, line 759]
Event: 57.123 Thread 0x0000020b1f144730 Exception <a 'java/lang/NoSuchMethodError'{0x00000000eacf3670}: 'java.lang.Object java.lang.invoke.DirectMethodHandle$Holder.newInvokeSpecial(java.lang.Object, long)'> (0x00000000eacf3670) 
thrown [s\src\hotspot\share\interpreter\linkResolver.cpp, line 759]
Event: 57.241 Thread 0x0000020b1f144730 Exception <a 'sun/nio/fs/WindowsException'{0x00000000eab5b2c8}> (0x00000000eab5b2c8) 
thrown [s\src\hotspot\share\prims\jni.cpp, line 516]
Event: 57.241 Thread 0x0000020b1f144730 Exception <a 'sun/nio/fs/WindowsException'{0x00000000eabbf410}> (0x00000000eabbf410) 
thrown [s\src\hotspot\share\prims\jni.cpp, line 516]
Event: 57.242 Thread 0x0000020b1f144730 Exception <a 'sun/nio/fs/WindowsException'{0x00000000eabc0780}> (0x00000000eabc0780) 
thrown [s\src\hotspot\share\prims\jni.cpp, line 516]
Event: 57.243 Thread 0x0000020b1f144730 Exception <a 'sun/nio/fs/WindowsException'{0x00000000eabc91a0}> (0x00000000eabc91a0) 
thrown [s\src\hotspot\share\prims\jni.cpp, line 516]
Event: 63.995 Thread 0x0000020b2116c660 Exception <a 'java/lang/ArrayIndexOutOfBoundsException'{0x00000000eab5bc68}> (0x00000000eab5bc68) 
thrown [s\src\hotspot\share\runtime\sharedRuntime.cpp, line 631]

VM Operations (20 events):
Event: 78.939 Executing VM operation: ParallelGCFailedAllocation
Event: 78.960 Executing VM operation: ParallelGCFailedAllocation done
Event: 79.043 Executing VM operation: ParallelGCFailedAllocation
Event: 79.058 Executing VM operation: ParallelGCFailedAllocation done
Event: 79.148 Executing VM operation: ParallelGCFailedAllocation
Event: 79.161 Executing VM operation: ParallelGCFailedAllocation done
Event: 79.273 Executing VM operation: ParallelGCFailedAllocation
Event: 79.286 Executing VM operation: ParallelGCFailedAllocation done
Event: 79.433 Executing VM operation: ParallelGCFailedAllocation
Event: 79.452 Executing VM operation: ParallelGCFailedAllocation done
Event: 79.683 Executing VM operation: ParallelGCFailedAllocation
Event: 80.262 Executing VM operation: ParallelGCFailedAllocation done
Event: 80.505 Executing VM operation: ParallelGCFailedAllocation
Event: 80.576 Executing VM operation: ParallelGCFailedAllocation done
Event: 80.916 Executing VM operation: ParallelGCFailedAllocation
Event: 80.931 Executing VM operation: ParallelGCFailedAllocation done
Event: 81.302 Executing VM operation: ParallelGCFailedAllocation
Event: 81.379 Executing VM operation: ParallelGCFailedAllocation done
Event: 81.716 Executing VM operation: ParallelGCFailedAllocation
Event: 81.739 Executing VM operation: ParallelGCFailedAllocation done

Events (20 events):
Event: 56.787 Thread 0x0000020b199ee7a0 flushing nmethod 0x0000020b0999a510
Event: 56.787 Thread 0x0000020b199ee7a0 flushing nmethod 0x0000020b0999c410
Event: 56.787 Thread 0x0000020b199ee7a0 flushing nmethod 0x0000020b0999ca90
Event: 56.787 Thread 0x0000020b199ee7a0 flushing nmethod 0x0000020b0999f090
Event: 56.787 Thread 0x0000020b199ee7a0 flushing nmethod 0x0000020b099b2510
Event: 56.788 Thread 0x0000020b199ee7a0 flushing nmethod 0x0000020b099eeb10
Event: 56.788 Thread 0x0000020b199ee7a0 flushing nmethod 0x0000020b099f9290
Event: 56.788 Thread 0x0000020b199ee7a0 flushing nmethod 0x0000020b09a3a510
Event: 56.789 Thread 0x0000020b199ee7a0 flushing nmethod 0x0000020b09aa9a10
Event: 56.789 Thread 0x0000020b199ee7a0 flushing nmethod 0x0000020b09ac3710
Event: 56.789 Thread 0x0000020b199ee7a0 flushing nmethod 0x0000020b09add110
Event: 56.789 Thread 0x0000020b199ee7a0 flushing nmethod 0x0000020b09af0b90
Event: 56.789 Thread 0x0000020b199ee7a0 flushing nmethod 0x0000020b09af2410
Event: 57.110 Thread 0x0000020b1f144730 Thread added: 0x0000020b1f144730
Event: 57.382 Thread 0x0000020b21168490 Thread added: 0x0000020b21168490
Event: 59.400 Thread 0x0000020b2116d590 Thread added: 0x0000020b2116d590
Event: 59.402 Thread 0x0000020b21168490 Thread exited: 0x0000020b21168490
Event: 65.179 Thread 0x0000020b235b0910 Thread added: 0x0000020b235b0910
Event: 65.190 Thread 0x0000020b2116d590 Thread exited: 0x0000020b2116d590
Event: 66.122 Thread 0x0000020b2103e030 Thread exited: 0x0000020b2103e030


Dynamic libraries:
0x00007ff7cf6f0000 - 0x00007ff7cf6fe000 	c:\Users\vivin\.vscode\extensions\redhat.java-1.34.0-win32-x64\jre\17.0.12-win32-x86_64\bin\java.exe
0x00007ffc026d0000 - 0x00007ffc028e7000 	C:\WINDOWS\SYSTEM32\ntdll.dll
0x00007ffc00410000 - 0x00007ffc004d4000 	C:\WINDOWS\System32\KERNEL32.DLL
0x00007ffbffbd0000 - 0x00007ffbfff7d000 	C:\WINDOWS\System32\KERNELBASE.dll
0x00007ffc002b0000 - 0x00007ffc003c1000 	C:\WINDOWS\System32\ucrtbase.dll
0x00007ffbfc700000 - 0x00007ffbfc717000 	c:\Users\vivin\.vscode\extensions\redhat.java-1.34.0-win32-x64\jre\17.0.12-win32-x86_64\bin\jli.dll
0x00007ffc00bc0000 - 0x00007ffc00d6e000 	C:\WINDOWS\System32\USER32.dll
0x00007ffc003d0000 - 0x00007ffc003f6000 	C:\WINDOWS\System32\win32u.dll
0x00007ffc00d70000 - 0x00007ffc00d99000 	C:\WINDOWS\System32\GDI32.dll
0x00007ffc00000000 - 0x00007ffc00119000 	C:\WINDOWS\System32\gdi32full.dll
0x00007ffc001e0000 - 0x00007ffc0027a000 	C:\WINDOWS\System32\msvcp_win.dll
0x00007ffbfcd70000 - 0x00007ffbfcd8b000 	c:\Users\vivin\.vscode\extensions\redhat.java-1.34.0-win32-x64\jre\17.0.12-win32-x86_64\bin\VCRUNTIME140.dll
0x00007ffbe59c0000 - 0x00007ffbe5c53000 	C:\WINDOWS\WinSxS\amd64_microsoft.windows.common-controls_6595b64144ccf1df_6.0.22621.3672_none_2713b9d173822955\COMCTL32.dll
0x00007ffc025e0000 - 0x00007ffc02687000 	C:\WINDOWS\System32\msvcrt.dll
0x00007ffc023e0000 - 0x00007ffc02411000 	C:\WINDOWS\System32\IMM32.DLL
0x00007ffbfcdd0000 - 0x00007ffbfcddc000 	c:\Users\vivin\.vscode\extensions\redhat.java-1.34.0-win32-x64\jre\17.0.12-win32-x86_64\bin\vcruntime140_1.dll
0x00007ffbca1d0000 - 0x00007ffbca25d000 	c:\Users\vivin\.vscode\extensions\redhat.java-1.34.0-win32-x64\jre\17.0.12-win32-x86_64\bin\msvcp140.dll
0x00007ffb68b40000 - 0x00007ffb697aa000 	c:\Users\vivin\.vscode\extensions\redhat.java-1.34.0-win32-x64\jre\17.0.12-win32-x86_64\bin\server\jvm.dll
0x00007ffc00890000 - 0x00007ffc00942000 	C:\WINDOWS\System32\ADVAPI32.dll
0x00007ffc02530000 - 0x00007ffc025d9000 	C:\WINDOWS\System32\sechost.dll
0x00007ffc00280000 - 0x00007ffc002a8000 	C:\WINDOWS\System32\bcrypt.dll
0x00007ffc004e0000 - 0x00007ffc005f4000 	C:\WINDOWS\System32\RPCRT4.dll
0x00007ffc009d0000 - 0x00007ffc00a41000 	C:\WINDOWS\System32\WS2_32.dll
0x00007ffbff8c0000 - 0x00007ffbff90d000 	C:\WINDOWS\SYSTEM32\POWRPROF.dll
0x00007ffbf6370000 - 0x00007ffbf637a000 	C:\WINDOWS\SYSTEM32\VERSION.dll
0x00007ffbf7f00000 - 0x00007ffbf7f34000 	C:\WINDOWS\SYSTEM32\WINMM.dll
0x00007ffbff6f0000 - 0x00007ffbff703000 	C:\WINDOWS\SYSTEM32\UMPDC.dll
0x00007ffbfea40000 - 0x00007ffbfea58000 	C:\WINDOWS\SYSTEM32\kernel.appcore.dll
0x00007ffbfcd60000 - 0x00007ffbfcd6a000 	c:\Users\vivin\.vscode\extensions\redhat.java-1.34.0-win32-x64\jre\17.0.12-win32-x86_64\bin\jimage.dll
0x00007ffbf6ef0000 - 0x00007ffbf7122000 	C:\WINDOWS\SYSTEM32\DBGHELP.DLL
0x00007ffc01740000 - 0x00007ffc01ace000 	C:\WINDOWS\System32\combase.dll
0x00007ffc00600000 - 0x00007ffc006d7000 	C:\WINDOWS\System32\OLEAUT32.dll
0x00007ffbf24f0000 - 0x00007ffbf2522000 	C:\WINDOWS\SYSTEM32\dbgcore.DLL
0x00007ffbfff80000 - 0x00007ffbffffb000 	C:\WINDOWS\System32\bcryptPrimitives.dll
0x00007ffbfc6c0000 - 0x00007ffbfc6ce000 	c:\Users\vivin\.vscode\extensions\redhat.java-1.34.0-win32-x64\jre\17.0.12-win32-x86_64\bin\instrument.dll
0x00007ffbf9f40000 - 0x00007ffbf9f65000 	c:\Users\vivin\.vscode\extensions\redhat.java-1.34.0-win32-x64\jre\17.0.12-win32-x86_64\bin\java.dll
0x00007ffbfc590000 - 0x00007ffbfc5a8000 	c:\Users\vivin\.vscode\extensions\redhat.java-1.34.0-win32-x64\jre\17.0.12-win32-x86_64\bin\zip.dll
0x00007ffc00da0000 - 0x00007ffc01607000 	C:\WINDOWS\System32\SHELL32.dll
0x00007ffbfd970000 - 0x00007ffbfe26f000 	C:\WINDOWS\SYSTEM32\windows.storage.dll
0x00007ffbfd830000 - 0x00007ffbfd96f000 	C:\WINDOWS\SYSTEM32\wintypes.dll
0x00007ffc00790000 - 0x00007ffc00889000 	C:\WINDOWS\System32\SHCORE.dll
0x00007ffc02480000 - 0x00007ffc024de000 	C:\WINDOWS\System32\shlwapi.dll
0x00007ffbff920000 - 0x00007ffbff947000 	C:\WINDOWS\SYSTEM32\profapi.dll
0x00007ffbf96e0000 - 0x00007ffbf96f9000 	C:\Users\vivin\.vscode\extensions\redhat.java-1.34.0-win32-x64\jre\17.0.12-win32-x86_64\bin\net.dll
0x00007ffbf7dc0000 - 0x00007ffbf7ef6000 	C:\WINDOWS\SYSTEM32\WINHTTP.dll
0x00007ffbfeeb0000 - 0x00007ffbfef19000 	C:\WINDOWS\system32\mswsock.dll
0x00007ffbfc0c0000 - 0x00007ffbfc0d6000 	C:\Users\vivin\.vscode\extensions\redhat.java-1.34.0-win32-x64\jre\17.0.12-win32-x86_64\bin\nio.dll
0x00007ffbfc690000 - 0x00007ffbfc6a0000 	c:\Users\vivin\.vscode\extensions\redhat.java-1.34.0-win32-x64\jre\17.0.12-win32-x86_64\bin\verify.dll
0x00007ffbf0fb0000 - 0x00007ffbf0ff5000 	C:\Users\vivin\AppData\Roaming\Code\User\globalStorage\redhat.java\1.34.0\config_win\org.eclipse.equinox.launcher\org.eclipse.equinox.launcher.win32.win32.x86_64_1.2.1100.v20240722-2106\eclipse_11904.dll
0x00007ffc02230000 - 0x00007ffc023d5000 	C:\WINDOWS\System32\ole32.dll
0x00007ffbff100000 - 0x00007ffbff11b000 	C:\WINDOWS\SYSTEM32\CRYPTSP.dll
0x00007ffbfe9a0000 - 0x00007ffbfe9d5000 	C:\WINDOWS\system32\rsaenh.dll
0x00007ffbfefa0000 - 0x00007ffbfefc8000 	C:\WINDOWS\SYSTEM32\USERENV.dll
0x00007ffbff120000 - 0x00007ffbff12c000 	C:\WINDOWS\SYSTEM32\CRYPTBASE.dll
0x00007ffbfe4c0000 - 0x00007ffbfe4ed000 	C:\WINDOWS\SYSTEM32\IPHLPAPI.DLL
0x00007ffc01670000 - 0x00007ffc01679000 	C:\WINDOWS\System32\NSI.dll
0x00007ffbf7b10000 - 0x00007ffbf7b29000 	C:\WINDOWS\SYSTEM32\dhcpcsvc6.DLL
0x00007ffbf7a30000 - 0x00007ffbf7a4f000 	C:\WINDOWS\SYSTEM32\dhcpcsvc.DLL
0x00007ffbfe4f0000 - 0x00007ffbfe5e8000 	C:\WINDOWS\SYSTEM32\DNSAPI.dll
0x00007ffbd09e0000 - 0x00007ffbd0a25000 	C:\Users\vivin\AppData\Local\Temp\jna-112220296\jna16858455987572544809.dll
0x00007ffc01710000 - 0x00007ffc01718000 	C:\WINDOWS\System32\PSAPI.DLL
0x00007ffbfeb50000 - 0x00007ffbfeb84000 	C:\WINDOWS\SYSTEM32\ntmarta.dll
0x00007ffbfc5f0000 - 0x00007ffbfc5fe000 	C:\Users\vivin\.vscode\extensions\redhat.java-1.34.0-win32-x64\jre\17.0.12-win32-x86_64\bin\sunmscapi.dll
0x00007ffbffa60000 - 0x00007ffbffbc6000 	C:\WINDOWS\System32\CRYPT32.dll
0x00007ffbff2c0000 - 0x00007ffbff2ee000 	C:\WINDOWS\SYSTEM32\ncrypt.dll
0x00007ffbff280000 - 0x00007ffbff2b7000 	C:\WINDOWS\SYSTEM32\NTASN1.dll
0x00007ffbf45d0000 - 0x00007ffbf45d9000 	C:\Users\vivin\.vscode\extensions\redhat.java-1.34.0-win32-x64\jre\17.0.12-win32-x86_64\bin\extnet.dll

dbghelp: loaded successfully - version: 4.0.5 - missing functions: none
symbol engine: initialized successfully - sym options: 0x614 - pdb path: .;c:\Users\vivin\.vscode\extensions\redhat.java-1.34.0-win32-x64\jre\17.0.12-win32-x86_64\bin;C:\WINDOWS\SYSTEM32;C:\WINDOWS\WinSxS\amd64_microsoft.windows.common-controls_6595b64144ccf1df_6.0.22621.3672_none_2713b9d173822955;c:\Users\vivin\.vscode\extensions\redhat.java-1.34.0-win32-x64\jre\17.0.12-win32-x86_64\bin\server;C:\Users\vivin\AppData\Roaming\Code\User\globalStorage\redhat.java\1.34.0\config_win\org.eclipse.equinox.launcher\org.eclipse.equinox.launcher.win32.win32.x86_64_1.2.1100.v20240722-2106;C:\Users\vivin\AppData\Local\Temp\jna-112220296

VM Arguments:
jvm_args: --add-modules=ALL-SYSTEM --add-opens=java.base/java.util=ALL-UNNAMED --add-opens=java.base/java.lang=ALL-UNNAMED --add-opens=java.base/sun.nio.fs=ALL-UNNAMED -Declipse.application=org.eclipse.jdt.ls.core.id1 -Dosgi.bundles.defaultStartLevel=4 -Declipse.product=org.eclipse.jdt.ls.core.product -Djava.import.generatesMetadataFilesAtProjectRoot=false -DDetectVMInstallationsJob.disabled=true -Dfile.encoding=utf8 -XX:+UseParallelGC -XX:GCTimeRatio=4 -XX:AdaptiveSizePolicyWeight=90 -Dsun.zip.disableMemoryMapping=true -Xmx1G -Xms100m -Xlog:disable -javaagent:c:\Users\vivin\.vscode\extensions\redhat.java-1.34.0-win32-x64\lombok\lombok-1.18.33.jar -XX:+HeapDumpOnOutOfMemoryError -XX:HeapDumpPath=c:\Users\vivin\AppData\Roaming\Code\User\workspaceStorage\03aef4cec3476b10e38d3aef6a71f36d\redhat.java -Daether.dependencyCollector.impl=bf 
java_command: c:\Users\vivin\.vscode\extensions\redhat.java-1.34.0-win32-x64\server\plugins\org.eclipse.equinox.launcher_1.6.900.v20240613-2009.jar -configuration c:\Users\vivin\AppData\Roaming\Code\User\globalStorage\redhat.java\1.34.0\config_win -data c:\Users\vivin\AppData\Roaming\Code\User\workspaceStorage\03aef4cec3476b10e38d3aef6a71f36d\redhat.java\jdt_ws --pipe=\\.\pipe\lsp-a4c21f19228b2ad52619cae10e98434a-sock
java_class_path (initial): c:\Users\vivin\.vscode\extensions\redhat.java-1.34.0-win32-x64\server\plugins\org.eclipse.equinox.launcher_1.6.900.v20240613-2009.jar
Launcher Type: SUN_STANDARD

[Global flags]
    uintx AdaptiveSizePolicyWeight                 = 90                                        {product} {command line}
     intx CICompilerCount                          = 3                                         {product} {ergonomic}
    uintx GCTimeRatio                              = 4                                         {product} {command line}
     bool HeapDumpOnOutOfMemoryError               = true                                   {manageable} {command line}
    ccstr HeapDumpPath                             = c:\Users\vivin\AppData\Roaming\Code\User\workspaceStorage\03aef4cec3476b10e38d3aef6a71f36d\redhat.java         {manageable} {command line}
   size_t InitialHeapSize                          = 104857600                                 {product} {command line}
   size_t MaxHeapSize                              = 1073741824                                {product} {command line}
   size_t MaxNewSize                               = 357564416                                 {product} {ergonomic}
   size_t MinHeapDeltaBytes                        = 524288                                    {product} {ergonomic}
   size_t MinHeapSize                              = 104857600                                 {product} {command line}
   size_t NewSize                                  = 34603008                                  {product} {ergonomic}
    uintx NonNMethodCodeHeapSize                   = 5832780                                {pd product} {ergonomic}
    uintx NonProfiledCodeHeapSize                  = 122912730                              {pd product} {ergonomic}
   size_t OldSize                                  = 70254592                                  {product} {ergonomic}
    uintx ProfiledCodeHeapSize                     = 122912730                              {pd product} {ergonomic}
    uintx ReservedCodeCacheSize                    = 251658240                              {pd product} {ergonomic}
     bool SegmentedCodeCache                       = true                                      {product} {ergonomic}
   size_t SoftMaxHeapSize                          = 1073741824                             {manageable} {ergonomic}
     bool UseCompressedClassPointers               = true                           {product lp64_product} {ergonomic}
     bool UseCompressedOops                        = true                           {product lp64_product} {ergonomic}
     bool UseLargePagesIndividualAllocation        = false                                  {pd product} {ergonomic}
     bool UseParallelGC                            = true                                      {product} {command line}

Logging:
Log output configuration:
 #0: stdout all=off uptime,level,tags
 #1: stderr all=off uptime,level,tags

Environment Variables:
PATH=C:\Program Files\Common Files\Oracle\Java\javapath;C:\WINDOWS\system32;C:\WINDOWS;C:\WINDOWS\System32\Wbem;C:\WINDOWS\System32\WindowsPowerShell\v1.0\;C:\WINDOWS\System32\OpenSSH\;%JAVA_HOME%\bin;C:\Program Files\nodejs\;C:\Program Files\Git\cmd;C:\Program Files\MySQL\MySQL Shell 8.0\bin\;C:\Users\vivin\AppData\Local\Microsoft\WindowsApps;C:\Users\vivin\AppData\Local\Programs\Microsoft VS Code\bin;C:\Users\vivin\AppData\Roaming\npm
USERNAME=vivin
OS=Windows_NT
PROCESSOR_IDENTIFIER=AMD64 Family 23 Model 24 Stepping 1, AuthenticAMD
TMP=C:\Users\vivin\AppData\Local\Temp
TEMP=C:\Users\vivin\AppData\Local\Temp



Periodic native trim disabled


---------------  S Y S T E M  ---------------

OS:
 Windows 11 , 64 bit Build 22621 (10.0.22621.3958)
OS uptime: 1 days 13:33 hours

CPU: total 4 (initial active 4) (4 cores per cpu, 2 threads per core) family 23 model 24 stepping 1 microcode 0x0, cx8, cmov, fxsr, ht, mmx, 3dnowpref, sse, sse2, sse3, ssse3, sse4a, sse4.1, sse4.2, popcnt, lzcnt, tsc, tscinvbit, avx, avx2, aes, clmul, bmi1, bmi2, adx, sha, fma, vzeroupper, clflush, clflushopt
Processor Information for all 4 processors :
  Max Mhz: 2600, Current Mhz: 2600, Mhz Limit: 2600

Memory: 4k page, system-wide physical 6086M (227M free)
TotalPageFile size 24518M (AvailPageFile size 2M)
current process WorkingSet (physical memory assigned to process): 514M, peak: 533M
current process commit charge ("private bytes"): 571M, peak: 575M

vm_info: OpenJDK 64-Bit Server VM (17.0.12+7) for windows-amd64 JRE (17.0.12+7), built on Jul 16 2024 22:08:24 by "admin" with MS VC++ 16.10 / 16.11 (VS2019)

END.
