#
# There is insufficient memory for the Java Runtime Environment to continue.
# Native memory allocation (malloc) failed to allocate 32744 bytes. Error detail: ChunkPool::allocate
# Possible reasons:
#   The system is out of physical RAM or swap space
#   This process is running with CompressedOops enabled, and the Java Heap may be blocking the growth of the native heap
# Possible solutions:
#   Reduce memory load on the system
#   Increase physical memory or swap space
#   Check if swap backing store is full
#   Decrease Java heap size (-Xmx/-Xms)
#   Decrease number of Java threads
#   Decrease Java thread stack sizes (-Xss)
#   Set larger code cache with -XX:ReservedCodeCacheSize=
#   JVM is running with Unscaled Compressed Oops mode in which the Java heap is
#     placed in the first 4GB address space. The Java Heap base address is the
#     maximum limit for the native heap growth. Please use -XX:HeapBaseMinAddress
#     to set the Java Heap base and to place the Java Heap above 4GB virtual address.
# This output file may be truncated or incomplete.
#
#  Out of Memory Error (arena.cpp:79), pid=26388, tid=32828
#
# JRE version: OpenJDK Runtime Environment Temurin-17.0.12+7 (17.0.12+7) (build 17.0.12+7)
# Java VM: OpenJDK 64-Bit Server VM Temurin-17.0.12+7 (17.0.12+7, mixed mode, tiered, compressed oops, compressed class ptrs, parallel gc, windows-amd64)
# No core dump will be written. Minidumps are not enabled by default on client versions of Windows
#

---------------  S U M M A R Y ------------

Command Line: --add-modules=ALL-SYSTEM --add-opens=java.base/java.util=ALL-UNNAMED --add-opens=java.base/java.lang=ALL-UNNAMED --add-opens=java.base/sun.nio.fs=ALL-UNNAMED -Declipse.application=org.eclipse.jdt.ls.core.id1 -Dosgi.bundles.defaultStartLevel=4 -Declipse.product=org.eclipse.jdt.ls.core.product -Djava.import.generatesMetadataFilesAtProjectRoot=false -DDetectVMInstallationsJob.disabled=true -Dfile.encoding=utf8 -XX:+UseParallelGC -XX:GCTimeRatio=4 -XX:AdaptiveSizePolicyWeight=90 -Dsun.zip.disableMemoryMapping=true -Xmx1G -Xms100m -Xlog:disable -javaagent:c:\Users\vivin\.vscode\extensions\redhat.java-1.34.0-win32-x64\lombok\lombok-1.18.33.jar c:\Users\vivin\.vscode\extensions\redhat.java-1.34.0-win32-x64\server\plugins\org.eclipse.equinox.launcher_1.6.900.v20240613-2009.jar -configuration c:\Users\vivin\AppData\Roaming\Code\User\globalStorage\redhat.java\1.34.0\config_ss_win -data c:\Users\vivin\AppData\Roaming\Code\User\workspaceStorage\03aef4cec3476b10e38d3aef6a71f36d\redhat.java\ss_ws --pipe=\\.\pipe\lsp-d8f5deca59324d4854cc6253fb574091-sock

Host: AMD Ryzen 3 3250U with Radeon Graphics         , 4 cores, 5G,  Windows 11 , 64 bit Build 22621 (10.0.22621.3958)
Time: Tue Sep 17 22:06:10 2024 India Standard Time elapsed time: 27.112552 seconds (0d 0h 0m 27s)

---------------  T H R E A D  ---------------

Current thread (0x000001fe15aeac50):  JavaThread "C2 CompilerThread0" daemon [_thread_in_native, id=32828, stack(0x000000adf3a00000,0x000000adf3b00000)]


Current CompileTask:
C2:  27112 2425       4       org.lombokweb.asm.ClassReader::readMethod (1066 bytes)

Stack: [0x000000adf3a00000,0x000000adf3b00000]
Native frames: (J=compiled Java code, j=interpreted, Vv=VM code, C=native code)
V  [jvm.dll+0x67f929]
V  [jvm.dll+0x8371ba]
V  [jvm.dll+0x838c7e]
V  [jvm.dll+0x8392e3]
V  [jvm.dll+0x24834f]
V  [jvm.dll+0xacbd1]
V  [jvm.dll+0xad01c]
V  [jvm.dll+0xacadb]
V  [jvm.dll+0x65e1b9]
V  [jvm.dll+0x342109]
V  [jvm.dll+0x3484ec]
V  [jvm.dll+0x34de4a]
V  [jvm.dll+0x69320a]
V  [jvm.dll+0x6932ce]
V  [jvm.dll+0x695b87]
V  [jvm.dll+0x68fd8b]
V  [jvm.dll+0x68f3c7]
V  [jvm.dll+0x68d2b2]
V  [jvm.dll+0x1a8b1c]
V  [jvm.dll+0x2aeb84]
V  [jvm.dll+0x697dd5]
V  [jvm.dll+0x68fd8b]
V  [jvm.dll+0x68f3c7]
V  [jvm.dll+0x68d2b2]
V  [jvm.dll+0x1a8b1c]
V  [jvm.dll+0x1a96b6]
V  [jvm.dll+0x2aeb84]
V  [jvm.dll+0x697dd5]
V  [jvm.dll+0x68fd8b]
V  [jvm.dll+0x68f3c7]
V  [jvm.dll+0x68d2b2]
V  [jvm.dll+0x1a8b1c]
V  [jvm.dll+0x2aeb84]
V  [jvm.dll+0x697dd5]
V  [jvm.dll+0x68fd8b]
V  [jvm.dll+0x68f3c7]
V  [jvm.dll+0x68d2b2]
V  [jvm.dll+0x1a8b1c]
V  [jvm.dll+0x2aeb84]
V  [jvm.dll+0x697dd5]
V  [jvm.dll+0x68fd8b]
V  [jvm.dll+0x68f3c7]
V  [jvm.dll+0x68d2b2]
V  [jvm.dll+0x1a8b1c]
V  [jvm.dll+0x1a96b6]
V  [jvm.dll+0x1a96b6]
V  [jvm.dll+0x2aeb84]
V  [jvm.dll+0x697dd5]
V  [jvm.dll+0x68fd8b]
V  [jvm.dll+0x68f3c7]
V  [jvm.dll+0x68d2b2]
V  [jvm.dll+0x1a8b1c]
V  [jvm.dll+0x2198a8]
V  [jvm.dll+0x1a58bd]
V  [jvm.dll+0x229a2d]
V  [jvm.dll+0x227bdc]
V  [jvm.dll+0x7ec1f7]
V  [jvm.dll+0x7e65dc]
V  [jvm.dll+0x67e7f7]
C  [ucrtbase.dll+0x29333]
C  [KERNEL32.DLL+0x1257d]
C  [ntdll.dll+0x5af28]


---------------  P R O C E S S  ---------------

Threads class SMR info:
_java_thread_list=0x000001fe1bb817c0, length=21, elements={
0x000001fe01c79f20, 0x000001fe15ab9030, 0x000001fe15aba520, 0x000001fe15ae6320,
0x000001fe15ae6bf0, 0x000001fe15ae76c0, 0x000001fe15ae9fa0, 0x000001fe15aeac50,
0x000001fe15b0e8c0, 0x000001fe1ad20560, 0x000001fe1ad97020, 0x000001fe1af84a40,
0x000001fe1b295410, 0x000001fe1b740010, 0x000001fe1b449680, 0x000001fe1b1e83b0,
0x000001fe1b0b1840, 0x000001fe1b0aefc0, 0x000001fe1b0b1330, 0x000001fe1b0aeab0,
0x000001fe1b0af9e0
}

Java Threads: ( => current thread )
  0x000001fe01c79f20 JavaThread "main" [_thread_blocked, id=5528, stack(0x000000adf3100000,0x000000adf3200000)]
  0x000001fe15ab9030 JavaThread "Reference Handler" daemon [_thread_blocked, id=24888, stack(0x000000adf3400000,0x000000adf3500000)]
  0x000001fe15aba520 JavaThread "Finalizer" daemon [_thread_blocked, id=33476, stack(0x000000adf3500000,0x000000adf3600000)]
  0x000001fe15ae6320 JavaThread "Signal Dispatcher" daemon [_thread_blocked, id=30480, stack(0x000000adf3600000,0x000000adf3700000)]
  0x000001fe15ae6bf0 JavaThread "Attach Listener" daemon [_thread_blocked, id=32568, stack(0x000000adf3700000,0x000000adf3800000)]
  0x000001fe15ae76c0 JavaThread "Service Thread" daemon [_thread_blocked, id=32384, stack(0x000000adf3800000,0x000000adf3900000)]
  0x000001fe15ae9fa0 JavaThread "Monitor Deflation Thread" daemon [_thread_blocked, id=14476, stack(0x000000adf3900000,0x000000adf3a00000)]
=>0x000001fe15aeac50 JavaThread "C2 CompilerThread0" daemon [_thread_in_native, id=32828, stack(0x000000adf3a00000,0x000000adf3b00000)]
  0x000001fe15b0e8c0 JavaThread "C1 CompilerThread0" daemon [_thread_blocked, id=28020, stack(0x000000adf3b00000,0x000000adf3c00000)]
  0x000001fe1ad20560 JavaThread "Sweeper thread" daemon [_thread_blocked, id=23428, stack(0x000000adf3c00000,0x000000adf3d00000)]
  0x000001fe1ad97020 JavaThread "Common-Cleaner" daemon [_thread_blocked, id=24820, stack(0x000000adf3d00000,0x000000adf3e00000)]
  0x000001fe1af84a40 JavaThread "Notification Thread" daemon [_thread_blocked, id=16168, stack(0x000000adf3e00000,0x000000adf3f00000)]
  0x000001fe1b295410 JavaThread "Active Thread: Equinox Container: 220324a7-f3cb-4b83-923d-670eae69cd32" [_thread_blocked, id=28012, stack(0x000000adf4300000,0x000000adf4400000)]
  0x000001fe1b740010 JavaThread "Framework Event Dispatcher: Equinox Container: 220324a7-f3cb-4b83-923d-670eae69cd32" daemon [_thread_blocked, id=31388, stack(0x000000adf4400000,0x000000adf4500000)]
  0x000001fe1b449680 JavaThread "Start Level: Equinox Container: 220324a7-f3cb-4b83-923d-670eae69cd32" daemon [_thread_in_vm, id=18312, stack(0x000000adf4500000,0x000000adf4600000)]
  0x000001fe1b1e83b0 JavaThread "SCR Component Actor" daemon [_thread_blocked, id=31412, stack(0x000000adf4600000,0x000000adf4700000)]
  0x000001fe1b0b1840 JavaThread "Worker-JM" [_thread_blocked, id=17896, stack(0x000000adf4800000,0x000000adf4900000)]
  0x000001fe1b0aefc0 JavaThread "JNA Cleaner" daemon [_thread_blocked, id=4712, stack(0x000000adf4700000,0x000000adf4800000)]
  0x000001fe1b0b1330 JavaThread "Worker-0" [_thread_blocked, id=8104, stack(0x000000adf4900000,0x000000adf4a00000)]
  0x000001fe1b0aeab0 JavaThread "Worker-1" [_thread_blocked, id=13148, stack(0x000000adf4a00000,0x000000adf4b00000)]
  0x000001fe1b0af9e0 JavaThread "SCR Component Registry" daemon [_thread_blocked, id=29732, stack(0x000000adf4b00000,0x000000adf4c00000)]

Other Threads:
  0x000001fe15aa1030 VMThread "VM Thread" [stack: 0x000000adf3300000,0x000000adf3400000] [id=33468]
  0x000001fe1af6d990 WatcherThread [stack: 0x000000adf3f00000,0x000000adf4000000] [id=3720]
  0x000001fe01c8fa10 GCTaskThread "GC Thread#0" [stack: 0x000000adf3200000,0x000000adf3300000] [id=32760]
  0x000001fe1b43f2f0 GCTaskThread "GC Thread#1" [stack: 0x000000adf4000000,0x000000adf4100000] [id=31672]
  0x000001fe1b647520 GCTaskThread "GC Thread#2" [stack: 0x000000adf4100000,0x000000adf4200000] [id=31820]
  0x000001fe1b6477e0 GCTaskThread "GC Thread#3" [stack: 0x000000adf4200000,0x000000adf4300000] [id=19516]

Threads with active compile tasks:
C2 CompilerThread0    27259 2425       4       org.lombokweb.asm.ClassReader::readMethod (1066 bytes)

VM state: not at safepoint (normal execution)

VM Mutex/Monitor currently owned by a thread:  ([mutex/lock_event])
[0x000001fe01c751e0] Metaspace_lock - owner thread: 0x000001fe1b449680

Heap address: 0x00000000c0000000, size: 1024 MB, Compressed Oops mode: 32-bit

CDS archive(s) not mapped
Compressed class space mapped at: 0x0000000100000000-0x0000000140000000, reserved size: 1073741824
Narrow klass base: 0x0000000000000000, Narrow klass shift: 3, Narrow klass range: 0x140000000

GC Precious Log:
 CPUs: 4 total, 4 available
 Memory: 6086M
 Large Page Support: Disabled
 NUMA Support: Disabled
 Compressed Oops: Enabled (32-bit)
 Alignments: Space 512K, Generation 512K, Heap 2M
 Heap Min Capacity: 100M
 Heap Initial Capacity: 100M
 Heap Max Capacity: 1G
 Pre-touch: Disabled
 Parallel Workers: 4

Heap:
 PSYoungGen      total 27648K, used 10296K [0x00000000eab00000, 0x00000000eca80000, 0x0000000100000000)
  eden space 25088K, 32% used [0x00000000eab00000,0x00000000eb2df5a8,0x00000000ec380000)
  from space 2560K, 87% used [0x00000000ec400000,0x00000000ec62ea98,0x00000000ec680000)
  to   space 3584K, 0% used [0x00000000ec700000,0x00000000ec700000,0x00000000eca80000)
 ParOldGen       total 68608K, used 6812K [0x00000000c0000000, 0x00000000c4300000, 0x00000000eab00000)
  object space 68608K, 9% used [0x00000000c0000000,0x00000000c06a71b0,0x00000000c4300000)
 Metaspace       used 25558K, committed 26048K, reserved 1114112K
  class space    used 2533K, committed 2752K, reserved 1048576K

Card table byte_map: [0x000001fe01640000,0x000001fe01850000] _byte_map_base: 0x000001fe01040000

Marking Bits: (ParMarkBitMap*) 0x00007ffb586958b0
 Begin Bits: [0x000001fe13910000, 0x000001fe14910000)
 End Bits:   [0x000001fe14910000, 0x000001fe15910000)

Polling page: 0x000001fe01430000

Metaspace:

Usage:
  Non-class:     22.49 MB used.
      Class:      2.47 MB used.
       Both:     24.96 MB used.

Virtual space:
  Non-class space:       64.00 MB reserved,      22.75 MB ( 36%) committed,  1 nodes.
      Class space:        1.00 GB reserved,       2.69 MB ( <1%) committed,  1 nodes.
             Both:        1.06 GB reserved,      25.44 MB (  2%) committed. 

Chunk freelists:
   Non-Class:  9.05 MB
       Class:  13.22 MB
        Both:  22.27 MB

MaxMetaspaceSize: unlimited
CompressedClassSpaceSize: 1.00 GB
Initial GC threshold: 21.00 MB
Current GC threshold: 35.00 MB
CDS: off
MetaspaceReclaimPolicy: balanced
 - commit_granule_bytes: 65536.
 - commit_granule_words: 8192.
 - virtual_space_node_default_size: 8388608.
 - enlarge_chunks_in_place: 1.
 - new_chunks_are_fully_committed: 0.
 - uncommit_free_chunks: 1.
 - use_allocation_guard: 0.
 - handle_deallocations: 1.


Internal statistics:

num_allocs_failed_limit: 3.
num_arena_births: 300.
num_arena_deaths: 14.
num_vsnodes_births: 2.
num_vsnodes_deaths: 0.
num_space_committed: 407.
num_space_uncommitted: 0.
num_chunks_returned_to_freelist: 17.
num_chunks_taken_from_freelist: 951.
num_chunk_merges: 5.
num_chunk_splits: 620.
num_chunks_enlarged: 432.
num_inconsistent_stats: 0.

CodeHeap 'non-profiled nmethods': size=120000Kb used=957Kb max_used=957Kb free=119042Kb
 bounds [0x000001fe0c3e0000, 0x000001fe0c650000, 0x000001fe13910000]
CodeHeap 'profiled nmethods': size=120000Kb used=4876Kb max_used=4876Kb free=115123Kb
 bounds [0x000001fe04910000, 0x000001fe04de0000, 0x000001fe0be40000]
CodeHeap 'non-nmethods': size=5760Kb used=1200Kb max_used=1216Kb free=4559Kb
 bounds [0x000001fe0be40000, 0x000001fe0c0b0000, 0x000001fe0c3e0000]
 total_blobs=2925 nmethods=2424 adapters=415
 compilation: enabled
              stopped_count=0, restarted_count=0
 full_count=0

Compilation events (20 events):
Event: 26.015 Thread 0x000001fe15aeac50 nmethod 2416 0x000001fe0c4ce390 code [0x000001fe0c4ce500, 0x000001fe0c4ce5b8]
Event: 26.021 Thread 0x000001fe15aeac50 2417   !   4       java.util.WeakHashMap::expungeStaleEntries (139 bytes)
Event: 26.026 Thread 0x000001fe15aeac50 nmethod 2417 0x000001fe0c4ce690 code [0x000001fe0c4ce820, 0x000001fe0c4cebc8]
Event: 26.027 Thread 0x000001fe15aeac50 2418       4       java.util.WeakHashMap::hash (28 bytes)
Event: 26.028 Thread 0x000001fe15aeac50 nmethod 2418 0x000001fe0c4ced90 code [0x000001fe0c4cef20, 0x000001fe0c4cf038]
Event: 26.610 Thread 0x000001fe15b0e8c0 2419       3       java.util.ArrayDeque::toArray (99 bytes)
Event: 26.610 Thread 0x000001fe15b0e8c0 nmethod 2419 0x000001fe04dc4e10 code [0x000001fe04dc5000, 0x000001fe04dc55d8]
Event: 26.612 Thread 0x000001fe15b0e8c0 2420       3       org.lombokweb.asm.SymbolTable::addConstantIntegerOrFloat (21 bytes)
Event: 26.613 Thread 0x000001fe15b0e8c0 nmethod 2420 0x000001fe04dc5790 code [0x000001fe04dc5940, 0x000001fe04dc5b98]
Event: 26.623 Thread 0x000001fe15b0e8c0 2421       1       lombok.patcher.scripts.AddFieldScript::access$0 (5 bytes)
Event: 26.623 Thread 0x000001fe15b0e8c0 nmethod 2421 0x000001fe0c4cf110 code [0x000001fe0c4cf2a0, 0x000001fe0c4cf358]
Event: 26.926 Thread 0x000001fe15b0e8c0 2422       3       org.osgi.util.tracker.ServiceTracker::getService (33 bytes)
Event: 26.927 Thread 0x000001fe15b0e8c0 nmethod 2422 0x000001fe04dc5d10 code [0x000001fe04dc5f00, 0x000001fe04dc6578]
Event: 26.976 Thread 0x000001fe15b0e8c0 2423       3       java.util.regex.Matcher::search (154 bytes)
Event: 26.976 Thread 0x000001fe15aeac50 2424       4       java.util.regex.Pattern$BitClass::is (22 bytes)
Event: 26.977 Thread 0x000001fe15b0e8c0 nmethod 2423 0x000001fe04dc6790 code [0x000001fe04dc6980, 0x000001fe04dc6f48]
Event: 26.977 Thread 0x000001fe15b0e8c0 2426       3       org.lombokweb.asm.SymbolTable::hash (14 bytes)
Event: 26.977 Thread 0x000001fe15b0e8c0 nmethod 2426 0x000001fe04dc7190 code [0x000001fe04dc7320, 0x000001fe04dc7418]
Event: 26.977 Thread 0x000001fe15aeac50 nmethod 2424 0x000001fe0c4cf410 code [0x000001fe0c4cf580, 0x000001fe0c4cf658]
Event: 26.977 Thread 0x000001fe15aeac50 2425       4       org.lombokweb.asm.ClassReader::readMethod (1066 bytes)

GC Heap History (12 events):
Event: 6.016 GC heap before
{Heap before GC invocations=1 (full 0):
 PSYoungGen      total 29696K, used 25600K [0x00000000eab00000, 0x00000000ecc00000, 0x0000000100000000)
  eden space 25600K, 100% used [0x00000000eab00000,0x00000000ec400000,0x00000000ec400000)
  from space 4096K, 0% used [0x00000000ec800000,0x00000000ec800000,0x00000000ecc00000)
  to   space 4096K, 0% used [0x00000000ec400000,0x00000000ec400000,0x00000000ec800000)
 ParOldGen       total 68608K, used 0K [0x00000000c0000000, 0x00000000c4300000, 0x00000000eab00000)
  object space 68608K, 0% used [0x00000000c0000000,0x00000000c0000000,0x00000000c4300000)
 Metaspace       used 11011K, committed 11200K, reserved 1114112K
  class space    used 1097K, committed 1216K, reserved 1048576K
}
Event: 6.068 GC heap after
{Heap after GC invocations=1 (full 0):
 PSYoungGen      total 29696K, used 3124K [0x00000000eab00000, 0x00000000ecc00000, 0x0000000100000000)
  eden space 25600K, 0% used [0x00000000eab00000,0x00000000eab00000,0x00000000ec400000)
  from space 4096K, 76% used [0x00000000ec400000,0x00000000ec70d2f0,0x00000000ec800000)
  to   space 4096K, 0% used [0x00000000ec800000,0x00000000ec800000,0x00000000ecc00000)
 ParOldGen       total 68608K, used 0K [0x00000000c0000000, 0x00000000c4300000, 0x00000000eab00000)
  object space 68608K, 0% used [0x00000000c0000000,0x00000000c0000000,0x00000000c4300000)
 Metaspace       used 11011K, committed 11200K, reserved 1114112K
  class space    used 1097K, committed 1216K, reserved 1048576K
}
Event: 13.107 GC heap before
{Heap before GC invocations=2 (full 0):
 PSYoungGen      total 29696K, used 28724K [0x00000000eab00000, 0x00000000ecc00000, 0x0000000100000000)
  eden space 25600K, 100% used [0x00000000eab00000,0x00000000ec400000,0x00000000ec400000)
  from space 4096K, 76% used [0x00000000ec400000,0x00000000ec70d2f0,0x00000000ec800000)
  to   space 4096K, 0% used [0x00000000ec800000,0x00000000ec800000,0x00000000ecc00000)
 ParOldGen       total 68608K, used 0K [0x00000000c0000000, 0x00000000c4300000, 0x00000000eab00000)
  object space 68608K, 0% used [0x00000000c0000000,0x00000000c0000000,0x00000000c4300000)
 Metaspace       used 14847K, committed 15168K, reserved 1114112K
  class space    used 1505K, committed 1664K, reserved 1048576K
}
Event: 13.116 GC heap after
{Heap after GC invocations=2 (full 0):
 PSYoungGen      total 29696K, used 4068K [0x00000000eab00000, 0x00000000ecc00000, 0x0000000100000000)
  eden space 25600K, 0% used [0x00000000eab00000,0x00000000eab00000,0x00000000ec400000)
  from space 4096K, 99% used [0x00000000ec800000,0x00000000ecbf92e0,0x00000000ecc00000)
  to   space 4096K, 0% used [0x00000000ec400000,0x00000000ec400000,0x00000000ec800000)
 ParOldGen       total 68608K, used 800K [0x00000000c0000000, 0x00000000c4300000, 0x00000000eab00000)
  object space 68608K, 1% used [0x00000000c0000000,0x00000000c00c8020,0x00000000c4300000)
 Metaspace       used 14847K, committed 15168K, reserved 1114112K
  class space    used 1505K, committed 1664K, reserved 1048576K
}
Event: 18.934 GC heap before
{Heap before GC invocations=3 (full 0):
 PSYoungGen      total 29696K, used 29668K [0x00000000eab00000, 0x00000000ecc00000, 0x0000000100000000)
  eden space 25600K, 100% used [0x00000000eab00000,0x00000000ec400000,0x00000000ec400000)
  from space 4096K, 99% used [0x00000000ec800000,0x00000000ecbf92e0,0x00000000ecc00000)
  to   space 4096K, 0% used [0x00000000ec400000,0x00000000ec400000,0x00000000ec800000)
 ParOldGen       total 68608K, used 800K [0x00000000c0000000, 0x00000000c4300000, 0x00000000eab00000)
  object space 68608K, 1% used [0x00000000c0000000,0x00000000c00c8020,0x00000000c4300000)
 Metaspace       used 19861K, committed 20224K, reserved 1114112K
  class space    used 2029K, committed 2176K, reserved 1048576K
}
Event: 18.948 GC heap after
{Heap after GC invocations=3 (full 0):
 PSYoungGen      total 29696K, used 4080K [0x00000000eab00000, 0x00000000ecc00000, 0x0000000100000000)
  eden space 25600K, 0% used [0x00000000eab00000,0x00000000eab00000,0x00000000ec400000)
  from space 4096K, 99% used [0x00000000ec400000,0x00000000ec7fc3b0,0x00000000ec800000)
  to   space 4096K, 0% used [0x00000000ec800000,0x00000000ec800000,0x00000000ecc00000)
 ParOldGen       total 68608K, used 2485K [0x00000000c0000000, 0x00000000c4300000, 0x00000000eab00000)
  object space 68608K, 3% used [0x00000000c0000000,0x00000000c026d5c0,0x00000000c4300000)
 Metaspace       used 19861K, committed 20224K, reserved 1114112K
  class space    used 2029K, committed 2176K, reserved 1048576K
}
Event: 21.407 GC heap before
{Heap before GC invocations=4 (full 0):
 PSYoungGen      total 29696K, used 10621K [0x00000000eab00000, 0x00000000ecc00000, 0x0000000100000000)
  eden space 25600K, 25% used [0x00000000eab00000,0x00000000eb1631e0,0x00000000ec400000)
  from space 4096K, 99% used [0x00000000ec400000,0x00000000ec7fc3b0,0x00000000ec800000)
  to   space 4096K, 0% used [0x00000000ec800000,0x00000000ec800000,0x00000000ecc00000)
 ParOldGen       total 68608K, used 2485K [0x00000000c0000000, 0x00000000c4300000, 0x00000000eab00000)
  object space 68608K, 3% used [0x00000000c0000000,0x00000000c026d5c0,0x00000000c4300000)
 Metaspace       used 21095K, committed 21504K, reserved 1114112K
  class space    used 2151K, committed 2304K, reserved 1048576K
}
Event: 21.422 GC heap after
{Heap after GC invocations=4 (full 0):
 PSYoungGen      total 29696K, used 4084K [0x00000000eab00000, 0x00000000ecc00000, 0x0000000100000000)
  eden space 25600K, 0% used [0x00000000eab00000,0x00000000eab00000,0x00000000ec400000)
  from space 4096K, 99% used [0x00000000ec800000,0x00000000ecbfd278,0x00000000ecc00000)
  to   space 4096K, 0% used [0x00000000ec400000,0x00000000ec400000,0x00000000ec800000)
 ParOldGen       total 68608K, used 2851K [0x00000000c0000000, 0x00000000c4300000, 0x00000000eab00000)
  object space 68608K, 4% used [0x00000000c0000000,0x00000000c02c8de0,0x00000000c4300000)
 Metaspace       used 21095K, committed 21504K, reserved 1114112K
  class space    used 2151K, committed 2304K, reserved 1048576K
}
Event: 21.422 GC heap before
{Heap before GC invocations=5 (full 1):
 PSYoungGen      total 29696K, used 4084K [0x00000000eab00000, 0x00000000ecc00000, 0x0000000100000000)
  eden space 25600K, 0% used [0x00000000eab00000,0x00000000eab00000,0x00000000ec400000)
  from space 4096K, 99% used [0x00000000ec800000,0x00000000ecbfd278,0x00000000ecc00000)
  to   space 4096K, 0% used [0x00000000ec400000,0x00000000ec400000,0x00000000ec800000)
 ParOldGen       total 68608K, used 2851K [0x00000000c0000000, 0x00000000c4300000, 0x00000000eab00000)
  object space 68608K, 4% used [0x00000000c0000000,0x00000000c02c8de0,0x00000000c4300000)
 Metaspace       used 21095K, committed 21504K, reserved 1114112K
  class space    used 2151K, committed 2304K, reserved 1048576K
}
Event: 21.471 GC heap after
{Heap after GC invocations=5 (full 1):
 PSYoungGen      total 29696K, used 0K [0x00000000eab00000, 0x00000000ecc00000, 0x0000000100000000)
  eden space 25600K, 0% used [0x00000000eab00000,0x00000000eab00000,0x00000000ec400000)
  from space 4096K, 0% used [0x00000000ec800000,0x00000000ec800000,0x00000000ecc00000)
  to   space 4096K, 0% used [0x00000000ec400000,0x00000000ec400000,0x00000000ec800000)
 ParOldGen       total 68608K, used 6804K [0x00000000c0000000, 0x00000000c4300000, 0x00000000eab00000)
  object space 68608K, 9% used [0x00000000c0000000,0x00000000c06a51b0,0x00000000c4300000)
 Metaspace       used 21081K, committed 21504K, reserved 1114112K
  class space    used 2148K, committed 2304K, reserved 1048576K
}
Event: 25.824 GC heap before
{Heap before GC invocations=6 (full 1):
 PSYoungGen      total 29696K, used 25600K [0x00000000eab00000, 0x00000000ecc00000, 0x0000000100000000)
  eden space 25600K, 100% used [0x00000000eab00000,0x00000000ec400000,0x00000000ec400000)
  from space 4096K, 0% used [0x00000000ec800000,0x00000000ec800000,0x00000000ecc00000)
  to   space 4096K, 0% used [0x00000000ec400000,0x00000000ec400000,0x00000000ec800000)
 ParOldGen       total 68608K, used 6804K [0x00000000c0000000, 0x00000000c4300000, 0x00000000eab00000)
  object space 68608K, 9% used [0x00000000c0000000,0x00000000c06a51b0,0x00000000c4300000)
 Metaspace       used 23949K, committed 24512K, reserved 1114112K
  class space    used 2444K, committed 2688K, reserved 1048576K
}
Event: 25.830 GC heap after
{Heap after GC invocations=6 (full 1):
 PSYoungGen      total 27648K, used 2234K [0x00000000eab00000, 0x00000000eca80000, 0x0000000100000000)
  eden space 25088K, 0% used [0x00000000eab00000,0x00000000eab00000,0x00000000ec380000)
  from space 2560K, 87% used [0x00000000ec400000,0x00000000ec62ea98,0x00000000ec680000)
  to   space 3584K, 0% used [0x00000000ec700000,0x00000000ec700000,0x00000000eca80000)
 ParOldGen       total 68608K, used 6812K [0x00000000c0000000, 0x00000000c4300000, 0x00000000eab00000)
  object space 68608K, 9% used [0x00000000c0000000,0x00000000c06a71b0,0x00000000c4300000)
 Metaspace       used 23949K, committed 24512K, reserved 1114112K
  class space    used 2444K, committed 2688K, reserved 1048576K
}

Dll operation events (10 events):
Event: 0.033 Loaded shared library c:\Users\vivin\.vscode\extensions\redhat.java-1.34.0-win32-x64\jre\17.0.12-win32-x86_64\bin\java.dll
Event: 0.517 Loaded shared library c:\Users\vivin\.vscode\extensions\redhat.java-1.34.0-win32-x64\jre\17.0.12-win32-x86_64\bin\zip.dll
Event: 0.522 Loaded shared library C:\Users\vivin\.vscode\extensions\redhat.java-1.34.0-win32-x64\jre\17.0.12-win32-x86_64\bin\instrument.dll
Event: 0.549 Loaded shared library C:\Users\vivin\.vscode\extensions\redhat.java-1.34.0-win32-x64\jre\17.0.12-win32-x86_64\bin\net.dll
Event: 0.553 Loaded shared library C:\Users\vivin\.vscode\extensions\redhat.java-1.34.0-win32-x64\jre\17.0.12-win32-x86_64\bin\nio.dll
Event: 0.567 Loaded shared library C:\Users\vivin\.vscode\extensions\redhat.java-1.34.0-win32-x64\jre\17.0.12-win32-x86_64\bin\zip.dll
Event: 0.613 Loaded shared library C:\Users\vivin\.vscode\extensions\redhat.java-1.34.0-win32-x64\jre\17.0.12-win32-x86_64\bin\jimage.dll
Event: 1.010 Loaded shared library c:\Users\vivin\.vscode\extensions\redhat.java-1.34.0-win32-x64\jre\17.0.12-win32-x86_64\bin\verify.dll
Event: 12.067 Loaded shared library C:\Users\vivin\AppData\Roaming\Code\User\globalStorage\redhat.java\1.34.0\config_ss_win\org.eclipse.equinox.launcher\org.eclipse.equinox.launcher.win32.win32.x86_64_1.2.1100.v20240722-2106\eclipse_11904.dll
Event: 23.139 Loaded shared library C:\Users\vivin\AppData\Local\Temp\jna-112220296\jna12801568550333520901.dll

Deoptimization events (20 events):
Event: 19.776 Thread 0x000001fe1b449680 DEOPT PACKING pc=0x000001fe0c4b4f9c sp=0x000000adf45f94e0
Event: 19.776 Thread 0x000001fe1b449680 DEOPT UNPACKING pc=0x000001fe0be966a3 sp=0x000000adf45f9440 mode 2
Event: 19.979 Thread 0x000001fe1b449680 Uncommon trap: trap_request=0xffffff45 fr.pc=0x000001fe0c478ac0 relative=0x0000000000000040
Event: 19.979 Thread 0x000001fe1b449680 Uncommon trap: reason=unstable_if action=reinterpret pc=0x000001fe0c478ac0 method=sun.nio.fs.WindowsPathParser.isSlash(C)Z @ 9 c2
Event: 19.979 Thread 0x000001fe1b449680 DEOPT PACKING pc=0x000001fe0c478ac0 sp=0x000000adf45f8fd0
Event: 19.979 Thread 0x000001fe1b449680 DEOPT UNPACKING pc=0x000001fe0be966a3 sp=0x000000adf45f8f58 mode 2
Event: 20.006 Thread 0x000001fe1b449680 DEOPT PACKING pc=0x000001fe04d1b5ce sp=0x000000adf45f8100
Event: 20.006 Thread 0x000001fe1b449680 DEOPT UNPACKING pc=0x000001fe0be96e43 sp=0x000000adf45f7610 mode 0
Event: 20.960 Thread 0x000001fe1b449680 Uncommon trap: trap_request=0xffffff45 fr.pc=0x000001fe0c43055c relative=0x000000000000065c
Event: 20.960 Thread 0x000001fe1b449680 Uncommon trap: reason=unstable_if action=reinterpret pc=0x000001fe0c43055c method=java.lang.String.replace(Ljava/lang/CharSequence;Ljava/lang/CharSequence;)Ljava/lang/String; @ 42 c2
Event: 20.960 Thread 0x000001fe1b449680 DEOPT PACKING pc=0x000001fe0c43055c sp=0x000000adf45f73c0
Event: 20.960 Thread 0x000001fe1b449680 DEOPT UNPACKING pc=0x000001fe0be966a3 sp=0x000000adf45f7340 mode 2
Event: 23.772 Thread 0x000001fe1b449680 Uncommon trap: trap_request=0xffffff45 fr.pc=0x000001fe0c4293f4 relative=0x0000000000000074
Event: 23.772 Thread 0x000001fe1b449680 Uncommon trap: reason=unstable_if action=reinterpret pc=0x000001fe0c4293f4 method=jdk.internal.misc.Unsafe.convEndian(ZJ)J @ 4 c2
Event: 23.772 Thread 0x000001fe1b449680 DEOPT PACKING pc=0x000001fe0c4293f4 sp=0x000000adf45f79b0
Event: 23.772 Thread 0x000001fe1b449680 DEOPT UNPACKING pc=0x000001fe0be966a3 sp=0x000000adf45f78d8 mode 2
Event: 24.023 Thread 0x000001fe1b449680 Uncommon trap: trap_request=0xffffff45 fr.pc=0x000001fe0c40bbc8 relative=0x0000000000000048
Event: 24.023 Thread 0x000001fe1b449680 Uncommon trap: reason=unstable_if action=reinterpret pc=0x000001fe0c40bbc8 method=java.lang.CharacterData.of(I)Ljava/lang/CharacterData; @ 4 c2
Event: 24.023 Thread 0x000001fe1b449680 DEOPT PACKING pc=0x000001fe0c40bbc8 sp=0x000000adf45f8920
Event: 24.023 Thread 0x000001fe1b449680 DEOPT UNPACKING pc=0x000001fe0be966a3 sp=0x000000adf45f88b8 mode 2

Classes loaded (20 events):
Event: 24.807 Loading class java/util/zip/GZIPOutputStream
Event: 24.808 Loading class java/util/zip/GZIPOutputStream done
Event: 24.809 Loading class java/util/zip/GZIPInputStream
Event: 24.809 Loading class java/util/zip/GZIPInputStream done
Event: 24.961 Loading class java/net/SocketTimeoutException
Event: 24.961 Loading class java/io/InterruptedIOException
Event: 24.961 Loading class java/io/InterruptedIOException done
Event: 24.961 Loading class java/net/SocketTimeoutException done
Event: 24.961 Loading class java/net/SocketException
Event: 24.961 Loading class java/net/SocketException done
Event: 24.961 Loading class java/net/UnknownHostException
Event: 24.961 Loading class java/net/UnknownHostException done
Event: 24.961 Loading class java/net/ProtocolException
Event: 24.961 Loading class java/net/ProtocolException done
Event: 25.155 Loading class java/lang/ThreadLocal$SuppliedThreadLocal
Event: 25.155 Loading class java/lang/ThreadLocal$SuppliedThreadLocal done
Event: 25.376 Loading class java/lang/NegativeArraySizeException
Event: 25.376 Loading class java/lang/NegativeArraySizeException done
Event: 25.376 Loading class java/io/FileWriter
Event: 25.376 Loading class java/io/FileWriter done

Classes unloaded (7 events):
Event: 21.428 Thread 0x000001fe15aa1030 Unloading class 0x0000000100219400 'java/lang/invoke/LambdaForm$MH+0x0000000100219400'
Event: 21.428 Thread 0x000001fe15aa1030 Unloading class 0x0000000100219000 'java/lang/invoke/LambdaForm$MH+0x0000000100219000'
Event: 21.428 Thread 0x000001fe15aa1030 Unloading class 0x0000000100218c00 'java/lang/invoke/LambdaForm$MH+0x0000000100218c00'
Event: 21.428 Thread 0x000001fe15aa1030 Unloading class 0x0000000100218800 'java/lang/invoke/LambdaForm$MH+0x0000000100218800'
Event: 21.428 Thread 0x000001fe15aa1030 Unloading class 0x0000000100218400 'java/lang/invoke/LambdaForm$BMH+0x0000000100218400'
Event: 21.428 Thread 0x000001fe15aa1030 Unloading class 0x0000000100218000 'java/lang/invoke/LambdaForm$DMH+0x0000000100218000'
Event: 21.428 Thread 0x000001fe15aa1030 Unloading class 0x0000000100214400 'java/lang/invoke/LambdaForm$DMH+0x0000000100214400'

Classes redefined (0 events):
No events

Internal exceptions (20 events):
Event: 18.259 Thread 0x000001fe1b449680 Exception <a 'java/io/FileNotFoundException'{0x00000000ec294d68}> (0x00000000ec294d68) 
thrown [s\src\hotspot\share\prims\jni.cpp, line 516]
Event: 18.261 Thread 0x000001fe1b449680 Exception <a 'java/io/FileNotFoundException'{0x00000000ec2b36f0}> (0x00000000ec2b36f0) 
thrown [s\src\hotspot\share\prims\jni.cpp, line 516]
Event: 19.540 Thread 0x000001fe1b449680 Exception <a 'java/lang/NoSuchMethodError'{0x00000000eacc1f08}: 'java.lang.Object java.lang.invoke.DirectMethodHandle$Holder.newInvokeSpecial(java.lang.Object, java.lang.Object, java.lang.Object, java.lang.Object, java.lang.Object)'> (0x00000000eacc1f08) 
thrown [s\src\hotspot\share\interpreter\linkResolver.cpp, line 759]
Event: 20.013 Thread 0x000001fe1b449680 Exception <a 'java/lang/NoSuchMethodError'{0x00000000eae66f00}: 'java.lang.Object java.lang.invoke.DirectMethodHandle$Holder.invokeStaticInit(java.lang.Object, int)'> (0x00000000eae66f00) 
thrown [s\src\hotspot\share\interpreter\linkResolver.cpp, line 759]
Event: 21.707 Thread 0x000001fe1b449680 Exception <a 'java/lang/NoSuchMethodError'{0x00000000eab0ca10}: 'java.lang.Object java.lang.invoke.DirectMethodHandle$Holder.invokeStaticInit(java.lang.Object, int, int, int, int)'> (0x00000000eab0ca10) 
thrown [s\src\hotspot\share\interpreter\linkResolver.cpp, line 759]
Event: 22.493 Thread 0x000001fe1b449680 Exception <a 'java/lang/NoSuchMethodError'{0x00000000eac15b18}: 'java.lang.Object java.lang.invoke.DirectMethodHandle$Holder.invokeStaticInit(java.lang.Object, java.lang.Object, int, int, int, int)'> (0x00000000eac15b18) 
thrown [s\src\hotspot\share\interpreter\linkResolver.cpp, line 759]
Event: 23.628 Thread 0x000001fe1b449680 Exception <a 'java/lang/NoSuchMethodError'{0x00000000eaf15c18}: 'java.lang.Object java.lang.invoke.DirectMethodHandle$Holder.invokeSpecial(java.lang.Object, java.lang.Object, java.lang.Object, long, java.lang.Object)'> (0x00000000eaf15c18) 
thrown [s\src\hotspot\share\interpreter\linkResolver.cpp, line 759]
Event: 23.629 Thread 0x000001fe1b449680 Exception <a 'java/lang/NoSuchMethodError'{0x00000000eaf1ddd0}: 'java.lang.Object java.lang.invoke.DirectMethodHandle$Holder.newInvokeSpecial(java.lang.Object, java.lang.Object, java.lang.Object, long)'> (0x00000000eaf1ddd0) 
thrown [s\src\hotspot\share\interpreter\linkResolver.cpp, line 759]
Event: 23.629 Thread 0x000001fe1b449680 Exception <a 'java/lang/NoSuchMethodError'{0x00000000eaf22370}: 'java.lang.Object java.lang.invoke.DirectMethodHandle$Holder.invokeSpecial(java.lang.Object, java.lang.Object, java.lang.Object, java.lang.Object, long)'> (0x00000000eaf22370) 
thrown [s\src\hotspot\share\interpreter\linkResolver.cpp, line 759]
Event: 23.630 Thread 0x000001fe1b449680 Exception <a 'java/lang/NoSuchMethodError'{0x00000000eaf261e8}: 'java.lang.Object java.lang.invoke.Invokers$Holder.linkToTargetMethod(java.lang.Object, java.lang.Object, long, java.lang.Object)'> (0x00000000eaf261e8) 
thrown [s\src\hotspot\share\interpreter\linkResolver.cpp, line 759]
Event: 23.652 Thread 0x000001fe1b449680 Exception <a 'java/lang/NoSuchMethodError'{0x00000000eaf99cd0}: 'int java.lang.invoke.DirectMethodHandle$Holder.invokeStaticInit(java.lang.Object, java.lang.Object, java.lang.Object)'> (0x00000000eaf99cd0) 
thrown [s\src\hotspot\share\interpreter\linkResolver.cpp, line 759]
Event: 24.182 Thread 0x000001fe1b449680 Exception <a 'java/lang/IncompatibleClassChangeError'{0x00000000eb1c6a80}: Found class java.lang.Object, but interface was expected> (0x00000000eb1c6a80) 
thrown [s\src\hotspot\share\interpreter\linkResolver.cpp, line 826]
Event: 24.198 Thread 0x000001fe1b449680 Exception <a 'java/lang/NoSuchMethodError'{0x00000000eb1dba00}: 'java.lang.Object java.lang.invoke.DirectMethodHandle$Holder.invokeSpecial(java.lang.Object, java.lang.Object, java.lang.Object, int, java.lang.Object, java.lang.Object)'> (0x00000000eb1dba00) 
thrown [s\src\hotspot\share\interpreter\linkResolver.cpp, line 759]
Event: 24.200 Thread 0x000001fe1b449680 Exception <a 'java/lang/NoSuchMethodError'{0x00000000eb1e4188}: 'java.lang.Object java.lang.invoke.DirectMethodHandle$Holder.newInvokeSpecial(java.lang.Object, java.lang.Object, java.lang.Object, int, java.lang.Object)'> (0x00000000eb1e4188) 
thrown [s\src\hotspot\share\interpreter\linkResolver.cpp, line 759]
Event: 24.201 Thread 0x000001fe1b449680 Exception <a 'java/lang/NoSuchMethodError'{0x00000000eb1e85e0}: 'java.lang.Object java.lang.invoke.DirectMethodHandle$Holder.invokeSpecial(java.lang.Object, java.lang.Object, java.lang.Object, java.lang.Object, int, java.lang.Object)'> (0x00000000eb1e85e0) 
thrown [s\src\hotspot\share\interpreter\linkResolver.cpp, line 759]
Event: 24.202 Thread 0x000001fe1b0b1330 Exception <a 'java/lang/NoSuchMethodError'{0x00000000eaf5a9e0}: 'java.lang.Object java.lang.invoke.DirectMethodHandle$Holder.invokeSpecial(java.lang.Object, java.lang.Object, int, java.lang.Object, java.lang.Object)'> (0x00000000eaf5a9e0) 
thrown [s\src\hotspot\share\interpreter\linkResolver.cpp, line 759]
Event: 24.204 Thread 0x000001fe1b0b1330 Exception <a 'java/lang/NoSuchMethodError'{0x00000000eaf620b0}: 'java.lang.Object java.lang.invoke.DirectMethodHandle$Holder.newInvokeSpecial(java.lang.Object, java.lang.Object, int, java.lang.Object)'> (0x00000000eaf620b0) 
thrown [s\src\hotspot\share\interpreter\linkResolver.cpp, line 759]
Event: 24.205 Thread 0x000001fe1b0b1330 Exception <a 'java/lang/NoSuchMethodError'{0x00000000eaf65bc0}: 'java.lang.Object java.lang.invoke.DirectMethodHandle$Holder.invokeSpecial(java.lang.Object, java.lang.Object, java.lang.Object, int, java.lang.Object)'> (0x00000000eaf65bc0) 
thrown [s\src\hotspot\share\interpreter\linkResolver.cpp, line 759]
Event: 24.624 Thread 0x000001fe1b449680 Exception <a 'java/lang/NoSuchMethodError'{0x00000000eb524088}: 'double java.lang.invoke.DirectMethodHandle$Holder.invokeStatic(java.lang.Object, java.lang.Object)'> (0x00000000eb524088) 
thrown [s\src\hotspot\share\interpreter\linkResolver.cpp, line 759]
Event: 24.624 Thread 0x000001fe1b449680 Exception <a 'java/lang/NoSuchMethodError'{0x00000000eb5279a0}: 'double java.lang.invoke.DirectMethodHandle$Holder.invokeStaticInit(java.lang.Object, java.lang.Object)'> (0x00000000eb5279a0) 
thrown [s\src\hotspot\share\interpreter\linkResolver.cpp, line 759]

VM Operations (20 events):
Event: 20.975 Executing VM operation: Cleanup
Event: 21.392 Executing VM operation: Cleanup done
Event: 21.407 Executing VM operation: CollectForMetadataAllocation
Event: 21.471 Executing VM operation: CollectForMetadataAllocation done
Event: 22.077 Executing VM operation: HandshakeAllThreads
Event: 22.077 Executing VM operation: HandshakeAllThreads done
Event: 23.084 Executing VM operation: Cleanup
Event: 23.084 Executing VM operation: Cleanup done
Event: 23.159 Executing VM operation: HandshakeAllThreads
Event: 23.159 Executing VM operation: HandshakeAllThreads done
Event: 23.772 Executing VM operation: HandshakeAllThreads
Event: 23.772 Executing VM operation: HandshakeAllThreads done
Event: 24.025 Executing VM operation: HandshakeAllThreads
Event: 24.025 Executing VM operation: HandshakeAllThreads done
Event: 25.028 Executing VM operation: Cleanup
Event: 25.028 Executing VM operation: Cleanup done
Event: 25.824 Executing VM operation: ParallelGCFailedAllocation
Event: 25.830 Executing VM operation: ParallelGCFailedAllocation done
Event: 26.845 Executing VM operation: Cleanup
Event: 26.926 Executing VM operation: Cleanup done

Events (20 events):
Event: 0.210 Thread 0x000001fe15aeac50 Thread added: 0x000001fe15aeac50
Event: 0.215 Thread 0x000001fe15b0e8c0 Thread added: 0x000001fe15b0e8c0
Event: 0.216 Thread 0x000001fe1ad20560 Thread added: 0x000001fe1ad20560
Event: 0.408 Thread 0x000001fe1ad97020 Thread added: 0x000001fe1ad97020
Event: 1.411 Thread 0x000001fe1af84a40 Thread added: 0x000001fe1af84a40
Event: 2.417 Thread 0x000001fe1b141380 Thread added: 0x000001fe1b141380
Event: 2.636 Thread 0x000001fe1b141380 Thread exited: 0x000001fe1b141380
Event: 7.122 Thread 0x000001fe1b53df30 Thread added: 0x000001fe1b53df30
Event: 7.575 Thread 0x000001fe1b53df30 Thread exited: 0x000001fe1b53df30
Event: 9.008 Thread 0x000001fe1b295410 Thread added: 0x000001fe1b295410
Event: 12.036 Thread 0x000001fe1b740010 Thread added: 0x000001fe1b740010
Event: 12.056 Thread 0x000001fe1b449680 Thread added: 0x000001fe1b449680
Event: 12.503 Thread 0x000001fe1b1e83b0 Thread added: 0x000001fe1b1e83b0
Event: 13.232 Thread 0x000001fe1af1e6c0 Thread added: 0x000001fe1af1e6c0
Event: 16.772 Thread 0x000001fe1b0b1840 Thread added: 0x000001fe1b0b1840
Event: 20.002 Thread 0x000001fe1af1e6c0 Thread exited: 0x000001fe1af1e6c0
Event: 23.315 Thread 0x000001fe1b0aefc0 Thread added: 0x000001fe1b0aefc0
Event: 23.641 Thread 0x000001fe1b0b1330 Thread added: 0x000001fe1b0b1330
Event: 24.204 Thread 0x000001fe1b0aeab0 Thread added: 0x000001fe1b0aeab0
Event: 24.207 Thread 0x000001fe1b0af9e0 Thread added: 0x000001fe1b0af9e0


Dynamic libraries:
0x00007ff7446f0000 - 0x00007ff7446fe000 	c:\Users\vivin\.vscode\extensions\redhat.java-1.34.0-win32-x64\jre\17.0.12-win32-x86_64\bin\java.exe
0x00007ffbdbd30000 - 0x00007ffbdbf47000 	C:\WINDOWS\SYSTEM32\ntdll.dll
0x00007ffbdaa10000 - 0x00007ffbdaad4000 	C:\WINDOWS\System32\KERNEL32.DLL
0x00007ffbd9420000 - 0x00007ffbd97cd000 	C:\WINDOWS\System32\KERNELBASE.dll
0x00007ffbd9910000 - 0x00007ffbd9a21000 	C:\WINDOWS\System32\ucrtbase.dll
0x00007ffbd5780000 - 0x00007ffbd5797000 	c:\Users\vivin\.vscode\extensions\redhat.java-1.34.0-win32-x64\jre\17.0.12-win32-x86_64\bin\jli.dll
0x00007ffbdafb0000 - 0x00007ffbdb15e000 	C:\WINDOWS\System32\USER32.dll
0x00007ffbd9260000 - 0x00007ffbd9286000 	C:\WINDOWS\System32\win32u.dll
0x00007ffbdaf60000 - 0x00007ffbdaf89000 	C:\WINDOWS\System32\GDI32.dll
0x00007ffbd9300000 - 0x00007ffbd9419000 	C:\WINDOWS\System32\gdi32full.dll
0x00007ffbd91c0000 - 0x00007ffbd925a000 	C:\WINDOWS\System32\msvcp_win.dll
0x00007ffbd5730000 - 0x00007ffbd574b000 	c:\Users\vivin\.vscode\extensions\redhat.java-1.34.0-win32-x64\jre\17.0.12-win32-x86_64\bin\VCRUNTIME140.dll
0x00007ffbbb740000 - 0x00007ffbbb9d3000 	C:\WINDOWS\WinSxS\amd64_microsoft.windows.common-controls_6595b64144ccf1df_6.0.22621.3672_none_2713b9d173822955\COMCTL32.dll
0x00007ffbdad90000 - 0x00007ffbdae37000 	C:\WINDOWS\System32\msvcrt.dll
0x00007ffbdac90000 - 0x00007ffbdacc1000 	C:\WINDOWS\System32\IMM32.DLL
0x00007ffbd61e0000 - 0x00007ffbd61ec000 	c:\Users\vivin\.vscode\extensions\redhat.java-1.34.0-win32-x64\jre\17.0.12-win32-x86_64\bin\vcruntime140_1.dll
0x00007ffbd3f40000 - 0x00007ffbd3fcd000 	c:\Users\vivin\.vscode\extensions\redhat.java-1.34.0-win32-x64\jre\17.0.12-win32-x86_64\bin\msvcp140.dll
0x00007ffb57af0000 - 0x00007ffb5875a000 	c:\Users\vivin\.vscode\extensions\redhat.java-1.34.0-win32-x64\jre\17.0.12-win32-x86_64\bin\server\jvm.dll
0x00007ffbd9a70000 - 0x00007ffbd9b22000 	C:\WINDOWS\System32\ADVAPI32.dll
0x00007ffbd9ca0000 - 0x00007ffbd9d49000 	C:\WINDOWS\System32\sechost.dll
0x00007ffbd9a30000 - 0x00007ffbd9a58000 	C:\WINDOWS\System32\bcrypt.dll
0x00007ffbdae40000 - 0x00007ffbdaf54000 	C:\WINDOWS\System32\RPCRT4.dll
0x00007ffbd9d70000 - 0x00007ffbd9de1000 	C:\WINDOWS\System32\WS2_32.dll
0x00007ffbd8f20000 - 0x00007ffbd8f6d000 	C:\WINDOWS\SYSTEM32\POWRPROF.dll
0x00007ffbd1670000 - 0x00007ffbd16a4000 	C:\WINDOWS\SYSTEM32\WINMM.dll
0x00007ffbd06e0000 - 0x00007ffbd06ea000 	C:\WINDOWS\SYSTEM32\VERSION.dll
0x00007ffbd8d50000 - 0x00007ffbd8d63000 	C:\WINDOWS\SYSTEM32\UMPDC.dll
0x00007ffbd80a0000 - 0x00007ffbd80b8000 	C:\WINDOWS\SYSTEM32\kernel.appcore.dll
0x00007ffbd5720000 - 0x00007ffbd572a000 	c:\Users\vivin\.vscode\extensions\redhat.java-1.34.0-win32-x64\jre\17.0.12-win32-x86_64\bin\jimage.dll
0x00007ffbd3a20000 - 0x00007ffbd3c52000 	C:\WINDOWS\SYSTEM32\DBGHELP.DLL
0x00007ffbdb160000 - 0x00007ffbdb4ee000 	C:\WINDOWS\System32\combase.dll
0x00007ffbd9bc0000 - 0x00007ffbd9c97000 	C:\WINDOWS\System32\OLEAUT32.dll
0x00007ffbcd860000 - 0x00007ffbcd892000 	C:\WINDOWS\SYSTEM32\dbgcore.DLL
0x00007ffbd9890000 - 0x00007ffbd990b000 	C:\WINDOWS\System32\bcryptPrimitives.dll
0x00007ffbd5710000 - 0x00007ffbd571e000 	c:\Users\vivin\.vscode\extensions\redhat.java-1.34.0-win32-x64\jre\17.0.12-win32-x86_64\bin\instrument.dll
0x00007ffbd5440000 - 0x00007ffbd5465000 	c:\Users\vivin\.vscode\extensions\redhat.java-1.34.0-win32-x64\jre\17.0.12-win32-x86_64\bin\java.dll
0x00007ffbd5590000 - 0x00007ffbd55a8000 	c:\Users\vivin\.vscode\extensions\redhat.java-1.34.0-win32-x64\jre\17.0.12-win32-x86_64\bin\zip.dll
0x00007ffbd9f90000 - 0x00007ffbda7f7000 	C:\WINDOWS\System32\SHELL32.dll
0x00007ffbd6fd0000 - 0x00007ffbd78cf000 	C:\WINDOWS\SYSTEM32\windows.storage.dll
0x00007ffbd6e90000 - 0x00007ffbd6fcf000 	C:\WINDOWS\SYSTEM32\wintypes.dll
0x00007ffbda810000 - 0x00007ffbda909000 	C:\WINDOWS\System32\SHCORE.dll
0x00007ffbd9f30000 - 0x00007ffbd9f8e000 	C:\WINDOWS\System32\shlwapi.dll
0x00007ffbd8f80000 - 0x00007ffbd8fa7000 	C:\WINDOWS\SYSTEM32\profapi.dll
0x00007ffbd5420000 - 0x00007ffbd5439000 	C:\Users\vivin\.vscode\extensions\redhat.java-1.34.0-win32-x64\jre\17.0.12-win32-x86_64\bin\net.dll
0x00007ffbd1330000 - 0x00007ffbd1466000 	C:\WINDOWS\SYSTEM32\WINHTTP.dll
0x00007ffbd8510000 - 0x00007ffbd8579000 	C:\WINDOWS\system32\mswsock.dll
0x00007ffbd3f20000 - 0x00007ffbd3f36000 	C:\Users\vivin\.vscode\extensions\redhat.java-1.34.0-win32-x64\jre\17.0.12-win32-x86_64\bin\nio.dll
0x00007ffbd5480000 - 0x00007ffbd5490000 	c:\Users\vivin\.vscode\extensions\redhat.java-1.34.0-win32-x64\jre\17.0.12-win32-x86_64\bin\verify.dll
0x00007ffbd2a80000 - 0x00007ffbd2ac5000 	C:\Users\vivin\AppData\Roaming\Code\User\globalStorage\redhat.java\1.34.0\config_ss_win\org.eclipse.equinox.launcher\org.eclipse.equinox.launcher.win32.win32.x86_64_1.2.1100.v20240722-2106\eclipse_11904.dll
0x00007ffbdaae0000 - 0x00007ffbdac85000 	C:\WINDOWS\System32\ole32.dll
0x00007ffbd8760000 - 0x00007ffbd877b000 	C:\WINDOWS\SYSTEM32\CRYPTSP.dll
0x00007ffbd8000000 - 0x00007ffbd8035000 	C:\WINDOWS\system32\rsaenh.dll
0x00007ffbd8600000 - 0x00007ffbd8628000 	C:\WINDOWS\SYSTEM32\USERENV.dll
0x00007ffbd8780000 - 0x00007ffbd878c000 	C:\WINDOWS\SYSTEM32\CRYPTBASE.dll
0x00007ffbd7a10000 - 0x00007ffbd7a3d000 	C:\WINDOWS\SYSTEM32\IPHLPAPI.DLL
0x00007ffbda800000 - 0x00007ffbda809000 	C:\WINDOWS\System32\NSI.dll
0x00007ffbd0dc0000 - 0x00007ffbd0dd9000 	C:\WINDOWS\SYSTEM32\dhcpcsvc6.DLL
0x00007ffbd0cc0000 - 0x00007ffbd0cdf000 	C:\WINDOWS\SYSTEM32\dhcpcsvc.DLL
0x00007ffbd7ab0000 - 0x00007ffbd7ba8000 	C:\WINDOWS\SYSTEM32\DNSAPI.dll
0x00007ffbc63a0000 - 0x00007ffbc63e5000 	C:\Users\vivin\AppData\Local\Temp\jna-112220296\jna12801568550333520901.dll
0x00007ffbd9ed0000 - 0x00007ffbd9ed8000 	C:\WINDOWS\System32\PSAPI.DLL

dbghelp: loaded successfully - version: 4.0.5 - missing functions: none
symbol engine: initialized successfully - sym options: 0x614 - pdb path: .;c:\Users\vivin\.vscode\extensions\redhat.java-1.34.0-win32-x64\jre\17.0.12-win32-x86_64\bin;C:\WINDOWS\SYSTEM32;C:\WINDOWS\WinSxS\amd64_microsoft.windows.common-controls_6595b64144ccf1df_6.0.22621.3672_none_2713b9d173822955;c:\Users\vivin\.vscode\extensions\redhat.java-1.34.0-win32-x64\jre\17.0.12-win32-x86_64\bin\server;C:\Users\vivin\AppData\Roaming\Code\User\globalStorage\redhat.java\1.34.0\config_ss_win\org.eclipse.equinox.launcher\org.eclipse.equinox.launcher.win32.win32.x86_64_1.2.1100.v20240722-2106;C:\Users\vivin\AppData\Local\Temp\jna-112220296

VM Arguments:
jvm_args: --add-modules=ALL-SYSTEM --add-opens=java.base/java.util=ALL-UNNAMED --add-opens=java.base/java.lang=ALL-UNNAMED --add-opens=java.base/sun.nio.fs=ALL-UNNAMED -Declipse.application=org.eclipse.jdt.ls.core.id1 -Dosgi.bundles.defaultStartLevel=4 -Declipse.product=org.eclipse.jdt.ls.core.product -Djava.import.generatesMetadataFilesAtProjectRoot=false -DDetectVMInstallationsJob.disabled=true -Dfile.encoding=utf8 -XX:+UseParallelGC -XX:GCTimeRatio=4 -XX:AdaptiveSizePolicyWeight=90 -Dsun.zip.disableMemoryMapping=true -Xmx1G -Xms100m -Xlog:disable -javaagent:c:\Users\vivin\.vscode\extensions\redhat.java-1.34.0-win32-x64\lombok\lombok-1.18.33.jar 
java_command: c:\Users\vivin\.vscode\extensions\redhat.java-1.34.0-win32-x64\server\plugins\org.eclipse.equinox.launcher_1.6.900.v20240613-2009.jar -configuration c:\Users\vivin\AppData\Roaming\Code\User\globalStorage\redhat.java\1.34.0\config_ss_win -data c:\Users\vivin\AppData\Roaming\Code\User\workspaceStorage\03aef4cec3476b10e38d3aef6a71f36d\redhat.java\ss_ws --pipe=\\.\pipe\lsp-d8f5deca59324d4854cc6253fb574091-sock
java_class_path (initial): c:\Users\vivin\.vscode\extensions\redhat.java-1.34.0-win32-x64\server\plugins\org.eclipse.equinox.launcher_1.6.900.v20240613-2009.jar
Launcher Type: SUN_STANDARD

[Global flags]
    uintx AdaptiveSizePolicyWeight                 = 90                                        {product} {command line}
     intx CICompilerCount                          = 3                                         {product} {ergonomic}
    uintx GCTimeRatio                              = 4                                         {product} {command line}
   size_t InitialHeapSize                          = 104857600                                 {product} {command line}
   size_t MaxHeapSize                              = 1073741824                                {product} {command line}
   size_t MaxNewSize                               = 357564416                                 {product} {ergonomic}
   size_t MinHeapDeltaBytes                        = 524288                                    {product} {ergonomic}
   size_t MinHeapSize                              = 104857600                                 {product} {command line}
   size_t NewSize                                  = 34603008                                  {product} {ergonomic}
    uintx NonNMethodCodeHeapSize                   = 5832780                                {pd product} {ergonomic}
    uintx NonProfiledCodeHeapSize                  = 122912730                              {pd product} {ergonomic}
   size_t OldSize                                  = 70254592                                  {product} {ergonomic}
    uintx ProfiledCodeHeapSize                     = 122912730                              {pd product} {ergonomic}
    uintx ReservedCodeCacheSize                    = 251658240                              {pd product} {ergonomic}
     bool SegmentedCodeCache                       = true                                      {product} {ergonomic}
   size_t SoftMaxHeapSize                          = 1073741824                             {manageable} {ergonomic}
     bool UseCompressedClassPointers               = true                           {product lp64_product} {ergonomic}
     bool UseCompressedOops                        = true                           {product lp64_product} {ergonomic}
     bool UseLargePagesIndividualAllocation        = false                                  {pd product} {ergonomic}
     bool UseParallelGC                            = true                                      {product} {command line}

Logging:
Log output configuration:
 #0: stdout all=off uptime,level,tags
 #1: stderr all=off uptime,level,tags

Environment Variables:
PATH=C:\Program Files\Common Files\Oracle\Java\javapath;C:\WINDOWS\system32;C:\WINDOWS;C:\WINDOWS\System32\Wbem;C:\WINDOWS\System32\WindowsPowerShell\v1.0\;C:\WINDOWS\System32\OpenSSH\;%JAVA_HOME%\bin;C:\Program Files\nodejs\;C:\Program Files\Git\cmd;C:\Program Files\MySQL\MySQL Shell 8.0\bin\;C:\Users\vivin\AppData\Local\Microsoft\WindowsApps;C:\Users\vivin\AppData\Local\Programs\Microsoft VS Code\bin;C:\Users\vivin\AppData\Roaming\npm
USERNAME=vivin
OS=Windows_NT
PROCESSOR_IDENTIFIER=AMD64 Family 23 Model 24 Stepping 1, AuthenticAMD
TMP=C:\Users\vivin\AppData\Local\Temp
TEMP=C:\Users\vivin\AppData\Local\Temp



Periodic native trim disabled


---------------  S Y S T E M  ---------------

OS:
 Windows 11 , 64 bit Build 22621 (10.0.22621.3958)
OS uptime: 2 days 8:55 hours

CPU: total 4 (initial active 4) (4 cores per cpu, 2 threads per core) family 23 model 24 stepping 1 microcode 0x0, cx8, cmov, fxsr, ht, mmx, 3dnowpref, sse, sse2, sse3, ssse3, sse4a, sse4.1, sse4.2, popcnt, lzcnt, tsc, tscinvbit, avx, avx2, aes, clmul, bmi1, bmi2, adx, sha, fma, vzeroupper, clflush, clflushopt
Processor Information for all 4 processors :
  Max Mhz: 2600, Current Mhz: 2600, Mhz Limit: 2600

Memory: 4k page, system-wide physical 6086M (797M free)
TotalPageFile size 24518M (AvailPageFile size 3M)
current process WorkingSet (physical memory assigned to process): 117M, peak: 117M
current process commit charge ("private bytes"): 210M, peak: 210M

vm_info: OpenJDK 64-Bit Server VM (17.0.12+7) for windows-amd64 JRE (17.0.12+7), built on Jul 16 2024 22:08:24 by "admin" with MS VC++ 16.10 / 16.11 (VS2019)

END.
