#
# There is insufficient memory for the Java Runtime Environment to continue.
# Native memory allocation (mmap) failed to map 100663296 bytes for G1 virtual space
# Possible reasons:
#   The system is out of physical RAM or swap space
#   The process is running with CompressedOops enabled, and the Java Heap may be blocking the growth of the native heap
# Possible solutions:
#   Reduce memory load on the system
#   Increase physical memory or swap space
#   Check if swap backing store is full
#   Decrease Java heap size (-Xmx/-Xms)
#   Decrease number of Java threads
#   Decrease Java thread stack sizes (-Xss)
#   Set larger code cache with -XX:ReservedCodeCacheSize=
#   JVM is running with Unscaled Compressed Oops mode in which the Java heap is
#     placed in the first 4GB address space. The Java Heap base address is the
#     maximum limit for the native heap growth. Please use -XX:HeapBaseMinAddress
#     to set the Java Heap base and to place the Java Heap above 4GB virtual address.
# This output file may be truncated or incomplete.
#
#  Out of Memory Error (os_windows.cpp:3550), pid=23636, tid=30476
#
# JRE version:  (17.0.7+8) (build )
# Java VM: Java HotSpot(TM) 64-Bit Server VM (17.0.7+8-LTS-224, mixed mode, sharing, tiered, compressed oops, compressed class ptrs, g1 gc, windows-amd64)
# No core dump will be written. Minidumps are not enabled by default on client versions of Windows
#

---------------  S U M M A R Y ------------

Command Line: -XX:+ShowCodeDetailsInExceptionMessages bank.management.system.Login

Host: AMD Ryzen 3 3250U with Radeon Graphics         , 4 cores, 5G,  Windows 11 , 64 bit Build 22621 (10.0.22621.3958)
Time: Fri Sep 20 01:07:01 2024 India Standard Time elapsed time: 0.337098 seconds (0d 0h 0m 0s)

---------------  T H R E A D  ---------------

Current thread (0x0000028c2dc61000):  JavaThread "Unknown thread" [_thread_in_vm, id=30476, stack(0x000000c05c500000,0x000000c05c600000)]

Stack: [0x000000c05c500000,0x000000c05c600000]
Native frames: (J=compiled Java code, j=interpreted, Vv=VM code, C=native code)
V  [jvm.dll+0x676a4a]
V  [jvm.dll+0x7d74f4]
V  [jvm.dll+0x7d8c9e]
V  [jvm.dll+0x7d9303]
V  [jvm.dll+0x2452c5]
V  [jvm.dll+0x6738f9]
V  [jvm.dll+0x668232]
V  [jvm.dll+0x302826]
V  [jvm.dll+0x309da6]
V  [jvm.dll+0x35952e]
V  [jvm.dll+0x35975f]
V  [jvm.dll+0x2d9a38]
V  [jvm.dll+0x2da9a4]
V  [jvm.dll+0x7a8fb1]
V  [jvm.dll+0x3670e1]
V  [jvm.dll+0x788359]
V  [jvm.dll+0x3ea5ef]
V  [jvm.dll+0x3ec071]
C  [jli.dll+0x5297]
C  [ucrtbase.dll+0x29333]
C  [KERNEL32.DLL+0x1257d]
C  [ntdll.dll+0x5af28]


---------------  P R O C E S S  ---------------

Threads class SMR info:
_java_thread_list=0x00007ffb98994998, length=0, elements={
}

Java Threads: ( => current thread )

Other Threads:
  0x0000028c2dcac590 GCTaskThread "GC Thread#0" [stack: 0x000000c05c600000,0x000000c05c700000] [id=18608]
  0x0000028c2dcba220 ConcurrentGCThread "G1 Main Marker" [stack: 0x000000c05c700000,0x000000c05c800000] [id=2740]
  0x0000028c2dcbc2e0 ConcurrentGCThread "G1 Conc#0" [stack: 0x000000c05c800000,0x000000c05c900000] [id=27040]

[error occurred during error reporting (printing all threads), id 0xc0000005, EXCEPTION_ACCESS_VIOLATION (0xc0000005) at pc=0x00007ffb981ca697]

VM state: not at safepoint (not fully initialized)

VM Mutex/Monitor currently owned by a thread:  ([mutex/lock_event])
[0x0000028c2dc5be20] Heap_lock - owner thread: 0x0000028c2dc61000

Heap address: 0x00000000a0e00000, size: 1522 MB, Compressed Oops mode: 32-bit

CDS archive(s) mapped at: [0x0000000000000000-0x0000000000000000-0x0000000000000000), size 0, SharedBaseAddress: 0x0000000800000000, ArchiveRelocationMode: 0.
Narrow klass base: 0x0000000000000000, Narrow klass shift: 0, Narrow klass range: 0x0

GC Precious Log:
<Empty>

Heap:
 garbage-first heap   total 0K, used 0K [0x00000000a0e00000, 0x0000000100000000)
  region size 1024K, 0 young (0K), 0 survivors (0K)

[error occurred during error reporting (printing heap information), id 0xc0000005, EXCEPTION_ACCESS_VIOLATION (0xc0000005) at pc=0x00007ffb985b00b9]

GC Heap History (0 events):
No events

Deoptimization events (0 events):
No events

Classes unloaded (0 events):
No events

Classes redefined (0 events):
No events

Internal exceptions (0 events):
No events

VM Operations (0 events):
No events

Events (1 events):
Event: 0.159 Loaded shared library C:\Program Files\Java\jdk-17\bin\java.dll


Dynamic libraries:
0x00007ff762980000 - 0x00007ff762990000 	C:\Program Files\Java\jdk-17\bin\java.exe
0x00007ffc026d0000 - 0x00007ffc028e7000 	C:\WINDOWS\SYSTEM32\ntdll.dll
0x00007ffc00410000 - 0x00007ffc004d4000 	C:\WINDOWS\System32\KERNEL32.DLL
0x00007ffbffbd0000 - 0x00007ffbfff7d000 	C:\WINDOWS\System32\KERNELBASE.dll
0x00007ffc002b0000 - 0x00007ffc003c1000 	C:\WINDOWS\System32\ucrtbase.dll
0x00007ffbda010000 - 0x00007ffbda029000 	C:\Program Files\Java\jdk-17\bin\jli.dll
0x00007ffbd66c0000 - 0x00007ffbd66db000 	C:\Program Files\Java\jdk-17\bin\VCRUNTIME140.dll
0x00007ffc00890000 - 0x00007ffc00942000 	C:\WINDOWS\System32\ADVAPI32.dll
0x00007ffc025e0000 - 0x00007ffc02687000 	C:\WINDOWS\System32\msvcrt.dll
0x00007ffc02530000 - 0x00007ffc025d9000 	C:\WINDOWS\System32\sechost.dll
0x00007ffc00280000 - 0x00007ffc002a8000 	C:\WINDOWS\System32\bcrypt.dll
0x00007ffc004e0000 - 0x00007ffc005f4000 	C:\WINDOWS\System32\RPCRT4.dll
0x00007ffc00bc0000 - 0x00007ffc00d6e000 	C:\WINDOWS\System32\USER32.dll
0x00007ffc003d0000 - 0x00007ffc003f6000 	C:\WINDOWS\System32\win32u.dll
0x00007ffc00d70000 - 0x00007ffc00d99000 	C:\WINDOWS\System32\GDI32.dll
0x00007ffc00000000 - 0x00007ffc00119000 	C:\WINDOWS\System32\gdi32full.dll
0x00007ffc001e0000 - 0x00007ffc0027a000 	C:\WINDOWS\System32\msvcp_win.dll
0x00007ffbe59c0000 - 0x00007ffbe5c53000 	C:\WINDOWS\WinSxS\amd64_microsoft.windows.common-controls_6595b64144ccf1df_6.0.22621.3672_none_2713b9d173822955\COMCTL32.dll
0x00007ffbf6370000 - 0x00007ffbf637a000 	C:\WINDOWS\SYSTEM32\VERSION.dll
0x00007ffc023e0000 - 0x00007ffc02411000 	C:\WINDOWS\System32\IMM32.DLL
0x00007ffbea270000 - 0x00007ffbea27c000 	C:\Program Files\Java\jdk-17\bin\vcruntime140_1.dll
0x00007ffbbf4a0000 - 0x00007ffbbf52e000 	C:\Program Files\Java\jdk-17\bin\msvcp140.dll
0x00007ffb97ee0000 - 0x00007ffb98abd000 	C:\Program Files\Java\jdk-17\bin\server\jvm.dll
0x00007ffc01710000 - 0x00007ffc01718000 	C:\WINDOWS\System32\PSAPI.DLL
0x00007ffbf7d90000 - 0x00007ffbf7d99000 	C:\WINDOWS\SYSTEM32\WSOCK32.dll
0x00007ffbf7f00000 - 0x00007ffbf7f34000 	C:\WINDOWS\SYSTEM32\WINMM.dll
0x00007ffc009d0000 - 0x00007ffc00a41000 	C:\WINDOWS\System32\WS2_32.dll
0x00007ffbfea40000 - 0x00007ffbfea58000 	C:\WINDOWS\SYSTEM32\kernel.appcore.dll
0x00007ffbea040000 - 0x00007ffbea04a000 	C:\Program Files\Java\jdk-17\bin\jimage.dll
0x00007ffbf6ef0000 - 0x00007ffbf7122000 	C:\WINDOWS\SYSTEM32\DBGHELP.DLL
0x00007ffc01740000 - 0x00007ffc01ace000 	C:\WINDOWS\System32\combase.dll
0x00007ffc00600000 - 0x00007ffc006d7000 	C:\WINDOWS\System32\OLEAUT32.dll
0x00007ffbf24f0000 - 0x00007ffbf2522000 	C:\WINDOWS\SYSTEM32\dbgcore.DLL
0x00007ffbfff80000 - 0x00007ffbffffb000 	C:\WINDOWS\System32\bcryptPrimitives.dll
0x00007ffbd5cf0000 - 0x00007ffbd5d15000 	C:\Program Files\Java\jdk-17\bin\java.dll

dbghelp: loaded successfully - version: 4.0.5 - missing functions: none
symbol engine: initialized successfully - sym options: 0x614 - pdb path: .;C:\Program Files\Java\jdk-17\bin;C:\WINDOWS\SYSTEM32;C:\WINDOWS\WinSxS\amd64_microsoft.windows.common-controls_6595b64144ccf1df_6.0.22621.3672_none_2713b9d173822955;C:\Program Files\Java\jdk-17\bin\server

VM Arguments:
jvm_args: -XX:+ShowCodeDetailsInExceptionMessages 
java_command: bank.management.system.Login
java_class_path (initial): C:\Users\vivin\AppData\Roaming\Code\User\workspaceStorage\03aef4cec3476b10e38d3aef6a71f36d\redhat.java\jdt_ws\BANKMANAGEMENTSYSTEM_f5189307\bin;c:\Users\vivin\Desktop\BANKMANAGEMENTSYSTEM\src\icon\jcalendar-tz-1.3.3-4.jar;c:\Users\vivin\Desktop\BANKMANAGEMENTSYSTEM\src\icon\mysql-connector-java-8.0.28.jar
Launcher Type: SUN_STANDARD

[Global flags]
     intx CICompilerCount                          = 3                                         {product} {ergonomic}
     uint ConcGCThreads                            = 1                                         {product} {ergonomic}
     uint G1ConcRefinementThreads                  = 4                                         {product} {ergonomic}
   size_t G1HeapRegionSize                         = 1048576                                   {product} {ergonomic}
    uintx GCDrainStackTargetSize                   = 64                                        {product} {ergonomic}
   size_t InitialHeapSize                          = 100663296                                 {product} {ergonomic}
   size_t MarkStackSize                            = 4194304                                   {product} {ergonomic}
   size_t MaxHeapSize                              = 1595932672                                {product} {ergonomic}
   size_t MinHeapDeltaBytes                        = 1048576                                   {product} {ergonomic}
   size_t MinHeapSize                              = 8388608                                   {product} {ergonomic}
    uintx NonNMethodCodeHeapSize                   = 5832780                                {pd product} {ergonomic}
    uintx NonProfiledCodeHeapSize                  = 122912730                              {pd product} {ergonomic}
    uintx ProfiledCodeHeapSize                     = 122912730                              {pd product} {ergonomic}
    uintx ReservedCodeCacheSize                    = 251658240                              {pd product} {ergonomic}
     bool SegmentedCodeCache                       = true                                      {product} {ergonomic}
     bool ShowCodeDetailsInExceptionMessages       = true                                   {manageable} {command line}
   size_t SoftMaxHeapSize                          = 1595932672                             {manageable} {ergonomic}
     bool UseCompressedClassPointers               = true                           {product lp64_product} {ergonomic}
     bool UseCompressedOops                        = true                           {product lp64_product} {ergonomic}
     bool UseG1GC                                  = true                                      {product} {ergonomic}
     bool UseLargePagesIndividualAllocation        = false                                  {pd product} {ergonomic}

Logging:
Log output configuration:
 #0: stdout all=warning uptime,level,tags
 #1: stderr all=off uptime,level,tags

Environment Variables:
PATH=C:\Program Files\Common Files\Oracle\Java\javapath;C:\WINDOWS\system32;C:\WINDOWS;C:\WINDOWS\System32\Wbem;C:\WINDOWS\System32\WindowsPowerShell\v1.0\;C:\WINDOWS\System32\OpenSSH\;%JAVA_HOME%\bin;C:\Program Files\nodejs\;C:\Program Files\Git\cmd;C:\Program Files\MySQL\MySQL Shell 8.0\bin\;C:\Users\vivin\AppData\Local\Microsoft\WindowsApps;C:\Users\vivin\AppData\Local\Programs\Microsoft VS Code\bin;C:\Users\vivin\AppData\Roaming\npm
USERNAME=vivin
LANG=en_US.UTF-8
OS=Windows_NT
PROCESSOR_IDENTIFIER=AMD64 Family 23 Model 24 Stepping 1, AuthenticAMD



---------------  S Y S T E M  ---------------

OS:
 Windows 11 , 64 bit Build 22621 (10.0.22621.3958)
OS uptime: 1 days 13:30 hours

CPU: total 4 (initial active 4) (4 cores per cpu, 2 threads per core) family 23 model 24 stepping 1 microcode 0x0, cx8, cmov, fxsr, ht, mmx, 3dnowpref, sse, sse2, sse3, ssse3, sse4a, sse4.1, sse4.2, popcnt, lzcnt, tsc, tscinvbit, avx, avx2, aes, clmul, bmi1, bmi2, adx, sha, fma, vzeroupper, clflush, clflushopt

Memory: 4k page, system-wide physical 6086M (408M free)
TotalPageFile size 24518M (AvailPageFile size 39M)
current process WorkingSet (physical memory assigned to process): 11M, peak: 11M
current process commit charge ("private bytes"): 51M, peak: 147M

vm_info: Java HotSpot(TM) 64-Bit Server VM (17.0.7+8-LTS-224) for windows-amd64 JRE (17.0.7+8-LTS-224), built on Feb 28 2023 23:03:02 by "mach5one" with MS VC++ 17.1 (VS2022)

END.
