#
# There is insufficient memory for the Java Runtime Environment to continue.
# Native memory allocation (malloc) failed to allocate 262160 bytes. Error detail: Chunk::new
# Possible reasons:
#   The system is out of physical RAM or swap space
#   This process is running with CompressedOops enabled, and the Java Heap may be blocking the growth of the native heap
# Possible solutions:
#   Reduce memory load on the system
#   Increase physical memory or swap space
#   Check if swap backing store is full
#   Decrease Java heap size (-Xmx/-Xms)
#   Decrease number of Java threads
#   Decrease Java thread stack sizes (-Xss)
#   Set larger code cache with -XX:ReservedCodeCacheSize=
#   JVM is running with Unscaled Compressed Oops mode in which the Java heap is
#     placed in the first 4GB address space. The Java Heap base address is the
#     maximum limit for the native heap growth. Please use -XX:HeapBaseMinAddress
#     to set the Java Heap base and to place the Java Heap above 4GB virtual address.
# This output file may be truncated or incomplete.
#
#  Out of Memory Error (arena.cpp:191), pid=852, tid=32004
#
# JRE version: OpenJDK Runtime Environment Temurin-17.0.12+7 (17.0.12+7) (build 17.0.12+7)
# Java VM: OpenJDK 64-Bit Server VM Temurin-17.0.12+7 (17.0.12+7, mixed mode, tiered, compressed oops, compressed class ptrs, parallel gc, windows-amd64)
# No core dump will be written. Minidumps are not enabled by default on client versions of Windows
#

---------------  S U M M A R Y ------------

Command Line: --add-modules=ALL-SYSTEM --add-opens=java.base/java.util=ALL-UNNAMED --add-opens=java.base/java.lang=ALL-UNNAMED --add-opens=java.base/sun.nio.fs=ALL-UNNAMED -Declipse.application=org.eclipse.jdt.ls.core.id1 -Dosgi.bundles.defaultStartLevel=4 -Declipse.product=org.eclipse.jdt.ls.core.product -Djava.import.generatesMetadataFilesAtProjectRoot=false -DDetectVMInstallationsJob.disabled=true -Dfile.encoding=utf8 -XX:+UseParallelGC -XX:GCTimeRatio=4 -XX:AdaptiveSizePolicyWeight=90 -Dsun.zip.disableMemoryMapping=true -Xmx1G -Xms100m -Xlog:disable -javaagent:c:\Users\vivin\.vscode\extensions\redhat.java-1.34.0-win32-x64\lombok\lombok-1.18.33.jar -XX:+HeapDumpOnOutOfMemoryError -XX:HeapDumpPath=c:\Users\vivin\AppData\Roaming\Code\User\workspaceStorage\03aef4cec3476b10e38d3aef6a71f36d\redhat.java -Daether.dependencyCollector.impl=bf c:\Users\vivin\.vscode\extensions\redhat.java-1.34.0-win32-x64\server\plugins\org.eclipse.equinox.launcher_1.6.900.v20240613-2009.jar -configuration c:\Users\vivin\AppData\Roaming\Code\User\globalStorage\redhat.java\1.34.0\config_win -data c:\Users\vivin\AppData\Roaming\Code\User\workspaceStorage\03aef4cec3476b10e38d3aef6a71f36d\redhat.java\jdt_ws --pipe=\\.\pipe\lsp-29b12080fecc85b6b9fbea405608b0d6-sock

Host: AMD Ryzen 3 3250U with Radeon Graphics         , 4 cores, 5G,  Windows 11 , 64 bit Build 22621 (10.0.22621.3958)
Time: Tue Sep 17 22:05:18 2024 India Standard Time elapsed time: 20.711125 seconds (0d 0h 0m 20s)

---------------  T H R E A D  ---------------

Current thread (0x000001e15c93d9e0):  JavaThread "C2 CompilerThread0" daemon [_thread_in_native, id=32004, stack(0x0000007f8f600000,0x0000007f8f700000)]


Current CompileTask:
C2:  20711 4304       4       org.eclipse.osgi.internal.loader.BundleLoader::addExportedProvidersFor (167 bytes)

Stack: [0x0000007f8f600000,0x0000007f8f700000]
Native frames: (J=compiled Java code, j=interpreted, Vv=VM code, C=native code)
V  [jvm.dll+0x67f929]
V  [jvm.dll+0x8371ba]
V  [jvm.dll+0x838c7e]
V  [jvm.dll+0x8392e3]
V  [jvm.dll+0x24834f]
V  [jvm.dll+0xac9d4]
V  [jvm.dll+0xad01c]
V  [jvm.dll+0x6a4b92]
V  [jvm.dll+0x6a4fd3]
V  [jvm.dll+0x594b0a]
V  [jvm.dll+0x59415b]
V  [jvm.dll+0x57c7de]
V  [jvm.dll+0x57fe27]
V  [jvm.dll+0x57f57d]
V  [jvm.dll+0x57f5e9]
V  [jvm.dll+0x57f460]
V  [jvm.dll+0x57f460]
V  [jvm.dll+0x57f5e9]
V  [jvm.dll+0x57f5e9]
V  [jvm.dll+0x57f5e9]
V  [jvm.dll+0x57f5e9]
V  [jvm.dll+0x57f5e9]
V  [jvm.dll+0x57f5e9]
V  [jvm.dll+0x57f5e9]
V  [jvm.dll+0x57f5e9]
V  [jvm.dll+0x57f5e9]
V  [jvm.dll+0x57f5e9]
V  [jvm.dll+0x57f5e9]
V  [jvm.dll+0x57f5e9]
V  [jvm.dll+0x57f5e9]
V  [jvm.dll+0x57f5e9]
V  [jvm.dll+0x57f5e9]
V  [jvm.dll+0x57f5e9]
V  [jvm.dll+0x57f5e9]
V  [jvm.dll+0x57f5e9]
V  [jvm.dll+0x57f5e9]
V  [jvm.dll+0x57f5e9]
V  [jvm.dll+0x57f5e9]
V  [jvm.dll+0x57f460]
V  [jvm.dll+0x57f5e9]
V  [jvm.dll+0x57f5e9]
V  [jvm.dll+0x57f5e9]
V  [jvm.dll+0x57f5e9]
V  [jvm.dll+0x57f5e9]
V  [jvm.dll+0x57f5e9]
V  [jvm.dll+0x57f5e9]
V  [jvm.dll+0x57f5e9]
V  [jvm.dll+0x57f5e9]
V  [jvm.dll+0x57f5e9]
V  [jvm.dll+0x57f5e9]
V  [jvm.dll+0x57f5e9]
V  [jvm.dll+0x57f5e9]
V  [jvm.dll+0x57f5e9]
V  [jvm.dll+0x57f5e9]
V  [jvm.dll+0x57f5e9]
V  [jvm.dll+0x57f5e9]
V  [jvm.dll+0x57f5e9]
V  [jvm.dll+0x5871b4]
V  [jvm.dll+0x2231c2]
V  [jvm.dll+0x2235bf]
V  [jvm.dll+0x21c6e0]
V  [jvm.dll+0x219be1]
V  [jvm.dll+0x1a58bd]
V  [jvm.dll+0x229a2d]
V  [jvm.dll+0x227bdc]
V  [jvm.dll+0x7ec1f7]
V  [jvm.dll+0x7e65dc]
V  [jvm.dll+0x67e7f7]
C  [ucrtbase.dll+0x29333]
C  [KERNEL32.DLL+0x1257d]
C  [ntdll.dll+0x5af28]


---------------  P R O C E S S  ---------------

Threads class SMR info:
_java_thread_list=0x000001e163f44d00, length=32, elements={
0x000001e148abd720, 0x000001e148b68ef0, 0x000001e15c90afd0, 0x000001e15c933280,
0x000001e15c933cb0, 0x000001e15c935a00, 0x000001e15c938be0, 0x000001e15c93d9e0,
0x000001e15c942ae0, 0x000001e15c94d3f0, 0x000001e161bd7a30, 0x000001e161de7720,
0x000001e1626bf900, 0x000001e1628cee10, 0x000001e1628cf2f0, 0x000001e1625a6b50,
0x000001e162325af0, 0x000001e15c910fe0, 0x000001e15c912e40, 0x000001e15c913860,
0x000001e15c914280, 0x000001e15c911a00, 0x000001e15c911f10, 0x000001e15c912420,
0x000001e165c52500, 0x000001e165c4bfc0, 0x000001e165c4d400, 0x000001e165c50bb0,
0x000001e165c52a10, 0x000001e165c510c0, 0x000001e165c51ae0, 0x000001e1654dc1b0
}

Java Threads: ( => current thread )
  0x000001e148abd720 JavaThread "main" [_thread_blocked, id=15892, stack(0x0000007f8ed00000,0x0000007f8ee00000)]
  0x000001e148b68ef0 JavaThread "Reference Handler" daemon [_thread_blocked, id=31184, stack(0x0000007f8f000000,0x0000007f8f100000)]
  0x000001e15c90afd0 JavaThread "Finalizer" daemon [_thread_blocked, id=32564, stack(0x0000007f8f100000,0x0000007f8f200000)]
  0x000001e15c933280 JavaThread "Signal Dispatcher" daemon [_thread_blocked, id=26172, stack(0x0000007f8f200000,0x0000007f8f300000)]
  0x000001e15c933cb0 JavaThread "Attach Listener" daemon [_thread_blocked, id=31020, stack(0x0000007f8f300000,0x0000007f8f400000)]
  0x000001e15c935a00 JavaThread "Service Thread" daemon [_thread_blocked, id=33760, stack(0x0000007f8f400000,0x0000007f8f500000)]
  0x000001e15c938be0 JavaThread "Monitor Deflation Thread" daemon [_thread_blocked, id=31284, stack(0x0000007f8f500000,0x0000007f8f600000)]
=>0x000001e15c93d9e0 JavaThread "C2 CompilerThread0" daemon [_thread_in_native, id=32004, stack(0x0000007f8f600000,0x0000007f8f700000)]
  0x000001e15c942ae0 JavaThread "C1 CompilerThread0" daemon [_thread_blocked, id=21152, stack(0x0000007f8f700000,0x0000007f8f800000)]
  0x000001e15c94d3f0 JavaThread "Sweeper thread" daemon [_thread_blocked, id=32520, stack(0x0000007f8f800000,0x0000007f8f900000)]
  0x000001e161bd7a30 JavaThread "Common-Cleaner" daemon [_thread_blocked, id=31296, stack(0x0000007f8f900000,0x0000007f8fa00000)]
  0x000001e161de7720 JavaThread "Notification Thread" daemon [_thread_blocked, id=31208, stack(0x0000007f8fa00000,0x0000007f8fb00000)]
  0x000001e1626bf900 JavaThread "Active Thread: Equinox Container: e9b0ddb0-7271-4704-8f67-aa8e772dbc80" [_thread_blocked, id=16300, stack(0x0000007f90000000,0x0000007f90100000)]
  0x000001e1628cee10 JavaThread "Framework Event Dispatcher: Equinox Container: e9b0ddb0-7271-4704-8f67-aa8e772dbc80" daemon [_thread_blocked, id=29020, stack(0x0000007f8ff00000,0x0000007f90000000)]
  0x000001e1628cf2f0 JavaThread "Start Level: Equinox Container: e9b0ddb0-7271-4704-8f67-aa8e772dbc80" daemon [_thread_blocked, id=8812, stack(0x0000007f90100000,0x0000007f90200000)]
  0x000001e1625a6b50 JavaThread "Bundle File Closer" daemon [_thread_blocked, id=21100, stack(0x0000007f90200000,0x0000007f90300000)]
  0x000001e162325af0 JavaThread "SCR Component Actor" daemon [_thread_blocked, id=32396, stack(0x0000007f90300000,0x0000007f90400000)]
  0x000001e15c910fe0 JavaThread "Worker-JM" [_thread_blocked, id=13112, stack(0x0000007f90500000,0x0000007f90600000)]
  0x000001e15c912e40 JavaThread "JNA Cleaner" daemon [_thread_blocked, id=23252, stack(0x0000007f90600000,0x0000007f90700000)]
  0x000001e15c913860 JavaThread "Worker-0: Updating Maven Dependencies" [_thread_blocked, id=5728, stack(0x0000007f90700000,0x0000007f90800000)]
  0x000001e15c914280 JavaThread "Worker-1: Repository registry initialization" [_thread_in_vm, id=19028, stack(0x0000007f90800000,0x0000007f90900000)]
  0x000001e15c911a00 JavaThread "Worker-2" [_thread_blocked, id=32588, stack(0x0000007f90900000,0x0000007f90a00000)]
  0x000001e15c911f10 JavaThread "Worker-3" [_thread_blocked, id=31728, stack(0x0000007f90a00000,0x0000007f90b00000)]
  0x000001e15c912420 JavaThread "Java indexing" daemon [_thread_blocked, id=3680, stack(0x0000007f90c00000,0x0000007f90d00000)]
  0x000001e165c52500 JavaThread "Thread-2" daemon [_thread_in_native, id=4020, stack(0x0000007f90400000,0x0000007f90500000)]
  0x000001e165c4bfc0 JavaThread "Thread-3" daemon [_thread_in_native, id=5324, stack(0x0000007f90b00000,0x0000007f90c00000)]
  0x000001e165c4d400 JavaThread "Thread-4" daemon [_thread_in_native, id=26500, stack(0x0000007f90d00000,0x0000007f90e00000)]
  0x000001e165c50bb0 JavaThread "Thread-5" daemon [_thread_in_native, id=30984, stack(0x0000007f90e00000,0x0000007f90f00000)]
  0x000001e165c52a10 JavaThread "Thread-6" daemon [_thread_in_native, id=31352, stack(0x0000007f90f00000,0x0000007f91000000)]
  0x000001e165c510c0 JavaThread "Framework stop - Equinox Container: e9b0ddb0-7271-4704-8f67-aa8e772dbc80" [_thread_blocked, id=8140, stack(0x0000007f91000000,0x0000007f91100000)]
  0x000001e165c51ae0 JavaThread "SCR Component Registry" daemon [_thread_blocked, id=31564, stack(0x0000007f91100000,0x0000007f91200000)]
  0x000001e1654dc1b0 JavaThread "C2 CompilerThread1" daemon [_thread_blocked, id=31772, stack(0x0000007f91200000,0x0000007f91300000)]

Other Threads:
  0x000001e15c8eaf10 VMThread "VM Thread" [stack: 0x0000007f8ef00000,0x0000007f8f000000] [id=12704]
  0x000001e161de11a0 WatcherThread [stack: 0x0000007f8fb00000,0x0000007f8fc00000] [id=28984]
  0x000001e148ad0d60 GCTaskThread "GC Thread#0" [stack: 0x0000007f8ee00000,0x0000007f8ef00000] [id=19120]
  0x000001e1625e44c0 GCTaskThread "GC Thread#1" [stack: 0x0000007f8fc00000,0x0000007f8fd00000] [id=31892]
  0x000001e1625e57a0 GCTaskThread "GC Thread#2" [stack: 0x0000007f8fd00000,0x0000007f8fe00000] [id=31700]
  0x000001e162200cc0 GCTaskThread "GC Thread#3" [stack: 0x0000007f8fe00000,0x0000007f8ff00000] [id=31504]

Threads with active compile tasks:
C2 CompilerThread0    20863 4304       4       org.eclipse.osgi.internal.loader.BundleLoader::addExportedProvidersFor (167 bytes)

VM state: not at safepoint (normal execution)

VM Mutex/Monitor currently owned by a thread:  ([mutex/lock_event])
[0x000001e148ab7140] Metaspace_lock - owner thread: 0x000001e15c914280

Heap address: 0x00000000c0000000, size: 1024 MB, Compressed Oops mode: 32-bit

CDS archive(s) not mapped
Compressed class space mapped at: 0x0000000100000000-0x0000000140000000, reserved size: 1073741824
Narrow klass base: 0x0000000000000000, Narrow klass shift: 3, Narrow klass range: 0x140000000

GC Precious Log:
 CPUs: 4 total, 4 available
 Memory: 6086M
 Large Page Support: Disabled
 NUMA Support: Disabled
 Compressed Oops: Enabled (32-bit)
 Alignments: Space 512K, Generation 512K, Heap 2M
 Heap Min Capacity: 100M
 Heap Initial Capacity: 100M
 Heap Max Capacity: 1G
 Pre-touch: Disabled
 Parallel Workers: 4

Heap:
 PSYoungGen      total 24064K, used 22440K [0x00000000eab00000, 0x00000000ec700000, 0x0000000100000000)
  eden space 22528K, 94% used [0x00000000eab00000,0x00000000ebfe05f0,0x00000000ec100000)
  from space 1536K, 69% used [0x00000000ec580000,0x00000000ec689d78,0x00000000ec700000)
  to   space 1536K, 0% used [0x00000000ec400000,0x00000000ec400000,0x00000000ec580000)
 ParOldGen       total 68608K, used 15137K [0x00000000c0000000, 0x00000000c4300000, 0x00000000eab00000)
  object space 68608K, 22% used [0x00000000c0000000,0x00000000c0ec84c0,0x00000000c4300000)
 Metaspace       used 42192K, committed 43136K, reserved 1114112K
  class space    used 4385K, committed 4800K, reserved 1048576K

Card table byte_map: [0x000001e148450000,0x000001e148660000] _byte_map_base: 0x000001e147e50000

Marking Bits: (ParMarkBitMap*) 0x00007ffb586958b0
 Begin Bits: [0x000001e15a750000, 0x000001e15b750000)
 End Bits:   [0x000001e15b750000, 0x000001e15c750000)

Polling page: 0x000001e146a30000

Metaspace:

Usage:
  Non-class:     36.92 MB used.
      Class:      4.28 MB used.
       Both:     41.20 MB used.

Virtual space:
  Non-class space:       64.00 MB reserved,      37.44 MB ( 58%) committed,  1 nodes.
      Class space:        1.00 GB reserved,       4.69 MB ( <1%) committed,  1 nodes.
             Both:        1.06 GB reserved,      42.12 MB (  4%) committed. 

Chunk freelists:
   Non-Class:  10.05 MB
       Class:  11.30 MB
        Both:  21.34 MB

MaxMetaspaceSize: unlimited
CompressedClassSpaceSize: 1.00 GB
Initial GC threshold: 21.00 MB
Current GC threshold: 58.38 MB
CDS: off
MetaspaceReclaimPolicy: balanced
 - commit_granule_bytes: 65536.
 - commit_granule_words: 8192.
 - virtual_space_node_default_size: 8388608.
 - enlarge_chunks_in_place: 1.
 - new_chunks_are_fully_committed: 0.
 - uncommit_free_chunks: 1.
 - use_allocation_guard: 0.
 - handle_deallocations: 1.


Internal statistics:

num_allocs_failed_limit: 6.
num_arena_births: 502.
num_arena_deaths: 14.
num_vsnodes_births: 2.
num_vsnodes_deaths: 0.
num_space_committed: 674.
num_space_uncommitted: 0.
num_chunks_returned_to_freelist: 20.
num_chunks_taken_from_freelist: 1985.
num_chunk_merges: 12.
num_chunk_splits: 1249.
num_chunks_enlarged: 755.
num_inconsistent_stats: 0.

CodeHeap 'non-profiled nmethods': size=120000Kb used=2112Kb max_used=2112Kb free=117888Kb
 bounds [0x000001e153220000, 0x000001e153490000, 0x000001e15a750000]
CodeHeap 'profiled nmethods': size=120000Kb used=9523Kb max_used=9523Kb free=110476Kb
 bounds [0x000001e14b750000, 0x000001e14c0a0000, 0x000001e152c80000]
CodeHeap 'non-nmethods': size=5760Kb used=1276Kb max_used=1330Kb free=4483Kb
 bounds [0x000001e152c80000, 0x000001e152ef0000, 0x000001e153220000]
 total_blobs=4984 nmethods=4382 adapters=515
 compilation: enabled
              stopped_count=0, restarted_count=0
 full_count=0

Compilation events (20 events):
Event: 20.669 Thread 0x000001e15c942ae0 4340  s    3       java.lang.StringBuffer::append (13 bytes)
Event: 20.669 Thread 0x000001e15c942ae0 nmethod 4340 0x000001e14c081210 code [0x000001e14c0813c0, 0x000001e14c0815c8]
Event: 20.689 Thread 0x000001e15c942ae0 4341       3       java.util.stream.AbstractPipeline::exactOutputSizeIfKnown (86 bytes)
Event: 20.689 Thread 0x000001e15c942ae0 nmethod 4341 0x000001e14c081690 code [0x000001e14c081880, 0x000001e14c081f28]
Event: 20.690 Thread 0x000001e15c942ae0 4342       3       java.util.stream.Nodes::builder (30 bytes)
Event: 20.690 Thread 0x000001e15c942ae0 nmethod 4342 0x000001e14c082210 code [0x000001e14c082400, 0x000001e14c0829c8]
Event: 20.691 Thread 0x000001e15c942ae0 4343       1       sun.reflect.generics.reflectiveObjects.ParameterizedTypeImpl::getRawType (5 bytes)
Event: 20.691 Thread 0x000001e15c942ae0 nmethod 4343 0x000001e15342a610 code [0x000001e15342a7a0, 0x000001e15342a878]
Event: 20.691 Thread 0x000001e15c942ae0 4344       3       sun.reflect.generics.reflectiveObjects.ParameterizedTypeImpl::getActualTypeArguments (11 bytes)
Event: 20.691 Thread 0x000001e15c942ae0 nmethod 4344 0x000001e14c082c10 code [0x000001e14c082dc0, 0x000001e14c083088]
Event: 20.691 Thread 0x000001e15c942ae0 4345       1       com.google.inject.internal.MoreTypes$ParameterizedTypeImpl::getRawType (5 bytes)
Event: 20.691 Thread 0x000001e15c942ae0 nmethod 4345 0x000001e15342a910 code [0x000001e15342aaa0, 0x000001e15342ab78]
Event: 20.691 Thread 0x000001e15c942ae0 4346       3       java.util.stream.Nodes$ArrayNode::<init> (43 bytes)
Event: 20.692 Thread 0x000001e15c942ae0 nmethod 4346 0x000001e14c083190 code [0x000001e14c083360, 0x000001e14c083798]
Event: 20.694 Thread 0x000001e15c942ae0 4347       3       sun.reflect.annotation.AnnotationParser$1::run (40 bytes)
Event: 20.695 Thread 0x000001e15c942ae0 nmethod 4347 0x000001e14c083910 code [0x000001e14c083b80, 0x000001e14c084958]
Event: 20.701 Thread 0x000001e15c942ae0 4348       3       com.google.inject.internal.Errors::size (27 bytes)
Event: 20.702 Thread 0x000001e15c942ae0 nmethod 4348 0x000001e14c084d90 code [0x000001e14c084f40, 0x000001e14c085168]
Event: 20.702 Thread 0x000001e15c942ae0 4349       3       com.google.inject.internal.Nullability::hasNullableAnnotation (49 bytes)
Event: 20.702 Thread 0x000001e15c942ae0 nmethod 4349 0x000001e14c085290 code [0x000001e14c085460, 0x000001e14c0857c8]

GC Heap History (20 events):
Event: 10.855 GC heap before
{Heap before GC invocations=5 (full 0):
 PSYoungGen      total 29696K, used 7937K [0x00000000eab00000, 0x00000000ecc00000, 0x0000000100000000)
  eden space 25600K, 15% used [0x00000000eab00000,0x00000000eaec6b98,0x00000000ec400000)
  from space 4096K, 99% used [0x00000000ec800000,0x00000000ecbf9bd0,0x00000000ecc00000)
  to   space 4096K, 0% used [0x00000000ec400000,0x00000000ec400000,0x00000000ec800000)
 ParOldGen       total 68608K, used 6304K [0x00000000c0000000, 0x00000000c4300000, 0x00000000eab00000)
  object space 68608K, 9% used [0x00000000c0000000,0x00000000c0628010,0x00000000c4300000)
 Metaspace       used 21114K, committed 21504K, reserved 1114112K
  class space    used 2142K, committed 2304K, reserved 1048576K
}
Event: 10.867 GC heap after
{Heap after GC invocations=5 (full 0):
 PSYoungGen      total 29696K, used 4080K [0x00000000eab00000, 0x00000000ece00000, 0x0000000100000000)
  eden space 25600K, 0% used [0x00000000eab00000,0x00000000eab00000,0x00000000ec400000)
  from space 4096K, 99% used [0x00000000ec400000,0x00000000ec7fc208,0x00000000ec800000)
  to   space 5120K, 0% used [0x00000000ec900000,0x00000000ec900000,0x00000000ece00000)
 ParOldGen       total 68608K, used 6745K [0x00000000c0000000, 0x00000000c4300000, 0x00000000eab00000)
  object space 68608K, 9% used [0x00000000c0000000,0x00000000c06967e8,0x00000000c4300000)
 Metaspace       used 21114K, committed 21504K, reserved 1114112K
  class space    used 2142K, committed 2304K, reserved 1048576K
}
Event: 10.867 GC heap before
{Heap before GC invocations=6 (full 1):
 PSYoungGen      total 29696K, used 4080K [0x00000000eab00000, 0x00000000ece00000, 0x0000000100000000)
  eden space 25600K, 0% used [0x00000000eab00000,0x00000000eab00000,0x00000000ec400000)
  from space 4096K, 99% used [0x00000000ec400000,0x00000000ec7fc208,0x00000000ec800000)
  to   space 5120K, 0% used [0x00000000ec900000,0x00000000ec900000,0x00000000ece00000)
 ParOldGen       total 68608K, used 6745K [0x00000000c0000000, 0x00000000c4300000, 0x00000000eab00000)
  object space 68608K, 9% used [0x00000000c0000000,0x00000000c06967e8,0x00000000c4300000)
 Metaspace       used 21114K, committed 21504K, reserved 1114112K
  class space    used 2142K, committed 2304K, reserved 1048576K
}
Event: 10.923 GC heap after
{Heap after GC invocations=6 (full 1):
 PSYoungGen      total 29696K, used 0K [0x00000000eab00000, 0x00000000ece00000, 0x0000000100000000)
  eden space 25600K, 0% used [0x00000000eab00000,0x00000000eab00000,0x00000000ec400000)
  from space 4096K, 0% used [0x00000000ec400000,0x00000000ec400000,0x00000000ec800000)
  to   space 5120K, 0% used [0x00000000ec900000,0x00000000ec900000,0x00000000ece00000)
 ParOldGen       total 68608K, used 10503K [0x00000000c0000000, 0x00000000c4300000, 0x00000000eab00000)
  object space 68608K, 15% used [0x00000000c0000000,0x00000000c0a41e20,0x00000000c4300000)
 Metaspace       used 21101K, committed 21504K, reserved 1114112K
  class space    used 2138K, committed 2304K, reserved 1048576K
}
Event: 13.170 GC heap before
{Heap before GC invocations=7 (full 1):
 PSYoungGen      total 29696K, used 25600K [0x00000000eab00000, 0x00000000ece00000, 0x0000000100000000)
  eden space 25600K, 100% used [0x00000000eab00000,0x00000000ec400000,0x00000000ec400000)
  from space 4096K, 0% used [0x00000000ec400000,0x00000000ec400000,0x00000000ec800000)
  to   space 5120K, 0% used [0x00000000ec900000,0x00000000ec900000,0x00000000ece00000)
 ParOldGen       total 68608K, used 10503K [0x00000000c0000000, 0x00000000c4300000, 0x00000000eab00000)
  object space 68608K, 15% used [0x00000000c0000000,0x00000000c0a41e20,0x00000000c4300000)
 Metaspace       used 24754K, committed 25344K, reserved 1114112K
  class space    used 2542K, committed 2816K, reserved 1048576K
}
Event: 13.177 GC heap after
{Heap after GC invocations=7 (full 1):
 PSYoungGen      total 26624K, used 1161K [0x00000000eab00000, 0x00000000eca80000, 0x0000000100000000)
  eden space 25088K, 0% used [0x00000000eab00000,0x00000000eab00000,0x00000000ec380000)
  from space 1536K, 75% used [0x00000000ec900000,0x00000000eca22558,0x00000000eca80000)
  to   space 2560K, 0% used [0x00000000ec580000,0x00000000ec580000,0x00000000ec800000)
 ParOldGen       total 68608K, used 10511K [0x00000000c0000000, 0x00000000c4300000, 0x00000000eab00000)
  object space 68608K, 15% used [0x00000000c0000000,0x00000000c0a43e20,0x00000000c4300000)
 Metaspace       used 24754K, committed 25344K, reserved 1114112K
  class space    used 2542K, committed 2816K, reserved 1048576K
}
Event: 13.800 GC heap before
{Heap before GC invocations=8 (full 1):
 PSYoungGen      total 26624K, used 26249K [0x00000000eab00000, 0x00000000eca80000, 0x0000000100000000)
  eden space 25088K, 100% used [0x00000000eab00000,0x00000000ec380000,0x00000000ec380000)
  from space 1536K, 75% used [0x00000000ec900000,0x00000000eca22558,0x00000000eca80000)
  to   space 2560K, 0% used [0x00000000ec580000,0x00000000ec580000,0x00000000ec800000)
 ParOldGen       total 68608K, used 10511K [0x00000000c0000000, 0x00000000c4300000, 0x00000000eab00000)
  object space 68608K, 15% used [0x00000000c0000000,0x00000000c0a43e20,0x00000000c4300000)
 Metaspace       used 27644K, committed 28352K, reserved 1114112K
  class space    used 2847K, committed 3136K, reserved 1048576K
}
Event: 13.804 GC heap after
{Heap after GC invocations=8 (full 1):
 PSYoungGen      total 27136K, used 2558K [0x00000000eab00000, 0x00000000eca00000, 0x0000000100000000)
  eden space 24576K, 0% used [0x00000000eab00000,0x00000000eab00000,0x00000000ec300000)
  from space 2560K, 99% used [0x00000000ec580000,0x00000000ec7ff848,0x00000000ec800000)
  to   space 2048K, 0% used [0x00000000ec800000,0x00000000ec800000,0x00000000eca00000)
 ParOldGen       total 68608K, used 10819K [0x00000000c0000000, 0x00000000c4300000, 0x00000000eab00000)
  object space 68608K, 15% used [0x00000000c0000000,0x00000000c0a90e40,0x00000000c4300000)
 Metaspace       used 27644K, committed 28352K, reserved 1114112K
  class space    used 2847K, committed 3136K, reserved 1048576K
}
Event: 15.021 GC heap before
{Heap before GC invocations=9 (full 1):
 PSYoungGen      total 27136K, used 27134K [0x00000000eab00000, 0x00000000eca00000, 0x0000000100000000)
  eden space 24576K, 100% used [0x00000000eab00000,0x00000000ec300000,0x00000000ec300000)
  from space 2560K, 99% used [0x00000000ec580000,0x00000000ec7ff848,0x00000000ec800000)
  to   space 2048K, 0% used [0x00000000ec800000,0x00000000ec800000,0x00000000eca00000)
 ParOldGen       total 68608K, used 10819K [0x00000000c0000000, 0x00000000c4300000, 0x00000000eab00000)
  object space 68608K, 15% used [0x00000000c0000000,0x00000000c0a90e40,0x00000000c4300000)
 Metaspace       used 30232K, committed 30912K, reserved 1114112K
  class space    used 3027K, committed 3328K, reserved 1048576K
}
Event: 15.030 GC heap after
{Heap after GC invocations=9 (full 1):
 PSYoungGen      total 26112K, used 2021K [0x00000000eab00000, 0x00000000eca00000, 0x0000000100000000)
  eden space 24064K, 0% used [0x00000000eab00000,0x00000000eab00000,0x00000000ec280000)
  from space 2048K, 98% used [0x00000000ec800000,0x00000000ec9f9558,0x00000000eca00000)
  to   space 3072K, 0% used [0x00000000ec400000,0x00000000ec400000,0x00000000ec700000)
 ParOldGen       total 68608K, used 11523K [0x00000000c0000000, 0x00000000c4300000, 0x00000000eab00000)
  object space 68608K, 16% used [0x00000000c0000000,0x00000000c0b40e50,0x00000000c4300000)
 Metaspace       used 30232K, committed 30912K, reserved 1114112K
  class space    used 3027K, committed 3328K, reserved 1048576K
}
Event: 16.604 GC heap before
{Heap before GC invocations=10 (full 1):
 PSYoungGen      total 26112K, used 26085K [0x00000000eab00000, 0x00000000eca00000, 0x0000000100000000)
  eden space 24064K, 100% used [0x00000000eab00000,0x00000000ec280000,0x00000000ec280000)
  from space 2048K, 98% used [0x00000000ec800000,0x00000000ec9f9558,0x00000000eca00000)
  to   space 3072K, 0% used [0x00000000ec400000,0x00000000ec400000,0x00000000ec700000)
 ParOldGen       total 68608K, used 11523K [0x00000000c0000000, 0x00000000c4300000, 0x00000000eab00000)
  object space 68608K, 16% used [0x00000000c0000000,0x00000000c0b40e50,0x00000000c4300000)
 Metaspace       used 33147K, committed 33856K, reserved 1114112K
  class space    used 3349K, committed 3648K, reserved 1048576K
}
Event: 16.610 GC heap after
{Heap after GC invocations=10 (full 1):
 PSYoungGen      total 26624K, used 3063K [0x00000000eab00000, 0x00000000ecc00000, 0x0000000100000000)
  eden space 23552K, 0% used [0x00000000eab00000,0x00000000eab00000,0x00000000ec200000)
  from space 3072K, 99% used [0x00000000ec400000,0x00000000ec6fdff0,0x00000000ec700000)
  to   space 5120K, 0% used [0x00000000ec700000,0x00000000ec700000,0x00000000ecc00000)
 ParOldGen       total 68608K, used 12796K [0x00000000c0000000, 0x00000000c4300000, 0x00000000eab00000)
  object space 68608K, 18% used [0x00000000c0000000,0x00000000c0c7f138,0x00000000c4300000)
 Metaspace       used 33147K, committed 33856K, reserved 1114112K
  class space    used 3349K, committed 3648K, reserved 1048576K
}
Event: 17.270 GC heap before
{Heap before GC invocations=11 (full 1):
 PSYoungGen      total 26624K, used 24437K [0x00000000eab00000, 0x00000000ecc00000, 0x0000000100000000)
  eden space 23552K, 90% used [0x00000000eab00000,0x00000000ebfdf410,0x00000000ec200000)
  from space 3072K, 99% used [0x00000000ec400000,0x00000000ec6fdff0,0x00000000ec700000)
  to   space 5120K, 0% used [0x00000000ec700000,0x00000000ec700000,0x00000000ecc00000)
 ParOldGen       total 68608K, used 12796K [0x00000000c0000000, 0x00000000c4300000, 0x00000000eab00000)
  object space 68608K, 18% used [0x00000000c0000000,0x00000000c0c7f138,0x00000000c4300000)
 Metaspace       used 35099K, committed 35840K, reserved 1114112K
  class space    used 3550K, committed 3904K, reserved 1048576K
}
Event: 17.279 GC heap after
{Heap after GC invocations=11 (full 1):
 PSYoungGen      total 26624K, used 2683K [0x00000000eab00000, 0x00000000eca00000, 0x0000000100000000)
  eden space 23552K, 0% used [0x00000000eab00000,0x00000000eab00000,0x00000000ec200000)
  from space 3072K, 87% used [0x00000000ec700000,0x00000000ec99ee48,0x00000000eca00000)
  to   space 3584K, 0% used [0x00000000ec300000,0x00000000ec300000,0x00000000ec680000)
 ParOldGen       total 68608K, used 14354K [0x00000000c0000000, 0x00000000c4300000, 0x00000000eab00000)
  object space 68608K, 20% used [0x00000000c0000000,0x00000000c0e04b60,0x00000000c4300000)
 Metaspace       used 35099K, committed 35840K, reserved 1114112K
  class space    used 3550K, committed 3904K, reserved 1048576K
}
Event: 17.279 GC heap before
{Heap before GC invocations=12 (full 2):
 PSYoungGen      total 26624K, used 2683K [0x00000000eab00000, 0x00000000eca00000, 0x0000000100000000)
  eden space 23552K, 0% used [0x00000000eab00000,0x00000000eab00000,0x00000000ec200000)
  from space 3072K, 87% used [0x00000000ec700000,0x00000000ec99ee48,0x00000000eca00000)
  to   space 3584K, 0% used [0x00000000ec300000,0x00000000ec300000,0x00000000ec680000)
 ParOldGen       total 68608K, used 14354K [0x00000000c0000000, 0x00000000c4300000, 0x00000000eab00000)
  object space 68608K, 20% used [0x00000000c0000000,0x00000000c0e04b60,0x00000000c4300000)
 Metaspace       used 35099K, committed 35840K, reserved 1114112K
  class space    used 3550K, committed 3904K, reserved 1048576K
}
Event: 17.343 GC heap after
{Heap after GC invocations=12 (full 2):
 PSYoungGen      total 26624K, used 0K [0x00000000eab00000, 0x00000000eca00000, 0x0000000100000000)
  eden space 23552K, 0% used [0x00000000eab00000,0x00000000eab00000,0x00000000ec200000)
  from space 3072K, 0% used [0x00000000ec700000,0x00000000ec700000,0x00000000eca00000)
  to   space 3584K, 0% used [0x00000000ec300000,0x00000000ec300000,0x00000000ec680000)
 ParOldGen       total 68608K, used 14457K [0x00000000c0000000, 0x00000000c4300000, 0x00000000eab00000)
  object space 68608K, 21% used [0x00000000c0000000,0x00000000c0e1e478,0x00000000c4300000)
 Metaspace       used 35099K, committed 35840K, reserved 1114112K
  class space    used 3550K, committed 3904K, reserved 1048576K
}
Event: 18.524 GC heap before
{Heap before GC invocations=13 (full 2):
 PSYoungGen      total 26624K, used 23552K [0x00000000eab00000, 0x00000000eca00000, 0x0000000100000000)
  eden space 23552K, 100% used [0x00000000eab00000,0x00000000ec200000,0x00000000ec200000)
  from space 3072K, 0% used [0x00000000ec700000,0x00000000ec700000,0x00000000eca00000)
  to   space 3584K, 0% used [0x00000000ec300000,0x00000000ec300000,0x00000000ec680000)
 ParOldGen       total 68608K, used 14457K [0x00000000c0000000, 0x00000000c4300000, 0x00000000eab00000)
  object space 68608K, 21% used [0x00000000c0000000,0x00000000c0e1e478,0x00000000c4300000)
 Metaspace       used 37093K, committed 37952K, reserved 1114112K
  class space    used 3767K, committed 4160K, reserved 1048576K
}
Event: 18.531 GC heap after
{Heap after GC invocations=13 (full 2):
 PSYoungGen      total 24064K, used 750K [0x00000000eab00000, 0x00000000ec780000, 0x0000000100000000)
  eden space 23040K, 0% used [0x00000000eab00000,0x00000000eab00000,0x00000000ec180000)
  from space 1024K, 73% used [0x00000000ec300000,0x00000000ec3bbbb8,0x00000000ec400000)
  to   space 2048K, 0% used [0x00000000ec580000,0x00000000ec580000,0x00000000ec780000)
 ParOldGen       total 68608K, used 14465K [0x00000000c0000000, 0x00000000c4300000, 0x00000000eab00000)
  object space 68608K, 21% used [0x00000000c0000000,0x00000000c0e20478,0x00000000c4300000)
 Metaspace       used 37093K, committed 37952K, reserved 1114112K
  class space    used 3767K, committed 4160K, reserved 1048576K
}
Event: 19.988 GC heap before
{Heap before GC invocations=14 (full 2):
 PSYoungGen      total 24064K, used 23790K [0x00000000eab00000, 0x00000000ec780000, 0x0000000100000000)
  eden space 23040K, 100% used [0x00000000eab00000,0x00000000ec180000,0x00000000ec180000)
  from space 1024K, 73% used [0x00000000ec300000,0x00000000ec3bbbb8,0x00000000ec400000)
  to   space 2048K, 0% used [0x00000000ec580000,0x00000000ec580000,0x00000000ec780000)
 ParOldGen       total 68608K, used 14465K [0x00000000c0000000, 0x00000000c4300000, 0x00000000eab00000)
  object space 68608K, 21% used [0x00000000c0000000,0x00000000c0e20478,0x00000000c4300000)
 Metaspace       used 39770K, committed 40704K, reserved 1114112K
  class space    used 4084K, committed 4480K, reserved 1048576K
}
Event: 19.995 GC heap after
{Heap after GC invocations=14 (full 2):
 PSYoungGen      total 24064K, used 1063K [0x00000000eab00000, 0x00000000ec700000, 0x0000000100000000)
  eden space 22528K, 0% used [0x00000000eab00000,0x00000000eab00000,0x00000000ec100000)
  from space 1536K, 69% used [0x00000000ec580000,0x00000000ec689d78,0x00000000ec700000)
  to   space 1536K, 0% used [0x00000000ec400000,0x00000000ec400000,0x00000000ec580000)
 ParOldGen       total 68608K, used 15137K [0x00000000c0000000, 0x00000000c4300000, 0x00000000eab00000)
  object space 68608K, 22% used [0x00000000c0000000,0x00000000c0ec84c0,0x00000000c4300000)
 Metaspace       used 39770K, committed 40704K, reserved 1114112K
  class space    used 4084K, committed 4480K, reserved 1048576K
}

Dll operation events (10 events):
Event: 0.050 Loaded shared library c:\Users\vivin\.vscode\extensions\redhat.java-1.34.0-win32-x64\jre\17.0.12-win32-x86_64\bin\java.dll
Event: 0.477 Loaded shared library c:\Users\vivin\.vscode\extensions\redhat.java-1.34.0-win32-x64\jre\17.0.12-win32-x86_64\bin\zip.dll
Event: 0.482 Loaded shared library C:\Users\vivin\.vscode\extensions\redhat.java-1.34.0-win32-x64\jre\17.0.12-win32-x86_64\bin\instrument.dll
Event: 0.621 Loaded shared library C:\Users\vivin\.vscode\extensions\redhat.java-1.34.0-win32-x64\jre\17.0.12-win32-x86_64\bin\net.dll
Event: 0.640 Loaded shared library C:\Users\vivin\.vscode\extensions\redhat.java-1.34.0-win32-x64\jre\17.0.12-win32-x86_64\bin\nio.dll
Event: 0.652 Loaded shared library C:\Users\vivin\.vscode\extensions\redhat.java-1.34.0-win32-x64\jre\17.0.12-win32-x86_64\bin\zip.dll
Event: 0.688 Loaded shared library C:\Users\vivin\.vscode\extensions\redhat.java-1.34.0-win32-x64\jre\17.0.12-win32-x86_64\bin\jimage.dll
Event: 0.881 Loaded shared library c:\Users\vivin\.vscode\extensions\redhat.java-1.34.0-win32-x64\jre\17.0.12-win32-x86_64\bin\verify.dll
Event: 5.227 Loaded shared library C:\Users\vivin\AppData\Roaming\Code\User\globalStorage\redhat.java\1.34.0\config_win\org.eclipse.equinox.launcher\org.eclipse.equinox.launcher.win32.win32.x86_64_1.2.1100.v20240722-2106\eclipse_11904.dll
Event: 12.647 Loaded shared library C:\Users\vivin\AppData\Local\Temp\jna-112220296\jna11659604612321781639.dll

Deoptimization events (20 events):
Event: 20.495 Thread 0x000001e148abd720 Uncommon trap: trap_request=0xffffff45 fr.pc=0x000001e1534034ac relative=0x00000000000011cc
Event: 20.495 Thread 0x000001e148abd720 Uncommon trap: reason=unstable_if action=reinterpret pc=0x000001e1534034ac method=java.util.Properties.loadConvert([CIILjava/lang/StringBuilder;)Ljava/lang/String; @ 477 c2
Event: 20.495 Thread 0x000001e148abd720 DEOPT PACKING pc=0x000001e1534034ac sp=0x0000007f8edf90a0
Event: 20.495 Thread 0x000001e148abd720 DEOPT UNPACKING pc=0x000001e152cd66a3 sp=0x0000007f8edf9068 mode 2
Event: 20.631 Thread 0x000001e165c52a10 Uncommon trap: trap_request=0xffffffc6 fr.pc=0x000001e1533eda6c relative=0x000000000000020c
Event: 20.631 Thread 0x000001e165c52a10 Uncommon trap: reason=bimorphic_or_optimized_type_check action=maybe_recompile pc=0x000001e1533eda6c method=java.lang.ThreadLocal.set(Ljava/lang/Object;)V @ 6 c2
Event: 20.631 Thread 0x000001e165c52a10 DEOPT PACKING pc=0x000001e1533eda6c sp=0x0000007f90ffef00
Event: 20.631 Thread 0x000001e165c52a10 DEOPT UNPACKING pc=0x000001e152cd66a3 sp=0x0000007f90ffeea8 mode 2
Event: 20.631 Thread 0x000001e165c50bb0 Uncommon trap: trap_request=0xffffffc6 fr.pc=0x000001e1533eda6c relative=0x000000000000020c
Event: 20.631 Thread 0x000001e165c50bb0 Uncommon trap: reason=bimorphic_or_optimized_type_check action=maybe_recompile pc=0x000001e1533eda6c method=java.lang.ThreadLocal.set(Ljava/lang/Object;)V @ 6 c2
Event: 20.631 Thread 0x000001e165c50bb0 DEOPT PACKING pc=0x000001e1533eda6c sp=0x0000007f90efee50
Event: 20.631 Thread 0x000001e165c50bb0 DEOPT UNPACKING pc=0x000001e152cd66a3 sp=0x0000007f90efedf8 mode 2
Event: 20.631 Thread 0x000001e165c4d400 Uncommon trap: trap_request=0xffffffc6 fr.pc=0x000001e1533eda6c relative=0x000000000000020c
Event: 20.631 Thread 0x000001e165c4d400 Uncommon trap: reason=bimorphic_or_optimized_type_check action=maybe_recompile pc=0x000001e1533eda6c method=java.lang.ThreadLocal.set(Ljava/lang/Object;)V @ 6 c2
Event: 20.631 Thread 0x000001e165c4d400 DEOPT PACKING pc=0x000001e1533eda6c sp=0x0000007f90dff100
Event: 20.631 Thread 0x000001e165c4d400 DEOPT UNPACKING pc=0x000001e152cd66a3 sp=0x0000007f90dff0a8 mode 2
Event: 20.631 Thread 0x000001e165c4bfc0 Uncommon trap: trap_request=0xffffffc6 fr.pc=0x000001e1533eda6c relative=0x000000000000020c
Event: 20.631 Thread 0x000001e165c4bfc0 Uncommon trap: reason=bimorphic_or_optimized_type_check action=maybe_recompile pc=0x000001e1533eda6c method=java.lang.ThreadLocal.set(Ljava/lang/Object;)V @ 6 c2
Event: 20.631 Thread 0x000001e165c4bfc0 DEOPT PACKING pc=0x000001e1533eda6c sp=0x0000007f90bfee20
Event: 20.631 Thread 0x000001e165c4bfc0 DEOPT UNPACKING pc=0x000001e152cd66a3 sp=0x0000007f90bfedc8 mode 2

Classes loaded (20 events):
Event: 20.598 Loading class sun/nio/ch/ThreadPool
Event: 20.598 Loading class sun/nio/ch/ThreadPool done
Event: 20.599 Loading class sun/nio/ch/Iocp$EventHandlerTask
Event: 20.599 Loading class sun/nio/ch/Iocp$EventHandlerTask done
Event: 20.599 Loading class sun/nio/ch/AsynchronousChannelGroupImpl$2
Event: 20.599 Loading class sun/nio/ch/AsynchronousChannelGroupImpl$2 done
Event: 20.600 Loading class sun/nio/ch/AsynchronousChannelGroupImpl$1
Event: 20.600 Loading class sun/nio/ch/AsynchronousChannelGroupImpl$1 done
Event: 20.601 Loading class sun/nio/ch/PendingIoCache
Event: 20.602 Loading class sun/nio/ch/PendingIoCache done
Event: 20.613 Loading class sun/nio/ch/Invoker
Event: 20.613 Loading class sun/nio/ch/Invoker done
Event: 20.630 Loading class sun/nio/ch/Invoker$1
Event: 20.631 Loading class sun/nio/ch/Invoker$1 done
Event: 20.631 Loading class sun/nio/ch/Invoker$GroupAndInvokeCount
Event: 20.631 Loading class sun/nio/ch/Invoker$GroupAndInvokeCount done
Event: 20.667 Loading class java/lang/Throwable$WrappedPrintWriter
Event: 20.668 Loading class java/lang/Throwable$PrintStreamOrWriter
Event: 20.668 Loading class java/lang/Throwable$PrintStreamOrWriter done
Event: 20.668 Loading class java/lang/Throwable$WrappedPrintWriter done

Classes unloaded (7 events):
Event: 10.877 Thread 0x000001e15c8eaf10 Unloading class 0x0000000100248400 'java/lang/invoke/LambdaForm$MH+0x0000000100248400'
Event: 10.877 Thread 0x000001e15c8eaf10 Unloading class 0x0000000100248000 'java/lang/invoke/LambdaForm$MH+0x0000000100248000'
Event: 10.877 Thread 0x000001e15c8eaf10 Unloading class 0x0000000100247c00 'java/lang/invoke/LambdaForm$MH+0x0000000100247c00'
Event: 10.877 Thread 0x000001e15c8eaf10 Unloading class 0x0000000100247800 'java/lang/invoke/LambdaForm$MH+0x0000000100247800'
Event: 10.877 Thread 0x000001e15c8eaf10 Unloading class 0x0000000100247400 'java/lang/invoke/LambdaForm$BMH+0x0000000100247400'
Event: 10.877 Thread 0x000001e15c8eaf10 Unloading class 0x0000000100247000 'java/lang/invoke/LambdaForm$DMH+0x0000000100247000'
Event: 10.877 Thread 0x000001e15c8eaf10 Unloading class 0x0000000100244400 'java/lang/invoke/LambdaForm$DMH+0x0000000100244400'

Classes redefined (0 events):
No events

Internal exceptions (20 events):
Event: 15.183 Thread 0x000001e15c913860 Exception <a 'java/lang/NoSuchMethodError'{0x00000000ead8b378}: 'java.lang.Object java.lang.invoke.DelegatingMethodHandle$Holder.delegate(java.lang.Object, int, java.lang.Object, java.lang.Object)'> (0x00000000ead8b378) 
thrown [s\src\hotspot\share\interpreter\linkResolver.cpp, line 759]
Event: 15.188 Thread 0x000001e15c913860 Exception <a 'java/lang/NoSuchMethodError'{0x00000000eade3ad0}: 'int java.lang.invoke.Invokers$Holder.linkToTargetMethod(java.lang.Object, java.lang.Object, java.lang.Object)'> (0x00000000eade3ad0) 
thrown [s\src\hotspot\share\interpreter\linkResolver.cpp, line 759]
Event: 15.555 Thread 0x000001e15c914280 Exception <a 'java/lang/NoSuchMethodError'{0x00000000eb0ca6b0}: 'java.lang.Object java.lang.invoke.DirectMethodHandle$Holder.invokeSpecialIFC(java.lang.Object, java.lang.Object, java.lang.Object, java.lang.Object)'> (0x00000000eb0ca6b0) 
thrown [s\src\hotspot\share\interpreter\linkResolver.cpp, line 759]
Event: 16.467 Thread 0x000001e1628cf2f0 Implicit null exception at 0x000001e15337e048 to 0x000001e15337e108
Event: 17.062 Thread 0x000001e15c914280 Exception <a 'java/lang/NoSuchMethodError'{0x00000000eb335bd8}: 'int java.lang.invoke.DirectMethodHandle$Holder.invokeStatic(java.lang.Object, java.lang.Object, java.lang.Object, java.lang.Object, java.lang.Object)'> (0x00000000eb335bd8) 
thrown [s\src\hotspot\share\interpreter\linkResolver.cpp, line 759]
Event: 17.217 Thread 0x000001e1628cf2f0 Exception <a 'java/io/FileNotFoundException'{0x00000000ebf110f8}> (0x00000000ebf110f8) 
thrown [s\src\hotspot\share\prims\jni.cpp, line 516]
Event: 17.906 Thread 0x000001e15c914280 Exception <a 'java/lang/NoClassDefFoundError'{0x00000000eb3ebe70}: javax/enterprise/inject/Typed> (0x00000000eb3ebe70) 
thrown [s\src\hotspot\share\classfile\systemDictionary.cpp, line 245]
Event: 18.439 Thread 0x000001e1628cf2f0 Exception <a 'java/lang/ClassNotFoundException'{0x00000000ebfdd9e0}: com/sun/org/apache/xerces/internal/impl/msg/spi/DOMMessagesProvider> (0x00000000ebfdd9e0) 
thrown [s\src\hotspot\share\classfile\systemDictionary.cpp, line 256]
Event: 18.441 Thread 0x000001e1628cf2f0 Exception <a 'java/lang/ClassNotFoundException'{0x00000000ebfef118}: com/sun/org/apache/xerces/internal/impl/msg/spi/XMLSerializerMessagesProvider> (0x00000000ebfef118) 
thrown [s\src\hotspot\share\classfile\systemDictionary.cpp, line 256]
Event: 18.446 Thread 0x000001e1628cf2f0 Exception <a 'java/lang/ClassNotFoundException'{0x00000000ebffc3a0}: com/sun/org/apache/xerces/internal/impl/msg/spi/XMLMessagesProvider> (0x00000000ebffc3a0) 
thrown [s\src\hotspot\share\classfile\systemDictionary.cpp, line 256]
Event: 19.417 Thread 0x000001e1628cf2f0 Exception <a 'java/lang/ClassNotFoundException'{0x00000000eb8683f8}: com/sun/org/apache/xml/internal/serializer/spi/XMLEntitiesProvider> (0x00000000eb8683f8) 
thrown [s\src\hotspot\share\classfile\systemDictionary.cpp, line 256]
Event: 19.947 Thread 0x000001e1628cf2f0 Exception <a 'java/io/FileNotFoundException'{0x00000000ec073340}> (0x00000000ec073340) 
thrown [s\src\hotspot\share\prims\jni.cpp, line 516]
Event: 20.057 Thread 0x000001e1628cf2f0 Exception <a 'java/lang/UnsatisfiedLinkError'{0x00000000eacc6858}: The specified procedure could not be found.
> (0x00000000eacc6858) 
thrown [s\src\hotspot\share\prims\jni.cpp, line 535]
Event: 20.076 Thread 0x000001e1628cf2f0 Exception <a 'java/io/FileNotFoundException'{0x00000000eacde7f8}> (0x00000000eacde7f8) 
thrown [s\src\hotspot\share\prims\jni.cpp, line 516]
Event: 20.118 Thread 0x000001e1628cf2f0 Exception <a 'java/io/FileNotFoundException'{0x00000000eaeeadf8}> (0x00000000eaeeadf8) 
thrown [s\src\hotspot\share\prims\jni.cpp, line 516]
Event: 20.129 Thread 0x000001e1628cf2f0 Exception <a 'java/lang/UnsatisfiedLinkError'{0x00000000eaf795a8}: The specified procedure could not be found.
> (0x00000000eaf795a8) 
thrown [s\src\hotspot\share\prims\jni.cpp, line 535]
Event: 20.581 Thread 0x000001e148abd720 Exception <a 'java/lang/NoSuchMethodError'{0x00000000eb925f70}: 'java.lang.Object java.lang.invoke.DirectMethodHandle$Holder.invokeStatic(java.lang.Object, java.lang.Object, long, java.lang.Object)'> (0x00000000eb925f70) 
thrown [s\src\hotspot\share\interpreter\linkResolver.cpp, line 759]
Event: 20.581 Thread 0x000001e148abd720 Exception <a 'java/lang/NoSuchMethodError'{0x00000000eb929ec8}: 'java.lang.Object java.lang.invoke.DirectMethodHandle$Holder.invokeStaticInit(java.lang.Object, java.lang.Object, long, java.lang.Object)'> (0x00000000eb929ec8) 
thrown [s\src\hotspot\share\interpreter\linkResolver.cpp, line 759]
Event: 20.582 Thread 0x000001e148abd720 Exception <a 'java/lang/NoSuchMethodError'{0x00000000eb930bd0}: 'java.lang.Object java.lang.invoke.DirectMethodHandle$Holder.newInvokeSpecial(java.lang.Object, java.lang.Object, long)'> (0x00000000eb930bd0) 
thrown [s\src\hotspot\share\interpreter\linkResolver.cpp, line 759]
Event: 20.657 Thread 0x000001e148abd720 Exception <a 'java/lang/RuntimeException'{0x00000000eba13cd0}: snapshot not available> (0x00000000eba13cd0) 
thrown [s\src\hotspot\share\prims\jni.cpp, line 535]

VM Operations (20 events):
Event: 17.255 Executing VM operation: CollectForMetadataAllocation
Event: 17.389 Executing VM operation: CollectForMetadataAllocation done
Event: 17.804 Executing VM operation: HandshakeAllThreads
Event: 17.804 Executing VM operation: HandshakeAllThreads done
Event: 18.243 Executing VM operation: HandshakeAllThreads
Event: 18.248 Executing VM operation: HandshakeAllThreads done
Event: 18.508 Executing VM operation: ParallelGCFailedAllocation
Event: 18.539 Executing VM operation: ParallelGCFailedAllocation done
Event: 18.891 Executing VM operation: HandshakeAllThreads
Event: 18.905 Executing VM operation: HandshakeAllThreads done
Event: 19.152 Executing VM operation: HandshakeAllThreads
Event: 19.159 Executing VM operation: HandshakeAllThreads done
Event: 19.531 Executing VM operation: HandshakeAllThreads
Event: 19.543 Executing VM operation: HandshakeAllThreads done
Event: 19.543 Executing VM operation: Cleanup
Event: 19.544 Executing VM operation: Cleanup done
Event: 19.981 Executing VM operation: ParallelGCFailedAllocation
Event: 20.000 Executing VM operation: ParallelGCFailedAllocation done
Event: 20.611 Executing VM operation: HandshakeAllThreads
Event: 20.623 Executing VM operation: HandshakeAllThreads done

Events (20 events):
Event: 12.820 Thread 0x000001e15c913860 Thread added: 0x000001e15c913860
Event: 12.866 Thread 0x000001e15c914280 Thread added: 0x000001e15c914280
Event: 14.050 Thread 0x000001e161c7da30 Thread added: 0x000001e161c7da30
Event: 14.184 Thread 0x000001e161c7da30 Thread exited: 0x000001e161c7da30
Event: 14.768 Thread 0x000001e15c911a00 Thread added: 0x000001e15c911a00
Event: 14.918 Thread 0x000001e15c911f10 Thread added: 0x000001e15c911f10
Event: 15.330 Thread 0x000001e16280d240 Thread added: 0x000001e16280d240
Event: 15.553 Thread 0x000001e16280d240 Thread exited: 0x000001e16280d240
Event: 17.501 Thread 0x000001e162c3c700 Thread added: 0x000001e162c3c700
Event: 18.633 Thread 0x000001e15c912420 Thread added: 0x000001e15c912420
Event: 18.779 Thread 0x000001e162819480 Thread exited: 0x000001e162819480
Event: 19.418 Thread 0x000001e162c3c700 Thread exited: 0x000001e162c3c700
Event: 19.440 Thread 0x000001e1650ee320 Thread added: 0x000001e1650ee320
Event: 19.975 Thread 0x000001e1650ee320 Thread exited: 0x000001e1650ee320
Event: 20.600 Thread 0x000001e165c52500 Thread added: 0x000001e165c52500
Event: 20.601 Thread 0x000001e165c4bfc0 Thread added: 0x000001e165c4bfc0
Event: 20.601 Thread 0x000001e165c4d400 Thread added: 0x000001e165c4d400
Event: 20.601 Thread 0x000001e165c50bb0 Thread added: 0x000001e165c50bb0
Event: 20.601 Thread 0x000001e165c52a10 Thread added: 0x000001e165c52a10
Event: 20.670 Thread 0x000001e165c510c0 Thread added: 0x000001e165c510c0


Dynamic libraries:
0x00007ff7446f0000 - 0x00007ff7446fe000 	c:\Users\vivin\.vscode\extensions\redhat.java-1.34.0-win32-x64\jre\17.0.12-win32-x86_64\bin\java.exe
0x00007ffbdbd30000 - 0x00007ffbdbf47000 	C:\WINDOWS\SYSTEM32\ntdll.dll
0x00007ffbdaa10000 - 0x00007ffbdaad4000 	C:\WINDOWS\System32\KERNEL32.DLL
0x00007ffbd9420000 - 0x00007ffbd97cd000 	C:\WINDOWS\System32\KERNELBASE.dll
0x00007ffbd9910000 - 0x00007ffbd9a21000 	C:\WINDOWS\System32\ucrtbase.dll
0x00007ffbd5730000 - 0x00007ffbd574b000 	c:\Users\vivin\.vscode\extensions\redhat.java-1.34.0-win32-x64\jre\17.0.12-win32-x86_64\bin\VCRUNTIME140.dll
0x00007ffbd5780000 - 0x00007ffbd5797000 	c:\Users\vivin\.vscode\extensions\redhat.java-1.34.0-win32-x64\jre\17.0.12-win32-x86_64\bin\jli.dll
0x00007ffbdafb0000 - 0x00007ffbdb15e000 	C:\WINDOWS\System32\USER32.dll
0x00007ffbd9260000 - 0x00007ffbd9286000 	C:\WINDOWS\System32\win32u.dll
0x00007ffbbb740000 - 0x00007ffbbb9d3000 	C:\WINDOWS\WinSxS\amd64_microsoft.windows.common-controls_6595b64144ccf1df_6.0.22621.3672_none_2713b9d173822955\COMCTL32.dll
0x00007ffbdaf60000 - 0x00007ffbdaf89000 	C:\WINDOWS\System32\GDI32.dll
0x00007ffbdad90000 - 0x00007ffbdae37000 	C:\WINDOWS\System32\msvcrt.dll
0x00007ffbd9300000 - 0x00007ffbd9419000 	C:\WINDOWS\System32\gdi32full.dll
0x00007ffbd91c0000 - 0x00007ffbd925a000 	C:\WINDOWS\System32\msvcp_win.dll
0x00007ffbdac90000 - 0x00007ffbdacc1000 	C:\WINDOWS\System32\IMM32.DLL
0x00007ffbd61e0000 - 0x00007ffbd61ec000 	c:\Users\vivin\.vscode\extensions\redhat.java-1.34.0-win32-x64\jre\17.0.12-win32-x86_64\bin\vcruntime140_1.dll
0x00007ffbd3f40000 - 0x00007ffbd3fcd000 	c:\Users\vivin\.vscode\extensions\redhat.java-1.34.0-win32-x64\jre\17.0.12-win32-x86_64\bin\msvcp140.dll
0x00007ffb57af0000 - 0x00007ffb5875a000 	c:\Users\vivin\.vscode\extensions\redhat.java-1.34.0-win32-x64\jre\17.0.12-win32-x86_64\bin\server\jvm.dll
0x00007ffbd9a70000 - 0x00007ffbd9b22000 	C:\WINDOWS\System32\ADVAPI32.dll
0x00007ffbd9ca0000 - 0x00007ffbd9d49000 	C:\WINDOWS\System32\sechost.dll
0x00007ffbd9a30000 - 0x00007ffbd9a58000 	C:\WINDOWS\System32\bcrypt.dll
0x00007ffbdae40000 - 0x00007ffbdaf54000 	C:\WINDOWS\System32\RPCRT4.dll
0x00007ffbd9d70000 - 0x00007ffbd9de1000 	C:\WINDOWS\System32\WS2_32.dll
0x00007ffbd8f20000 - 0x00007ffbd8f6d000 	C:\WINDOWS\SYSTEM32\POWRPROF.dll
0x00007ffbd1670000 - 0x00007ffbd16a4000 	C:\WINDOWS\SYSTEM32\WINMM.dll
0x00007ffbd06e0000 - 0x00007ffbd06ea000 	C:\WINDOWS\SYSTEM32\VERSION.dll
0x00007ffbd8d50000 - 0x00007ffbd8d63000 	C:\WINDOWS\SYSTEM32\UMPDC.dll
0x00007ffbd80a0000 - 0x00007ffbd80b8000 	C:\WINDOWS\SYSTEM32\kernel.appcore.dll
0x00007ffbd5720000 - 0x00007ffbd572a000 	c:\Users\vivin\.vscode\extensions\redhat.java-1.34.0-win32-x64\jre\17.0.12-win32-x86_64\bin\jimage.dll
0x00007ffbd3a20000 - 0x00007ffbd3c52000 	C:\WINDOWS\SYSTEM32\DBGHELP.DLL
0x00007ffbdb160000 - 0x00007ffbdb4ee000 	C:\WINDOWS\System32\combase.dll
0x00007ffbd9bc0000 - 0x00007ffbd9c97000 	C:\WINDOWS\System32\OLEAUT32.dll
0x00007ffbcd860000 - 0x00007ffbcd892000 	C:\WINDOWS\SYSTEM32\dbgcore.DLL
0x00007ffbd9890000 - 0x00007ffbd990b000 	C:\WINDOWS\System32\bcryptPrimitives.dll
0x00007ffbd5710000 - 0x00007ffbd571e000 	c:\Users\vivin\.vscode\extensions\redhat.java-1.34.0-win32-x64\jre\17.0.12-win32-x86_64\bin\instrument.dll
0x00007ffbd5440000 - 0x00007ffbd5465000 	c:\Users\vivin\.vscode\extensions\redhat.java-1.34.0-win32-x64\jre\17.0.12-win32-x86_64\bin\java.dll
0x00007ffbd5590000 - 0x00007ffbd55a8000 	c:\Users\vivin\.vscode\extensions\redhat.java-1.34.0-win32-x64\jre\17.0.12-win32-x86_64\bin\zip.dll
0x00007ffbd9f90000 - 0x00007ffbda7f7000 	C:\WINDOWS\System32\SHELL32.dll
0x00007ffbd6fd0000 - 0x00007ffbd78cf000 	C:\WINDOWS\SYSTEM32\windows.storage.dll
0x00007ffbd6e90000 - 0x00007ffbd6fcf000 	C:\WINDOWS\SYSTEM32\wintypes.dll
0x00007ffbda810000 - 0x00007ffbda909000 	C:\WINDOWS\System32\SHCORE.dll
0x00007ffbd9f30000 - 0x00007ffbd9f8e000 	C:\WINDOWS\System32\shlwapi.dll
0x00007ffbd8f80000 - 0x00007ffbd8fa7000 	C:\WINDOWS\SYSTEM32\profapi.dll
0x00007ffbd5420000 - 0x00007ffbd5439000 	C:\Users\vivin\.vscode\extensions\redhat.java-1.34.0-win32-x64\jre\17.0.12-win32-x86_64\bin\net.dll
0x00007ffbd1330000 - 0x00007ffbd1466000 	C:\WINDOWS\SYSTEM32\WINHTTP.dll
0x00007ffbd8510000 - 0x00007ffbd8579000 	C:\WINDOWS\system32\mswsock.dll
0x00007ffbd3f20000 - 0x00007ffbd3f36000 	C:\Users\vivin\.vscode\extensions\redhat.java-1.34.0-win32-x64\jre\17.0.12-win32-x86_64\bin\nio.dll
0x00007ffbd5480000 - 0x00007ffbd5490000 	c:\Users\vivin\.vscode\extensions\redhat.java-1.34.0-win32-x64\jre\17.0.12-win32-x86_64\bin\verify.dll
0x00007ffbd2a50000 - 0x00007ffbd2a95000 	C:\Users\vivin\AppData\Roaming\Code\User\globalStorage\redhat.java\1.34.0\config_win\org.eclipse.equinox.launcher\org.eclipse.equinox.launcher.win32.win32.x86_64_1.2.1100.v20240722-2106\eclipse_11904.dll
0x00007ffbdaae0000 - 0x00007ffbdac85000 	C:\WINDOWS\System32\ole32.dll
0x00007ffbd8760000 - 0x00007ffbd877b000 	C:\WINDOWS\SYSTEM32\CRYPTSP.dll
0x00007ffbd8000000 - 0x00007ffbd8035000 	C:\WINDOWS\system32\rsaenh.dll
0x00007ffbd8600000 - 0x00007ffbd8628000 	C:\WINDOWS\SYSTEM32\USERENV.dll
0x00007ffbd8780000 - 0x00007ffbd878c000 	C:\WINDOWS\SYSTEM32\CRYPTBASE.dll
0x00007ffbd7a10000 - 0x00007ffbd7a3d000 	C:\WINDOWS\SYSTEM32\IPHLPAPI.DLL
0x00007ffbda800000 - 0x00007ffbda809000 	C:\WINDOWS\System32\NSI.dll
0x00007ffbd0dc0000 - 0x00007ffbd0dd9000 	C:\WINDOWS\SYSTEM32\dhcpcsvc6.DLL
0x00007ffbd0cc0000 - 0x00007ffbd0cdf000 	C:\WINDOWS\SYSTEM32\dhcpcsvc.DLL
0x00007ffbd7ab0000 - 0x00007ffbd7ba8000 	C:\WINDOWS\SYSTEM32\DNSAPI.dll
0x00007ffbc4fb0000 - 0x00007ffbc4ff5000 	C:\Users\vivin\AppData\Local\Temp\jna-112220296\jna11659604612321781639.dll
0x00007ffbd9ed0000 - 0x00007ffbd9ed8000 	C:\WINDOWS\System32\PSAPI.DLL

dbghelp: loaded successfully - version: 4.0.5 - missing functions: none
symbol engine: initialized successfully - sym options: 0x614 - pdb path: .;c:\Users\vivin\.vscode\extensions\redhat.java-1.34.0-win32-x64\jre\17.0.12-win32-x86_64\bin;C:\WINDOWS\SYSTEM32;C:\WINDOWS\WinSxS\amd64_microsoft.windows.common-controls_6595b64144ccf1df_6.0.22621.3672_none_2713b9d173822955;c:\Users\vivin\.vscode\extensions\redhat.java-1.34.0-win32-x64\jre\17.0.12-win32-x86_64\bin\server;C:\Users\vivin\AppData\Roaming\Code\User\globalStorage\redhat.java\1.34.0\config_win\org.eclipse.equinox.launcher\org.eclipse.equinox.launcher.win32.win32.x86_64_1.2.1100.v20240722-2106;C:\Users\vivin\AppData\Local\Temp\jna-112220296

VM Arguments:
jvm_args: --add-modules=ALL-SYSTEM --add-opens=java.base/java.util=ALL-UNNAMED --add-opens=java.base/java.lang=ALL-UNNAMED --add-opens=java.base/sun.nio.fs=ALL-UNNAMED -Declipse.application=org.eclipse.jdt.ls.core.id1 -Dosgi.bundles.defaultStartLevel=4 -Declipse.product=org.eclipse.jdt.ls.core.product -Djava.import.generatesMetadataFilesAtProjectRoot=false -DDetectVMInstallationsJob.disabled=true -Dfile.encoding=utf8 -XX:+UseParallelGC -XX:GCTimeRatio=4 -XX:AdaptiveSizePolicyWeight=90 -Dsun.zip.disableMemoryMapping=true -Xmx1G -Xms100m -Xlog:disable -javaagent:c:\Users\vivin\.vscode\extensions\redhat.java-1.34.0-win32-x64\lombok\lombok-1.18.33.jar -XX:+HeapDumpOnOutOfMemoryError -XX:HeapDumpPath=c:\Users\vivin\AppData\Roaming\Code\User\workspaceStorage\03aef4cec3476b10e38d3aef6a71f36d\redhat.java -Daether.dependencyCollector.impl=bf 
java_command: c:\Users\vivin\.vscode\extensions\redhat.java-1.34.0-win32-x64\server\plugins\org.eclipse.equinox.launcher_1.6.900.v20240613-2009.jar -configuration c:\Users\vivin\AppData\Roaming\Code\User\globalStorage\redhat.java\1.34.0\config_win -data c:\Users\vivin\AppData\Roaming\Code\User\workspaceStorage\03aef4cec3476b10e38d3aef6a71f36d\redhat.java\jdt_ws --pipe=\\.\pipe\lsp-29b12080fecc85b6b9fbea405608b0d6-sock
java_class_path (initial): c:\Users\vivin\.vscode\extensions\redhat.java-1.34.0-win32-x64\server\plugins\org.eclipse.equinox.launcher_1.6.900.v20240613-2009.jar
Launcher Type: SUN_STANDARD

[Global flags]
    uintx AdaptiveSizePolicyWeight                 = 90                                        {product} {command line}
     intx CICompilerCount                          = 3                                         {product} {ergonomic}
    uintx GCTimeRatio                              = 4                                         {product} {command line}
     bool HeapDumpOnOutOfMemoryError               = true                                   {manageable} {command line}
    ccstr HeapDumpPath                             = c:\Users\vivin\AppData\Roaming\Code\User\workspaceStorage\03aef4cec3476b10e38d3aef6a71f36d\redhat.java         {manageable} {command line}
   size_t InitialHeapSize                          = 104857600                                 {product} {command line}
   size_t MaxHeapSize                              = 1073741824                                {product} {command line}
   size_t MaxNewSize                               = 357564416                                 {product} {ergonomic}
   size_t MinHeapDeltaBytes                        = 524288                                    {product} {ergonomic}
   size_t MinHeapSize                              = 104857600                                 {product} {command line}
   size_t NewSize                                  = 34603008                                  {product} {ergonomic}
    uintx NonNMethodCodeHeapSize                   = 5832780                                {pd product} {ergonomic}
    uintx NonProfiledCodeHeapSize                  = 122912730                              {pd product} {ergonomic}
   size_t OldSize                                  = 70254592                                  {product} {ergonomic}
    uintx ProfiledCodeHeapSize                     = 122912730                              {pd product} {ergonomic}
    uintx ReservedCodeCacheSize                    = 251658240                              {pd product} {ergonomic}
     bool SegmentedCodeCache                       = true                                      {product} {ergonomic}
   size_t SoftMaxHeapSize                          = 1073741824                             {manageable} {ergonomic}
     bool UseCompressedClassPointers               = true                           {product lp64_product} {ergonomic}
     bool UseCompressedOops                        = true                           {product lp64_product} {ergonomic}
     bool UseLargePagesIndividualAllocation        = false                                  {pd product} {ergonomic}
     bool UseParallelGC                            = true                                      {product} {command line}

Logging:
Log output configuration:
 #0: stdout all=off uptime,level,tags
 #1: stderr all=off uptime,level,tags

Environment Variables:
PATH=C:\Program Files\Common Files\Oracle\Java\javapath;C:\WINDOWS\system32;C:\WINDOWS;C:\WINDOWS\System32\Wbem;C:\WINDOWS\System32\WindowsPowerShell\v1.0\;C:\WINDOWS\System32\OpenSSH\;%JAVA_HOME%\bin;C:\Program Files\nodejs\;C:\Program Files\Git\cmd;C:\Program Files\MySQL\MySQL Shell 8.0\bin\;C:\Users\vivin\AppData\Local\Microsoft\WindowsApps;C:\Users\vivin\AppData\Local\Programs\Microsoft VS Code\bin;C:\Users\vivin\AppData\Roaming\npm
USERNAME=vivin
OS=Windows_NT
PROCESSOR_IDENTIFIER=AMD64 Family 23 Model 24 Stepping 1, AuthenticAMD
TMP=C:\Users\vivin\AppData\Local\Temp
TEMP=C:\Users\vivin\AppData\Local\Temp



Periodic native trim disabled


---------------  S Y S T E M  ---------------

OS:
 Windows 11 , 64 bit Build 22621 (10.0.22621.3958)
OS uptime: 2 days 8:54 hours

CPU: total 4 (initial active 4) (4 cores per cpu, 2 threads per core) family 23 model 24 stepping 1 microcode 0x0, cx8, cmov, fxsr, ht, mmx, 3dnowpref, sse, sse2, sse3, ssse3, sse4a, sse4.1, sse4.2, popcnt, lzcnt, tsc, tscinvbit, avx, avx2, aes, clmul, bmi1, bmi2, adx, sha, fma, vzeroupper, clflush, clflushopt
Processor Information for all 4 processors :
  Max Mhz: 2600, Current Mhz: 2600, Mhz Limit: 2600

Memory: 4k page, system-wide physical 6086M (895M free)
TotalPageFile size 24518M (AvailPageFile size 55M)
current process WorkingSet (physical memory assigned to process): 183M, peak: 183M
current process commit charge ("private bytes"): 266M, peak: 267M

vm_info: OpenJDK 64-Bit Server VM (17.0.12+7) for windows-amd64 JRE (17.0.12+7), built on Jul 16 2024 22:08:24 by "admin" with MS VC++ 16.10 / 16.11 (VS2019)

END.
