#
# There is insufficient memory for the Java Runtime Environment to continue.
# Native memory allocation (malloc) failed to allocate 1296608 bytes. Error detail: Chunk::new
# Possible reasons:
#   The system is out of physical RAM or swap space
#   This process is running with CompressedOops enabled, and the Java Heap may be blocking the growth of the native heap
# Possible solutions:
#   Reduce memory load on the system
#   Increase physical memory or swap space
#   Check if swap backing store is full
#   Decrease Java heap size (-Xmx/-Xms)
#   Decrease number of Java threads
#   Decrease Java thread stack sizes (-Xss)
#   Set larger code cache with -XX:ReservedCodeCacheSize=
#   JVM is running with Unscaled Compressed Oops mode in which the Java heap is
#     placed in the first 4GB address space. The Java Heap base address is the
#     maximum limit for the native heap growth. Please use -XX:HeapBaseMinAddress
#     to set the Java Heap base and to place the Java Heap above 4GB virtual address.
# This output file may be truncated or incomplete.
#
#  Out of Memory Error (arena.cpp:191), pid=32688, tid=20400
#
# JRE version: OpenJDK Runtime Environment Temurin-17.0.12+7 (17.0.12+7) (build 17.0.12+7)
# Java VM: OpenJDK 64-Bit Server VM Temurin-17.0.12+7 (17.0.12+7, mixed mode, tiered, compressed oops, compressed class ptrs, parallel gc, windows-amd64)
# No core dump will be written. Minidumps are not enabled by default on client versions of Windows
#

---------------  S U M M A R Y ------------

Command Line: --add-modules=ALL-SYSTEM --add-opens=java.base/java.util=ALL-UNNAMED --add-opens=java.base/java.lang=ALL-UNNAMED --add-opens=java.base/sun.nio.fs=ALL-UNNAMED -Declipse.application=org.eclipse.jdt.ls.core.id1 -Dosgi.bundles.defaultStartLevel=4 -Declipse.product=org.eclipse.jdt.ls.core.product -Djava.import.generatesMetadataFilesAtProjectRoot=false -DDetectVMInstallationsJob.disabled=true -Dfile.encoding=utf8 -XX:+UseParallelGC -XX:GCTimeRatio=4 -XX:AdaptiveSizePolicyWeight=90 -Dsun.zip.disableMemoryMapping=true -Xmx1G -Xms100m -Xlog:disable -javaagent:c:\Users\vivin\.vscode\extensions\redhat.java-1.34.0-win32-x64\lombok\lombok-1.18.33.jar c:\Users\vivin\.vscode\extensions\redhat.java-1.34.0-win32-x64\server\plugins\org.eclipse.equinox.launcher_1.6.900.v20240613-2009.jar -configuration c:\Users\vivin\AppData\Roaming\Code\User\globalStorage\redhat.java\1.34.0\config_ss_win -data c:\Users\vivin\AppData\Roaming\Code\User\workspaceStorage\03aef4cec3476b10e38d3aef6a71f36d\redhat.java\ss_ws --pipe=\\.\pipe\lsp-c98a122a3b020ed6dbbea6002bb0d94a-sock

Host: AMD Ryzen 3 3250U with Radeon Graphics         , 4 cores, 5G,  Windows 11 , 64 bit Build 22621 (10.0.22621.3958)
Time: Tue Sep 17 22:05:42 2024 India Standard Time elapsed time: 23.800000 seconds (0d 0h 0m 23s)

---------------  T H R E A D  ---------------

Current thread (0x000002b19a296430):  JavaThread "C2 CompilerThread0" daemon [_thread_in_native, id=20400, stack(0x000000b6e1a00000,0x000000b6e1b00000)]


Current CompileTask:
C2:  23800 4292       4       lombok.patcher.MethodTarget::matches (29 bytes)

Stack: [0x000000b6e1a00000,0x000000b6e1b00000]
Native frames: (J=compiled Java code, j=interpreted, Vv=VM code, C=native code)
V  [jvm.dll+0x67f929]
V  [jvm.dll+0x8371ba]
V  [jvm.dll+0x838c7e]
V  [jvm.dll+0x8392e3]
V  [jvm.dll+0x24834f]
V  [jvm.dll+0xac9d4]
V  [jvm.dll+0xad01c]
V  [jvm.dll+0x3674a7]
V  [jvm.dll+0x1bd562]
V  [jvm.dll+0x21aa09]
V  [jvm.dll+0x219cf1]
V  [jvm.dll+0x1a58bd]
V  [jvm.dll+0x229a2d]
V  [jvm.dll+0x227bdc]
V  [jvm.dll+0x7ec1f7]
V  [jvm.dll+0x7e65dc]
V  [jvm.dll+0x67e7f7]
C  [ucrtbase.dll+0x29333]
C  [KERNEL32.DLL+0x1257d]
C  [ntdll.dll+0x5af28]


---------------  P R O C E S S  ---------------

Threads class SMR info:
_java_thread_list=0x000002b1a08aa9f0, length=33, elements={
0x000002b186419f20, 0x000002b19a25a030, 0x000002b19a25b0a0, 0x000002b19f43a080,
0x000002b19f43a950, 0x000002b19f43f840, 0x000002b19a290320, 0x000002b19a296430,
0x000002b19a297e00, 0x000002b19a2a3300, 0x000002b18647df90, 0x000002b19f74acd0,
0x000002b19ffb5740, 0x000002b19fdfbed0, 0x000002b19fdfc3b0, 0x000002b1a03aaad0,
0x000002b1a01c80a0, 0x000002b1a01c8fd0, 0x000002b1a01c94e0, 0x000002b1a01c99f0,
0x000002b19fa41550, 0x000002b19fa46140, 0x000002b19fa433b0, 0x000002b19fa447f0,
0x000002b19fa46650, 0x000002b19fa47a90, 0x000002b19fa45210, 0x000002b19fa489c0,
0x000002b19fa42ea0, 0x000002b19fa45720, 0x000002b19fa41f70, 0x000002b19fa42480,
0x000002b1a10c3c40
}

Java Threads: ( => current thread )
  0x000002b186419f20 JavaThread "main" [_thread_blocked, id=2572, stack(0x000000b6e1000000,0x000000b6e1100000)]
  0x000002b19a25a030 JavaThread "Reference Handler" daemon [_thread_blocked, id=32696, stack(0x000000b6e1300000,0x000000b6e1400000)]
  0x000002b19a25b0a0 JavaThread "Finalizer" daemon [_thread_blocked, id=9488, stack(0x000000b6e1400000,0x000000b6e1500000)]
  0x000002b19f43a080 JavaThread "Signal Dispatcher" daemon [_thread_blocked, id=18724, stack(0x000000b6e1600000,0x000000b6e1700000)]
  0x000002b19f43a950 JavaThread "Attach Listener" daemon [_thread_blocked, id=28396, stack(0x000000b6e1700000,0x000000b6e1800000)]
  0x000002b19f43f840 JavaThread "Service Thread" daemon [_thread_blocked, id=31732, stack(0x000000b6e1800000,0x000000b6e1900000)]
  0x000002b19a290320 JavaThread "Monitor Deflation Thread" daemon [_thread_blocked, id=28000, stack(0x000000b6e1900000,0x000000b6e1a00000)]
=>0x000002b19a296430 JavaThread "C2 CompilerThread0" daemon [_thread_in_native, id=20400, stack(0x000000b6e1a00000,0x000000b6e1b00000)]
  0x000002b19a297e00 JavaThread "C1 CompilerThread0" daemon [_thread_blocked, id=19668, stack(0x000000b6e1b00000,0x000000b6e1c00000)]
  0x000002b19a2a3300 JavaThread "Sweeper thread" daemon [_thread_blocked, id=23636, stack(0x000000b6e1c00000,0x000000b6e1d00000)]
  0x000002b18647df90 JavaThread "Common-Cleaner" daemon [_thread_blocked, id=15752, stack(0x000000b6e1d00000,0x000000b6e1e00000)]
  0x000002b19f74acd0 JavaThread "Notification Thread" daemon [_thread_blocked, id=6288, stack(0x000000b6e1e00000,0x000000b6e1f00000)]
  0x000002b19ffb5740 JavaThread "Active Thread: Equinox Container: e4b0a516-58a7-4b2e-8307-d63770b5aab1" [_thread_blocked, id=7812, stack(0x000000b6e2400000,0x000000b6e2500000)]
  0x000002b19fdfbed0 JavaThread "Framework Event Dispatcher: Equinox Container: e4b0a516-58a7-4b2e-8307-d63770b5aab1" daemon [_thread_blocked, id=33540, stack(0x000000b6e2500000,0x000000b6e2600000)]
  0x000002b19fdfc3b0 JavaThread "Start Level: Equinox Container: e4b0a516-58a7-4b2e-8307-d63770b5aab1" daemon [_thread_blocked, id=14400, stack(0x000000b6e2600000,0x000000b6e2700000)]
  0x000002b1a03aaad0 JavaThread "SCR Component Actor" daemon [_thread_blocked, id=31712, stack(0x000000b6e2300000,0x000000b6e2400000)]
  0x000002b1a01c80a0 JavaThread "Worker-JM" [_thread_blocked, id=30676, stack(0x000000b6e2800000,0x000000b6e2900000)]
  0x000002b1a01c8fd0 JavaThread "JNA Cleaner" daemon [_thread_blocked, id=31916, stack(0x000000b6e2900000,0x000000b6e2a00000)]
  0x000002b1a01c94e0 JavaThread "Worker-0" [_thread_blocked, id=22788, stack(0x000000b6e2a00000,0x000000b6e2b00000)]
  0x000002b1a01c99f0 JavaThread "Worker-1" [_thread_blocked, id=22732, stack(0x000000b6e2b00000,0x000000b6e2c00000)]
  0x000002b19fa41550 JavaThread "Worker-2" [_thread_blocked, id=22892, stack(0x000000b6e2c00000,0x000000b6e2d00000)]
  0x000002b19fa46140 JavaThread "Thread-2" daemon [_thread_in_native, id=24244, stack(0x000000b6e2e00000,0x000000b6e2f00000)]
  0x000002b19fa433b0 JavaThread "Thread-3" daemon [_thread_in_native, id=31048, stack(0x000000b6e2f00000,0x000000b6e3000000)]
  0x000002b19fa447f0 JavaThread "Thread-4" daemon [_thread_in_native, id=29108, stack(0x000000b6e3000000,0x000000b6e3100000)]
  0x000002b19fa46650 JavaThread "Thread-5" daemon [_thread_in_native, id=30404, stack(0x000000b6e3100000,0x000000b6e3200000)]
  0x000002b19fa47a90 JavaThread "Thread-6" daemon [_thread_in_native, id=9888, stack(0x000000b6e3200000,0x000000b6e3300000)]
  0x000002b19fa45210 JavaThread "pool-2-thread-1" [_thread_blocked, id=32956, stack(0x000000b6e3300000,0x000000b6e3400000)]
  0x000002b19fa489c0 JavaThread "WorkspaceEventsHandler" [_thread_blocked, id=31596, stack(0x000000b6e2d00000,0x000000b6e2e00000)]
  0x000002b19fa42ea0 JavaThread "pool-1-thread-1" [_thread_blocked, id=24340, stack(0x000000b6e3400000,0x000000b6e3500000)]
  0x000002b19fa45720 JavaThread "ForkJoinPool.commonPool-worker-1" daemon [_thread_in_Java, id=32652, stack(0x000000b6e2700000,0x000000b6e2800000)]
  0x000002b19fa41f70 JavaThread "ForkJoinPool.commonPool-worker-2" daemon [_thread_blocked, id=33036, stack(0x000000b6e3500000,0x000000b6e3600000)]
  0x000002b19fa42480 JavaThread "ForkJoinPool.commonPool-worker-3" daemon [_thread_blocked, id=12980, stack(0x000000b6e3600000,0x000000b6e3700000)]
  0x000002b1a10c3c40 JavaThread "C2 CompilerThread1" daemon [_thread_in_native, id=31980, stack(0x000000b6e3700000,0x000000b6e3800000)]

Other Threads:
  0x000002b19a2418b0 VMThread "VM Thread" [stack: 0x000000b6e1200000,0x000000b6e1300000] [id=13688]
  0x000002b19f756270 WatcherThread [stack: 0x000000b6e1f00000,0x000000b6e2000000] [id=32356]
  0x000002b18642fa10 GCTaskThread "GC Thread#0" [stack: 0x000000b6e1100000,0x000000b6e1200000] [id=21888]
  0x000002b19fd12db0 GCTaskThread "GC Thread#1" [stack: 0x000000b6e2000000,0x000000b6e2100000] [id=30332]
  0x000002b19fd0f920 GCTaskThread "GC Thread#2" [stack: 0x000000b6e2100000,0x000000b6e2200000] [id=32936]
  0x000002b19fd0fbe0 GCTaskThread "GC Thread#3" [stack: 0x000000b6e2200000,0x000000b6e2300000] [id=31652]

Threads with active compile tasks:
C2 CompilerThread0    23870 4292       4       lombok.patcher.MethodTarget::matches (29 bytes)
C2 CompilerThread1    23870 4530       4       org.eclipse.jdt.internal.core.JarPackageFragmentRoot::initRawPackageInfo (342 bytes)

VM state: not at safepoint (normal execution)

VM Mutex/Monitor currently owned by a thread: None

Heap address: 0x00000000c0000000, size: 1024 MB, Compressed Oops mode: 32-bit

CDS archive(s) not mapped
Compressed class space mapped at: 0x0000000100000000-0x0000000140000000, reserved size: 1073741824
Narrow klass base: 0x0000000000000000, Narrow klass shift: 3, Narrow klass range: 0x140000000

GC Precious Log:
 CPUs: 4 total, 4 available
 Memory: 6086M
 Large Page Support: Disabled
 NUMA Support: Disabled
 Compressed Oops: Enabled (32-bit)
 Alignments: Space 512K, Generation 512K, Heap 2M
 Heap Min Capacity: 100M
 Heap Initial Capacity: 100M
 Heap Max Capacity: 1G
 Pre-touch: Disabled
 Parallel Workers: 4

Heap:
 PSYoungGen      total 23040K, used 22002K [0x00000000eab00000, 0x00000000ec580000, 0x0000000100000000)
  eden space 22016K, 95% used [0x00000000eab00000,0x00000000ebf7c878,0x00000000ec080000)
  from space 1024K, 100% used [0x00000000ec080000,0x00000000ec180000,0x00000000ec180000)
  to   space 2560K, 0% used [0x00000000ec300000,0x00000000ec300000,0x00000000ec580000)
 ParOldGen       total 68608K, used 23596K [0x00000000c0000000, 0x00000000c4300000, 0x00000000eab00000)
  object space 68608K, 34% used [0x00000000c0000000,0x00000000c170b068,0x00000000c4300000)
 Metaspace       used 45014K, committed 45760K, reserved 1114112K
  class space    used 4550K, committed 4864K, reserved 1048576K

Card table byte_map: [0x000002b185db0000,0x000002b185fc0000] _byte_map_base: 0x000002b1857b0000

Marking Bits: (ParMarkBitMap*) 0x00007ffb586958b0
 Begin Bits: [0x000002b1980b0000, 0x000002b1990b0000)
 End Bits:   [0x000002b1990b0000, 0x000002b19a0b0000)

Polling page: 0x000002b1843c0000

Metaspace:

Usage:
  Non-class:     39.52 MB used.
      Class:      4.44 MB used.
       Both:     43.96 MB used.

Virtual space:
  Non-class space:       64.00 MB reserved,      39.94 MB ( 62%) committed,  1 nodes.
      Class space:        1.00 GB reserved,       4.75 MB ( <1%) committed,  1 nodes.
             Both:        1.06 GB reserved,      44.69 MB (  4%) committed. 

Chunk freelists:
   Non-Class:  8.00 MB
       Class:  11.28 MB
        Both:  19.28 MB

MaxMetaspaceSize: unlimited
CompressedClassSpaceSize: 1.00 GB
Initial GC threshold: 21.00 MB
Current GC threshold: 58.38 MB
CDS: off
MetaspaceReclaimPolicy: balanced
 - commit_granule_bytes: 65536.
 - commit_granule_words: 8192.
 - virtual_space_node_default_size: 8388608.
 - enlarge_chunks_in_place: 1.
 - new_chunks_are_fully_committed: 0.
 - uncommit_free_chunks: 1.
 - use_allocation_guard: 0.
 - handle_deallocations: 1.


Internal statistics:

num_allocs_failed_limit: 6.
num_arena_births: 406.
num_arena_deaths: 14.
num_vsnodes_births: 2.
num_vsnodes_deaths: 0.
num_space_committed: 715.
num_space_uncommitted: 0.
num_chunks_returned_to_freelist: 20.
num_chunks_taken_from_freelist: 1896.
num_chunk_merges: 8.
num_chunk_splits: 1241.
num_chunks_enlarged: 827.
num_inconsistent_stats: 0.

CodeHeap 'non-profiled nmethods': size=120000Kb used=2597Kb max_used=2597Kb free=117402Kb
 bounds [0x000002b190b80000, 0x000002b190e10000, 0x000002b1980b0000]
CodeHeap 'profiled nmethods': size=120000Kb used=9925Kb max_used=9925Kb free=110074Kb
 bounds [0x000002b1890b0000, 0x000002b189a70000, 0x000002b1905e0000]
CodeHeap 'non-nmethods': size=5760Kb used=1318Kb max_used=1415Kb free=4441Kb
 bounds [0x000002b1905e0000, 0x000002b190850000, 0x000002b190b80000]
 total_blobs=5184 nmethods=4530 adapters=568
 compilation: enabled
              stopped_count=0, restarted_count=0
 full_count=0

Compilation events (20 events):
Event: 23.714 Thread 0x000002b19a297e00 4531  s!   3       org.eclipse.jdt.core.JavaConventions::scannedIdentifier (146 bytes)
Event: 23.715 Thread 0x000002b19a297e00 nmethod 4531 0x000002b189a54890 code [0x000002b189a54b20, 0x000002b189a556a8]
Event: 23.718 Thread 0x000002b19a297e00 4532       3       org.eclipse.jdt.internal.compiler.parser.Scanner::scanIdentifier (480 bytes)
Event: 23.719 Thread 0x000002b19a297e00 nmethod 4532 0x000002b189a55a90 code [0x000002b189a55dc0, 0x000002b189a57488]
Event: 23.721 Thread 0x000002b19a297e00 4533       1       org.eclipse.jdt.internal.core.JavaProject::getProject (5 bytes)
Event: 23.722 Thread 0x000002b19a297e00 nmethod 4533 0x000002b190e05790 code [0x000002b190e05920, 0x000002b190e059f8]
Event: 23.722 Thread 0x000002b19a297e00 4534       3       org.eclipse.jdt.internal.core.util.HashSetOfArray::hashCode (35 bytes)
Event: 23.722 Thread 0x000002b19a297e00 nmethod 4534 0x000002b189a57a90 code [0x000002b189a57c40, 0x000002b189a57fa8]
Event: 23.722 Thread 0x000002b19a297e00 4535       3       org.eclipse.jdt.internal.core.util.HashSetOfArray::add (100 bytes)
Event: 23.723 Thread 0x000002b19a297e00 nmethod 4535 0x000002b189a58190 code [0x000002b189a583a0, 0x000002b189a58ac8]
Event: 23.723 Thread 0x000002b19a297e00 4536       3       org.eclipse.jdt.internal.core.util.HashSetOfArray::hashCode (8 bytes)
Event: 23.723 Thread 0x000002b19a297e00 nmethod 4536 0x000002b189a58e10 code [0x000002b189a58fc0, 0x000002b189a59108]
Event: 23.727 Thread 0x000002b19a297e00 4537       3       sun.nio.fs.WindowsPath::normalize (5 bytes)
Event: 23.727 Thread 0x000002b19a297e00 nmethod 4537 0x000002b189a59210 code [0x000002b189a593a0, 0x000002b189a59548]
Event: 23.728 Thread 0x000002b19a297e00 4538       3       org.eclipse.jdt.internal.core.Openable::isOpen (14 bytes)
Event: 23.728 Thread 0x000002b19a297e00 nmethod 4538 0x000002b189a59610 code [0x000002b189a597c0, 0x000002b189a599e8]
Event: 23.774 Thread 0x000002b1a10c3c40 nmethod 4518 0x000002b190e05a90 code [0x000002b190e05d00, 0x000002b190e07d48]
Event: 23.774 Thread 0x000002b1a10c3c40 4530       4       org.eclipse.jdt.internal.core.JarPackageFragmentRoot::initRawPackageInfo (342 bytes)
Event: 23.791 Thread 0x000002b19a297e00 4539   !   3       java.nio.charset.CharsetDecoder::decode (275 bytes)
Event: 23.793 Thread 0x000002b19a297e00 nmethod 4539 0x000002b189a59b10 code [0x000002b189a59e40, 0x000002b189a5b328]

GC Heap History (20 events):
Event: 14.137 GC heap before
{Heap before GC invocations=12 (full 2):
 PSYoungGen      total 26624K, used 23552K [0x00000000eab00000, 0x00000000ec900000, 0x0000000100000000)
  eden space 23552K, 100% used [0x00000000eab00000,0x00000000ec200000,0x00000000ec200000)
  from space 3072K, 0% used [0x00000000ec200000,0x00000000ec200000,0x00000000ec500000)
  to   space 3584K, 0% used [0x00000000ec580000,0x00000000ec580000,0x00000000ec900000)
 ParOldGen       total 68608K, used 12564K [0x00000000c0000000, 0x00000000c4300000, 0x00000000eab00000)
  object space 68608K, 18% used [0x00000000c0000000,0x00000000c0c45240,0x00000000c4300000)
 Metaspace       used 38096K, committed 38848K, reserved 1114112K
  class space    used 3846K, committed 4224K, reserved 1048576K
}
Event: 14.142 GC heap after
{Heap after GC invocations=12 (full 2):
 PSYoungGen      total 25088K, used 1659K [0x00000000eab00000, 0x00000000ec780000, 0x0000000100000000)
  eden space 23040K, 0% used [0x00000000eab00000,0x00000000eab00000,0x00000000ec180000)
  from space 2048K, 81% used [0x00000000ec580000,0x00000000ec71ecc0,0x00000000ec780000)
  to   space 2560K, 0% used [0x00000000ec280000,0x00000000ec280000,0x00000000ec500000)
 ParOldGen       total 68608K, used 12572K [0x00000000c0000000, 0x00000000c4300000, 0x00000000eab00000)
  object space 68608K, 18% used [0x00000000c0000000,0x00000000c0c47240,0x00000000c4300000)
 Metaspace       used 38096K, committed 38848K, reserved 1114112K
  class space    used 3846K, committed 4224K, reserved 1048576K
}
Event: 14.854 GC heap before
{Heap before GC invocations=13 (full 2):
 PSYoungGen      total 25088K, used 24699K [0x00000000eab00000, 0x00000000ec780000, 0x0000000100000000)
  eden space 23040K, 100% used [0x00000000eab00000,0x00000000ec180000,0x00000000ec180000)
  from space 2048K, 81% used [0x00000000ec580000,0x00000000ec71ecc0,0x00000000ec780000)
  to   space 2560K, 0% used [0x00000000ec280000,0x00000000ec280000,0x00000000ec500000)
 ParOldGen       total 68608K, used 12572K [0x00000000c0000000, 0x00000000c4300000, 0x00000000eab00000)
  object space 68608K, 18% used [0x00000000c0000000,0x00000000c0c47240,0x00000000c4300000)
 Metaspace       used 38280K, committed 38976K, reserved 1114112K
  class space    used 3870K, committed 4224K, reserved 1048576K
}
Event: 14.858 GC heap after
{Heap after GC invocations=13 (full 2):
 PSYoungGen      total 25088K, used 2208K [0x00000000eab00000, 0x00000000ec600000, 0x0000000100000000)
  eden space 22528K, 0% used [0x00000000eab00000,0x00000000eab00000,0x00000000ec100000)
  from space 2560K, 86% used [0x00000000ec280000,0x00000000ec4a8080,0x00000000ec500000)
  to   space 1024K, 0% used [0x00000000ec500000,0x00000000ec500000,0x00000000ec600000)
 ParOldGen       total 68608K, used 14142K [0x00000000c0000000, 0x00000000c4300000, 0x00000000eab00000)
  object space 68608K, 20% used [0x00000000c0000000,0x00000000c0dcf890,0x00000000c4300000)
 Metaspace       used 38280K, committed 38976K, reserved 1114112K
  class space    used 3870K, committed 4224K, reserved 1048576K
}
Event: 14.999 GC heap before
{Heap before GC invocations=14 (full 2):
 PSYoungGen      total 25088K, used 24736K [0x00000000eab00000, 0x00000000ec600000, 0x0000000100000000)
  eden space 22528K, 100% used [0x00000000eab00000,0x00000000ec100000,0x00000000ec100000)
  from space 2560K, 86% used [0x00000000ec280000,0x00000000ec4a8080,0x00000000ec500000)
  to   space 1024K, 0% used [0x00000000ec500000,0x00000000ec500000,0x00000000ec600000)
 ParOldGen       total 68608K, used 14142K [0x00000000c0000000, 0x00000000c4300000, 0x00000000eab00000)
  object space 68608K, 20% used [0x00000000c0000000,0x00000000c0dcf890,0x00000000c4300000)
 Metaspace       used 38329K, committed 39040K, reserved 1114112K
  class space    used 3872K, committed 4224K, reserved 1048576K
}
Event: 15.008 GC heap after
{Heap after GC invocations=14 (full 2):
 PSYoungGen      total 23040K, used 1024K [0x00000000eab00000, 0x00000000ec880000, 0x0000000100000000)
  eden space 22016K, 0% used [0x00000000eab00000,0x00000000eab00000,0x00000000ec080000)
  from space 1024K, 100% used [0x00000000ec500000,0x00000000ec600000,0x00000000ec600000)
  to   space 4096K, 0% used [0x00000000ec080000,0x00000000ec080000,0x00000000ec480000)
 ParOldGen       total 68608K, used 16902K [0x00000000c0000000, 0x00000000c4300000, 0x00000000eab00000)
  object space 68608K, 24% used [0x00000000c0000000,0x00000000c1081910,0x00000000c4300000)
 Metaspace       used 38329K, committed 39040K, reserved 1114112K
  class space    used 3872K, committed 4224K, reserved 1048576K
}
Event: 15.204 GC heap before
{Heap before GC invocations=15 (full 2):
 PSYoungGen      total 23040K, used 23040K [0x00000000eab00000, 0x00000000ec880000, 0x0000000100000000)
  eden space 22016K, 100% used [0x00000000eab00000,0x00000000ec080000,0x00000000ec080000)
  from space 1024K, 100% used [0x00000000ec500000,0x00000000ec600000,0x00000000ec600000)
  to   space 4096K, 0% used [0x00000000ec080000,0x00000000ec080000,0x00000000ec480000)
 ParOldGen       total 68608K, used 16902K [0x00000000c0000000, 0x00000000c4300000, 0x00000000eab00000)
  object space 68608K, 24% used [0x00000000c0000000,0x00000000c1081910,0x00000000c4300000)
 Metaspace       used 38426K, committed 39168K, reserved 1114112K
  class space    used 3872K, committed 4224K, reserved 1048576K
}
Event: 15.211 GC heap after
{Heap after GC invocations=15 (full 2):
 PSYoungGen      total 24064K, used 1632K [0x00000000eab00000, 0x00000000ec580000, 0x0000000100000000)
  eden space 22016K, 0% used [0x00000000eab00000,0x00000000eab00000,0x00000000ec080000)
  from space 2048K, 79% used [0x00000000ec080000,0x00000000ec218000,0x00000000ec280000)
  to   space 2560K, 0% used [0x00000000ec300000,0x00000000ec300000,0x00000000ec580000)
 ParOldGen       total 68608K, used 17926K [0x00000000c0000000, 0x00000000c4300000, 0x00000000eab00000)
  object space 68608K, 26% used [0x00000000c0000000,0x00000000c1181910,0x00000000c4300000)
 Metaspace       used 38426K, committed 39168K, reserved 1114112K
  class space    used 3872K, committed 4224K, reserved 1048576K
}
Event: 15.623 GC heap before
{Heap before GC invocations=16 (full 2):
 PSYoungGen      total 24064K, used 23648K [0x00000000eab00000, 0x00000000ec580000, 0x0000000100000000)
  eden space 22016K, 100% used [0x00000000eab00000,0x00000000ec080000,0x00000000ec080000)
  from space 2048K, 79% used [0x00000000ec080000,0x00000000ec218000,0x00000000ec280000)
  to   space 2560K, 0% used [0x00000000ec300000,0x00000000ec300000,0x00000000ec580000)
 ParOldGen       total 68608K, used 17926K [0x00000000c0000000, 0x00000000c4300000, 0x00000000eab00000)
  object space 68608K, 26% used [0x00000000c0000000,0x00000000c1181910,0x00000000c4300000)
 Metaspace       used 38674K, committed 39360K, reserved 1114112K
  class space    used 3912K, committed 4224K, reserved 1048576K
}
Event: 15.635 GC heap after
{Heap after GC invocations=16 (full 2):
 PSYoungGen      total 24064K, used 1648K [0x00000000eab00000, 0x00000000ec500000, 0x0000000100000000)
  eden space 22016K, 0% used [0x00000000eab00000,0x00000000eab00000,0x00000000ec080000)
  from space 2048K, 80% used [0x00000000ec300000,0x00000000ec49c020,0x00000000ec500000)
  to   space 2048K, 0% used [0x00000000ec080000,0x00000000ec080000,0x00000000ec280000)
 ParOldGen       total 68608K, used 19462K [0x00000000c0000000, 0x00000000c4300000, 0x00000000eab00000)
  object space 68608K, 28% used [0x00000000c0000000,0x00000000c1301910,0x00000000c4300000)
 Metaspace       used 38674K, committed 39360K, reserved 1114112K
  class space    used 3912K, committed 4224K, reserved 1048576K
}
Event: 18.455 GC heap before
{Heap before GC invocations=17 (full 2):
 PSYoungGen      total 24064K, used 23664K [0x00000000eab00000, 0x00000000ec500000, 0x0000000100000000)
  eden space 22016K, 100% used [0x00000000eab00000,0x00000000ec080000,0x00000000ec080000)
  from space 2048K, 80% used [0x00000000ec300000,0x00000000ec49c020,0x00000000ec500000)
  to   space 2048K, 0% used [0x00000000ec080000,0x00000000ec080000,0x00000000ec280000)
 ParOldGen       total 68608K, used 19462K [0x00000000c0000000, 0x00000000c4300000, 0x00000000eab00000)
  object space 68608K, 28% used [0x00000000c0000000,0x00000000c1301910,0x00000000c4300000)
 Metaspace       used 40853K, committed 41536K, reserved 1114112K
  class space    used 4173K, committed 4480K, reserved 1048576K
}
Event: 18.461 GC heap after
{Heap after GC invocations=17 (full 2):
 PSYoungGen      total 23040K, used 824K [0x00000000eab00000, 0x00000000ec380000, 0x0000000100000000)
  eden space 22016K, 0% used [0x00000000eab00000,0x00000000eab00000,0x00000000ec080000)
  from space 1024K, 80% used [0x00000000ec080000,0x00000000ec14e270,0x00000000ec180000)
  to   space 1536K, 0% used [0x00000000ec200000,0x00000000ec200000,0x00000000ec380000)
 ParOldGen       total 68608K, used 21004K [0x00000000c0000000, 0x00000000c4300000, 0x00000000eab00000)
  object space 68608K, 30% used [0x00000000c0000000,0x00000000c1483168,0x00000000c4300000)
 Metaspace       used 40853K, committed 41536K, reserved 1114112K
  class space    used 4173K, committed 4480K, reserved 1048576K
}
Event: 21.008 GC heap before
{Heap before GC invocations=18 (full 2):
 PSYoungGen      total 23040K, used 22840K [0x00000000eab00000, 0x00000000ec380000, 0x0000000100000000)
  eden space 22016K, 100% used [0x00000000eab00000,0x00000000ec080000,0x00000000ec080000)
  from space 1024K, 80% used [0x00000000ec080000,0x00000000ec14e270,0x00000000ec180000)
  to   space 1536K, 0% used [0x00000000ec200000,0x00000000ec200000,0x00000000ec380000)
 ParOldGen       total 68608K, used 21004K [0x00000000c0000000, 0x00000000c4300000, 0x00000000eab00000)
  object space 68608K, 30% used [0x00000000c0000000,0x00000000c1483168,0x00000000c4300000)
 Metaspace       used 42461K, committed 43200K, reserved 1114112K
  class space    used 4316K, committed 4672K, reserved 1048576K
}
Event: 21.010 GC heap after
{Heap after GC invocations=18 (full 2):
 PSYoungGen      total 23552K, used 997K [0x00000000eab00000, 0x00000000ec380000, 0x0000000100000000)
  eden space 22016K, 0% used [0x00000000eab00000,0x00000000eab00000,0x00000000ec080000)
  from space 1536K, 64% used [0x00000000ec200000,0x00000000ec2f95a0,0x00000000ec380000)
  to   space 1536K, 0% used [0x00000000ec080000,0x00000000ec080000,0x00000000ec200000)
 ParOldGen       total 68608K, used 21702K [0x00000000c0000000, 0x00000000c4300000, 0x00000000eab00000)
  object space 68608K, 31% used [0x00000000c0000000,0x00000000c15319f8,0x00000000c4300000)
 Metaspace       used 42461K, committed 43200K, reserved 1114112K
  class space    used 4316K, committed 4672K, reserved 1048576K
}
Event: 21.676 GC heap before
{Heap before GC invocations=19 (full 2):
 PSYoungGen      total 23552K, used 23013K [0x00000000eab00000, 0x00000000ec380000, 0x0000000100000000)
  eden space 22016K, 100% used [0x00000000eab00000,0x00000000ec080000,0x00000000ec080000)
  from space 1536K, 64% used [0x00000000ec200000,0x00000000ec2f95a0,0x00000000ec380000)
  to   space 1536K, 0% used [0x00000000ec080000,0x00000000ec080000,0x00000000ec200000)
 ParOldGen       total 68608K, used 21702K [0x00000000c0000000, 0x00000000c4300000, 0x00000000eab00000)
  object space 68608K, 31% used [0x00000000c0000000,0x00000000c15319f8,0x00000000c4300000)
 Metaspace       used 42494K, committed 43200K, reserved 1114112K
  class space    used 4316K, committed 4672K, reserved 1048576K
}
Event: 21.678 GC heap after
{Heap after GC invocations=19 (full 2):
 PSYoungGen      total 23040K, used 635K [0x00000000eab00000, 0x00000000ec280000, 0x0000000100000000)
  eden space 22016K, 0% used [0x00000000eab00000,0x00000000eab00000,0x00000000ec080000)
  from space 1024K, 62% used [0x00000000ec080000,0x00000000ec11ec88,0x00000000ec180000)
  to   space 1024K, 0% used [0x00000000ec180000,0x00000000ec180000,0x00000000ec280000)
 ParOldGen       total 68608K, used 22574K [0x00000000c0000000, 0x00000000c4300000, 0x00000000eab00000)
  object space 68608K, 32% used [0x00000000c0000000,0x00000000c160b8a8,0x00000000c4300000)
 Metaspace       used 42494K, committed 43200K, reserved 1114112K
  class space    used 4316K, committed 4672K, reserved 1048576K
}
Event: 22.812 GC heap before
{Heap before GC invocations=20 (full 2):
 PSYoungGen      total 23040K, used 22651K [0x00000000eab00000, 0x00000000ec280000, 0x0000000100000000)
  eden space 22016K, 100% used [0x00000000eab00000,0x00000000ec080000,0x00000000ec080000)
  from space 1024K, 62% used [0x00000000ec080000,0x00000000ec11ec88,0x00000000ec180000)
  to   space 1024K, 0% used [0x00000000ec180000,0x00000000ec180000,0x00000000ec280000)
 ParOldGen       total 68608K, used 22574K [0x00000000c0000000, 0x00000000c4300000, 0x00000000eab00000)
  object space 68608K, 32% used [0x00000000c0000000,0x00000000c160b8a8,0x00000000c4300000)
 Metaspace       used 44440K, committed 45184K, reserved 1114112K
  class space    used 4499K, committed 4800K, reserved 1048576K
}
Event: 22.815 GC heap after
{Heap after GC invocations=20 (full 2):
 PSYoungGen      total 23040K, used 448K [0x00000000eab00000, 0x00000000ec280000, 0x0000000100000000)
  eden space 22016K, 0% used [0x00000000eab00000,0x00000000eab00000,0x00000000ec080000)
  from space 1024K, 43% used [0x00000000ec180000,0x00000000ec1f0000,0x00000000ec280000)
  to   space 1024K, 0% used [0x00000000ec080000,0x00000000ec080000,0x00000000ec180000)
 ParOldGen       total 68608K, used 22598K [0x00000000c0000000, 0x00000000c4300000, 0x00000000eab00000)
  object space 68608K, 32% used [0x00000000c0000000,0x00000000c16118a8,0x00000000c4300000)
 Metaspace       used 44440K, committed 45184K, reserved 1114112K
  class space    used 4499K, committed 4800K, reserved 1048576K
}
Event: 23.764 GC heap before
{Heap before GC invocations=21 (full 2):
 PSYoungGen      total 23040K, used 22464K [0x00000000eab00000, 0x00000000ec280000, 0x0000000100000000)
  eden space 22016K, 100% used [0x00000000eab00000,0x00000000ec080000,0x00000000ec080000)
  from space 1024K, 43% used [0x00000000ec180000,0x00000000ec1f0000,0x00000000ec280000)
  to   space 1024K, 0% used [0x00000000ec080000,0x00000000ec080000,0x00000000ec180000)
 ParOldGen       total 68608K, used 22598K [0x00000000c0000000, 0x00000000c4300000, 0x00000000eab00000)
  object space 68608K, 32% used [0x00000000c0000000,0x00000000c16118a8,0x00000000c4300000)
 Metaspace       used 45009K, committed 45760K, reserved 1114112K
  class space    used 4550K, committed 4864K, reserved 1048576K
}
Event: 23.771 GC heap after
{Heap after GC invocations=21 (full 2):
 PSYoungGen      total 23040K, used 1024K [0x00000000eab00000, 0x00000000ec580000, 0x0000000100000000)
  eden space 22016K, 0% used [0x00000000eab00000,0x00000000eab00000,0x00000000ec080000)
  from space 1024K, 100% used [0x00000000ec080000,0x00000000ec180000,0x00000000ec180000)
  to   space 2560K, 0% used [0x00000000ec300000,0x00000000ec300000,0x00000000ec580000)
 ParOldGen       total 68608K, used 23596K [0x00000000c0000000, 0x00000000c4300000, 0x00000000eab00000)
  object space 68608K, 34% used [0x00000000c0000000,0x00000000c170b068,0x00000000c4300000)
 Metaspace       used 45009K, committed 45760K, reserved 1114112K
  class space    used 4550K, committed 4864K, reserved 1048576K
}

Dll operation events (10 events):
Event: 0.038 Loaded shared library c:\Users\vivin\.vscode\extensions\redhat.java-1.34.0-win32-x64\jre\17.0.12-win32-x86_64\bin\java.dll
Event: 0.299 Loaded shared library c:\Users\vivin\.vscode\extensions\redhat.java-1.34.0-win32-x64\jre\17.0.12-win32-x86_64\bin\zip.dll
Event: 0.304 Loaded shared library C:\Users\vivin\.vscode\extensions\redhat.java-1.34.0-win32-x64\jre\17.0.12-win32-x86_64\bin\instrument.dll
Event: 0.354 Loaded shared library C:\Users\vivin\.vscode\extensions\redhat.java-1.34.0-win32-x64\jre\17.0.12-win32-x86_64\bin\net.dll
Event: 0.360 Loaded shared library C:\Users\vivin\.vscode\extensions\redhat.java-1.34.0-win32-x64\jre\17.0.12-win32-x86_64\bin\nio.dll
Event: 0.376 Loaded shared library C:\Users\vivin\.vscode\extensions\redhat.java-1.34.0-win32-x64\jre\17.0.12-win32-x86_64\bin\zip.dll
Event: 0.463 Loaded shared library C:\Users\vivin\.vscode\extensions\redhat.java-1.34.0-win32-x64\jre\17.0.12-win32-x86_64\bin\jimage.dll
Event: 0.938 Loaded shared library c:\Users\vivin\.vscode\extensions\redhat.java-1.34.0-win32-x64\jre\17.0.12-win32-x86_64\bin\verify.dll
Event: 3.986 Loaded shared library C:\Users\vivin\AppData\Roaming\Code\User\globalStorage\redhat.java\1.34.0\config_ss_win\org.eclipse.equinox.launcher\org.eclipse.equinox.launcher.win32.win32.x86_64_1.2.1100.v20240722-2106\eclipse_11904.dll
Event: 6.686 Loaded shared library C:\Users\vivin\AppData\Local\Temp\jna-112220296\jna11244066054411528265.dll

Deoptimization events (20 events):
Event: 22.673 Thread 0x000002b19fa45720 Uncommon trap: trap_request=0xffffff45 fr.pc=0x000002b190d0c900 relative=0x00000000000004c0
Event: 22.673 Thread 0x000002b19fa45720 Uncommon trap: reason=unstable_if action=reinterpret pc=0x000002b190d0c900 method=java.util.WeakHashMap.remove(Ljava/lang/Object;)Ljava/lang/Object; @ 92 c2
Event: 22.673 Thread 0x000002b19fa45720 DEOPT PACKING pc=0x000002b190d0c900 sp=0x000000b6e27fd5e0
Event: 22.673 Thread 0x000002b19fa45720 DEOPT UNPACKING pc=0x000002b1906366a3 sp=0x000000b6e27fd518 mode 2
Event: 23.678 Thread 0x000002b19fa42ea0 Uncommon trap: trap_request=0xffffffc6 fr.pc=0x000002b190d0843c relative=0x000000000000009c
Event: 23.678 Thread 0x000002b19fa42ea0 Uncommon trap: reason=bimorphic_or_optimized_type_check action=maybe_recompile pc=0x000002b190d0843c method=java.util.stream.Sink$ChainedReference.cancellationRequested()Z @ 4 c2
Event: 23.678 Thread 0x000002b19fa42ea0 DEOPT PACKING pc=0x000002b190d0843c sp=0x000000b6e34fd890
Event: 23.678 Thread 0x000002b19fa42ea0 DEOPT UNPACKING pc=0x000002b1906366a3 sp=0x000000b6e34fd7c0 mode 2
Event: 23.683 Thread 0x000002b19fa42ea0 Uncommon trap: trap_request=0xffffffc6 fr.pc=0x000002b190d08430 relative=0x0000000000000090
Event: 23.683 Thread 0x000002b19fa42ea0 Uncommon trap: reason=bimorphic_or_optimized_type_check action=maybe_recompile pc=0x000002b190d08430 method=java.util.stream.Sink$ChainedReference.cancellationRequested()Z @ 4 c2
Event: 23.683 Thread 0x000002b19fa42ea0 DEOPT PACKING pc=0x000002b190d08430 sp=0x000000b6e34fd530
Event: 23.683 Thread 0x000002b19fa42ea0 DEOPT UNPACKING pc=0x000002b1906366a3 sp=0x000000b6e34fd4c0 mode 2
Event: 23.683 Thread 0x000002b19fa42ea0 Uncommon trap: trap_request=0xffffffc6 fr.pc=0x000002b190d08430 relative=0x0000000000000090
Event: 23.683 Thread 0x000002b19fa42ea0 Uncommon trap: reason=bimorphic_or_optimized_type_check action=maybe_recompile pc=0x000002b190d08430 method=java.util.stream.Sink$ChainedReference.cancellationRequested()Z @ 4 c2
Event: 23.683 Thread 0x000002b19fa42ea0 DEOPT PACKING pc=0x000002b190d08430 sp=0x000000b6e34fd530
Event: 23.683 Thread 0x000002b19fa42ea0 DEOPT UNPACKING pc=0x000002b1906366a3 sp=0x000000b6e34fd4c0 mode 2
Event: 23.684 Thread 0x000002b19fa42ea0 Uncommon trap: trap_request=0xffffffc6 fr.pc=0x000002b190d08430 relative=0x0000000000000090
Event: 23.684 Thread 0x000002b19fa42ea0 Uncommon trap: reason=bimorphic_or_optimized_type_check action=maybe_recompile pc=0x000002b190d08430 method=java.util.stream.Sink$ChainedReference.cancellationRequested()Z @ 4 c2
Event: 23.684 Thread 0x000002b19fa42ea0 DEOPT PACKING pc=0x000002b190d08430 sp=0x000000b6e34fe1e0
Event: 23.684 Thread 0x000002b19fa42ea0 DEOPT UNPACKING pc=0x000002b1906366a3 sp=0x000000b6e34fe170 mode 2

Classes loaded (20 events):
Event: 23.689 Loading class java/util/logging/Level$RbAccess
Event: 23.689 Loading class java/util/logging/Level$RbAccess done
Event: 23.689 Loading class sun/util/logging/resources/logging
Event: 23.689 Loading class sun/util/logging/resources/logging done
Event: 23.689 Loading class sun/util/logging/resources/logging_en
Event: 23.689 Loading class sun/util/logging/resources/logging_en done
Event: 23.689 Loading class sun/util/logging/resources/logging_en
Event: 23.689 Loading class sun/util/logging/resources/logging_en done
Event: 23.689 Loading class sun/util/logging/resources/logging_en_IN
Event: 23.689 Loading class sun/util/logging/resources/logging_en_IN done
Event: 23.689 Loading class sun/util/logging/resources/logging_en_IN
Event: 23.689 Loading class sun/util/logging/resources/logging_en_IN done
Event: 23.690 Loading class java/util/Formatter$DateTime
Event: 23.690 Loading class java/util/Formatter$DateTime done
Event: 23.690 Loading class java/time/ZonedDateTime$1
Event: 23.690 Loading class java/time/ZonedDateTime$1 done
Event: 23.690 Loading class java/time/LocalDate$1
Event: 23.690 Loading class java/time/LocalDate$1 done
Event: 23.693 Loading class java/util/concurrent/CompletionException
Event: 23.693 Loading class java/util/concurrent/CompletionException done

Classes unloaded (7 events):
Event: 6.344 Thread 0x000002b19a2418b0 Unloading class 0x000000010021a400 'java/lang/invoke/LambdaForm$MH+0x000000010021a400'
Event: 6.344 Thread 0x000002b19a2418b0 Unloading class 0x000000010021a000 'java/lang/invoke/LambdaForm$MH+0x000000010021a000'
Event: 6.344 Thread 0x000002b19a2418b0 Unloading class 0x0000000100219c00 'java/lang/invoke/LambdaForm$MH+0x0000000100219c00'
Event: 6.344 Thread 0x000002b19a2418b0 Unloading class 0x0000000100219800 'java/lang/invoke/LambdaForm$MH+0x0000000100219800'
Event: 6.344 Thread 0x000002b19a2418b0 Unloading class 0x0000000100219400 'java/lang/invoke/LambdaForm$BMH+0x0000000100219400'
Event: 6.344 Thread 0x000002b19a2418b0 Unloading class 0x0000000100219000 'java/lang/invoke/LambdaForm$DMH+0x0000000100219000'
Event: 6.344 Thread 0x000002b19a2418b0 Unloading class 0x0000000100214400 'java/lang/invoke/LambdaForm$DMH+0x0000000100214400'

Classes redefined (0 events):
No events

Internal exceptions (20 events):
Event: 12.457 Thread 0x000002b19fa45720 Exception <a 'java/lang/NoSuchMethodError'{0x00000000eb4cc4c8}: 'java.lang.Object java.lang.invoke.DirectMethodHandle$Holder.invokeInterface(java.lang.Object, java.lang.Object, java.lang.Object)'> (0x00000000eb4cc4c8) 
thrown [s\src\hotspot\share\interpreter\linkResolver.cpp, line 759]
Event: 12.565 Thread 0x000002b19fa45720 Exception <a 'java/io/FileNotFoundException'{0x00000000eb5a57a0}> (0x00000000eb5a57a0) 
thrown [s\src\hotspot\share\prims\jni.cpp, line 516]
Event: 12.566 Thread 0x000002b19fa45720 Exception <a 'java/io/FileNotFoundException'{0x00000000eb5a6a20}> (0x00000000eb5a6a20) 
thrown [s\src\hotspot\share\prims\jni.cpp, line 516]
Event: 12.568 Thread 0x000002b19fa45720 Exception <a 'java/lang/NoSuchMethodError'{0x00000000eb5b5658}: 'java.lang.Object java.lang.invoke.DirectMethodHandle$Holder.newInvokeSpecial(java.lang.Object, java.lang.Object, java.lang.Object, int)'> (0x00000000eb5b5658) 
thrown [s\src\hotspot\share\interpreter\linkResolver.cpp, line 759]
Event: 12.582 Thread 0x000002b19fa45720 Exception <a 'java/lang/NoSuchMethodError'{0x00000000eb5b99b0}: 'java.lang.Object java.lang.invoke.DirectMethodHandle$Holder.invokeSpecial(java.lang.Object, java.lang.Object, java.lang.Object, java.lang.Object, int)'> (0x00000000eb5b99b0) 
thrown [s\src\hotspot\share\interpreter\linkResolver.cpp, line 759]
Event: 12.584 Thread 0x000002b19fa45720 Exception <a 'java/lang/NoSuchMethodError'{0x00000000eb5bd0b8}: 'java.lang.Object java.lang.invoke.Invokers$Holder.linkToTargetMethod(java.lang.Object, java.lang.Object, int, java.lang.Object)'> (0x00000000eb5bd0b8) 
thrown [s\src\hotspot\share\interpreter\linkResolver.cpp, line 759]
Event: 12.589 Thread 0x000002b19fa45720 Exception <a 'java/lang/NoSuchMethodError'{0x00000000eb5c8cb0}: 'void java.lang.invoke.DirectMethodHandle$Holder.invokeStaticInit(java.lang.Object, java.lang.Object, java.lang.Object)'> (0x00000000eb5c8cb0) 
thrown [s\src\hotspot\share\interpreter\linkResolver.cpp, line 759]
Event: 12.842 Thread 0x000002b19fa42480 Exception <a 'java/lang/NoSuchMethodError'{0x00000000eb9016a0}: 'java.lang.Object java.lang.invoke.Invokers$Holder.invoke_MT(java.lang.Object, java.lang.Object, java.lang.Object)'> (0x00000000eb9016a0) 
thrown [s\src\hotspot\share\interpreter\linkResolver.cpp, line 759]
Event: 16.924 Thread 0x000002b19fa42480 Exception <a 'java/lang/LinkageError'{0x00000000eb676660}: loader lombok.launch.ShadowClassLoader @15172a5b attempted duplicate class definition for lombok.launch.PatchFixesHider$Transform. (lombok.launch.PatchFixesHider$Transform is in unnamed module of loader lombok.launch.ShadowClassLoader @15172a5b, parent loader org.eclipse.osgi.internal.loader.EquinoxClassLoader @4db739d8)> (0x00000000eb676660) 
thrown [s\src\hotspot\share\classfile\systemDictionary.cpp, line 1723]
Event: 16.924 Thread 0x000002b19fa42ea0 Exception <a 'java/lang/LinkageError'{0x00000000eb47d570}: loader lombok.launch.ShadowClassLoader @15172a5b attempted duplicate class definition for lombok.launch.PatchFixesHider$Transform. (lombok.launch.PatchFixesHider$Transform is in unnamed module of loader lombok.launch.ShadowClassLoader @15172a5b, parent loader org.eclipse.osgi.internal.loader.EquinoxClassLoader @4db739d8)> (0x00000000eb47d570) 
thrown [s\src\hotspot\share\classfile\systemDictionary.cpp, line 1723]
Event: 16.943 Thread 0x000002b19fa45720 Exception <a 'java/lang/LinkageError'{0x00000000eb4d02d0}: loader lombok.launch.ShadowClassLoader @15172a5b attempted duplicate class definition for lombok.launch.PatchFixesHider$Transform. (lombok.launch.PatchFixesHider$Transform is in unnamed module of loader lombok.launch.ShadowClassLoader @15172a5b, parent loader org.eclipse.osgi.internal.loader.EquinoxClassLoader @4db739d8)> (0x00000000eb4d02d0) 
thrown [s\src\hotspot\share\classfile\systemDictionary.cpp, line 1723]
Event: 20.110 Thread 0x000002b19fa41f70 Implicit null exception at 0x000002b190cb27cc to 0x000002b190cb33f8
Event: 20.111 Thread 0x000002b19fa41f70 Implicit null exception at 0x000002b190caf5cf to 0x000002b190cb022c
Event: 20.727 Thread 0x000002b19fa42ea0 Exception <a 'java/lang/LinkageError'{0x00000000ebbbeeb0}: loader lombok.launch.ShadowClassLoader @15172a5b attempted duplicate class definition for lombok.launch.PatchFixesHider$ValPortal. (lombok.launch.PatchFixesHider$ValPortal is in unnamed module of loader lombok.launch.ShadowClassLoader @15172a5b, parent loader org.eclipse.osgi.internal.loader.EquinoxClassLoader @4db739d8)> (0x00000000ebbbeeb0) 
thrown [s\src\hotspot\share\classfile\systemDictionary.cpp, line 1723]
Event: 20.810 Thread 0x000002b19fa45720 Exception <a 'java/lang/LinkageError'{0x00000000ebe09fd0}: loader lombok.launch.ShadowClassLoader @15172a5b attempted duplicate class definition for lombok.launch.PatchFixesHider$ValPortal. (lombok.launch.PatchFixesHider$ValPortal is in unnamed module of loader lombok.launch.ShadowClassLoader @15172a5b, parent loader org.eclipse.osgi.internal.loader.EquinoxClassLoader @4db739d8)> (0x00000000ebe09fd0) 
thrown [s\src\hotspot\share\classfile\systemDictionary.cpp, line 1723]
Event: 20.810 Thread 0x000002b19fa41f70 Exception <a 'java/lang/LinkageError'{0x00000000ebe4b3f8}: loader lombok.launch.ShadowClassLoader @15172a5b attempted duplicate class definition for lombok.launch.PatchFixesHider$ValPortal. (lombok.launch.PatchFixesHider$ValPortal is in unnamed module of loader lombok.launch.ShadowClassLoader @15172a5b, parent loader org.eclipse.osgi.internal.loader.EquinoxClassLoader @4db739d8)> (0x00000000ebe4b3f8) 
thrown [s\src\hotspot\share\classfile\systemDictionary.cpp, line 1723]
Event: 22.678 Thread 0x000002b19fa42ea0 Exception <a 'java/lang/LinkageError'{0x00000000ebcb4280}: loader lombok.launch.ShadowClassLoader @5b4802ae attempted duplicate class definition for lombok.launch.PatchFixesHider$FieldInitializer. (lombok.launch.PatchFixesHider$FieldInitializer is in unnamed module of loader lombok.launch.ShadowClassLoader @5b4802ae, parent loader org.eclipse.osgi.internal.loader.EquinoxClassLoader @26620d7e)> (0x00000000ebcb4280) 
thrown [s\src\hotspot\share\classfile\systemDictionary.cpp, line 1723]
Event: 22.679 Thread 0x000002b19fa42480 Exception <a 'java/lang/LinkageError'{0x00000000ebd13130}: loader lombok.launch.ShadowClassLoader @5b4802ae attempted duplicate class definition for lombok.launch.PatchFixesHider$FieldInitializer. (lombok.launch.PatchFixesHider$FieldInitializer is in unnamed module of loader lombok.launch.ShadowClassLoader @5b4802ae, parent loader org.eclipse.osgi.internal.loader.EquinoxClassLoader @26620d7e)> (0x00000000ebd13130) 
thrown [s\src\hotspot\share\classfile\systemDictionary.cpp, line 1723]
Event: 22.691 Thread 0x000002b19fa41f70 Exception <a 'java/lang/LinkageError'{0x00000000ebd8e7b0}: loader lombok.launch.ShadowClassLoader @5b4802ae attempted duplicate class definition for lombok.launch.PatchFixesHider$FieldInitializer. (lombok.launch.PatchFixesHider$FieldInitializer is in unnamed module of loader lombok.launch.ShadowClassLoader @5b4802ae, parent loader org.eclipse.osgi.internal.loader.EquinoxClassLoader @26620d7e)> (0x00000000ebd8e7b0) 
thrown [s\src\hotspot\share\classfile\systemDictionary.cpp, line 1723]
Event: 23.689 Thread 0x000002b19fa42ea0 Exception <a 'java/lang/ClassNotFoundException'{0x00000000eb0981d0}: sun/util/logging/resources/spi/loggingProvider> (0x00000000eb0981d0) 
thrown [s\src\hotspot\share\classfile\systemDictionary.cpp, line 256]

VM Operations (20 events):
Event: 16.712 Executing VM operation: HandshakeAllThreads
Event: 16.713 Executing VM operation: HandshakeAllThreads done
Event: 17.714 Executing VM operation: Cleanup
Event: 17.714 Executing VM operation: Cleanup done
Event: 18.455 Executing VM operation: ParallelGCFailedAllocation
Event: 18.461 Executing VM operation: ParallelGCFailedAllocation done
Event: 19.463 Executing VM operation: Cleanup
Event: 19.463 Executing VM operation: Cleanup done
Event: 20.469 Executing VM operation: Cleanup
Event: 20.469 Executing VM operation: Cleanup done
Event: 21.008 Executing VM operation: ParallelGCFailedAllocation
Event: 21.010 Executing VM operation: ParallelGCFailedAllocation done
Event: 21.676 Executing VM operation: ParallelGCFailedAllocation
Event: 21.678 Executing VM operation: ParallelGCFailedAllocation done
Event: 22.687 Executing VM operation: Cleanup
Event: 22.687 Executing VM operation: Cleanup done
Event: 22.811 Executing VM operation: ParallelGCFailedAllocation
Event: 22.821 Executing VM operation: ParallelGCFailedAllocation done
Event: 23.763 Executing VM operation: ParallelGCFailedAllocation
Event: 23.771 Executing VM operation: ParallelGCFailedAllocation done

Events (20 events):
Event: 7.383 Thread 0x000002b19f9c1680 Thread exited: 0x000002b19f9c1680
Event: 8.302 Thread 0x000002b1a0f739f0 Thread added: 0x000002b1a0f739f0
Event: 8.783 Thread 0x000002b19fa47a90 Thread added: 0x000002b19fa47a90
Event: 8.997 Thread 0x000002b19fa47a90 Thread exited: 0x000002b19fa47a90
Event: 9.404 Thread 0x000002b19fa46140 Thread added: 0x000002b19fa46140
Event: 9.405 Thread 0x000002b19fa433b0 Thread added: 0x000002b19fa433b0
Event: 9.405 Thread 0x000002b19fa447f0 Thread added: 0x000002b19fa447f0
Event: 9.405 Thread 0x000002b19fa46650 Thread added: 0x000002b19fa46650
Event: 9.405 Thread 0x000002b19fa47a90 Thread added: 0x000002b19fa47a90
Event: 9.453 Thread 0x000002b19fa45210 Thread added: 0x000002b19fa45210
Event: 10.318 Thread 0x000002b1a0f739f0 Thread exited: 0x000002b1a0f739f0
Event: 10.702 Thread 0x000002b19fa489c0 Thread added: 0x000002b19fa489c0
Event: 10.703 Thread 0x000002b19fa42ea0 Thread added: 0x000002b19fa42ea0
Event: 12.056 Thread 0x000002b19fe373c0 Thread exited: 0x000002b19fe373c0
Event: 12.439 Thread 0x000002b19fa45720 Thread added: 0x000002b19fa45720
Event: 12.458 Thread 0x000002b19fa41f70 Thread added: 0x000002b19fa41f70
Event: 12.472 Thread 0x000002b19fa42480 Thread added: 0x000002b19fa42480
Event: 14.349 Thread 0x000002b1a18f9010 Thread added: 0x000002b1a18f9010
Event: 16.755 Thread 0x000002b1a18f9010 Thread exited: 0x000002b1a18f9010
Event: 21.091 Thread 0x000002b1a10c3c40 Thread added: 0x000002b1a10c3c40


Dynamic libraries:
0x00007ff7446f0000 - 0x00007ff7446fe000 	c:\Users\vivin\.vscode\extensions\redhat.java-1.34.0-win32-x64\jre\17.0.12-win32-x86_64\bin\java.exe
0x00007ffbdbd30000 - 0x00007ffbdbf47000 	C:\WINDOWS\SYSTEM32\ntdll.dll
0x00007ffbdaa10000 - 0x00007ffbdaad4000 	C:\WINDOWS\System32\KERNEL32.DLL
0x00007ffbd9420000 - 0x00007ffbd97cd000 	C:\WINDOWS\System32\KERNELBASE.dll
0x00007ffbd9910000 - 0x00007ffbd9a21000 	C:\WINDOWS\System32\ucrtbase.dll
0x00007ffbd5780000 - 0x00007ffbd5797000 	c:\Users\vivin\.vscode\extensions\redhat.java-1.34.0-win32-x64\jre\17.0.12-win32-x86_64\bin\jli.dll
0x00007ffbdafb0000 - 0x00007ffbdb15e000 	C:\WINDOWS\System32\USER32.dll
0x00007ffbd9260000 - 0x00007ffbd9286000 	C:\WINDOWS\System32\win32u.dll
0x00007ffbdaf60000 - 0x00007ffbdaf89000 	C:\WINDOWS\System32\GDI32.dll
0x00007ffbd9300000 - 0x00007ffbd9419000 	C:\WINDOWS\System32\gdi32full.dll
0x00007ffbd91c0000 - 0x00007ffbd925a000 	C:\WINDOWS\System32\msvcp_win.dll
0x00007ffbd5730000 - 0x00007ffbd574b000 	c:\Users\vivin\.vscode\extensions\redhat.java-1.34.0-win32-x64\jre\17.0.12-win32-x86_64\bin\VCRUNTIME140.dll
0x00007ffbbb740000 - 0x00007ffbbb9d3000 	C:\WINDOWS\WinSxS\amd64_microsoft.windows.common-controls_6595b64144ccf1df_6.0.22621.3672_none_2713b9d173822955\COMCTL32.dll
0x00007ffbdad90000 - 0x00007ffbdae37000 	C:\WINDOWS\System32\msvcrt.dll
0x00007ffbdac90000 - 0x00007ffbdacc1000 	C:\WINDOWS\System32\IMM32.DLL
0x00007ffbd61e0000 - 0x00007ffbd61ec000 	c:\Users\vivin\.vscode\extensions\redhat.java-1.34.0-win32-x64\jre\17.0.12-win32-x86_64\bin\vcruntime140_1.dll
0x00007ffbd3f40000 - 0x00007ffbd3fcd000 	c:\Users\vivin\.vscode\extensions\redhat.java-1.34.0-win32-x64\jre\17.0.12-win32-x86_64\bin\msvcp140.dll
0x00007ffb57af0000 - 0x00007ffb5875a000 	c:\Users\vivin\.vscode\extensions\redhat.java-1.34.0-win32-x64\jre\17.0.12-win32-x86_64\bin\server\jvm.dll
0x00007ffbd9a70000 - 0x00007ffbd9b22000 	C:\WINDOWS\System32\ADVAPI32.dll
0x00007ffbd9ca0000 - 0x00007ffbd9d49000 	C:\WINDOWS\System32\sechost.dll
0x00007ffbd9a30000 - 0x00007ffbd9a58000 	C:\WINDOWS\System32\bcrypt.dll
0x00007ffbdae40000 - 0x00007ffbdaf54000 	C:\WINDOWS\System32\RPCRT4.dll
0x00007ffbd9d70000 - 0x00007ffbd9de1000 	C:\WINDOWS\System32\WS2_32.dll
0x00007ffbd8f20000 - 0x00007ffbd8f6d000 	C:\WINDOWS\SYSTEM32\POWRPROF.dll
0x00007ffbd1670000 - 0x00007ffbd16a4000 	C:\WINDOWS\SYSTEM32\WINMM.dll
0x00007ffbd06e0000 - 0x00007ffbd06ea000 	C:\WINDOWS\SYSTEM32\VERSION.dll
0x00007ffbd8d50000 - 0x00007ffbd8d63000 	C:\WINDOWS\SYSTEM32\UMPDC.dll
0x00007ffbd80a0000 - 0x00007ffbd80b8000 	C:\WINDOWS\SYSTEM32\kernel.appcore.dll
0x00007ffbd5720000 - 0x00007ffbd572a000 	c:\Users\vivin\.vscode\extensions\redhat.java-1.34.0-win32-x64\jre\17.0.12-win32-x86_64\bin\jimage.dll
0x00007ffbd3a20000 - 0x00007ffbd3c52000 	C:\WINDOWS\SYSTEM32\DBGHELP.DLL
0x00007ffbdb160000 - 0x00007ffbdb4ee000 	C:\WINDOWS\System32\combase.dll
0x00007ffbd9bc0000 - 0x00007ffbd9c97000 	C:\WINDOWS\System32\OLEAUT32.dll
0x00007ffbcd860000 - 0x00007ffbcd892000 	C:\WINDOWS\SYSTEM32\dbgcore.DLL
0x00007ffbd9890000 - 0x00007ffbd990b000 	C:\WINDOWS\System32\bcryptPrimitives.dll
0x00007ffbd5710000 - 0x00007ffbd571e000 	c:\Users\vivin\.vscode\extensions\redhat.java-1.34.0-win32-x64\jre\17.0.12-win32-x86_64\bin\instrument.dll
0x00007ffbd5440000 - 0x00007ffbd5465000 	c:\Users\vivin\.vscode\extensions\redhat.java-1.34.0-win32-x64\jre\17.0.12-win32-x86_64\bin\java.dll
0x00007ffbd5590000 - 0x00007ffbd55a8000 	c:\Users\vivin\.vscode\extensions\redhat.java-1.34.0-win32-x64\jre\17.0.12-win32-x86_64\bin\zip.dll
0x00007ffbd9f90000 - 0x00007ffbda7f7000 	C:\WINDOWS\System32\SHELL32.dll
0x00007ffbd6fd0000 - 0x00007ffbd78cf000 	C:\WINDOWS\SYSTEM32\windows.storage.dll
0x00007ffbd6e90000 - 0x00007ffbd6fcf000 	C:\WINDOWS\SYSTEM32\wintypes.dll
0x00007ffbda810000 - 0x00007ffbda909000 	C:\WINDOWS\System32\SHCORE.dll
0x00007ffbd9f30000 - 0x00007ffbd9f8e000 	C:\WINDOWS\System32\shlwapi.dll
0x00007ffbd8f80000 - 0x00007ffbd8fa7000 	C:\WINDOWS\SYSTEM32\profapi.dll
0x00007ffbd5420000 - 0x00007ffbd5439000 	C:\Users\vivin\.vscode\extensions\redhat.java-1.34.0-win32-x64\jre\17.0.12-win32-x86_64\bin\net.dll
0x00007ffbd1330000 - 0x00007ffbd1466000 	C:\WINDOWS\SYSTEM32\WINHTTP.dll
0x00007ffbd8510000 - 0x00007ffbd8579000 	C:\WINDOWS\system32\mswsock.dll
0x00007ffbd3f20000 - 0x00007ffbd3f36000 	C:\Users\vivin\.vscode\extensions\redhat.java-1.34.0-win32-x64\jre\17.0.12-win32-x86_64\bin\nio.dll
0x00007ffbd5480000 - 0x00007ffbd5490000 	c:\Users\vivin\.vscode\extensions\redhat.java-1.34.0-win32-x64\jre\17.0.12-win32-x86_64\bin\verify.dll
0x00007ffbd2a80000 - 0x00007ffbd2ac5000 	C:\Users\vivin\AppData\Roaming\Code\User\globalStorage\redhat.java\1.34.0\config_ss_win\org.eclipse.equinox.launcher\org.eclipse.equinox.launcher.win32.win32.x86_64_1.2.1100.v20240722-2106\eclipse_11904.dll
0x00007ffbdaae0000 - 0x00007ffbdac85000 	C:\WINDOWS\System32\ole32.dll
0x00007ffbd8760000 - 0x00007ffbd877b000 	C:\WINDOWS\SYSTEM32\CRYPTSP.dll
0x00007ffbd8000000 - 0x00007ffbd8035000 	C:\WINDOWS\system32\rsaenh.dll
0x00007ffbd8600000 - 0x00007ffbd8628000 	C:\WINDOWS\SYSTEM32\USERENV.dll
0x00007ffbd8780000 - 0x00007ffbd878c000 	C:\WINDOWS\SYSTEM32\CRYPTBASE.dll
0x00007ffbd7a10000 - 0x00007ffbd7a3d000 	C:\WINDOWS\SYSTEM32\IPHLPAPI.DLL
0x00007ffbda800000 - 0x00007ffbda809000 	C:\WINDOWS\System32\NSI.dll
0x00007ffbd0dc0000 - 0x00007ffbd0dd9000 	C:\WINDOWS\SYSTEM32\dhcpcsvc6.DLL
0x00007ffbd0cc0000 - 0x00007ffbd0cdf000 	C:\WINDOWS\SYSTEM32\dhcpcsvc.DLL
0x00007ffbd7ab0000 - 0x00007ffbd7ba8000 	C:\WINDOWS\SYSTEM32\DNSAPI.dll
0x00007ffbc5000000 - 0x00007ffbc5045000 	C:\Users\vivin\AppData\Local\Temp\jna-112220296\jna11244066054411528265.dll
0x00007ffbd9ed0000 - 0x00007ffbd9ed8000 	C:\WINDOWS\System32\PSAPI.DLL

dbghelp: loaded successfully - version: 4.0.5 - missing functions: none
symbol engine: initialized successfully - sym options: 0x614 - pdb path: .;c:\Users\vivin\.vscode\extensions\redhat.java-1.34.0-win32-x64\jre\17.0.12-win32-x86_64\bin;C:\WINDOWS\SYSTEM32;C:\WINDOWS\WinSxS\amd64_microsoft.windows.common-controls_6595b64144ccf1df_6.0.22621.3672_none_2713b9d173822955;c:\Users\vivin\.vscode\extensions\redhat.java-1.34.0-win32-x64\jre\17.0.12-win32-x86_64\bin\server;C:\Users\vivin\AppData\Roaming\Code\User\globalStorage\redhat.java\1.34.0\config_ss_win\org.eclipse.equinox.launcher\org.eclipse.equinox.launcher.win32.win32.x86_64_1.2.1100.v20240722-2106;C:\Users\vivin\AppData\Local\Temp\jna-112220296

VM Arguments:
jvm_args: --add-modules=ALL-SYSTEM --add-opens=java.base/java.util=ALL-UNNAMED --add-opens=java.base/java.lang=ALL-UNNAMED --add-opens=java.base/sun.nio.fs=ALL-UNNAMED -Declipse.application=org.eclipse.jdt.ls.core.id1 -Dosgi.bundles.defaultStartLevel=4 -Declipse.product=org.eclipse.jdt.ls.core.product -Djava.import.generatesMetadataFilesAtProjectRoot=false -DDetectVMInstallationsJob.disabled=true -Dfile.encoding=utf8 -XX:+UseParallelGC -XX:GCTimeRatio=4 -XX:AdaptiveSizePolicyWeight=90 -Dsun.zip.disableMemoryMapping=true -Xmx1G -Xms100m -Xlog:disable -javaagent:c:\Users\vivin\.vscode\extensions\redhat.java-1.34.0-win32-x64\lombok\lombok-1.18.33.jar 
java_command: c:\Users\vivin\.vscode\extensions\redhat.java-1.34.0-win32-x64\server\plugins\org.eclipse.equinox.launcher_1.6.900.v20240613-2009.jar -configuration c:\Users\vivin\AppData\Roaming\Code\User\globalStorage\redhat.java\1.34.0\config_ss_win -data c:\Users\vivin\AppData\Roaming\Code\User\workspaceStorage\03aef4cec3476b10e38d3aef6a71f36d\redhat.java\ss_ws --pipe=\\.\pipe\lsp-c98a122a3b020ed6dbbea6002bb0d94a-sock
java_class_path (initial): c:\Users\vivin\.vscode\extensions\redhat.java-1.34.0-win32-x64\server\plugins\org.eclipse.equinox.launcher_1.6.900.v20240613-2009.jar
Launcher Type: SUN_STANDARD

[Global flags]
    uintx AdaptiveSizePolicyWeight                 = 90                                        {product} {command line}
     intx CICompilerCount                          = 3                                         {product} {ergonomic}
    uintx GCTimeRatio                              = 4                                         {product} {command line}
   size_t InitialHeapSize                          = 104857600                                 {product} {command line}
   size_t MaxHeapSize                              = 1073741824                                {product} {command line}
   size_t MaxNewSize                               = 357564416                                 {product} {ergonomic}
   size_t MinHeapDeltaBytes                        = 524288                                    {product} {ergonomic}
   size_t MinHeapSize                              = 104857600                                 {product} {command line}
   size_t NewSize                                  = 34603008                                  {product} {ergonomic}
    uintx NonNMethodCodeHeapSize                   = 5832780                                {pd product} {ergonomic}
    uintx NonProfiledCodeHeapSize                  = 122912730                              {pd product} {ergonomic}
   size_t OldSize                                  = 70254592                                  {product} {ergonomic}
    uintx ProfiledCodeHeapSize                     = 122912730                              {pd product} {ergonomic}
    uintx ReservedCodeCacheSize                    = 251658240                              {pd product} {ergonomic}
     bool SegmentedCodeCache                       = true                                      {product} {ergonomic}
   size_t SoftMaxHeapSize                          = 1073741824                             {manageable} {ergonomic}
     bool UseCompressedClassPointers               = true                           {product lp64_product} {ergonomic}
     bool UseCompressedOops                        = true                           {product lp64_product} {ergonomic}
     bool UseLargePagesIndividualAllocation        = false                                  {pd product} {ergonomic}
     bool UseParallelGC                            = true                                      {product} {command line}

Logging:
Log output configuration:
 #0: stdout all=off uptime,level,tags
 #1: stderr all=off uptime,level,tags

Environment Variables:
PATH=C:\Program Files\Common Files\Oracle\Java\javapath;C:\WINDOWS\system32;C:\WINDOWS;C:\WINDOWS\System32\Wbem;C:\WINDOWS\System32\WindowsPowerShell\v1.0\;C:\WINDOWS\System32\OpenSSH\;%JAVA_HOME%\bin;C:\Program Files\nodejs\;C:\Program Files\Git\cmd;C:\Program Files\MySQL\MySQL Shell 8.0\bin\;C:\Users\vivin\AppData\Local\Microsoft\WindowsApps;C:\Users\vivin\AppData\Local\Programs\Microsoft VS Code\bin;C:\Users\vivin\AppData\Roaming\npm
USERNAME=vivin
OS=Windows_NT
PROCESSOR_IDENTIFIER=AMD64 Family 23 Model 24 Stepping 1, AuthenticAMD
TMP=C:\Users\vivin\AppData\Local\Temp
TEMP=C:\Users\vivin\AppData\Local\Temp



Periodic native trim disabled


---------------  S Y S T E M  ---------------

OS:
 Windows 11 , 64 bit Build 22621 (10.0.22621.3958)
OS uptime: 2 days 8:55 hours

CPU: total 4 (initial active 4) (4 cores per cpu, 2 threads per core) family 23 model 24 stepping 1 microcode 0x0, cx8, cmov, fxsr, ht, mmx, 3dnowpref, sse, sse2, sse3, ssse3, sse4a, sse4.1, sse4.2, popcnt, lzcnt, tsc, tscinvbit, avx, avx2, aes, clmul, bmi1, bmi2, adx, sha, fma, vzeroupper, clflush, clflushopt
Processor Information for all 4 processors :
  Max Mhz: 2600, Current Mhz: 2600, Mhz Limit: 2600

Memory: 4k page, system-wide physical 6086M (823M free)
TotalPageFile size 24518M (AvailPageFile size 12M)
current process WorkingSet (physical memory assigned to process): 214M, peak: 219M
current process commit charge ("private bytes"): 288M, peak: 294M

vm_info: OpenJDK 64-Bit Server VM (17.0.12+7) for windows-amd64 JRE (17.0.12+7), built on Jul 16 2024 22:08:24 by "admin" with MS VC++ 16.10 / 16.11 (VS2019)

END.
