#
# There is insufficient memory for the Java Runtime Environment to continue.
# Native memory allocation (malloc) failed to allocate 105440 bytes. Error detail: Chunk::new
# Possible reasons:
#   The system is out of physical RAM or swap space
#   This process is running with CompressedOops enabled, and the Java Heap may be blocking the growth of the native heap
# Possible solutions:
#   Reduce memory load on the system
#   Increase physical memory or swap space
#   Check if swap backing store is full
#   Decrease Java heap size (-Xmx/-Xms)
#   Decrease number of Java threads
#   Decrease Java thread stack sizes (-Xss)
#   Set larger code cache with -XX:ReservedCodeCacheSize=
#   JVM is running with Unscaled Compressed Oops mode in which the Java heap is
#     placed in the first 4GB address space. The Java Heap base address is the
#     maximum limit for the native heap growth. Please use -XX:HeapBaseMinAddress
#     to set the Java Heap base and to place the Java Heap above 4GB virtual address.
# This output file may be truncated or incomplete.
#
#  Out of Memory Error (arena.cpp:191), pid=28132, tid=24692
#
# JRE version: OpenJDK Runtime Environment Temurin-17.0.12+7 (17.0.12+7) (build 17.0.12+7)
# Java VM: OpenJDK 64-Bit Server VM Temurin-17.0.12+7 (17.0.12+7, mixed mode, tiered, compressed oops, compressed class ptrs, parallel gc, windows-amd64)
# No core dump will be written. Minidumps are not enabled by default on client versions of Windows
#

---------------  S U M M A R Y ------------

Command Line: --add-modules=ALL-SYSTEM --add-opens=java.base/java.util=ALL-UNNAMED --add-opens=java.base/java.lang=ALL-UNNAMED --add-opens=java.base/sun.nio.fs=ALL-UNNAMED -Declipse.application=org.eclipse.jdt.ls.core.id1 -Dosgi.bundles.defaultStartLevel=4 -Declipse.product=org.eclipse.jdt.ls.core.product -Djava.import.generatesMetadataFilesAtProjectRoot=false -DDetectVMInstallationsJob.disabled=true -Dfile.encoding=utf8 -XX:+UseParallelGC -XX:GCTimeRatio=4 -XX:AdaptiveSizePolicyWeight=90 -Dsun.zip.disableMemoryMapping=true -Xmx1G -Xms100m -Xlog:disable -javaagent:c:\Users\vivin\.vscode\extensions\redhat.java-1.34.0-win32-x64\lombok\lombok-1.18.33.jar -XX:+HeapDumpOnOutOfMemoryError -XX:HeapDumpPath=c:\Users\vivin\AppData\Roaming\Code\User\workspaceStorage\03aef4cec3476b10e38d3aef6a71f36d\redhat.java -Daether.dependencyCollector.impl=bf c:\Users\vivin\.vscode\extensions\redhat.java-1.34.0-win32-x64\server\plugins\org.eclipse.equinox.launcher_1.6.900.v20240613-2009.jar -configuration c:\Users\vivin\AppData\Roaming\Code\User\globalStorage\redhat.java\1.34.0\config_win -data c:\Users\vivin\AppData\Roaming\Code\User\workspaceStorage\03aef4cec3476b10e38d3aef6a71f36d\redhat.java\jdt_ws --pipe=\\.\pipe\lsp-fee69148d06448b8791a2cfae6596b2f-sock

Host: AMD Ryzen 3 3250U with Radeon Graphics         , 4 cores, 5G,  Windows 11 , 64 bit Build 22621 (10.0.22621.3958)
Time: Wed Sep 18 20:25:11 2024 India Standard Time elapsed time: 1.003743 seconds (0d 0h 0m 1s)

---------------  T H R E A D  ---------------

Current thread (0x000001d1a449e3b0):  JavaThread "C2 CompilerThread0" daemon [_thread_in_native, id=24692, stack(0x0000003249a00000,0x0000003249b00000)]


Current CompileTask:
C2:   1004  164       4       java.util.HashMap::putVal (300 bytes)

Stack: [0x0000003249a00000,0x0000003249b00000]
Native frames: (J=compiled Java code, j=interpreted, Vv=VM code, C=native code)
V  [jvm.dll+0x67f929]
V  [jvm.dll+0x8371ba]
V  [jvm.dll+0x838c7e]
V  [jvm.dll+0x8392e3]
V  [jvm.dll+0x24834f]
V  [jvm.dll+0xac9d4]
V  [jvm.dll+0xad01c]
V  [jvm.dll+0x3674a7]
V  [jvm.dll+0x33197a]
V  [jvm.dll+0x330e1a]
V  [jvm.dll+0x21a8b1]
V  [jvm.dll+0x219cf1]
V  [jvm.dll+0x1a58bd]
V  [jvm.dll+0x229a2d]
V  [jvm.dll+0x227bdc]
V  [jvm.dll+0x7ec1f7]
V  [jvm.dll+0x7e65dc]
V  [jvm.dll+0x67e7f7]
C  [ucrtbase.dll+0x29333]
C  [KERNEL32.DLL+0x1257d]
C  [ntdll.dll+0x5af28]


---------------  P R O C E S S  ---------------

Threads class SMR info:
_java_thread_list=0x000001d1bd53ba00, length=11, elements={
0x000001d1a43e9fc0, 0x000001d1b8230020, 0x000001d1b8231190, 0x000001d1a449b2c0,
0x000001d1a449bd90, 0x000001d1a449c950, 0x000001d1a449d510, 0x000001d1a449e3b0,
0x000001d1b827eab0, 0x000001d1bd483ca0, 0x000001d1bd4f8cb0
}

Java Threads: ( => current thread )
  0x000001d1a43e9fc0 JavaThread "main" [_thread_in_Java, id=27864, stack(0x0000003249100000,0x0000003249200000)]
  0x000001d1b8230020 JavaThread "Reference Handler" daemon [_thread_blocked, id=9456, stack(0x0000003249400000,0x0000003249500000)]
  0x000001d1b8231190 JavaThread "Finalizer" daemon [_thread_blocked, id=27448, stack(0x0000003249500000,0x0000003249600000)]
  0x000001d1a449b2c0 JavaThread "Signal Dispatcher" daemon [_thread_blocked, id=13488, stack(0x0000003249600000,0x0000003249700000)]
  0x000001d1a449bd90 JavaThread "Attach Listener" daemon [_thread_blocked, id=28160, stack(0x0000003249700000,0x0000003249800000)]
  0x000001d1a449c950 JavaThread "Service Thread" daemon [_thread_blocked, id=21788, stack(0x0000003249800000,0x0000003249900000)]
  0x000001d1a449d510 JavaThread "Monitor Deflation Thread" daemon [_thread_blocked, id=11276, stack(0x0000003249900000,0x0000003249a00000)]
=>0x000001d1a449e3b0 JavaThread "C2 CompilerThread0" daemon [_thread_in_native, id=24692, stack(0x0000003249a00000,0x0000003249b00000)]
  0x000001d1b827eab0 JavaThread "C1 CompilerThread0" daemon [_thread_in_native, id=28556, stack(0x0000003249b00000,0x0000003249c00000)]
  0x000001d1bd483ca0 JavaThread "Sweeper thread" daemon [_thread_blocked, id=20796, stack(0x0000003249c00000,0x0000003249d00000)]
  0x000001d1bd4f8cb0 JavaThread "Common-Cleaner" daemon [_thread_blocked, id=24204, stack(0x0000003249d00000,0x0000003249e00000)]

Other Threads:
  0x000001d1a4495b00 VMThread "VM Thread" [stack: 0x0000003249300000,0x0000003249400000] [id=10716]
  0x000001d1a43fdf00 GCTaskThread "GC Thread#0" [stack: 0x0000003249200000,0x0000003249300000] [id=28052]

Threads with active compile tasks:
C2 CompilerThread0     1335  164       4       java.util.HashMap::putVal (300 bytes)

VM state: not at safepoint (normal execution)

VM Mutex/Monitor currently owned by a thread: None

Heap address: 0x00000000c0000000, size: 1024 MB, Compressed Oops mode: 32-bit

CDS archive(s) not mapped
Compressed class space mapped at: 0x0000000100000000-0x0000000140000000, reserved size: 1073741824
Narrow klass base: 0x0000000000000000, Narrow klass shift: 3, Narrow klass range: 0x140000000

GC Precious Log:
 CPUs: 4 total, 4 available
 Memory: 6086M
 Large Page Support: Disabled
 NUMA Support: Disabled
 Compressed Oops: Enabled (32-bit)
 Alignments: Space 512K, Generation 512K, Heap 2M
 Heap Min Capacity: 100M
 Heap Initial Capacity: 100M
 Heap Max Capacity: 1G
 Pre-touch: Disabled
 Parallel Workers: 4

Heap:
 PSYoungGen      total 29696K, used 3085K [0x00000000eab00000, 0x00000000ecc00000, 0x0000000100000000)
  eden space 25600K, 12% used [0x00000000eab00000,0x00000000eae034c0,0x00000000ec400000)
  from space 4096K, 0% used [0x00000000ec800000,0x00000000ec800000,0x00000000ecc00000)
  to   space 4096K, 0% used [0x00000000ec400000,0x00000000ec400000,0x00000000ec800000)
 ParOldGen       total 68608K, used 0K [0x00000000c0000000, 0x00000000c4300000, 0x00000000eab00000)
  object space 68608K, 0% used [0x00000000c0000000,0x00000000c0000000,0x00000000c4300000)
 Metaspace       used 5297K, committed 5376K, reserved 1114112K
  class space    used 501K, committed 512K, reserved 1048576K

Card table byte_map: [0x000001d1a3db0000,0x000001d1a3fc0000] _byte_map_base: 0x000001d1a37b0000

Marking Bits: (ParMarkBitMap*) 0x00007ffb989f58b0
 Begin Bits: [0x000001d1b6080000, 0x000001d1b7080000)
 End Bits:   [0x000001d1b7080000, 0x000001d1b8080000)

Polling page: 0x000001d1a3ba0000

Metaspace:

Usage:
  Non-class:      4.68 MB used.
      Class:    501.57 KB used.
       Both:      5.17 MB used.

Virtual space:
  Non-class space:       64.00 MB reserved,       4.75 MB (  7%) committed,  1 nodes.
      Class space:        1.00 GB reserved,     512.00 KB ( <1%) committed,  1 nodes.
             Both:        1.06 GB reserved,       5.25 MB ( <1%) committed. 

Chunk freelists:
   Non-Class:  11.00 MB
       Class:  15.50 MB
        Both:  26.50 MB

MaxMetaspaceSize: unlimited
CompressedClassSpaceSize: 1.00 GB
Initial GC threshold: 21.00 MB
Current GC threshold: 21.00 MB
CDS: off
MetaspaceReclaimPolicy: balanced
 - commit_granule_bytes: 65536.
 - commit_granule_words: 8192.
 - virtual_space_node_default_size: 8388608.
 - enlarge_chunks_in_place: 1.
 - new_chunks_are_fully_committed: 0.
 - uncommit_free_chunks: 1.
 - use_allocation_guard: 0.
 - handle_deallocations: 1.


Internal statistics:

num_allocs_failed_limit: 0.
num_arena_births: 6.
num_arena_deaths: 0.
num_vsnodes_births: 2.
num_vsnodes_deaths: 0.
num_space_committed: 84.
num_space_uncommitted: 0.
num_chunks_returned_to_freelist: 0.
num_chunks_taken_from_freelist: 13.
num_chunk_merges: 0.
num_chunk_splits: 5.
num_chunks_enlarged: 2.
num_inconsistent_stats: 0.

CodeHeap 'non-profiled nmethods': size=120000Kb used=56Kb max_used=56Kb free=119943Kb
 bounds [0x000001d1aeb50000, 0x000001d1aedc0000, 0x000001d1b6080000]
CodeHeap 'profiled nmethods': size=120000Kb used=255Kb max_used=255Kb free=119744Kb
 bounds [0x000001d1a7080000, 0x000001d1a72f0000, 0x000001d1ae5b0000]
CodeHeap 'non-nmethods': size=5760Kb used=1090Kb max_used=1090Kb free=4670Kb
 bounds [0x000001d1ae5b0000, 0x000001d1ae820000, 0x000001d1aeb50000]
 total_blobs=582 nmethods=216 adapters=281
 compilation: enabled
              stopped_count=0, restarted_count=0
 full_count=0

Compilation events (20 events):
Event: 0.991 Thread 0x000001d1b827eab0  186       1       java.lang.module.ResolvedModule::configuration (5 bytes)
Event: 0.991 Thread 0x000001d1b827eab0 nmethod 186 0x000001d1aeb5c810 code [0x000001d1aeb5c9a0, 0x000001d1aeb5ca78]
Event: 0.991 Thread 0x000001d1b827eab0  187       1       java.lang.module.ModuleDescriptor::isOpen (5 bytes)
Event: 0.991 Thread 0x000001d1b827eab0 nmethod 187 0x000001d1aeb5cb10 code [0x000001d1aeb5cca0, 0x000001d1aeb5cd78]
Event: 0.992 Thread 0x000001d1b827eab0  188       1       java.util.HashMap::size (5 bytes)
Event: 0.992 Thread 0x000001d1b827eab0 nmethod 188 0x000001d1aeb5d210 code [0x000001d1aeb5d3a0, 0x000001d1aeb5d478]
Event: 0.993 Thread 0x000001d1b827eab0  190       1       java.lang.module.ModuleDescriptor$Provides::service (5 bytes)
Event: 0.993 Thread 0x000001d1b827eab0 nmethod 190 0x000001d1aeb5d510 code [0x000001d1aeb5d6a0, 0x000001d1aeb5d778]
Event: 0.994 Thread 0x000001d1b827eab0  191       3       java.lang.String::indexOf (29 bytes)
Event: 0.995 Thread 0x000001d1b827eab0 nmethod 191 0x000001d1a70b5090 code [0x000001d1a70b5260, 0x000001d1a70b54f8]
Event: 0.995 Thread 0x000001d1b827eab0  192       3       java.lang.StringLatin1::indexOf (36 bytes)
Event: 0.995 Thread 0x000001d1b827eab0 nmethod 192 0x000001d1a70b5610 code [0x000001d1a70b57e0, 0x000001d1a70b5c18]
Event: 0.995 Thread 0x000001d1b827eab0  193       3       java.lang.invoke.MemberName::testAllFlags (7 bytes)
Event: 0.995 Thread 0x000001d1b827eab0 nmethod 193 0x000001d1a70b5d90 code [0x000001d1a70b5f20, 0x000001d1a70b60f8]
Event: 0.995 Thread 0x000001d1b827eab0  194       1       java.lang.Class::getModule (5 bytes)
Event: 0.995 Thread 0x000001d1b827eab0 nmethod 194 0x000001d1aeb5d810 code [0x000001d1aeb5d9a0, 0x000001d1aeb5da78]
Event: 0.995 Thread 0x000001d1b827eab0  196       3       jdk.internal.org.objectweb.asm.SymbolTable$Entry::<init> (17 bytes)
Event: 0.996 Thread 0x000001d1b827eab0 nmethod 196 0x000001d1a70b6190 code [0x000001d1a70b6340, 0x000001d1a70b64c8]
Event: 0.996 Thread 0x000001d1b827eab0  195       3       jdk.internal.org.objectweb.asm.ByteVector::putByte (39 bytes)
Event: 0.996 Thread 0x000001d1b827eab0 nmethod 195 0x000001d1a70b6590 code [0x000001d1a70b6740, 0x000001d1a70b6928]

GC Heap History (0 events):
No events

Dll operation events (1 events):
Event: 0.142 Loaded shared library c:\Users\vivin\.vscode\extensions\redhat.java-1.34.0-win32-x64\jre\17.0.12-win32-x86_64\bin\java.dll

Deoptimization events (0 events):
No events

Classes loaded (20 events):
Event: 0.993 Loading class java/lang/ModuleLayer$Controller
Event: 0.993 Loading class java/lang/ModuleLayer$Controller done
Event: 0.994 Loading class java/util/ArrayList$SubList
Event: 0.995 Loading class java/util/ArrayList$SubList done
Event: 0.996 Loading class java/lang/WeakPairMap$Pair$Weak
Event: 0.996 Loading class java/lang/WeakPairMap$WeakRefPeer
Event: 0.996 Loading class java/lang/WeakPairMap$WeakRefPeer done
Event: 0.996 Loading class java/lang/WeakPairMap$Pair$Weak done
Event: 0.996 Loading class java/lang/WeakPairMap$Pair$Weak$1
Event: 0.996 Loading class java/lang/WeakPairMap$Pair$Weak$1 done
Event: 0.997 Loading class jdk/internal/module/ModuleBootstrap$SafeModuleFinder
Event: 0.997 Loading class jdk/internal/module/ModuleBootstrap$SafeModuleFinder done
Event: 0.997 Loading class java/lang/invoke/StringConcatFactory
Event: 0.997 Loading class java/lang/invoke/StringConcatFactory done
Event: 0.997 Loading class java/lang/invoke/StringConcatFactory$1
Event: 0.998 Loading class java/lang/invoke/StringConcatFactory$1 done
Event: 0.998 Loading class java/lang/invoke/StringConcatFactory$2
Event: 0.998 Loading class java/lang/invoke/StringConcatFactory$2 done
Event: 0.998 Loading class java/lang/invoke/StringConcatFactory$3
Event: 0.998 Loading class java/lang/invoke/StringConcatFactory$3 done

Classes unloaded (0 events):
No events

Classes redefined (0 events):
No events

Internal exceptions (1 events):
Event: 0.928 Thread 0x000001d1a43e9fc0 Exception <a 'java/lang/NoSuchMethodError'{0x00000000eacb4f50}: 'void java.lang.invoke.DirectMethodHandle$Holder.invokeStatic(java.lang.Object, java.lang.Object, java.lang.Object)'> (0x00000000eacb4f50) 
thrown [s\src\hotspot\share\interpreter\linkResolver.cpp, line 759]

VM Operations (2 events):
Event: 0.947 Executing VM operation: HandshakeAllThreads
Event: 0.947 Executing VM operation: HandshakeAllThreads done

Events (11 events):
Event: 0.587 Thread 0x000001d1a43e9fc0 Thread added: 0x000001d1a43e9fc0
Event: 0.638 Thread 0x000001d1b8230020 Thread added: 0x000001d1b8230020
Event: 0.638 Thread 0x000001d1b8231190 Thread added: 0x000001d1b8231190
Event: 0.730 Thread 0x000001d1a449b2c0 Thread added: 0x000001d1a449b2c0
Event: 0.730 Thread 0x000001d1a449bd90 Thread added: 0x000001d1a449bd90
Event: 0.730 Thread 0x000001d1a449c950 Thread added: 0x000001d1a449c950
Event: 0.730 Thread 0x000001d1a449d510 Thread added: 0x000001d1a449d510
Event: 0.731 Thread 0x000001d1a449e3b0 Thread added: 0x000001d1a449e3b0
Event: 0.742 Thread 0x000001d1b827eab0 Thread added: 0x000001d1b827eab0
Event: 0.743 Thread 0x000001d1bd483ca0 Thread added: 0x000001d1bd483ca0
Event: 0.875 Thread 0x000001d1bd4f8cb0 Thread added: 0x000001d1bd4f8cb0


Dynamic libraries:
0x00007ff79a0b0000 - 0x00007ff79a0be000 	c:\Users\vivin\.vscode\extensions\redhat.java-1.34.0-win32-x64\jre\17.0.12-win32-x86_64\bin\java.exe
0x00007ffc026d0000 - 0x00007ffc028e7000 	C:\WINDOWS\SYSTEM32\ntdll.dll
0x00007ffc00410000 - 0x00007ffc004d4000 	C:\WINDOWS\System32\KERNEL32.DLL
0x00007ffbffbd0000 - 0x00007ffbfff7d000 	C:\WINDOWS\System32\KERNELBASE.dll
0x00007ffc002b0000 - 0x00007ffc003c1000 	C:\WINDOWS\System32\ucrtbase.dll
0x00007ffbea290000 - 0x00007ffbea2a7000 	c:\Users\vivin\.vscode\extensions\redhat.java-1.34.0-win32-x64\jre\17.0.12-win32-x86_64\bin\jli.dll
0x00007ffbea270000 - 0x00007ffbea28b000 	c:\Users\vivin\.vscode\extensions\redhat.java-1.34.0-win32-x64\jre\17.0.12-win32-x86_64\bin\VCRUNTIME140.dll
0x00007ffc00bc0000 - 0x00007ffc00d6e000 	C:\WINDOWS\System32\USER32.dll
0x00007ffc003d0000 - 0x00007ffc003f6000 	C:\WINDOWS\System32\win32u.dll
0x00007ffc00d70000 - 0x00007ffc00d99000 	C:\WINDOWS\System32\GDI32.dll
0x00007ffbe59c0000 - 0x00007ffbe5c53000 	C:\WINDOWS\WinSxS\amd64_microsoft.windows.common-controls_6595b64144ccf1df_6.0.22621.3672_none_2713b9d173822955\COMCTL32.dll
0x00007ffc00000000 - 0x00007ffc00119000 	C:\WINDOWS\System32\gdi32full.dll
0x00007ffc025e0000 - 0x00007ffc02687000 	C:\WINDOWS\System32\msvcrt.dll
0x00007ffc001e0000 - 0x00007ffc0027a000 	C:\WINDOWS\System32\msvcp_win.dll
0x00007ffc023e0000 - 0x00007ffc02411000 	C:\WINDOWS\System32\IMM32.DLL
0x00007ffbe9eb0000 - 0x00007ffbe9ebc000 	c:\Users\vivin\.vscode\extensions\redhat.java-1.34.0-win32-x64\jre\17.0.12-win32-x86_64\bin\vcruntime140_1.dll
0x00007ffbbf550000 - 0x00007ffbbf5dd000 	c:\Users\vivin\.vscode\extensions\redhat.java-1.34.0-win32-x64\jre\17.0.12-win32-x86_64\bin\msvcp140.dll
0x00007ffb97e50000 - 0x00007ffb98aba000 	c:\Users\vivin\.vscode\extensions\redhat.java-1.34.0-win32-x64\jre\17.0.12-win32-x86_64\bin\server\jvm.dll
0x00007ffc00890000 - 0x00007ffc00942000 	C:\WINDOWS\System32\ADVAPI32.dll
0x00007ffc02530000 - 0x00007ffc025d9000 	C:\WINDOWS\System32\sechost.dll
0x00007ffc00280000 - 0x00007ffc002a8000 	C:\WINDOWS\System32\bcrypt.dll
0x00007ffc004e0000 - 0x00007ffc005f4000 	C:\WINDOWS\System32\RPCRT4.dll
0x00007ffc009d0000 - 0x00007ffc00a41000 	C:\WINDOWS\System32\WS2_32.dll
0x00007ffbff8c0000 - 0x00007ffbff90d000 	C:\WINDOWS\SYSTEM32\POWRPROF.dll
0x00007ffbf7f00000 - 0x00007ffbf7f34000 	C:\WINDOWS\SYSTEM32\WINMM.dll
0x00007ffbf6370000 - 0x00007ffbf637a000 	C:\WINDOWS\SYSTEM32\VERSION.dll
0x00007ffbff6f0000 - 0x00007ffbff703000 	C:\WINDOWS\SYSTEM32\UMPDC.dll
0x00007ffbfea40000 - 0x00007ffbfea58000 	C:\WINDOWS\SYSTEM32\kernel.appcore.dll
0x00007ffbe6370000 - 0x00007ffbe637a000 	c:\Users\vivin\.vscode\extensions\redhat.java-1.34.0-win32-x64\jre\17.0.12-win32-x86_64\bin\jimage.dll
0x00007ffbf6ef0000 - 0x00007ffbf7122000 	C:\WINDOWS\SYSTEM32\DBGHELP.DLL
0x00007ffc01740000 - 0x00007ffc01ace000 	C:\WINDOWS\System32\combase.dll
0x00007ffc00600000 - 0x00007ffc006d7000 	C:\WINDOWS\System32\OLEAUT32.dll
0x00007ffbf24f0000 - 0x00007ffbf2522000 	C:\WINDOWS\SYSTEM32\dbgcore.DLL
0x00007ffbfff80000 - 0x00007ffbffffb000 	C:\WINDOWS\System32\bcryptPrimitives.dll
0x00007ffbe5d30000 - 0x00007ffbe5d3e000 	c:\Users\vivin\.vscode\extensions\redhat.java-1.34.0-win32-x64\jre\17.0.12-win32-x86_64\bin\instrument.dll
0x00007ffbce750000 - 0x00007ffbce775000 	c:\Users\vivin\.vscode\extensions\redhat.java-1.34.0-win32-x64\jre\17.0.12-win32-x86_64\bin\java.dll
0x00007ffbda010000 - 0x00007ffbda028000 	c:\Users\vivin\.vscode\extensions\redhat.java-1.34.0-win32-x64\jre\17.0.12-win32-x86_64\bin\zip.dll
0x00007ffc00da0000 - 0x00007ffc01607000 	C:\WINDOWS\System32\SHELL32.dll
0x00007ffbfd970000 - 0x00007ffbfe26f000 	C:\WINDOWS\SYSTEM32\windows.storage.dll
0x00007ffbfd830000 - 0x00007ffbfd96f000 	C:\WINDOWS\SYSTEM32\wintypes.dll
0x00007ffc00790000 - 0x00007ffc00889000 	C:\WINDOWS\System32\SHCORE.dll
0x00007ffc02480000 - 0x00007ffc024de000 	C:\WINDOWS\System32\shlwapi.dll
0x00007ffbff920000 - 0x00007ffbff947000 	C:\WINDOWS\SYSTEM32\profapi.dll
0x00007ffbd5d80000 - 0x00007ffbd5d99000 	C:\Users\vivin\.vscode\extensions\redhat.java-1.34.0-win32-x64\jre\17.0.12-win32-x86_64\bin\net.dll
0x00007ffbf7dc0000 - 0x00007ffbf7ef6000 	C:\WINDOWS\SYSTEM32\WINHTTP.dll
0x00007ffbfeeb0000 - 0x00007ffbfef19000 	C:\WINDOWS\system32\mswsock.dll
0x00007ffbd5720000 - 0x00007ffbd5736000 	C:\Users\vivin\.vscode\extensions\redhat.java-1.34.0-win32-x64\jre\17.0.12-win32-x86_64\bin\nio.dll

dbghelp: loaded successfully - version: 4.0.5 - missing functions: none
symbol engine: initialized successfully - sym options: 0x614 - pdb path: .;c:\Users\vivin\.vscode\extensions\redhat.java-1.34.0-win32-x64\jre\17.0.12-win32-x86_64\bin;C:\WINDOWS\SYSTEM32;C:\WINDOWS\WinSxS\amd64_microsoft.windows.common-controls_6595b64144ccf1df_6.0.22621.3672_none_2713b9d173822955;c:\Users\vivin\.vscode\extensions\redhat.java-1.34.0-win32-x64\jre\17.0.12-win32-x86_64\bin\server

VM Arguments:
jvm_args: --add-modules=ALL-SYSTEM --add-opens=java.base/java.util=ALL-UNNAMED --add-opens=java.base/java.lang=ALL-UNNAMED --add-opens=java.base/sun.nio.fs=ALL-UNNAMED -Declipse.application=org.eclipse.jdt.ls.core.id1 -Dosgi.bundles.defaultStartLevel=4 -Declipse.product=org.eclipse.jdt.ls.core.product -Djava.import.generatesMetadataFilesAtProjectRoot=false -DDetectVMInstallationsJob.disabled=true -Dfile.encoding=utf8 -XX:+UseParallelGC -XX:GCTimeRatio=4 -XX:AdaptiveSizePolicyWeight=90 -Dsun.zip.disableMemoryMapping=true -Xmx1G -Xms100m -Xlog:disable -javaagent:c:\Users\vivin\.vscode\extensions\redhat.java-1.34.0-win32-x64\lombok\lombok-1.18.33.jar -XX:+HeapDumpOnOutOfMemoryError -XX:HeapDumpPath=c:\Users\vivin\AppData\Roaming\Code\User\workspaceStorage\03aef4cec3476b10e38d3aef6a71f36d\redhat.java -Daether.dependencyCollector.impl=bf 
java_command: c:\Users\vivin\.vscode\extensions\redhat.java-1.34.0-win32-x64\server\plugins\org.eclipse.equinox.launcher_1.6.900.v20240613-2009.jar -configuration c:\Users\vivin\AppData\Roaming\Code\User\globalStorage\redhat.java\1.34.0\config_win -data c:\Users\vivin\AppData\Roaming\Code\User\workspaceStorage\03aef4cec3476b10e38d3aef6a71f36d\redhat.java\jdt_ws --pipe=\\.\pipe\lsp-fee69148d06448b8791a2cfae6596b2f-sock
java_class_path (initial): c:\Users\vivin\.vscode\extensions\redhat.java-1.34.0-win32-x64\server\plugins\org.eclipse.equinox.launcher_1.6.900.v20240613-2009.jar
Launcher Type: SUN_STANDARD

[Global flags]
    uintx AdaptiveSizePolicyWeight                 = 90                                        {product} {command line}
     intx CICompilerCount                          = 3                                         {product} {ergonomic}
    uintx GCTimeRatio                              = 4                                         {product} {command line}
     bool HeapDumpOnOutOfMemoryError               = true                                   {manageable} {command line}
    ccstr HeapDumpPath                             = c:\Users\vivin\AppData\Roaming\Code\User\workspaceStorage\03aef4cec3476b10e38d3aef6a71f36d\redhat.java         {manageable} {command line}
   size_t InitialHeapSize                          = 104857600                                 {product} {command line}
   size_t MaxHeapSize                              = 1073741824                                {product} {command line}
   size_t MaxNewSize                               = 357564416                                 {product} {ergonomic}
   size_t MinHeapDeltaBytes                        = 524288                                    {product} {ergonomic}
   size_t MinHeapSize                              = 104857600                                 {product} {command line}
   size_t NewSize                                  = 34603008                                  {product} {ergonomic}
    uintx NonNMethodCodeHeapSize                   = 5832780                                {pd product} {ergonomic}
    uintx NonProfiledCodeHeapSize                  = 122912730                              {pd product} {ergonomic}
   size_t OldSize                                  = 70254592                                  {product} {ergonomic}
    uintx ProfiledCodeHeapSize                     = 122912730                              {pd product} {ergonomic}
    uintx ReservedCodeCacheSize                    = 251658240                              {pd product} {ergonomic}
     bool SegmentedCodeCache                       = true                                      {product} {ergonomic}
   size_t SoftMaxHeapSize                          = 1073741824                             {manageable} {ergonomic}
     bool UseCompressedClassPointers               = true                           {product lp64_product} {ergonomic}
     bool UseCompressedOops                        = true                           {product lp64_product} {ergonomic}
     bool UseLargePagesIndividualAllocation        = false                                  {pd product} {ergonomic}
     bool UseParallelGC                            = true                                      {product} {command line}

Logging:
Log output configuration:
 #0: stdout all=off uptime,level,tags
 #1: stderr all=off uptime,level,tags

Environment Variables:
PATH=C:\Program Files\Common Files\Oracle\Java\javapath;C:\WINDOWS\system32;C:\WINDOWS;C:\WINDOWS\System32\Wbem;C:\WINDOWS\System32\WindowsPowerShell\v1.0\;C:\WINDOWS\System32\OpenSSH\;%JAVA_HOME%\bin;C:\Program Files\nodejs\;C:\Program Files\Git\cmd;C:\Program Files\MySQL\MySQL Shell 8.0\bin\;C:\Users\vivin\AppData\Local\Microsoft\WindowsApps;C:\Users\vivin\AppData\Local\Programs\Microsoft VS Code\bin;C:\Users\vivin\AppData\Roaming\npm
USERNAME=vivin
OS=Windows_NT
PROCESSOR_IDENTIFIER=AMD64 Family 23 Model 24 Stepping 1, AuthenticAMD
TMP=C:\Users\vivin\AppData\Local\Temp
TEMP=C:\Users\vivin\AppData\Local\Temp



Periodic native trim disabled


---------------  S Y S T E M  ---------------

OS:
 Windows 11 , 64 bit Build 22621 (10.0.22621.3958)
OS uptime: 0 days 8:48 hours

CPU: total 4 (initial active 4) (4 cores per cpu, 2 threads per core) family 23 model 24 stepping 1 microcode 0x0, cx8, cmov, fxsr, ht, mmx, 3dnowpref, sse, sse2, sse3, ssse3, sse4a, sse4.1, sse4.2, popcnt, lzcnt, tsc, tscinvbit, avx, avx2, aes, clmul, bmi1, bmi2, adx, sha, fma, vzeroupper, clflush, clflushopt
Processor Information for all 4 processors :
  Max Mhz: 2600, Current Mhz: 2600, Mhz Limit: 2600

Memory: 4k page, system-wide physical 6086M (617M free)
TotalPageFile size 24518M (AvailPageFile size 0M)
current process WorkingSet (physical memory assigned to process): 33M, peak: 33M
current process commit charge ("private bytes"): 173M, peak: 173M

vm_info: OpenJDK 64-Bit Server VM (17.0.12+7) for windows-amd64 JRE (17.0.12+7), built on Jul 16 2024 22:08:24 by "admin" with MS VC++ 16.10 / 16.11 (VS2019)

END.
