#
# There is insufficient memory for the Java Runtime Environment to continue.
# Native memory allocation (malloc) failed to allocate 997136 bytes. Error detail: Chunk::new
# Possible reasons:
#   The system is out of physical RAM or swap space
#   This process is running with CompressedOops enabled, and the Java Heap may be blocking the growth of the native heap
# Possible solutions:
#   Reduce memory load on the system
#   Increase physical memory or swap space
#   Check if swap backing store is full
#   Decrease Java heap size (-Xmx/-Xms)
#   Decrease number of Java threads
#   Decrease Java thread stack sizes (-Xss)
#   Set larger code cache with -XX:ReservedCodeCacheSize=
#   JVM is running with Unscaled Compressed Oops mode in which the Java heap is
#     placed in the first 4GB address space. The Java Heap base address is the
#     maximum limit for the native heap growth. Please use -XX:HeapBaseMinAddress
#     to set the Java Heap base and to place the Java Heap above 4GB virtual address.
# This output file may be truncated or incomplete.
#
#  Out of Memory Error (arena.cpp:191), pid=14060, tid=11304
#
# JRE version: OpenJDK Runtime Environment Temurin-17.0.12+7 (17.0.12+7) (build 17.0.12+7)
# Java VM: OpenJDK 64-Bit Server VM Temurin-17.0.12+7 (17.0.12+7, mixed mode, tiered, compressed oops, compressed class ptrs, parallel gc, windows-amd64)
# No core dump will be written. Minidumps are not enabled by default on client versions of Windows
#

---------------  S U M M A R Y ------------

Command Line: --add-modules=ALL-SYSTEM --add-opens=java.base/java.util=ALL-UNNAMED --add-opens=java.base/java.lang=ALL-UNNAMED --add-opens=java.base/sun.nio.fs=ALL-UNNAMED -Declipse.application=org.eclipse.jdt.ls.core.id1 -Dosgi.bundles.defaultStartLevel=4 -Declipse.product=org.eclipse.jdt.ls.core.product -Djava.import.generatesMetadataFilesAtProjectRoot=false -DDetectVMInstallationsJob.disabled=true -Dfile.encoding=utf8 -XX:+UseParallelGC -XX:GCTimeRatio=4 -XX:AdaptiveSizePolicyWeight=90 -Dsun.zip.disableMemoryMapping=true -Xmx1G -Xms100m -Xlog:disable -javaagent:c:\Users\vivin\.vscode\extensions\redhat.java-1.34.0-win32-x64\lombok\lombok-1.18.33.jar -XX:+HeapDumpOnOutOfMemoryError -XX:HeapDumpPath=c:\Users\vivin\AppData\Roaming\Code\User\workspaceStorage\03aef4cec3476b10e38d3aef6a71f36d\redhat.java -Daether.dependencyCollector.impl=bf c:\Users\vivin\.vscode\extensions\redhat.java-1.34.0-win32-x64\server\plugins\org.eclipse.equinox.launcher_1.6.900.v20240613-2009.jar -configuration c:\Users\vivin\AppData\Roaming\Code\User\globalStorage\redhat.java\1.34.0\config_win -data c:\Users\vivin\AppData\Roaming\Code\User\workspaceStorage\03aef4cec3476b10e38d3aef6a71f36d\redhat.java\jdt_ws --pipe=\\.\pipe\lsp-e3ca86ff2de6c0634f0d6b7970acbe6d-sock

Host: AMD Ryzen 3 3250U with Radeon Graphics         , 4 cores, 5G,  Windows 11 , 64 bit Build 22621 (10.0.22621.3958)
Time: Tue Sep 17 22:06:10 2024 India Standard Time elapsed time: 51.520561 seconds (0d 0h 0m 51s)

---------------  T H R E A D  ---------------

Current thread (0x00000148ee66d150):  JavaThread "C2 CompilerThread0" daemon [_thread_in_native, id=11304, stack(0x00000009fa800000,0x00000009fa900000)]


Current CompileTask:
C2:  51520 9673       4       lombok.core.AST::buildWithField (21 bytes)

Stack: [0x00000009fa800000,0x00000009fa900000]
Native frames: (J=compiled Java code, j=interpreted, Vv=VM code, C=native code)
V  [jvm.dll+0x67f929]
V  [jvm.dll+0x8371ba]
V  [jvm.dll+0x838c7e]
V  [jvm.dll+0x8392e3]
V  [jvm.dll+0x24834f]
V  [jvm.dll+0xac9d4]
V  [jvm.dll+0xad01c]
V  [jvm.dll+0x2af96f]
V  [jvm.dll+0x5868d7]
V  [jvm.dll+0x2231c2]
V  [jvm.dll+0x2235bf]
V  [jvm.dll+0x21c6e0]
V  [jvm.dll+0x219be1]
V  [jvm.dll+0x1a58bd]
V  [jvm.dll+0x229a2d]
V  [jvm.dll+0x227bdc]
V  [jvm.dll+0x7ec1f7]
V  [jvm.dll+0x7e65dc]
V  [jvm.dll+0x67e7f7]
C  [ucrtbase.dll+0x29333]
C  [KERNEL32.DLL+0x1257d]
C  [ntdll.dll+0x5af28]


---------------  P R O C E S S  ---------------

Threads class SMR info:
_java_thread_list=0x00000148f7dfad90, length=43, elements={
0x00000148da7fcc50, 0x00000148da8a8dc0, 0x00000148ee63f7b0, 0x00000148da8aa490,
0x00000148da8aad60, 0x00000148da8ab830, 0x00000148da8ae310, 0x00000148ee66d150,
0x00000148f38bbca0, 0x00000148f38e0940, 0x00000148da85c500, 0x00000148f3af9d90,
0x00000148f4444b20, 0x00000148f43580b0, 0x00000148f4358590, 0x00000148f431f060,
0x00000148f4a006d0, 0x00000148f4cf7300, 0x00000148f4cf54a0, 0x00000148f4cf63d0,
0x00000148f4cf7810, 0x00000148f4cf59b0, 0x00000148f4cf5ec0, 0x00000148f4cf68e0,
0x00000148f4cf4a80, 0x00000148f4cf6df0, 0x00000148f7697af0, 0x00000148f7699440,
0x00000148f769b2a0, 0x00000148f7699e60, 0x00000148f7696bc0, 0x00000148f7699950,
0x00000148f769db20, 0x00000148f769e030, 0x00000148f7698f30, 0x00000148f769cbf0,
0x00000148f769b7b0, 0x00000148f769a880, 0x00000148f5cbd030, 0x00000148f7698510,
0x00000148f769e540, 0x00000148f76970d0, 0x00000148f769ad90
}

Java Threads: ( => current thread )
  0x00000148da7fcc50 JavaThread "main" [_thread_blocked, id=9844, stack(0x00000009f9f00000,0x00000009fa000000)]
  0x00000148da8a8dc0 JavaThread "Reference Handler" daemon [_thread_blocked, id=33016, stack(0x00000009fa200000,0x00000009fa300000)]
  0x00000148ee63f7b0 JavaThread "Finalizer" daemon [_thread_blocked, id=33572, stack(0x00000009fa300000,0x00000009fa400000)]
  0x00000148da8aa490 JavaThread "Signal Dispatcher" daemon [_thread_blocked, id=22280, stack(0x00000009fa400000,0x00000009fa500000)]
  0x00000148da8aad60 JavaThread "Attach Listener" daemon [_thread_blocked, id=15368, stack(0x00000009fa500000,0x00000009fa600000)]
  0x00000148da8ab830 JavaThread "Service Thread" daemon [_thread_blocked, id=33432, stack(0x00000009fa600000,0x00000009fa700000)]
  0x00000148da8ae310 JavaThread "Monitor Deflation Thread" daemon [_thread_blocked, id=31320, stack(0x00000009fa700000,0x00000009fa800000)]
=>0x00000148ee66d150 JavaThread "C2 CompilerThread0" daemon [_thread_in_native, id=11304, stack(0x00000009fa800000,0x00000009fa900000)]
  0x00000148f38bbca0 JavaThread "C1 CompilerThread0" daemon [_thread_blocked, id=21332, stack(0x00000009fa900000,0x00000009faa00000)]
  0x00000148f38e0940 JavaThread "Sweeper thread" daemon [_thread_blocked, id=9000, stack(0x00000009faa00000,0x00000009fab00000)]
  0x00000148da85c500 JavaThread "Common-Cleaner" daemon [_thread_blocked, id=15116, stack(0x00000009fab00000,0x00000009fac00000)]
  0x00000148f3af9d90 JavaThread "Notification Thread" daemon [_thread_blocked, id=8768, stack(0x00000009fac00000,0x00000009fad00000)]
  0x00000148f4444b20 JavaThread "Active Thread: Equinox Container: f9b530e4-f847-41bc-8801-9704955c35e5" [_thread_blocked, id=32252, stack(0x00000009fb200000,0x00000009fb300000)]
  0x00000148f43580b0 JavaThread "Framework Event Dispatcher: Equinox Container: f9b530e4-f847-41bc-8801-9704955c35e5" daemon [_thread_blocked, id=32840, stack(0x00000009fb300000,0x00000009fb400000)]
  0x00000148f4358590 JavaThread "Start Level: Equinox Container: f9b530e4-f847-41bc-8801-9704955c35e5" daemon [_thread_blocked, id=32464, stack(0x00000009fb400000,0x00000009fb500000)]
  0x00000148f431f060 JavaThread "Bundle File Closer" daemon [_thread_blocked, id=10748, stack(0x00000009fb100000,0x00000009fb200000)]
  0x00000148f4a006d0 JavaThread "SCR Component Actor" daemon [_thread_blocked, id=31384, stack(0x00000009fb500000,0x00000009fb600000)]
  0x00000148f4cf7300 JavaThread "Worker-JM" [_thread_blocked, id=17656, stack(0x00000009fb700000,0x00000009fb800000)]
  0x00000148f4cf54a0 JavaThread "JNA Cleaner" daemon [_thread_blocked, id=33544, stack(0x00000009fb800000,0x00000009fb900000)]
  0x00000148f4cf63d0 JavaThread "Worker-0" [_thread_blocked, id=8188, stack(0x00000009fb900000,0x00000009fba00000)]
  0x00000148f4cf7810 JavaThread "Worker-1: Java indexing... " [_thread_blocked, id=28780, stack(0x00000009fba00000,0x00000009fbb00000)]
  0x00000148f4cf59b0 JavaThread "Worker-2" [_thread_blocked, id=14348, stack(0x00000009fbc00000,0x00000009fbd00000)]
  0x00000148f4cf5ec0 JavaThread "Worker-3" [_thread_blocked, id=19008, stack(0x00000009fbd00000,0x00000009fbe00000)]
  0x00000148f4cf68e0 JavaThread "Java indexing" daemon [_thread_blocked, id=16320, stack(0x00000009fbe00000,0x00000009fbf00000)]
  0x00000148f4cf4a80 JavaThread "Thread-2" daemon [_thread_in_native, id=29304, stack(0x00000009fbf00000,0x00000009fc000000)]
  0x00000148f4cf6df0 JavaThread "Thread-3" daemon [_thread_in_native, id=24988, stack(0x00000009fc000000,0x00000009fc100000)]
  0x00000148f7697af0 JavaThread "Thread-4" daemon [_thread_in_native, id=3256, stack(0x00000009fc100000,0x00000009fc200000)]
  0x00000148f7699440 JavaThread "Thread-5" daemon [_thread_in_native, id=32868, stack(0x00000009fc200000,0x00000009fc300000)]
  0x00000148f769b2a0 JavaThread "Thread-6" daemon [_thread_in_native, id=22688, stack(0x00000009fc300000,0x00000009fc400000)]
  0x00000148f7699e60 JavaThread "pool-2-thread-1" [_thread_blocked, id=31660, stack(0x00000009fc400000,0x00000009fc500000)]
  0x00000148f7696bc0 JavaThread "WorkspaceEventsHandler" [_thread_blocked, id=21272, stack(0x00000009fc500000,0x00000009fc600000)]
  0x00000148f7699950 JavaThread "pool-1-thread-1" [_thread_blocked, id=25128, stack(0x00000009fc600000,0x00000009fc700000)]
  0x00000148f769db20 JavaThread "Worker-4" [_thread_blocked, id=17460, stack(0x00000009fbb00000,0x00000009fbc00000)]
  0x00000148f769e030 JavaThread "Compiler Source File Reader" daemon [_thread_blocked, id=23152, stack(0x00000009fc700000,0x00000009fc800000)]
  0x00000148f7698f30 JavaThread "Compiler Source File Reader" daemon [_thread_blocked, id=13272, stack(0x00000009fc800000,0x00000009fc900000)]
  0x00000148f769cbf0 JavaThread "Worker-5" [_thread_blocked, id=33784, stack(0x00000009fc900000,0x00000009fca00000)]
  0x00000148f769b7b0 JavaThread "Worker-6" [_thread_blocked, id=32872, stack(0x00000009fca00000,0x00000009fcb00000)]
  0x00000148f769a880 JavaThread "ForkJoinPool.commonPool-worker-1" daemon [_thread_blocked, id=31936, stack(0x00000009fcb00000,0x00000009fcc00000)]
  0x00000148f5cbd030 JavaThread "C2 CompilerThread1" daemon [_thread_blocked, id=3616, stack(0x00000009fb600000,0x00000009fb700000)]
  0x00000148f7698510 JavaThread "Compiler Processing Task" daemon [_thread_blocked, id=17528, stack(0x00000009fce00000,0x00000009fcf00000)]
  0x00000148f769e540 JavaThread "ForkJoinPool.commonPool-worker-2" daemon [_thread_blocked, id=6592, stack(0x00000009fcf00000,0x00000009fd000000)]
  0x00000148f76970d0 JavaThread "ForkJoinPool.commonPool-worker-3" daemon [_thread_blocked, id=25400, stack(0x00000009fd000000,0x00000009fd100000)]
  0x00000148f769ad90 JavaThread "Thread-7" daemon [_thread_blocked, id=18812, stack(0x00000009fd100000,0x00000009fd200000)]

Other Threads:
  0x00000148da8a7a00 VMThread "VM Thread" [stack: 0x00000009fa100000,0x00000009fa200000] [id=18660]
  0x00000148f3b68e90 WatcherThread [stack: 0x00000009fad00000,0x00000009fae00000] [id=33276]
  0x00000148da811d20 GCTaskThread "GC Thread#0" [stack: 0x00000009fa000000,0x00000009fa100000] [id=3288]
  0x00000148f400dcf0 GCTaskThread "GC Thread#1" [stack: 0x00000009fae00000,0x00000009faf00000] [id=31416]
  0x00000148f400dfb0 GCTaskThread "GC Thread#2" [stack: 0x00000009faf00000,0x00000009fb000000] [id=33756]
  0x00000148f3d51170 GCTaskThread "GC Thread#3" [stack: 0x00000009fb000000,0x00000009fb100000] [id=5480]

Threads with active compile tasks:
C2 CompilerThread0    51587 9673       4       lombok.core.AST::buildWithField (21 bytes)

VM state: at safepoint (normal execution)

VM Mutex/Monitor currently owned by a thread:  ([mutex/lock_event])
[0x00000148da7f78c0] Threads_lock - owner thread: 0x00000148da8a7a00
[0x00000148da7f8010] Heap_lock - owner thread: 0x00000148f7699950

Heap address: 0x00000000c0000000, size: 1024 MB, Compressed Oops mode: 32-bit

CDS archive(s) not mapped
Compressed class space mapped at: 0x0000000100000000-0x0000000140000000, reserved size: 1073741824
Narrow klass base: 0x0000000000000000, Narrow klass shift: 3, Narrow klass range: 0x140000000

GC Precious Log:
 CPUs: 4 total, 4 available
 Memory: 6086M
 Large Page Support: Disabled
 NUMA Support: Disabled
 Compressed Oops: Enabled (32-bit)
 Alignments: Space 512K, Generation 512K, Heap 2M
 Heap Min Capacity: 100M
 Heap Initial Capacity: 100M
 Heap Max Capacity: 1G
 Pre-touch: Disabled
 Parallel Workers: 4

Heap:
 PSYoungGen      total 11776K, used 5119K [0x00000000eab00000, 0x00000000ebd80000, 0x0000000100000000)
  eden space 5120K, 99% used [0x00000000eab00000,0x00000000eafffff0,0x00000000eb000000)
  from space 6656K, 0% used [0x00000000eb000000,0x00000000eb000000,0x00000000eb680000)
  to   space 6656K, 0% used [0x00000000eb680000,0x00000000eb680000,0x00000000ebd00000)
 ParOldGen       total 86016K, used 85529K [0x00000000c0000000, 0x00000000c5400000, 0x00000000eab00000)
  object space 86016K, 99% used [0x00000000c0000000,0x00000000c5386620,0x00000000c5400000)
 Metaspace       used 70489K, committed 71744K, reserved 1114112K
  class space    used 7366K, committed 7872K, reserved 1048576K

Card table byte_map: [0x00000148da1c0000,0x00000148da3d0000] _byte_map_base: 0x00000148d9bc0000

Marking Bits: (ParMarkBitMap*) 0x00007ffb586958b0
 Begin Bits: [0x00000148ec490000, 0x00000148ed490000)
 End Bits:   [0x00000148ed490000, 0x00000148ee490000)

Polling page: 0x00000148d9fb0000

Metaspace:

Usage:
  Non-class:     61.64 MB used.
      Class:      7.19 MB used.
       Both:     68.84 MB used.

Virtual space:
  Non-class space:       64.00 MB reserved,      62.38 MB ( 97%) committed,  1 nodes.
      Class space:        1.00 GB reserved,       7.69 MB ( <1%) committed,  1 nodes.
             Both:        1.06 GB reserved,      70.06 MB (  6%) committed. 

Chunk freelists:
   Non-Class:  1.56 MB
       Class:  8.29 MB
        Both:  9.85 MB

MaxMetaspaceSize: unlimited
CompressedClassSpaceSize: 1.00 GB
Initial GC threshold: 21.00 MB
Current GC threshold: 116.50 MB
CDS: off
MetaspaceReclaimPolicy: balanced
 - commit_granule_bytes: 65536.
 - commit_granule_words: 8192.
 - virtual_space_node_default_size: 8388608.
 - enlarge_chunks_in_place: 1.
 - new_chunks_are_fully_committed: 0.
 - uncommit_free_chunks: 1.
 - use_allocation_guard: 0.
 - handle_deallocations: 1.


Internal statistics:

num_allocs_failed_limit: 9.
num_arena_births: 702.
num_arena_deaths: 18.
num_vsnodes_births: 2.
num_vsnodes_deaths: 0.
num_space_committed: 1121.
num_space_uncommitted: 0.
num_chunks_returned_to_freelist: 28.
num_chunks_taken_from_freelist: 3605.
num_chunk_merges: 15.
num_chunk_splits: 2239.
num_chunks_enlarged: 1316.
num_inconsistent_stats: 0.

CodeHeap 'non-profiled nmethods': size=120000Kb used=5630Kb max_used=6069Kb free=114370Kb
 bounds [0x00000148e4f60000, 0x00000148e5550000, 0x00000148ec490000]
CodeHeap 'profiled nmethods': size=120000Kb used=17306Kb max_used=18738Kb free=102693Kb
 bounds [0x00000148dd490000, 0x00000148de6e0000, 0x00000148e49c0000]
CodeHeap 'non-nmethods': size=5760Kb used=1379Kb max_used=1450Kb free=4381Kb
 bounds [0x00000148e49c0000, 0x00000148e4c30000, 0x00000148e4f60000]
 total_blobs=8739 nmethods=8013 adapters=635
 compilation: enabled
              stopped_count=0, restarted_count=0
 full_count=0

Compilation events (20 events):
Event: 46.481 Thread 0x00000148f38bbca0 nmethod 9713 0x00000148ddfe0c10 code [0x00000148ddfe0de0, 0x00000148ddfe10f8]
Event: 46.490 Thread 0x00000148f38bbca0 9714       3       org.eclipse.jdt.internal.compiler.lookup.ReferenceBinding::isDeprecated (15 bytes)
Event: 46.490 Thread 0x00000148f38bbca0 nmethod 9714 0x00000148dda34110 code [0x00000148dda342a0, 0x00000148dda34418]
Event: 46.863 Thread 0x00000148ee66d150 nmethod 9699 0x00000148e5488110 code [0x00000148e5488320, 0x00000148e54894c8]
Event: 46.864 Thread 0x00000148ee66d150 9706       4       org.eclipse.jdt.internal.core.util.WeakHashSet::cleanupGarbageCollectedValues (144 bytes)
Event: 47.513 Thread 0x00000148ee66d150 nmethod 9706 0x00000148e53e7f10 code [0x00000148e53e80c0, 0x00000148e53e8898]
Event: 47.513 Thread 0x00000148ee66d150 9707       4       org.eclipse.core.runtime.Path::hashCode (28 bytes)
Event: 48.146 Thread 0x00000148ee66d150 nmethod 9707 0x00000148e528a310 code [0x00000148e528a4a0, 0x00000148e528a878]
Event: 48.146 Thread 0x00000148ee66d150 9700       4       org.eclipse.jdt.internal.core.JarPackageFragmentRoot::resource (15 bytes)
Event: 48.147 Thread 0x00000148ee66d150 nmethod 9700 0x00000148e5368b90 code [0x00000148e5368d00, 0x00000148e5368d98]
Event: 48.148 Thread 0x00000148ee66d150 9703       4       org.eclipse.jdt.internal.core.SourceRefElement::<init> (27 bytes)
Event: 48.150 Thread 0x00000148ee66d150 nmethod 9703 0x00000148e5289f10 code [0x00000148e528a0a0, 0x00000148e528a1b8]
Event: 48.150 Thread 0x00000148ee66d150 9685       4       org.eclipse.jdt.internal.compiler.parser.Parser::pushIdentifier (34 bytes)
Event: 48.364 Thread 0x00000148ee66d150 nmethod 9685 0x00000148e5225710 code [0x00000148e52258e0, 0x00000148e5226578]
Event: 48.364 Thread 0x00000148ee66d150 9686       4       org.eclipse.jdt.internal.compiler.parser.Parser::pushIdentifier (235 bytes)
Event: 48.370 Thread 0x00000148ee66d150 nmethod 9686 0x00000148e5289790 code [0x00000148e5289920, 0x00000148e5289bd8]
Event: 48.370 Thread 0x00000148ee66d150 9673       4       lombok.core.AST::buildWithField (21 bytes)
Event: 51.478 Thread 0x00000148f5cbd030 nmethod 9672 0x00000148e5524390 code [0x00000148e5524bc0, 0x00000148e552f4a0]
Event: 51.479 Thread 0x00000148f5cbd030 9682       4       org.eclipse.core.runtime.Path::lastSegment (22 bytes)
Event: 51.480 Thread 0x00000148f5cbd030 nmethod 9682 0x00000148e517a390 code [0x00000148e517a500, 0x00000148e517a5b8]

GC Heap History (20 events):
Event: 49.561 GC heap before
{Heap before GC invocations=94 (full 30):
 PSYoungGen      total 11776K, used 5119K [0x00000000eab00000, 0x00000000ebd80000, 0x0000000100000000)
  eden space 5120K, 99% used [0x00000000eab00000,0x00000000eaffffe0,0x00000000eb000000)
  from space 6656K, 0% used [0x00000000eb000000,0x00000000eb000000,0x00000000eb680000)
  to   space 6656K, 0% used [0x00000000eb680000,0x00000000eb680000,0x00000000ebd00000)
 ParOldGen       total 86016K, used 85521K [0x00000000c0000000, 0x00000000c5400000, 0x00000000eab00000)
  object space 86016K, 99% used [0x00000000c0000000,0x00000000c53847c0,0x00000000c5400000)
 Metaspace       used 70462K, committed 71680K, reserved 1114112K
  class space    used 7364K, committed 7872K, reserved 1048576K
}
Event: 49.741 GC heap after
{Heap after GC invocations=94 (full 30):
 PSYoungGen      total 11776K, used 5119K [0x00000000eab00000, 0x00000000ebd80000, 0x0000000100000000)
  eden space 5120K, 99% used [0x00000000eab00000,0x00000000eaffffe0,0x00000000eb000000)
  from space 6656K, 0% used [0x00000000eb680000,0x00000000eb680000,0x00000000ebd00000)
  to   space 6656K, 0% used [0x00000000eb000000,0x00000000eb000000,0x00000000eb680000)
 ParOldGen       total 86016K, used 85521K [0x00000000c0000000, 0x00000000c5400000, 0x00000000eab00000)
  object space 86016K, 99% used [0x00000000c0000000,0x00000000c5384780,0x00000000c5400000)
 Metaspace       used 70462K, committed 71680K, reserved 1114112K
  class space    used 7364K, committed 7872K, reserved 1048576K
}
Event: 49.762 GC heap before
{Heap before GC invocations=95 (full 31):
 PSYoungGen      total 11776K, used 5119K [0x00000000eab00000, 0x00000000ebd80000, 0x0000000100000000)
  eden space 5120K, 99% used [0x00000000eab00000,0x00000000eafffff8,0x00000000eb000000)
  from space 6656K, 0% used [0x00000000eb680000,0x00000000eb680000,0x00000000ebd00000)
  to   space 6656K, 0% used [0x00000000eb000000,0x00000000eb000000,0x00000000eb680000)
 ParOldGen       total 86016K, used 85532K [0x00000000c0000000, 0x00000000c5400000, 0x00000000eab00000)
  object space 86016K, 99% used [0x00000000c0000000,0x00000000c53872a8,0x00000000c5400000)
 Metaspace       used 70463K, committed 71680K, reserved 1114112K
  class space    used 7364K, committed 7872K, reserved 1048576K
}
Event: 49.951 GC heap after
{Heap after GC invocations=95 (full 31):
 PSYoungGen      total 11776K, used 5116K [0x00000000eab00000, 0x00000000ebd80000, 0x0000000100000000)
  eden space 5120K, 99% used [0x00000000eab00000,0x00000000eafff308,0x00000000eb000000)
  from space 6656K, 0% used [0x00000000eb000000,0x00000000eb000000,0x00000000eb680000)
  to   space 6656K, 0% used [0x00000000eb680000,0x00000000eb680000,0x00000000ebd00000)
 ParOldGen       total 86016K, used 85529K [0x00000000c0000000, 0x00000000c5400000, 0x00000000eab00000)
  object space 86016K, 99% used [0x00000000c0000000,0x00000000c53866c8,0x00000000c5400000)
 Metaspace       used 70463K, committed 71680K, reserved 1114112K
  class space    used 7364K, committed 7872K, reserved 1048576K
}
Event: 49.980 GC heap before
{Heap before GC invocations=96 (full 32):
 PSYoungGen      total 11776K, used 5119K [0x00000000eab00000, 0x00000000ebd80000, 0x0000000100000000)
  eden space 5120K, 99% used [0x00000000eab00000,0x00000000eaffffd0,0x00000000eb000000)
  from space 6656K, 0% used [0x00000000eb000000,0x00000000eb000000,0x00000000eb680000)
  to   space 6656K, 0% used [0x00000000eb680000,0x00000000eb680000,0x00000000ebd00000)
 ParOldGen       total 86016K, used 85529K [0x00000000c0000000, 0x00000000c5400000, 0x00000000eab00000)
  object space 86016K, 99% used [0x00000000c0000000,0x00000000c53866c8,0x00000000c5400000)
 Metaspace       used 70463K, committed 71680K, reserved 1114112K
  class space    used 7364K, committed 7872K, reserved 1048576K
}
Event: 50.157 GC heap after
{Heap after GC invocations=96 (full 32):
 PSYoungGen      total 11776K, used 5116K [0x00000000eab00000, 0x00000000ebd80000, 0x0000000100000000)
  eden space 5120K, 99% used [0x00000000eab00000,0x00000000eafff380,0x00000000eb000000)
  from space 6656K, 0% used [0x00000000eb680000,0x00000000eb680000,0x00000000ebd00000)
  to   space 6656K, 0% used [0x00000000eb000000,0x00000000eb000000,0x00000000eb680000)
 ParOldGen       total 86016K, used 85529K [0x00000000c0000000, 0x00000000c5400000, 0x00000000eab00000)
  object space 86016K, 99% used [0x00000000c0000000,0x00000000c5386620,0x00000000c5400000)
 Metaspace       used 70463K, committed 71680K, reserved 1114112K
  class space    used 7364K, committed 7872K, reserved 1048576K
}
Event: 50.175 GC heap before
{Heap before GC invocations=97 (full 33):
 PSYoungGen      total 11776K, used 5120K [0x00000000eab00000, 0x00000000ebd80000, 0x0000000100000000)
  eden space 5120K, 100% used [0x00000000eab00000,0x00000000eb000000,0x00000000eb000000)
  from space 6656K, 0% used [0x00000000eb680000,0x00000000eb680000,0x00000000ebd00000)
  to   space 6656K, 0% used [0x00000000eb000000,0x00000000eb000000,0x00000000eb680000)
 ParOldGen       total 86016K, used 85529K [0x00000000c0000000, 0x00000000c5400000, 0x00000000eab00000)
  object space 86016K, 99% used [0x00000000c0000000,0x00000000c5386620,0x00000000c5400000)
 Metaspace       used 70463K, committed 71680K, reserved 1114112K
  class space    used 7364K, committed 7872K, reserved 1048576K
}
Event: 50.379 GC heap after
{Heap after GC invocations=97 (full 33):
 PSYoungGen      total 11776K, used 5116K [0x00000000eab00000, 0x00000000ebd80000, 0x0000000100000000)
  eden space 5120K, 99% used [0x00000000eab00000,0x00000000eafff358,0x00000000eb000000)
  from space 6656K, 0% used [0x00000000eb000000,0x00000000eb000000,0x00000000eb680000)
  to   space 6656K, 0% used [0x00000000eb680000,0x00000000eb680000,0x00000000ebd00000)
 ParOldGen       total 86016K, used 85529K [0x00000000c0000000, 0x00000000c5400000, 0x00000000eab00000)
  object space 86016K, 99% used [0x00000000c0000000,0x00000000c5386620,0x00000000c5400000)
 Metaspace       used 70463K, committed 71680K, reserved 1114112K
  class space    used 7364K, committed 7872K, reserved 1048576K
}
Event: 50.379 GC heap before
{Heap before GC invocations=98 (full 34):
 PSYoungGen      total 11776K, used 5120K [0x00000000eab00000, 0x00000000ebd80000, 0x0000000100000000)
  eden space 5120K, 100% used [0x00000000eab00000,0x00000000eb000000,0x00000000eb000000)
  from space 6656K, 0% used [0x00000000eb000000,0x00000000eb000000,0x00000000eb680000)
  to   space 6656K, 0% used [0x00000000eb680000,0x00000000eb680000,0x00000000ebd00000)
 ParOldGen       total 86016K, used 85529K [0x00000000c0000000, 0x00000000c5400000, 0x00000000eab00000)
  object space 86016K, 99% used [0x00000000c0000000,0x00000000c5386620,0x00000000c5400000)
 Metaspace       used 70463K, committed 71680K, reserved 1114112K
  class space    used 7364K, committed 7872K, reserved 1048576K
}
Event: 50.584 GC heap after
{Heap after GC invocations=98 (full 34):
 PSYoungGen      total 11776K, used 5116K [0x00000000eab00000, 0x00000000ebd80000, 0x0000000100000000)
  eden space 5120K, 99% used [0x00000000eab00000,0x00000000eafff358,0x00000000eb000000)
  from space 6656K, 0% used [0x00000000eb680000,0x00000000eb680000,0x00000000ebd00000)
  to   space 6656K, 0% used [0x00000000eb000000,0x00000000eb000000,0x00000000eb680000)
 ParOldGen       total 86016K, used 85529K [0x00000000c0000000, 0x00000000c5400000, 0x00000000eab00000)
  object space 86016K, 99% used [0x00000000c0000000,0x00000000c5386620,0x00000000c5400000)
 Metaspace       used 70463K, committed 71680K, reserved 1114112K
  class space    used 7364K, committed 7872K, reserved 1048576K
}
Event: 50.592 GC heap before
{Heap before GC invocations=99 (full 35):
 PSYoungGen      total 11776K, used 5119K [0x00000000eab00000, 0x00000000ebd80000, 0x0000000100000000)
  eden space 5120K, 99% used [0x00000000eab00000,0x00000000eafffff8,0x00000000eb000000)
  from space 6656K, 0% used [0x00000000eb680000,0x00000000eb680000,0x00000000ebd00000)
  to   space 6656K, 0% used [0x00000000eb000000,0x00000000eb000000,0x00000000eb680000)
 ParOldGen       total 86016K, used 85529K [0x00000000c0000000, 0x00000000c5400000, 0x00000000eab00000)
  object space 86016K, 99% used [0x00000000c0000000,0x00000000c5386620,0x00000000c5400000)
 Metaspace       used 70463K, committed 71680K, reserved 1114112K
  class space    used 7364K, committed 7872K, reserved 1048576K
}
Event: 50.782 GC heap after
{Heap after GC invocations=99 (full 35):
 PSYoungGen      total 11776K, used 5116K [0x00000000eab00000, 0x00000000ebd80000, 0x0000000100000000)
  eden space 5120K, 99% used [0x00000000eab00000,0x00000000eafff3d8,0x00000000eb000000)
  from space 6656K, 0% used [0x00000000eb000000,0x00000000eb000000,0x00000000eb680000)
  to   space 6656K, 0% used [0x00000000eb680000,0x00000000eb680000,0x00000000ebd00000)
 ParOldGen       total 86016K, used 85529K [0x00000000c0000000, 0x00000000c5400000, 0x00000000eab00000)
  object space 86016K, 99% used [0x00000000c0000000,0x00000000c5386620,0x00000000c5400000)
 Metaspace       used 70463K, committed 71680K, reserved 1114112K
  class space    used 7364K, committed 7872K, reserved 1048576K
}
Event: 50.792 GC heap before
{Heap before GC invocations=100 (full 36):
 PSYoungGen      total 11776K, used 5119K [0x00000000eab00000, 0x00000000ebd80000, 0x0000000100000000)
  eden space 5120K, 99% used [0x00000000eab00000,0x00000000eaffffb8,0x00000000eb000000)
  from space 6656K, 0% used [0x00000000eb000000,0x00000000eb000000,0x00000000eb680000)
  to   space 6656K, 0% used [0x00000000eb680000,0x00000000eb680000,0x00000000ebd00000)
 ParOldGen       total 86016K, used 85529K [0x00000000c0000000, 0x00000000c5400000, 0x00000000eab00000)
  object space 86016K, 99% used [0x00000000c0000000,0x00000000c5386620,0x00000000c5400000)
 Metaspace       used 70463K, committed 71680K, reserved 1114112K
  class space    used 7364K, committed 7872K, reserved 1048576K
}
Event: 50.975 GC heap after
{Heap after GC invocations=100 (full 36):
 PSYoungGen      total 11776K, used 5116K [0x00000000eab00000, 0x00000000ebd80000, 0x0000000100000000)
  eden space 5120K, 99% used [0x00000000eab00000,0x00000000eafff380,0x00000000eb000000)
  from space 6656K, 0% used [0x00000000eb680000,0x00000000eb680000,0x00000000ebd00000)
  to   space 6656K, 0% used [0x00000000eb000000,0x00000000eb000000,0x00000000eb680000)
 ParOldGen       total 86016K, used 85529K [0x00000000c0000000, 0x00000000c5400000, 0x00000000eab00000)
  object space 86016K, 99% used [0x00000000c0000000,0x00000000c5386620,0x00000000c5400000)
 Metaspace       used 70463K, committed 71680K, reserved 1114112K
  class space    used 7364K, committed 7872K, reserved 1048576K
}
Event: 50.979 GC heap before
{Heap before GC invocations=101 (full 37):
 PSYoungGen      total 11776K, used 5119K [0x00000000eab00000, 0x00000000ebd80000, 0x0000000100000000)
  eden space 5120K, 99% used [0x00000000eab00000,0x00000000eafffff8,0x00000000eb000000)
  from space 6656K, 0% used [0x00000000eb680000,0x00000000eb680000,0x00000000ebd00000)
  to   space 6656K, 0% used [0x00000000eb000000,0x00000000eb000000,0x00000000eb680000)
 ParOldGen       total 86016K, used 85529K [0x00000000c0000000, 0x00000000c5400000, 0x00000000eab00000)
  object space 86016K, 99% used [0x00000000c0000000,0x00000000c5386620,0x00000000c5400000)
 Metaspace       used 70463K, committed 71680K, reserved 1114112K
  class space    used 7364K, committed 7872K, reserved 1048576K
}
Event: 51.135 GC heap after
{Heap after GC invocations=101 (full 37):
 PSYoungGen      total 11776K, used 5116K [0x00000000eab00000, 0x00000000ebd80000, 0x0000000100000000)
  eden space 5120K, 99% used [0x00000000eab00000,0x00000000eafff380,0x00000000eb000000)
  from space 6656K, 0% used [0x00000000eb000000,0x00000000eb000000,0x00000000eb680000)
  to   space 6656K, 0% used [0x00000000eb680000,0x00000000eb680000,0x00000000ebd00000)
 ParOldGen       total 86016K, used 85529K [0x00000000c0000000, 0x00000000c5400000, 0x00000000eab00000)
  object space 86016K, 99% used [0x00000000c0000000,0x00000000c5386620,0x00000000c5400000)
 Metaspace       used 70463K, committed 71680K, reserved 1114112K
  class space    used 7364K, committed 7872K, reserved 1048576K
}
Event: 51.140 GC heap before
{Heap before GC invocations=102 (full 38):
 PSYoungGen      total 11776K, used 5119K [0x00000000eab00000, 0x00000000ebd80000, 0x0000000100000000)
  eden space 5120K, 99% used [0x00000000eab00000,0x00000000eafffff8,0x00000000eb000000)
  from space 6656K, 0% used [0x00000000eb000000,0x00000000eb000000,0x00000000eb680000)
  to   space 6656K, 0% used [0x00000000eb680000,0x00000000eb680000,0x00000000ebd00000)
 ParOldGen       total 86016K, used 85529K [0x00000000c0000000, 0x00000000c5400000, 0x00000000eab00000)
  object space 86016K, 99% used [0x00000000c0000000,0x00000000c5386620,0x00000000c5400000)
 Metaspace       used 70463K, committed 71680K, reserved 1114112K
  class space    used 7364K, committed 7872K, reserved 1048576K
}
Event: 51.300 GC heap after
{Heap after GC invocations=102 (full 38):
 PSYoungGen      total 11776K, used 5116K [0x00000000eab00000, 0x00000000ebd80000, 0x0000000100000000)
  eden space 5120K, 99% used [0x00000000eab00000,0x00000000eafff3d8,0x00000000eb000000)
  from space 6656K, 0% used [0x00000000eb680000,0x00000000eb680000,0x00000000ebd00000)
  to   space 6656K, 0% used [0x00000000eb000000,0x00000000eb000000,0x00000000eb680000)
 ParOldGen       total 86016K, used 85529K [0x00000000c0000000, 0x00000000c5400000, 0x00000000eab00000)
  object space 86016K, 99% used [0x00000000c0000000,0x00000000c5386620,0x00000000c5400000)
 Metaspace       used 70463K, committed 71680K, reserved 1114112K
  class space    used 7364K, committed 7872K, reserved 1048576K
}
Event: 51.309 GC heap before
{Heap before GC invocations=103 (full 39):
 PSYoungGen      total 11776K, used 5119K [0x00000000eab00000, 0x00000000ebd80000, 0x0000000100000000)
  eden space 5120K, 99% used [0x00000000eab00000,0x00000000eafffff8,0x00000000eb000000)
  from space 6656K, 0% used [0x00000000eb680000,0x00000000eb680000,0x00000000ebd00000)
  to   space 6656K, 0% used [0x00000000eb000000,0x00000000eb000000,0x00000000eb680000)
 ParOldGen       total 86016K, used 85529K [0x00000000c0000000, 0x00000000c5400000, 0x00000000eab00000)
  object space 86016K, 99% used [0x00000000c0000000,0x00000000c5386620,0x00000000c5400000)
 Metaspace       used 70463K, committed 71680K, reserved 1114112K
  class space    used 7364K, committed 7872K, reserved 1048576K
}
Event: 51.476 GC heap after
{Heap after GC invocations=103 (full 39):
 PSYoungGen      total 11776K, used 5116K [0x00000000eab00000, 0x00000000ebd80000, 0x0000000100000000)
  eden space 5120K, 99% used [0x00000000eab00000,0x00000000eafff380,0x00000000eb000000)
  from space 6656K, 0% used [0x00000000eb000000,0x00000000eb000000,0x00000000eb680000)
  to   space 6656K, 0% used [0x00000000eb680000,0x00000000eb680000,0x00000000ebd00000)
 ParOldGen       total 86016K, used 85529K [0x00000000c0000000, 0x00000000c5400000, 0x00000000eab00000)
  object space 86016K, 99% used [0x00000000c0000000,0x00000000c5386620,0x00000000c5400000)
 Metaspace       used 70463K, committed 71680K, reserved 1114112K
  class space    used 7364K, committed 7872K, reserved 1048576K
}

Dll operation events (11 events):
Event: 0.040 Loaded shared library c:\Users\vivin\.vscode\extensions\redhat.java-1.34.0-win32-x64\jre\17.0.12-win32-x86_64\bin\java.dll
Event: 0.292 Loaded shared library c:\Users\vivin\.vscode\extensions\redhat.java-1.34.0-win32-x64\jre\17.0.12-win32-x86_64\bin\zip.dll
Event: 0.299 Loaded shared library C:\Users\vivin\.vscode\extensions\redhat.java-1.34.0-win32-x64\jre\17.0.12-win32-x86_64\bin\instrument.dll
Event: 0.366 Loaded shared library C:\Users\vivin\.vscode\extensions\redhat.java-1.34.0-win32-x64\jre\17.0.12-win32-x86_64\bin\net.dll
Event: 0.374 Loaded shared library C:\Users\vivin\.vscode\extensions\redhat.java-1.34.0-win32-x64\jre\17.0.12-win32-x86_64\bin\nio.dll
Event: 0.400 Loaded shared library C:\Users\vivin\.vscode\extensions\redhat.java-1.34.0-win32-x64\jre\17.0.12-win32-x86_64\bin\zip.dll
Event: 0.590 Loaded shared library C:\Users\vivin\.vscode\extensions\redhat.java-1.34.0-win32-x64\jre\17.0.12-win32-x86_64\bin\jimage.dll
Event: 0.896 Loaded shared library c:\Users\vivin\.vscode\extensions\redhat.java-1.34.0-win32-x64\jre\17.0.12-win32-x86_64\bin\verify.dll
Event: 3.903 Loaded shared library C:\Users\vivin\AppData\Roaming\Code\User\globalStorage\redhat.java\1.34.0\config_win\org.eclipse.equinox.launcher\org.eclipse.equinox.launcher.win32.win32.x86_64_1.2.1100.v20240722-2106\eclipse_11904.dll
Event: 7.367 Loaded shared library C:\Users\vivin\AppData\Local\Temp\jna-112220296\jna1213690631530568523.dll
Event: 41.323 Loaded shared library C:\Users\vivin\.vscode\extensions\redhat.java-1.34.0-win32-x64\jre\17.0.12-win32-x86_64\bin\sunmscapi.dll

Deoptimization events (20 events):
Event: 45.287 Thread 0x00000148f769ad90 DEOPT PACKING pc=0x00000148e54fd154 sp=0x00000009fd1ff040
Event: 45.287 Thread 0x00000148f769ad90 DEOPT UNPACKING pc=0x00000148e4a166a3 sp=0x00000009fd1ff030 mode 2
Event: 45.289 Thread 0x00000148f769ad90 Uncommon trap: trap_request=0xffffffbe fr.pc=0x00000148e54fd154 relative=0x0000000000001294
Event: 45.289 Thread 0x00000148f769ad90 Uncommon trap: reason=profile_predicate action=maybe_recompile pc=0x00000148e54fd154 method=com.google.gson.internal.bind.MapTypeAdapterFactory$Adapter.read(Lcom/google/gson/stream/JsonReader;)Ljava/util/Map; @ 136 c2
Event: 45.289 Thread 0x00000148f769ad90 DEOPT PACKING pc=0x00000148e54fd154 sp=0x00000009fd1ff040
Event: 45.289 Thread 0x00000148f769ad90 DEOPT UNPACKING pc=0x00000148e4a166a3 sp=0x00000009fd1ff030 mode 2
Event: 45.646 Thread 0x00000148f76970d0 Uncommon trap: trap_request=0xffffffde fr.pc=0x00000148e54b8a10 relative=0x0000000000000550
Event: 45.646 Thread 0x00000148f76970d0 Uncommon trap: reason=class_check action=maybe_recompile pc=0x00000148e54b8a10 method=org.eclipse.jdt.internal.compiler.parser.Parser.consumeRule(I)V @ 4545 c2
Event: 45.646 Thread 0x00000148f76970d0 DEOPT PACKING pc=0x00000148e54b8a10 sp=0x00000009fd0fd9b0
Event: 45.646 Thread 0x00000148f76970d0 DEOPT UNPACKING pc=0x00000148e4a166a3 sp=0x00000009fd0fd940 mode 2
Event: 45.665 Thread 0x00000148f76970d0 Uncommon trap: trap_request=0xffffffde fr.pc=0x00000148e54b8a10 relative=0x0000000000000550
Event: 45.665 Thread 0x00000148f76970d0 Uncommon trap: reason=class_check action=maybe_recompile pc=0x00000148e54b8a10 method=org.eclipse.jdt.internal.compiler.parser.Parser.consumeRule(I)V @ 4545 c2
Event: 45.665 Thread 0x00000148f76970d0 DEOPT PACKING pc=0x00000148e54b8a10 sp=0x00000009fd0fd9b0
Event: 45.665 Thread 0x00000148f76970d0 DEOPT UNPACKING pc=0x00000148e4a166a3 sp=0x00000009fd0fd940 mode 2
Event: 45.769 Thread 0x00000148f769a880 DEOPT PACKING pc=0x00000148ddd65b1f sp=0x00000009fcbfdaa0
Event: 45.769 Thread 0x00000148f769a880 DEOPT UNPACKING pc=0x00000148e4a16e43 sp=0x00000009fcbfd020 mode 0
Event: 45.911 Thread 0x00000148f769a880 DEOPT PACKING pc=0x00000148ddd65b1f sp=0x00000009fcbfdaa0
Event: 45.911 Thread 0x00000148f769a880 DEOPT UNPACKING pc=0x00000148e4a16e43 sp=0x00000009fcbfd020 mode 0
Event: 46.262 Thread 0x00000148f769a880 DEOPT PACKING pc=0x00000148de5f6e16 sp=0x00000009fcbfd840
Event: 46.262 Thread 0x00000148f769a880 DEOPT UNPACKING pc=0x00000148e4a16e43 sp=0x00000009fcbfcd38 mode 0

Classes loaded (20 events):
Event: 42.092 Loading class com/sun/crypto/provider/SymmetricCipher done
Event: 42.092 Loading class com/sun/crypto/provider/AESCrypt done
Event: 42.106 Loading class com/sun/crypto/provider/ElectronicCodeBook
Event: 42.107 Loading class com/sun/crypto/provider/FeedbackCipher
Event: 42.107 Loading class com/sun/crypto/provider/FeedbackCipher done
Event: 42.107 Loading class com/sun/crypto/provider/ElectronicCodeBook done
Event: 42.107 Loading class com/sun/crypto/provider/PKCS5Padding
Event: 42.107 Loading class com/sun/crypto/provider/Padding
Event: 42.107 Loading class com/sun/crypto/provider/Padding done
Event: 42.107 Loading class com/sun/crypto/provider/PKCS5Padding done
Event: 42.107 Loading class com/sun/crypto/provider/CipherBlockChaining
Event: 42.107 Loading class com/sun/crypto/provider/CipherBlockChaining done
Event: 42.108 Loading class javax/crypto/NullCipher
Event: 42.108 Loading class javax/crypto/NullCipher done
Event: 42.129 Loading class sun/security/util/ArrayUtil
Event: 42.131 Loading class sun/security/util/ArrayUtil done
Event: 42.702 Loading class java/util/zip/CheckedInputStream
Event: 42.703 Loading class java/util/zip/CheckedInputStream done
Event: 43.144 Loading class java/util/zip/GZIPInputStream$1
Event: 43.145 Loading class java/util/zip/GZIPInputStream$1 done

Classes unloaded (9 events):
Event: 6.731 Thread 0x00000148da8a7a00 Unloading class 0x0000000100248400 'java/lang/invoke/LambdaForm$MH+0x0000000100248400'
Event: 6.731 Thread 0x00000148da8a7a00 Unloading class 0x0000000100248000 'java/lang/invoke/LambdaForm$MH+0x0000000100248000'
Event: 6.731 Thread 0x00000148da8a7a00 Unloading class 0x0000000100247c00 'java/lang/invoke/LambdaForm$MH+0x0000000100247c00'
Event: 6.731 Thread 0x00000148da8a7a00 Unloading class 0x0000000100247800 'java/lang/invoke/LambdaForm$MH+0x0000000100247800'
Event: 6.731 Thread 0x00000148da8a7a00 Unloading class 0x0000000100247400 'java/lang/invoke/LambdaForm$BMH+0x0000000100247400'
Event: 6.731 Thread 0x00000148da8a7a00 Unloading class 0x0000000100247000 'java/lang/invoke/LambdaForm$DMH+0x0000000100247000'
Event: 6.731 Thread 0x00000148da8a7a00 Unloading class 0x0000000100244400 'java/lang/invoke/LambdaForm$DMH+0x0000000100244400'
Event: 10.889 Thread 0x00000148da8a7a00 Unloading class 0x0000000100385400 'java/lang/invoke/LambdaForm$MH+0x0000000100385400'
Event: 10.889 Thread 0x00000148da8a7a00 Unloading class 0x0000000100381000 'java/lang/invoke/LambdaForm$MH+0x0000000100381000'

Classes redefined (0 events):
No events

Internal exceptions (20 events):
Event: 40.985 Thread 0x00000148f769db20 Exception <a 'sun/nio/fs/WindowsException'{0x00000000eb4fbc00}> (0x00000000eb4fbc00) 
thrown [s\src\hotspot\share\prims\jni.cpp, line 516]
Event: 40.987 Thread 0x00000148f769db20 Exception <a 'sun/nio/fs/WindowsException'{0x00000000eb4ff310}> (0x00000000eb4ff310) 
thrown [s\src\hotspot\share\prims\jni.cpp, line 516]
Event: 40.988 Thread 0x00000148f769db20 Exception <a 'sun/nio/fs/WindowsException'{0x00000000eb4ff948}> (0x00000000eb4ff948) 
thrown [s\src\hotspot\share\prims\jni.cpp, line 516]
Event: 41.073 Thread 0x00000148f769e540 Exception <a 'sun/nio/fs/WindowsException'{0x00000000eae8af30}> (0x00000000eae8af30) 
thrown [s\src\hotspot\share\prims\jni.cpp, line 516]
Event: 41.073 Thread 0x00000148f769e540 Exception <a 'sun/nio/fs/WindowsException'{0x00000000eae8b810}> (0x00000000eae8b810) 
thrown [s\src\hotspot\share\prims\jni.cpp, line 516]
Event: 41.073 Thread 0x00000148f769e540 Exception <a 'sun/nio/fs/WindowsException'{0x00000000eae8c740}> (0x00000000eae8c740) 
thrown [s\src\hotspot\share\prims\jni.cpp, line 516]
Event: 41.073 Thread 0x00000148f769e540 Exception <a 'sun/nio/fs/WindowsException'{0x00000000eae8d020}> (0x00000000eae8d020) 
thrown [s\src\hotspot\share\prims\jni.cpp, line 516]
Event: 41.075 Thread 0x00000148f769e540 Exception <a 'sun/nio/fs/WindowsException'{0x00000000eafbcb30}> (0x00000000eafbcb30) 
thrown [s\src\hotspot\share\prims\jni.cpp, line 516]
Event: 41.075 Thread 0x00000148f769e540 Exception <a 'sun/nio/fs/WindowsException'{0x00000000eafbd410}> (0x00000000eafbd410) 
thrown [s\src\hotspot\share\prims\jni.cpp, line 516]
Event: 41.080 Thread 0x00000148f769db20 Exception <a 'sun/nio/fs/WindowsException'{0x00000000eaf8db00}> (0x00000000eaf8db00) 
thrown [s\src\hotspot\share\prims\jni.cpp, line 516]
Event: 41.080 Thread 0x00000148f769db20 Exception <a 'sun/nio/fs/WindowsException'{0x00000000eaf8e138}> (0x00000000eaf8e138) 
thrown [s\src\hotspot\share\prims\jni.cpp, line 516]
Event: 41.080 Thread 0x00000148f769db20 Exception <a 'sun/nio/fs/WindowsException'{0x00000000eaf8edc0}> (0x00000000eaf8edc0) 
thrown [s\src\hotspot\share\prims\jni.cpp, line 516]
Event: 41.081 Thread 0x00000148f769db20 Exception <a 'sun/nio/fs/WindowsException'{0x00000000eb04d900}> (0x00000000eb04d900) 
thrown [s\src\hotspot\share\prims\jni.cpp, line 516]
Event: 41.082 Thread 0x00000148f769db20 Exception <a 'sun/nio/fs/WindowsException'{0x00000000eb050db0}> (0x00000000eb050db0) 
thrown [s\src\hotspot\share\prims\jni.cpp, line 516]
Event: 41.082 Thread 0x00000148f769db20 Exception <a 'sun/nio/fs/WindowsException'{0x00000000eb0513e8}> (0x00000000eb0513e8) 
thrown [s\src\hotspot\share\prims\jni.cpp, line 516]
Event: 41.826 Thread 0x00000148f769ad90 Exception <a 'sun/nio/fs/WindowsException'{0x00000000eb1083b8}> (0x00000000eb1083b8) 
thrown [s\src\hotspot\share\prims\jni.cpp, line 516]
Event: 42.446 Thread 0x00000148f769e540 Implicit null exception at 0x00000148e52a7373 to 0x00000148e52a7820
Event: 42.460 Thread 0x00000148f769e540 Implicit null exception at 0x00000148e52acf19 to 0x00000148e52ad3a0
Event: 43.138 Thread 0x00000148f769a880 Implicit null exception at 0x00000148e544b575 to 0x00000148e544b894
Event: 44.549 Thread 0x00000148f4cf68e0 Exception <a 'sun/nio/fs/WindowsException'{0x00000000eb0059f8}> (0x00000000eb0059f8) 
thrown [s\src\hotspot\share\prims\jni.cpp, line 516]

VM Operations (20 events):
Event: 49.757 Executing VM operation: ParallelGCFailedAllocation done
Event: 49.762 Executing VM operation: ParallelGCFailedAllocation
Event: 49.954 Executing VM operation: ParallelGCFailedAllocation done
Event: 49.980 Executing VM operation: ParallelGCFailedAllocation
Event: 50.157 Executing VM operation: ParallelGCFailedAllocation done
Event: 50.175 Executing VM operation: ParallelGCFailedAllocation
Event: 50.379 Executing VM operation: ParallelGCFailedAllocation done
Event: 50.379 Executing VM operation: ParallelGCFailedAllocation
Event: 50.585 Executing VM operation: ParallelGCFailedAllocation done
Event: 50.592 Executing VM operation: ParallelGCFailedAllocation
Event: 50.782 Executing VM operation: ParallelGCFailedAllocation done
Event: 50.792 Executing VM operation: ParallelGCFailedAllocation
Event: 50.976 Executing VM operation: ParallelGCFailedAllocation done
Event: 50.979 Executing VM operation: ParallelGCFailedAllocation
Event: 51.136 Executing VM operation: ParallelGCFailedAllocation done
Event: 51.140 Executing VM operation: ParallelGCFailedAllocation
Event: 51.306 Executing VM operation: ParallelGCFailedAllocation done
Event: 51.309 Executing VM operation: ParallelGCFailedAllocation
Event: 51.478 Executing VM operation: ParallelGCFailedAllocation done
Event: 51.480 Executing VM operation: ParallelGCFailedAllocation

Events (20 events):
Event: 44.875 Thread 0x00000148f38e0940 flushing nmethod 0x00000148de5df210
Event: 44.875 Thread 0x00000148f38e0940 flushing nmethod 0x00000148de5eac10
Event: 44.875 Thread 0x00000148f38e0940 flushing nmethod 0x00000148de5eaf90
Event: 44.875 Thread 0x00000148f38e0940 flushing nmethod 0x00000148de5f5010
Event: 44.875 Thread 0x00000148f38e0940 flushing nmethod 0x00000148de5f8390
Event: 44.875 Thread 0x00000148f38e0940 flushing nmethod 0x00000148de5f8710
Event: 44.875 Thread 0x00000148f38e0940 flushing nmethod 0x00000148de600390
Event: 44.875 Thread 0x00000148f38e0940 flushing nmethod 0x00000148de60ca90
Event: 44.875 Thread 0x00000148f38e0940 flushing nmethod 0x00000148de60e910
Event: 44.875 Thread 0x00000148f38e0940 flushing nmethod 0x00000148de621410
Event: 44.875 Thread 0x00000148f38e0940 flushing nmethod 0x00000148de627010
Event: 44.876 Thread 0x00000148f38e0940 flushing nmethod 0x00000148de664e90
Event: 44.876 Thread 0x00000148f38e0940 flushing nmethod 0x00000148de665210
Event: 44.876 Thread 0x00000148f38e0940 flushing nmethod 0x00000148de670c90
Event: 44.876 Thread 0x00000148f38e0940 flushing nmethod 0x00000148de692c90
Event: 44.876 Thread 0x00000148f38e0940 flushing nmethod 0x00000148de693010
Event: 44.876 Thread 0x00000148f38e0940 flushing nmethod 0x00000148de693e90
Event: 44.876 Thread 0x00000148f38e0940 flushing nmethod 0x00000148de694390
Event: 44.876 Thread 0x00000148f38e0940 flushing nmethod 0x00000148de695190
Event: 44.876 Thread 0x00000148f38e0940 flushing nmethod 0x00000148de695c90


Dynamic libraries:
0x00007ff7446f0000 - 0x00007ff7446fe000 	c:\Users\vivin\.vscode\extensions\redhat.java-1.34.0-win32-x64\jre\17.0.12-win32-x86_64\bin\java.exe
0x00007ffbdbd30000 - 0x00007ffbdbf47000 	C:\WINDOWS\SYSTEM32\ntdll.dll
0x00007ffbdaa10000 - 0x00007ffbdaad4000 	C:\WINDOWS\System32\KERNEL32.DLL
0x00007ffbd9420000 - 0x00007ffbd97cd000 	C:\WINDOWS\System32\KERNELBASE.dll
0x00007ffbd9910000 - 0x00007ffbd9a21000 	C:\WINDOWS\System32\ucrtbase.dll
0x00007ffbd5780000 - 0x00007ffbd5797000 	c:\Users\vivin\.vscode\extensions\redhat.java-1.34.0-win32-x64\jre\17.0.12-win32-x86_64\bin\jli.dll
0x00007ffbdafb0000 - 0x00007ffbdb15e000 	C:\WINDOWS\System32\USER32.dll
0x00007ffbd9260000 - 0x00007ffbd9286000 	C:\WINDOWS\System32\win32u.dll
0x00007ffbdaf60000 - 0x00007ffbdaf89000 	C:\WINDOWS\System32\GDI32.dll
0x00007ffbd9300000 - 0x00007ffbd9419000 	C:\WINDOWS\System32\gdi32full.dll
0x00007ffbd91c0000 - 0x00007ffbd925a000 	C:\WINDOWS\System32\msvcp_win.dll
0x00007ffbd5730000 - 0x00007ffbd574b000 	c:\Users\vivin\.vscode\extensions\redhat.java-1.34.0-win32-x64\jre\17.0.12-win32-x86_64\bin\VCRUNTIME140.dll
0x00007ffbbb740000 - 0x00007ffbbb9d3000 	C:\WINDOWS\WinSxS\amd64_microsoft.windows.common-controls_6595b64144ccf1df_6.0.22621.3672_none_2713b9d173822955\COMCTL32.dll
0x00007ffbdad90000 - 0x00007ffbdae37000 	C:\WINDOWS\System32\msvcrt.dll
0x00007ffbdac90000 - 0x00007ffbdacc1000 	C:\WINDOWS\System32\IMM32.DLL
0x00007ffbd61e0000 - 0x00007ffbd61ec000 	c:\Users\vivin\.vscode\extensions\redhat.java-1.34.0-win32-x64\jre\17.0.12-win32-x86_64\bin\vcruntime140_1.dll
0x00007ffbd3f40000 - 0x00007ffbd3fcd000 	c:\Users\vivin\.vscode\extensions\redhat.java-1.34.0-win32-x64\jre\17.0.12-win32-x86_64\bin\msvcp140.dll
0x00007ffb57af0000 - 0x00007ffb5875a000 	c:\Users\vivin\.vscode\extensions\redhat.java-1.34.0-win32-x64\jre\17.0.12-win32-x86_64\bin\server\jvm.dll
0x00007ffbd9a70000 - 0x00007ffbd9b22000 	C:\WINDOWS\System32\ADVAPI32.dll
0x00007ffbd9ca0000 - 0x00007ffbd9d49000 	C:\WINDOWS\System32\sechost.dll
0x00007ffbd9a30000 - 0x00007ffbd9a58000 	C:\WINDOWS\System32\bcrypt.dll
0x00007ffbdae40000 - 0x00007ffbdaf54000 	C:\WINDOWS\System32\RPCRT4.dll
0x00007ffbd9d70000 - 0x00007ffbd9de1000 	C:\WINDOWS\System32\WS2_32.dll
0x00007ffbd8f20000 - 0x00007ffbd8f6d000 	C:\WINDOWS\SYSTEM32\POWRPROF.dll
0x00007ffbd06e0000 - 0x00007ffbd06ea000 	C:\WINDOWS\SYSTEM32\VERSION.dll
0x00007ffbd1670000 - 0x00007ffbd16a4000 	C:\WINDOWS\SYSTEM32\WINMM.dll
0x00007ffbd8d50000 - 0x00007ffbd8d63000 	C:\WINDOWS\SYSTEM32\UMPDC.dll
0x00007ffbd80a0000 - 0x00007ffbd80b8000 	C:\WINDOWS\SYSTEM32\kernel.appcore.dll
0x00007ffbd5720000 - 0x00007ffbd572a000 	c:\Users\vivin\.vscode\extensions\redhat.java-1.34.0-win32-x64\jre\17.0.12-win32-x86_64\bin\jimage.dll
0x00007ffbd3a20000 - 0x00007ffbd3c52000 	C:\WINDOWS\SYSTEM32\DBGHELP.DLL
0x00007ffbdb160000 - 0x00007ffbdb4ee000 	C:\WINDOWS\System32\combase.dll
0x00007ffbd9bc0000 - 0x00007ffbd9c97000 	C:\WINDOWS\System32\OLEAUT32.dll
0x00007ffbcd860000 - 0x00007ffbcd892000 	C:\WINDOWS\SYSTEM32\dbgcore.DLL
0x00007ffbd9890000 - 0x00007ffbd990b000 	C:\WINDOWS\System32\bcryptPrimitives.dll
0x00007ffbd5710000 - 0x00007ffbd571e000 	c:\Users\vivin\.vscode\extensions\redhat.java-1.34.0-win32-x64\jre\17.0.12-win32-x86_64\bin\instrument.dll
0x00007ffbd5440000 - 0x00007ffbd5465000 	c:\Users\vivin\.vscode\extensions\redhat.java-1.34.0-win32-x64\jre\17.0.12-win32-x86_64\bin\java.dll
0x00007ffbd5590000 - 0x00007ffbd55a8000 	c:\Users\vivin\.vscode\extensions\redhat.java-1.34.0-win32-x64\jre\17.0.12-win32-x86_64\bin\zip.dll
0x00007ffbd9f90000 - 0x00007ffbda7f7000 	C:\WINDOWS\System32\SHELL32.dll
0x00007ffbd6fd0000 - 0x00007ffbd78cf000 	C:\WINDOWS\SYSTEM32\windows.storage.dll
0x00007ffbd6e90000 - 0x00007ffbd6fcf000 	C:\WINDOWS\SYSTEM32\wintypes.dll
0x00007ffbda810000 - 0x00007ffbda909000 	C:\WINDOWS\System32\SHCORE.dll
0x00007ffbd9f30000 - 0x00007ffbd9f8e000 	C:\WINDOWS\System32\shlwapi.dll
0x00007ffbd8f80000 - 0x00007ffbd8fa7000 	C:\WINDOWS\SYSTEM32\profapi.dll
0x00007ffbd5420000 - 0x00007ffbd5439000 	C:\Users\vivin\.vscode\extensions\redhat.java-1.34.0-win32-x64\jre\17.0.12-win32-x86_64\bin\net.dll
0x00007ffbd1330000 - 0x00007ffbd1466000 	C:\WINDOWS\SYSTEM32\WINHTTP.dll
0x00007ffbd8510000 - 0x00007ffbd8579000 	C:\WINDOWS\system32\mswsock.dll
0x00007ffbd3f20000 - 0x00007ffbd3f36000 	C:\Users\vivin\.vscode\extensions\redhat.java-1.34.0-win32-x64\jre\17.0.12-win32-x86_64\bin\nio.dll
0x00007ffbd5480000 - 0x00007ffbd5490000 	c:\Users\vivin\.vscode\extensions\redhat.java-1.34.0-win32-x64\jre\17.0.12-win32-x86_64\bin\verify.dll
0x00007ffbd2b20000 - 0x00007ffbd2b65000 	C:\Users\vivin\AppData\Roaming\Code\User\globalStorage\redhat.java\1.34.0\config_win\org.eclipse.equinox.launcher\org.eclipse.equinox.launcher.win32.win32.x86_64_1.2.1100.v20240722-2106\eclipse_11904.dll
0x00007ffbdaae0000 - 0x00007ffbdac85000 	C:\WINDOWS\System32\ole32.dll
0x00007ffbd8760000 - 0x00007ffbd877b000 	C:\WINDOWS\SYSTEM32\CRYPTSP.dll
0x00007ffbd8000000 - 0x00007ffbd8035000 	C:\WINDOWS\system32\rsaenh.dll
0x00007ffbd8600000 - 0x00007ffbd8628000 	C:\WINDOWS\SYSTEM32\USERENV.dll
0x00007ffbd8780000 - 0x00007ffbd878c000 	C:\WINDOWS\SYSTEM32\CRYPTBASE.dll
0x00007ffbd7a10000 - 0x00007ffbd7a3d000 	C:\WINDOWS\SYSTEM32\IPHLPAPI.DLL
0x00007ffbda800000 - 0x00007ffbda809000 	C:\WINDOWS\System32\NSI.dll
0x00007ffbd0dc0000 - 0x00007ffbd0dd9000 	C:\WINDOWS\SYSTEM32\dhcpcsvc6.DLL
0x00007ffbd0cc0000 - 0x00007ffbd0cdf000 	C:\WINDOWS\SYSTEM32\dhcpcsvc.DLL
0x00007ffbd7ab0000 - 0x00007ffbd7ba8000 	C:\WINDOWS\SYSTEM32\DNSAPI.dll
0x00007ffbc4fb0000 - 0x00007ffbc4ff5000 	C:\Users\vivin\AppData\Local\Temp\jna-112220296\jna1213690631530568523.dll
0x00007ffbd9ed0000 - 0x00007ffbd9ed8000 	C:\WINDOWS\System32\PSAPI.DLL
0x00007ffbd81b0000 - 0x00007ffbd81e4000 	C:\WINDOWS\SYSTEM32\ntmarta.dll
0x00007ffbd2b10000 - 0x00007ffbd2b1e000 	C:\Users\vivin\.vscode\extensions\redhat.java-1.34.0-win32-x64\jre\17.0.12-win32-x86_64\bin\sunmscapi.dll
0x00007ffbd9050000 - 0x00007ffbd91b6000 	C:\WINDOWS\System32\CRYPT32.dll
0x00007ffbd8920000 - 0x00007ffbd894e000 	C:\WINDOWS\SYSTEM32\ncrypt.dll
0x00007ffbd88e0000 - 0x00007ffbd8917000 	C:\WINDOWS\SYSTEM32\NTASN1.dll

dbghelp: loaded successfully - version: 4.0.5 - missing functions: none
symbol engine: initialized successfully - sym options: 0x614 - pdb path: .;c:\Users\vivin\.vscode\extensions\redhat.java-1.34.0-win32-x64\jre\17.0.12-win32-x86_64\bin;C:\WINDOWS\SYSTEM32;C:\WINDOWS\WinSxS\amd64_microsoft.windows.common-controls_6595b64144ccf1df_6.0.22621.3672_none_2713b9d173822955;c:\Users\vivin\.vscode\extensions\redhat.java-1.34.0-win32-x64\jre\17.0.12-win32-x86_64\bin\server;C:\Users\vivin\AppData\Roaming\Code\User\globalStorage\redhat.java\1.34.0\config_win\org.eclipse.equinox.launcher\org.eclipse.equinox.launcher.win32.win32.x86_64_1.2.1100.v20240722-2106;C:\Users\vivin\AppData\Local\Temp\jna-112220296

VM Arguments:
jvm_args: --add-modules=ALL-SYSTEM --add-opens=java.base/java.util=ALL-UNNAMED --add-opens=java.base/java.lang=ALL-UNNAMED --add-opens=java.base/sun.nio.fs=ALL-UNNAMED -Declipse.application=org.eclipse.jdt.ls.core.id1 -Dosgi.bundles.defaultStartLevel=4 -Declipse.product=org.eclipse.jdt.ls.core.product -Djava.import.generatesMetadataFilesAtProjectRoot=false -DDetectVMInstallationsJob.disabled=true -Dfile.encoding=utf8 -XX:+UseParallelGC -XX:GCTimeRatio=4 -XX:AdaptiveSizePolicyWeight=90 -Dsun.zip.disableMemoryMapping=true -Xmx1G -Xms100m -Xlog:disable -javaagent:c:\Users\vivin\.vscode\extensions\redhat.java-1.34.0-win32-x64\lombok\lombok-1.18.33.jar -XX:+HeapDumpOnOutOfMemoryError -XX:HeapDumpPath=c:\Users\vivin\AppData\Roaming\Code\User\workspaceStorage\03aef4cec3476b10e38d3aef6a71f36d\redhat.java -Daether.dependencyCollector.impl=bf 
java_command: c:\Users\vivin\.vscode\extensions\redhat.java-1.34.0-win32-x64\server\plugins\org.eclipse.equinox.launcher_1.6.900.v20240613-2009.jar -configuration c:\Users\vivin\AppData\Roaming\Code\User\globalStorage\redhat.java\1.34.0\config_win -data c:\Users\vivin\AppData\Roaming\Code\User\workspaceStorage\03aef4cec3476b10e38d3aef6a71f36d\redhat.java\jdt_ws --pipe=\\.\pipe\lsp-e3ca86ff2de6c0634f0d6b7970acbe6d-sock
java_class_path (initial): c:\Users\vivin\.vscode\extensions\redhat.java-1.34.0-win32-x64\server\plugins\org.eclipse.equinox.launcher_1.6.900.v20240613-2009.jar
Launcher Type: SUN_STANDARD

[Global flags]
    uintx AdaptiveSizePolicyWeight                 = 90                                        {product} {command line}
     intx CICompilerCount                          = 3                                         {product} {ergonomic}
    uintx GCTimeRatio                              = 4                                         {product} {command line}
     bool HeapDumpOnOutOfMemoryError               = true                                   {manageable} {command line}
    ccstr HeapDumpPath                             = c:\Users\vivin\AppData\Roaming\Code\User\workspaceStorage\03aef4cec3476b10e38d3aef6a71f36d\redhat.java         {manageable} {command line}
   size_t InitialHeapSize                          = 104857600                                 {product} {command line}
   size_t MaxHeapSize                              = 1073741824                                {product} {command line}
   size_t MaxNewSize                               = 357564416                                 {product} {ergonomic}
   size_t MinHeapDeltaBytes                        = 524288                                    {product} {ergonomic}
   size_t MinHeapSize                              = 104857600                                 {product} {command line}
   size_t NewSize                                  = 34603008                                  {product} {ergonomic}
    uintx NonNMethodCodeHeapSize                   = 5832780                                {pd product} {ergonomic}
    uintx NonProfiledCodeHeapSize                  = 122912730                              {pd product} {ergonomic}
   size_t OldSize                                  = 70254592                                  {product} {ergonomic}
    uintx ProfiledCodeHeapSize                     = 122912730                              {pd product} {ergonomic}
    uintx ReservedCodeCacheSize                    = 251658240                              {pd product} {ergonomic}
     bool SegmentedCodeCache                       = true                                      {product} {ergonomic}
   size_t SoftMaxHeapSize                          = 1073741824                             {manageable} {ergonomic}
     bool UseCompressedClassPointers               = true                           {product lp64_product} {ergonomic}
     bool UseCompressedOops                        = true                           {product lp64_product} {ergonomic}
     bool UseLargePagesIndividualAllocation        = false                                  {pd product} {ergonomic}
     bool UseParallelGC                            = true                                      {product} {command line}

Logging:
Log output configuration:
 #0: stdout all=off uptime,level,tags
 #1: stderr all=off uptime,level,tags

Environment Variables:
PATH=C:\Program Files\Common Files\Oracle\Java\javapath;C:\WINDOWS\system32;C:\WINDOWS;C:\WINDOWS\System32\Wbem;C:\WINDOWS\System32\WindowsPowerShell\v1.0\;C:\WINDOWS\System32\OpenSSH\;%JAVA_HOME%\bin;C:\Program Files\nodejs\;C:\Program Files\Git\cmd;C:\Program Files\MySQL\MySQL Shell 8.0\bin\;C:\Users\vivin\AppData\Local\Microsoft\WindowsApps;C:\Users\vivin\AppData\Local\Programs\Microsoft VS Code\bin;C:\Users\vivin\AppData\Roaming\npm
USERNAME=vivin
OS=Windows_NT
PROCESSOR_IDENTIFIER=AMD64 Family 23 Model 24 Stepping 1, AuthenticAMD
TMP=C:\Users\vivin\AppData\Local\Temp
TEMP=C:\Users\vivin\AppData\Local\Temp



Periodic native trim disabled


---------------  S Y S T E M  ---------------

OS:
 Windows 11 , 64 bit Build 22621 (10.0.22621.3958)
OS uptime: 2 days 8:55 hours

CPU: total 4 (initial active 4) (4 cores per cpu, 2 threads per core) family 23 model 24 stepping 1 microcode 0x0, cx8, cmov, fxsr, ht, mmx, 3dnowpref, sse, sse2, sse3, ssse3, sse4a, sse4.1, sse4.2, popcnt, lzcnt, tsc, tscinvbit, avx, avx2, aes, clmul, bmi1, bmi2, adx, sha, fma, vzeroupper, clflush, clflushopt
Processor Information for all 4 processors :
  Max Mhz: 2600, Current Mhz: 2600, Mhz Limit: 2600

Memory: 4k page, system-wide physical 6086M (797M free)
TotalPageFile size 24518M (AvailPageFile size 1M)
current process WorkingSet (physical memory assigned to process): 310M, peak: 317M
current process commit charge ("private bytes"): 337M, peak: 941M

vm_info: OpenJDK 64-Bit Server VM (17.0.12+7) for windows-amd64 JRE (17.0.12+7), built on Jul 16 2024 22:08:24 by "admin" with MS VC++ 16.10 / 16.11 (VS2019)

END.
