#
# There is insufficient memory for the Java Runtime Environment to continue.
# Native memory allocation (malloc) failed to allocate 1606016 bytes for Chunk::new
# Possible reasons:
#   The system is out of physical RAM or swap space
#   The process is running with CompressedOops enabled, and the Java Heap may be blocking the growth of the native heap
# Possible solutions:
#   Reduce memory load on the system
#   Increase physical memory or swap space
#   Check if swap backing store is full
#   Decrease Java heap size (-Xmx/-Xms)
#   Decrease number of Java threads
#   Decrease Java thread stack sizes (-Xss)
#   Set larger code cache with -XX:ReservedCodeCacheSize=
#   JVM is running with Unscaled Compressed Oops mode in which the Java heap is
#     placed in the first 4GB address space. The Java Heap base address is the
#     maximum limit for the native heap growth. Please use -XX:HeapBaseMinAddress
#     to set the Java Heap base and to place the Java Heap above 4GB virtual address.
# This output file may be truncated or incomplete.
#
#  Out of Memory Error (arena.cpp:189), pid=1480, tid=32988
#
# JRE version: Java(TM) SE Runtime Environment (17.0.7+8) (build 17.0.7+8-LTS-224)
# Java VM: Java HotSpot(TM) 64-Bit Server VM (17.0.7+8-LTS-224, mixed mode, sharing, tiered, compressed oops, compressed class ptrs, g1 gc, windows-amd64)
# No core dump will be written. Minidumps are not enabled by default on client versions of Windows
#

---------------  S U M M A R Y ------------

Command Line: -XX:+ShowCodeDetailsInExceptionMessages bank.management.system.Signup3

Host: AMD Ryzen 3 3250U with Radeon Graphics         , 4 cores, 5G,  Windows 11 , 64 bit Build 22621 (10.0.22621.3958)
Time: Tue Sep 17 21:31:49 2024 India Standard Time elapsed time: 11.256535 seconds (0d 0h 0m 11s)

---------------  T H R E A D  ---------------

Current thread (0x000002617d4ebfb0):  JavaThread "C2 CompilerThread0" daemon [_thread_in_native, id=32988, stack(0x000000bc47300000,0x000000bc47400000)]


Current CompileTask:
C2:  11256 1137       4       sun.font.TrueTypeFont::initAllNames (182 bytes)

Stack: [0x000000bc47300000,0x000000bc47400000]
Native frames: (J=compiled Java code, j=interpreted, Vv=VM code, C=native code)
V  [jvm.dll+0x676a4a]
V  [jvm.dll+0x7d74f4]
V  [jvm.dll+0x7d8c9e]
V  [jvm.dll+0x7d9303]
V  [jvm.dll+0x2452c5]
V  [jvm.dll+0xaaa2b]
V  [jvm.dll+0xaafcc]
V  [jvm.dll+0x36141e]
V  [jvm.dll+0x1bb55a]
V  [jvm.dll+0x217c27]
V  [jvm.dll+0x216f01]
V  [jvm.dll+0x1a35e0]
V  [jvm.dll+0x226a6e]
V  [jvm.dll+0x224e15]
V  [jvm.dll+0x78d05c]
V  [jvm.dll+0x78759a]
V  [jvm.dll+0x675875]
C  [ucrtbase.dll+0x29333]
C  [KERNEL32.DLL+0x1257d]
C  [ntdll.dll+0x5af28]


---------------  P R O C E S S  ---------------

Threads class SMR info:
_java_thread_list=0x000002617fa73310, length=17, elements={
0x000002617d4c9e50, 0x000002617d4cacc0, 0x000002617d4e2220, 0x000002617d4e2dd0,
0x000002617d4e6430, 0x000002617d4e7580, 0x000002617d4ebfb0, 0x000002617d4ee110,
0x000002617d502da0, 0x000002617e08eb10, 0x000002617e097450, 0x000002617e2a0200,
0x000002617e2a3190, 0x000002617e2a6470, 0x000002617f8c0d70, 0x000002616dfe1980,
0x000002617f8ee7b0
}

Java Threads: ( => current thread )
  0x000002617d4c9e50 JavaThread "Reference Handler" daemon [_thread_blocked, id=32320, stack(0x000000bc46d00000,0x000000bc46e00000)]
  0x000002617d4cacc0 JavaThread "Finalizer" daemon [_thread_blocked, id=17076, stack(0x000000bc46e00000,0x000000bc46f00000)]
  0x000002617d4e2220 JavaThread "Signal Dispatcher" daemon [_thread_blocked, id=21560, stack(0x000000bc46f00000,0x000000bc47000000)]
  0x000002617d4e2dd0 JavaThread "Attach Listener" daemon [_thread_blocked, id=33572, stack(0x000000bc47000000,0x000000bc47100000)]
  0x000002617d4e6430 JavaThread "Service Thread" daemon [_thread_blocked, id=15960, stack(0x000000bc47100000,0x000000bc47200000)]
  0x000002617d4e7580 JavaThread "Monitor Deflation Thread" daemon [_thread_blocked, id=19000, stack(0x000000bc47200000,0x000000bc47300000)]
=>0x000002617d4ebfb0 JavaThread "C2 CompilerThread0" daemon [_thread_in_native, id=32988, stack(0x000000bc47300000,0x000000bc47400000)]
  0x000002617d4ee110 JavaThread "C1 CompilerThread0" daemon [_thread_blocked, id=19340, stack(0x000000bc47400000,0x000000bc47500000)]
  0x000002617d502da0 JavaThread "Sweeper thread" daemon [_thread_blocked, id=24192, stack(0x000000bc47500000,0x000000bc47600000)]
  0x000002617e08eb10 JavaThread "Notification Thread" daemon [_thread_blocked, id=30920, stack(0x000000bc47600000,0x000000bc47700000)]
  0x000002617e097450 JavaThread "Common-Cleaner" daemon [_thread_blocked, id=31760, stack(0x000000bc47800000,0x000000bc47900000)]
  0x000002617e2a0200 JavaThread "Java2D Disposer" daemon [_thread_blocked, id=19668, stack(0x000000bc47900000,0x000000bc47a00000)]
  0x000002617e2a3190 JavaThread "AWT-Shutdown" [_thread_blocked, id=14668, stack(0x000000bc47a00000,0x000000bc47b00000)]
  0x000002617e2a6470 JavaThread "AWT-Windows" daemon [_thread_in_native, id=21432, stack(0x000000bc47b00000,0x000000bc47c00000)]
  0x000002617f8c0d70 JavaThread "AWT-EventQueue-0" [_thread_in_native, id=22680, stack(0x000000bc48300000,0x000000bc48400000)]
  0x000002616dfe1980 JavaThread "DestroyJavaVM" [_thread_blocked, id=32244, stack(0x000000bc46600000,0x000000bc46700000)]
  0x000002617f8ee7b0 JavaThread "D3D Screen Updater" daemon [_thread_in_native, id=18048, stack(0x000000bc48400000,0x000000bc48500000)]

Other Threads:
  0x000002617d4c1af0 VMThread "VM Thread" [stack: 0x000000bc46c00000,0x000000bc46d00000] [id=8956]
  0x000002617e097010 WatcherThread [stack: 0x000000bc47700000,0x000000bc47800000] [id=26868]
  0x000002616e02cda0 GCTaskThread "GC Thread#0" [stack: 0x000000bc46700000,0x000000bc46800000] [id=4016]
  0x000002617ff08360 GCTaskThread "GC Thread#1" [stack: 0x000000bc48100000,0x000000bc48200000] [id=22892]
  0x000002617ff08610 GCTaskThread "GC Thread#2" [stack: 0x000000bc48700000,0x000000bc48800000] [id=31880]
  0x0000026113bc8a10 GCTaskThread "GC Thread#3" [stack: 0x000000bc48800000,0x000000bc48900000] [id=33392]
  0x000002616e039b20 ConcurrentGCThread "G1 Main Marker" [stack: 0x000000bc46800000,0x000000bc46900000] [id=3412]
  0x000002616e03a530 ConcurrentGCThread "G1 Conc#0" [stack: 0x000000bc46900000,0x000000bc46a00000] [id=4020]
  0x000002616e09f480 ConcurrentGCThread "G1 Refine#0" [stack: 0x000000bc46a00000,0x000000bc46b00000] [id=2448]
  0x0000026113bc8cc0 ConcurrentGCThread "G1 Refine#1" [stack: 0x000000bc48900000,0x000000bc48a00000] [id=30748]
  0x000002616e0a0eb0 ConcurrentGCThread "G1 Service" [stack: 0x000000bc46b00000,0x000000bc46c00000] [id=21160]

Threads with active compile tasks:
C2 CompilerThread0    11614 1137       4       sun.font.TrueTypeFont::initAllNames (182 bytes)

VM state: not at safepoint (normal execution)

VM Mutex/Monitor currently owned by a thread: None

Heap address: 0x00000000a0e00000, size: 1522 MB, Compressed Oops mode: 32-bit

CDS archive(s) mapped at: [0x0000000800000000-0x0000000800bd0000-0x0000000800bd0000), size 12386304, SharedBaseAddress: 0x0000000800000000, ArchiveRelocationMode: 0.
Compressed class space mapped at: 0x0000000800c00000-0x0000000840c00000, reserved size: 1073741824
Narrow klass base: 0x0000000800000000, Narrow klass shift: 0, Narrow klass range: 0x100000000

GC Precious Log:
 CPUs: 4 total, 4 available
 Memory: 6086M
 Large Page Support: Disabled
 NUMA Support: Disabled
 Compressed Oops: Enabled (32-bit)
 Heap Region Size: 1M
 Heap Min Capacity: 8M
 Heap Initial Capacity: 96M
 Heap Max Capacity: 1522M
 Pre-touch: Disabled
 Parallel Workers: 4
 Concurrent Workers: 1
 Concurrent Refinement Workers: 4
 Periodic GC: Disabled

Heap:
 garbage-first heap   total 98304K, used 15893K [0x00000000a0e00000, 0x0000000100000000)
  region size 1024K, 9 young (9216K), 2 survivors (2048K)
 Metaspace       used 6895K, committed 7104K, reserved 1056768K
  class space    used 723K, committed 832K, reserved 1048576K

Heap Regions: E=young(eden), S=young(survivor), O=old, HS=humongous(starts), HC=humongous(continues), CS=collection set, F=free, OA=open archive, CA=closed archive, TAMS=top-at-mark-start (previous, next)
|   0|0x00000000a0e00000, 0x00000000a0f00000, 0x00000000a0f00000|100%|HS|  |TAMS 0x00000000a0e00000, 0x00000000a0e00000| Complete 
|   1|0x00000000a0f00000, 0x00000000a1000000, 0x00000000a1000000|100%|HC|  |TAMS 0x00000000a0f00000, 0x00000000a0f00000| Complete 
|   2|0x00000000a1000000, 0x00000000a1100000, 0x00000000a1100000|100%|HS|  |TAMS 0x00000000a1000000, 0x00000000a1000000| Complete 
|   3|0x00000000a1100000, 0x00000000a1200000, 0x00000000a1200000|100%|HC|  |TAMS 0x00000000a1100000, 0x00000000a1100000| Complete 
|   4|0x00000000a1200000, 0x00000000a1300000, 0x00000000a1300000|100%|HC|  |TAMS 0x00000000a1200000, 0x00000000a1200000| Complete 
|   5|0x00000000a1300000, 0x00000000a1400000, 0x00000000a1400000|100%|HC|  |TAMS 0x00000000a1300000, 0x00000000a1300000| Complete 
|   6|0x00000000a1400000, 0x00000000a1500000, 0x00000000a1500000|100%| O|  |TAMS 0x00000000a1400000, 0x00000000a1400000| Untracked 
|   7|0x00000000a1500000, 0x00000000a1585600, 0x00000000a1600000| 52%| O|  |TAMS 0x00000000a1500000, 0x00000000a1500000| Untracked 
|   8|0x00000000a1600000, 0x00000000a1600000, 0x00000000a1700000|  0%| F|  |TAMS 0x00000000a1600000, 0x00000000a1600000| Untracked 
|   9|0x00000000a1700000, 0x00000000a1700000, 0x00000000a1800000|  0%| F|  |TAMS 0x00000000a1700000, 0x00000000a1700000| Untracked 
|  10|0x00000000a1800000, 0x00000000a1800000, 0x00000000a1900000|  0%| F|  |TAMS 0x00000000a1800000, 0x00000000a1800000| Untracked 
|  11|0x00000000a1900000, 0x00000000a1900000, 0x00000000a1a00000|  0%| F|  |TAMS 0x00000000a1900000, 0x00000000a1900000| Untracked 
|  12|0x00000000a1a00000, 0x00000000a1a00000, 0x00000000a1b00000|  0%| F|  |TAMS 0x00000000a1a00000, 0x00000000a1a00000| Untracked 
|  13|0x00000000a1b00000, 0x00000000a1b00000, 0x00000000a1c00000|  0%| F|  |TAMS 0x00000000a1b00000, 0x00000000a1b00000| Untracked 
|  14|0x00000000a1c00000, 0x00000000a1c00000, 0x00000000a1d00000|  0%| F|  |TAMS 0x00000000a1c00000, 0x00000000a1c00000| Untracked 
|  15|0x00000000a1d00000, 0x00000000a1d00000, 0x00000000a1e00000|  0%| F|  |TAMS 0x00000000a1d00000, 0x00000000a1d00000| Untracked 
|  16|0x00000000a1e00000, 0x00000000a1e00000, 0x00000000a1f00000|  0%| F|  |TAMS 0x00000000a1e00000, 0x00000000a1e00000| Untracked 
|  17|0x00000000a1f00000, 0x00000000a1f00000, 0x00000000a2000000|  0%| F|  |TAMS 0x00000000a1f00000, 0x00000000a1f00000| Untracked 
|  18|0x00000000a2000000, 0x00000000a2000000, 0x00000000a2100000|  0%| F|  |TAMS 0x00000000a2000000, 0x00000000a2000000| Untracked 
|  19|0x00000000a2100000, 0x00000000a2100000, 0x00000000a2200000|  0%| F|  |TAMS 0x00000000a2100000, 0x00000000a2100000| Untracked 
|  20|0x00000000a2200000, 0x00000000a2200000, 0x00000000a2300000|  0%| F|  |TAMS 0x00000000a2200000, 0x00000000a2200000| Untracked 
|  21|0x00000000a2300000, 0x00000000a2300000, 0x00000000a2400000|  0%| F|  |TAMS 0x00000000a2300000, 0x00000000a2300000| Untracked 
|  22|0x00000000a2400000, 0x00000000a2400000, 0x00000000a2500000|  0%| F|  |TAMS 0x00000000a2400000, 0x00000000a2400000| Untracked 
|  23|0x00000000a2500000, 0x00000000a2500000, 0x00000000a2600000|  0%| F|  |TAMS 0x00000000a2500000, 0x00000000a2500000| Untracked 
|  24|0x00000000a2600000, 0x00000000a2600000, 0x00000000a2700000|  0%| F|  |TAMS 0x00000000a2600000, 0x00000000a2600000| Untracked 
|  25|0x00000000a2700000, 0x00000000a2700000, 0x00000000a2800000|  0%| F|  |TAMS 0x00000000a2700000, 0x00000000a2700000| Untracked 
|  26|0x00000000a2800000, 0x00000000a2800000, 0x00000000a2900000|  0%| F|  |TAMS 0x00000000a2800000, 0x00000000a2800000| Untracked 
|  27|0x00000000a2900000, 0x00000000a2900000, 0x00000000a2a00000|  0%| F|  |TAMS 0x00000000a2900000, 0x00000000a2900000| Untracked 
|  28|0x00000000a2a00000, 0x00000000a2a00000, 0x00000000a2b00000|  0%| F|  |TAMS 0x00000000a2a00000, 0x00000000a2a00000| Untracked 
|  29|0x00000000a2b00000, 0x00000000a2b00000, 0x00000000a2c00000|  0%| F|  |TAMS 0x00000000a2b00000, 0x00000000a2b00000| Untracked 
|  30|0x00000000a2c00000, 0x00000000a2c00000, 0x00000000a2d00000|  0%| F|  |TAMS 0x00000000a2c00000, 0x00000000a2c00000| Untracked 
|  31|0x00000000a2d00000, 0x00000000a2d00000, 0x00000000a2e00000|  0%| F|  |TAMS 0x00000000a2d00000, 0x00000000a2d00000| Untracked 
|  32|0x00000000a2e00000, 0x00000000a2e00000, 0x00000000a2f00000|  0%| F|  |TAMS 0x00000000a2e00000, 0x00000000a2e00000| Untracked 
|  33|0x00000000a2f00000, 0x00000000a2f00000, 0x00000000a3000000|  0%| F|  |TAMS 0x00000000a2f00000, 0x00000000a2f00000| Untracked 
|  34|0x00000000a3000000, 0x00000000a3000000, 0x00000000a3100000|  0%| F|  |TAMS 0x00000000a3000000, 0x00000000a3000000| Untracked 
|  35|0x00000000a3100000, 0x00000000a3100000, 0x00000000a3200000|  0%| F|  |TAMS 0x00000000a3100000, 0x00000000a3100000| Untracked 
|  36|0x00000000a3200000, 0x00000000a3200000, 0x00000000a3300000|  0%| F|  |TAMS 0x00000000a3200000, 0x00000000a3200000| Untracked 
|  37|0x00000000a3300000, 0x00000000a3300000, 0x00000000a3400000|  0%| F|  |TAMS 0x00000000a3300000, 0x00000000a3300000| Untracked 
|  38|0x00000000a3400000, 0x00000000a3400000, 0x00000000a3500000|  0%| F|  |TAMS 0x00000000a3400000, 0x00000000a3400000| Untracked 
|  39|0x00000000a3500000, 0x00000000a3500000, 0x00000000a3600000|  0%| F|  |TAMS 0x00000000a3500000, 0x00000000a3500000| Untracked 
|  40|0x00000000a3600000, 0x00000000a3600000, 0x00000000a3700000|  0%| F|  |TAMS 0x00000000a3600000, 0x00000000a3600000| Untracked 
|  41|0x00000000a3700000, 0x00000000a3700000, 0x00000000a3800000|  0%| F|  |TAMS 0x00000000a3700000, 0x00000000a3700000| Untracked 
|  42|0x00000000a3800000, 0x00000000a3800000, 0x00000000a3900000|  0%| F|  |TAMS 0x00000000a3800000, 0x00000000a3800000| Untracked 
|  43|0x00000000a3900000, 0x00000000a3900000, 0x00000000a3a00000|  0%| F|  |TAMS 0x00000000a3900000, 0x00000000a3900000| Untracked 
|  44|0x00000000a3a00000, 0x00000000a3a00000, 0x00000000a3b00000|  0%| F|  |TAMS 0x00000000a3a00000, 0x00000000a3a00000| Untracked 
|  45|0x00000000a3b00000, 0x00000000a3b00000, 0x00000000a3c00000|  0%| F|  |TAMS 0x00000000a3b00000, 0x00000000a3b00000| Untracked 
|  46|0x00000000a3c00000, 0x00000000a3c00000, 0x00000000a3d00000|  0%| F|  |TAMS 0x00000000a3c00000, 0x00000000a3c00000| Untracked 
|  47|0x00000000a3d00000, 0x00000000a3d00000, 0x00000000a3e00000|  0%| F|  |TAMS 0x00000000a3d00000, 0x00000000a3d00000| Untracked 
|  48|0x00000000a3e00000, 0x00000000a3e00000, 0x00000000a3f00000|  0%| F|  |TAMS 0x00000000a3e00000, 0x00000000a3e00000| Untracked 
|  49|0x00000000a3f00000, 0x00000000a3f00000, 0x00000000a4000000|  0%| F|  |TAMS 0x00000000a3f00000, 0x00000000a3f00000| Untracked 
|  50|0x00000000a4000000, 0x00000000a4000000, 0x00000000a4100000|  0%| F|  |TAMS 0x00000000a4000000, 0x00000000a4000000| Untracked 
|  51|0x00000000a4100000, 0x00000000a4100000, 0x00000000a4200000|  0%| F|  |TAMS 0x00000000a4100000, 0x00000000a4100000| Untracked 
|  52|0x00000000a4200000, 0x00000000a4200000, 0x00000000a4300000|  0%| F|  |TAMS 0x00000000a4200000, 0x00000000a4200000| Untracked 
|  53|0x00000000a4300000, 0x00000000a4300000, 0x00000000a4400000|  0%| F|  |TAMS 0x00000000a4300000, 0x00000000a4300000| Untracked 
|  54|0x00000000a4400000, 0x00000000a4400000, 0x00000000a4500000|  0%| F|  |TAMS 0x00000000a4400000, 0x00000000a4400000| Untracked 
|  55|0x00000000a4500000, 0x00000000a4500000, 0x00000000a4600000|  0%| F|  |TAMS 0x00000000a4500000, 0x00000000a4500000| Untracked 
|  56|0x00000000a4600000, 0x00000000a4600000, 0x00000000a4700000|  0%| F|  |TAMS 0x00000000a4600000, 0x00000000a4600000| Untracked 
|  57|0x00000000a4700000, 0x00000000a4700000, 0x00000000a4800000|  0%| F|  |TAMS 0x00000000a4700000, 0x00000000a4700000| Untracked 
|  58|0x00000000a4800000, 0x00000000a4800000, 0x00000000a4900000|  0%| F|  |TAMS 0x00000000a4800000, 0x00000000a4800000| Untracked 
|  59|0x00000000a4900000, 0x00000000a4900000, 0x00000000a4a00000|  0%| F|  |TAMS 0x00000000a4900000, 0x00000000a4900000| Untracked 
|  60|0x00000000a4a00000, 0x00000000a4a00000, 0x00000000a4b00000|  0%| F|  |TAMS 0x00000000a4a00000, 0x00000000a4a00000| Untracked 
|  61|0x00000000a4b00000, 0x00000000a4b00000, 0x00000000a4c00000|  0%| F|  |TAMS 0x00000000a4b00000, 0x00000000a4b00000| Untracked 
|  62|0x00000000a4c00000, 0x00000000a4c00000, 0x00000000a4d00000|  0%| F|  |TAMS 0x00000000a4c00000, 0x00000000a4c00000| Untracked 
|  63|0x00000000a4d00000, 0x00000000a4d00000, 0x00000000a4e00000|  0%| F|  |TAMS 0x00000000a4d00000, 0x00000000a4d00000| Untracked 
|  64|0x00000000a4e00000, 0x00000000a4e00000, 0x00000000a4f00000|  0%| F|  |TAMS 0x00000000a4e00000, 0x00000000a4e00000| Untracked 
|  65|0x00000000a4f00000, 0x00000000a4f00000, 0x00000000a5000000|  0%| F|  |TAMS 0x00000000a4f00000, 0x00000000a4f00000| Untracked 
|  66|0x00000000a5000000, 0x00000000a5000000, 0x00000000a5100000|  0%| F|  |TAMS 0x00000000a5000000, 0x00000000a5000000| Untracked 
|  67|0x00000000a5100000, 0x00000000a5100000, 0x00000000a5200000|  0%| F|  |TAMS 0x00000000a5100000, 0x00000000a5100000| Untracked 
|  68|0x00000000a5200000, 0x00000000a5200000, 0x00000000a5300000|  0%| F|  |TAMS 0x00000000a5200000, 0x00000000a5200000| Untracked 
|  69|0x00000000a5300000, 0x00000000a5300000, 0x00000000a5400000|  0%| F|  |TAMS 0x00000000a5300000, 0x00000000a5300000| Untracked 
|  70|0x00000000a5400000, 0x00000000a5400000, 0x00000000a5500000|  0%| F|  |TAMS 0x00000000a5400000, 0x00000000a5400000| Untracked 
|  71|0x00000000a5500000, 0x00000000a5500000, 0x00000000a5600000|  0%| F|  |TAMS 0x00000000a5500000, 0x00000000a5500000| Untracked 
|  72|0x00000000a5600000, 0x00000000a5600000, 0x00000000a5700000|  0%| F|  |TAMS 0x00000000a5600000, 0x00000000a5600000| Untracked 
|  73|0x00000000a5700000, 0x00000000a5700000, 0x00000000a5800000|  0%| F|  |TAMS 0x00000000a5700000, 0x00000000a5700000| Untracked 
|  74|0x00000000a5800000, 0x00000000a5800000, 0x00000000a5900000|  0%| F|  |TAMS 0x00000000a5800000, 0x00000000a5800000| Untracked 
|  75|0x00000000a5900000, 0x00000000a5900000, 0x00000000a5a00000|  0%| F|  |TAMS 0x00000000a5900000, 0x00000000a5900000| Untracked 
|  76|0x00000000a5a00000, 0x00000000a5a00000, 0x00000000a5b00000|  0%| F|  |TAMS 0x00000000a5a00000, 0x00000000a5a00000| Untracked 
|  77|0x00000000a5b00000, 0x00000000a5b00000, 0x00000000a5c00000|  0%| F|  |TAMS 0x00000000a5b00000, 0x00000000a5b00000| Untracked 
|  78|0x00000000a5c00000, 0x00000000a5c00000, 0x00000000a5d00000|  0%| F|  |TAMS 0x00000000a5c00000, 0x00000000a5c00000| Untracked 
|  79|0x00000000a5d00000, 0x00000000a5d00000, 0x00000000a5e00000|  0%| F|  |TAMS 0x00000000a5d00000, 0x00000000a5d00000| Untracked 
|  80|0x00000000a5e00000, 0x00000000a5e00000, 0x00000000a5f00000|  0%| F|  |TAMS 0x00000000a5e00000, 0x00000000a5e00000| Untracked 
|  81|0x00000000a5f00000, 0x00000000a6000000, 0x00000000a6000000|100%| S|CS|TAMS 0x00000000a5f00000, 0x00000000a5f00000| Complete 
|  82|0x00000000a6000000, 0x00000000a6100000, 0x00000000a6100000|100%| S|CS|TAMS 0x00000000a6000000, 0x00000000a6000000| Complete 
|  83|0x00000000a6100000, 0x00000000a6100000, 0x00000000a6200000|  0%| F|  |TAMS 0x00000000a6100000, 0x00000000a6100000| Untracked 
|  84|0x00000000a6200000, 0x00000000a6200000, 0x00000000a6300000|  0%| F|  |TAMS 0x00000000a6200000, 0x00000000a6200000| Untracked 
|  85|0x00000000a6300000, 0x00000000a6300000, 0x00000000a6400000|  0%| F|  |TAMS 0x00000000a6300000, 0x00000000a6300000| Untracked 
|  86|0x00000000a6400000, 0x00000000a6400000, 0x00000000a6500000|  0%| F|  |TAMS 0x00000000a6400000, 0x00000000a6400000| Untracked 
|  87|0x00000000a6500000, 0x00000000a6500000, 0x00000000a6600000|  0%| F|  |TAMS 0x00000000a6500000, 0x00000000a6500000| Untracked 
|  88|0x00000000a6600000, 0x00000000a6600000, 0x00000000a6700000|  0%| F|  |TAMS 0x00000000a6600000, 0x00000000a6600000| Untracked 
|  89|0x00000000a6700000, 0x00000000a67a9bd0, 0x00000000a6800000| 66%| E|  |TAMS 0x00000000a6700000, 0x00000000a6700000| Complete 
|  90|0x00000000a6800000, 0x00000000a6900000, 0x00000000a6900000|100%| E|CS|TAMS 0x00000000a6800000, 0x00000000a6800000| Complete 
|  91|0x00000000a6900000, 0x00000000a6a00000, 0x00000000a6a00000|100%| E|CS|TAMS 0x00000000a6900000, 0x00000000a6900000| Complete 
|  92|0x00000000a6a00000, 0x00000000a6b00000, 0x00000000a6b00000|100%| E|CS|TAMS 0x00000000a6a00000, 0x00000000a6a00000| Complete 
|  93|0x00000000a6b00000, 0x00000000a6c00000, 0x00000000a6c00000|100%| E|CS|TAMS 0x00000000a6b00000, 0x00000000a6b00000| Complete 
|  94|0x00000000a6c00000, 0x00000000a6d00000, 0x00000000a6d00000|100%| E|CS|TAMS 0x00000000a6c00000, 0x00000000a6c00000| Complete 
|  95|0x00000000a6d00000, 0x00000000a6e00000, 0x00000000a6e00000|100%| E|CS|TAMS 0x00000000a6d00000, 0x00000000a6d00000| Complete 

Card table byte_map: [0x00000261779b0000,0x0000026177cb0000] _byte_map_base: 0x00000261774a9000

Marking Bits (Prev, Next): (CMBitMap*) 0x000002616e02d3b0, (CMBitMap*) 0x000002616e02d3f0
 Prev Bits: [0x0000026177fb0000, 0x0000026179778000)
 Next Bits: [0x0000026179780000, 0x000002617af48000)

Polling page: 0x000002616e0b0000

Metaspace:

Usage:
  Non-class:      6.03 MB used.
      Class:    723.11 KB used.
       Both:      6.73 MB used.

Virtual space:
  Non-class space:        8.00 MB reserved,       6.12 MB ( 77%) committed,  1 nodes.
      Class space:        1.00 GB reserved,     832.00 KB ( <1%) committed,  1 nodes.
             Both:        1.01 GB reserved,       6.94 MB ( <1%) committed. 

Chunk freelists:
   Non-Class:  1.00 MB
       Class:  3.24 MB
        Both:  4.25 MB

MaxMetaspaceSize: unlimited
CompressedClassSpaceSize: 1.00 GB
Initial GC threshold: 21.00 MB
Current GC threshold: 21.00 MB
CDS: on
MetaspaceReclaimPolicy: balanced
 - commit_granule_bytes: 65536.
 - commit_granule_words: 8192.
 - virtual_space_node_default_size: 1048576.
 - enlarge_chunks_in_place: 1.
 - new_chunks_are_fully_committed: 0.
 - uncommit_free_chunks: 1.
 - use_allocation_guard: 0.
 - handle_deallocations: 1.


Internal statistics:

num_allocs_failed_limit: 0.
num_arena_births: 118.
num_arena_deaths: 0.
num_vsnodes_births: 2.
num_vsnodes_deaths: 0.
num_space_committed: 111.
num_space_uncommitted: 0.
num_chunks_returned_to_freelist: 0.
num_chunks_taken_from_freelist: 167.
num_chunk_merges: 0.
num_chunk_splits: 89.
num_chunks_enlarged: 20.
num_purges: 0.
num_inconsistent_stats: 0.

CodeHeap 'non-profiled nmethods': size=120000Kb used=357Kb max_used=357Kb free=119642Kb
 bounds [0x0000026107ad0000, 0x0000026107d40000, 0x000002610f000000]
CodeHeap 'profiled nmethods': size=120000Kb used=2069Kb max_used=2069Kb free=117930Kb
 bounds [0x0000026100000000, 0x0000026100270000, 0x0000026107530000]
CodeHeap 'non-nmethods': size=5760Kb used=1268Kb max_used=1297Kb free=4491Kb
 bounds [0x0000026107530000, 0x00000261077a0000, 0x0000026107ad0000]
 total_blobs=1736 nmethods=1145 adapters=504
 compilation: enabled
              stopped_count=0, restarted_count=0
 full_count=0

Compilation events (20 events):
Event: 10.897 Thread 0x000002617d4ee110 nmethod 1130 0x00000261001fae10 code [0x00000261001fb020, 0x00000261001fb888]
Event: 10.897 Thread 0x000002617d4ee110 1132  s    3       sun.font.FontFamily::addLocaleNames (45 bytes)
Event: 10.898 Thread 0x000002617d4ee110 nmethod 1132 0x00000261001fbb90 code [0x00000261001fbdc0, 0x00000261001fc648]
Event: 10.898 Thread 0x000002617d4ee110 1131   !   3       sun.font.TrueTypeFont::getAllFamilyNames (30 bytes)
Event: 10.899 Thread 0x000002617d4ee110 nmethod 1131 0x00000261001fc910 code [0x00000261001fcb20, 0x00000261001fd388]
Event: 10.923 Thread 0x000002617d4ebfb0 1133       4       java.util.HashMap::put (13 bytes)
Event: 10.942 Thread 0x000002617d4ebfb0 nmethod 1133 0x0000026107b25e90 code [0x0000026107b26080, 0x0000026107b26bc8]
Event: 10.942 Thread 0x000002617d4ebfb0 1134   !   4       sun.font.SunFontManager::addToPool (131 bytes)
Event: 10.951 Thread 0x000002617d4ebfb0 nmethod 1134 0x0000026107b27290 code [0x0000026107b27440, 0x0000026107b27b48]
Event: 10.952 Thread 0x000002617d4ebfb0 1135       4       java.lang.String::hashCode (60 bytes)
Event: 10.962 Thread 0x000002617d4ebfb0 nmethod 1135 0x0000026107b27e10 code [0x0000026107b27fa0, 0x0000026107b282b8]
Event: 10.962 Thread 0x000002617d4ebfb0 1136       4       java.nio.charset.Charset::lookup (44 bytes)
Event: 10.969 Thread 0x000002617d4ebfb0 nmethod 1136 0x0000026107b28410 code [0x0000026107b28600, 0x0000026107b28c70]
Event: 10.969 Thread 0x000002617d4ebfb0 1137       4       sun.font.TrueTypeFont::initAllNames (182 bytes)
Event: 10.987 Thread 0x000002617d4ee110 1139       3       java.lang.Character::isBmpCodePoint (13 bytes)
Event: 10.987 Thread 0x000002617d4ee110 nmethod 1139 0x00000261001fd690 code [0x00000261001fd820, 0x00000261001fd978]
Event: 11.008 Thread 0x000002617d4ee110 1140       3       java.nio.ByteBufferAsCharBufferB::get (30 bytes)
Event: 11.009 Thread 0x000002617d4ee110 nmethod 1140 0x00000261001fda10 code [0x00000261001fdc60, 0x00000261001fe5c8]
Event: 11.009 Thread 0x000002617d4ee110 1141       3       java.nio.ByteBufferAsCharBufferB::byteOffset (9 bytes)
Event: 11.009 Thread 0x000002617d4ee110 nmethod 1141 0x00000261001fea10 code [0x00000261001feba0, 0x00000261001fecb8]

GC Heap History (2 events):
Event: 10.753 GC heap before
{Heap before GC invocations=0 (full 0):
 garbage-first heap   total 98304K, used 19456K [0x00000000a0e00000, 0x0000000100000000)
  region size 1024K, 13 young (13312K), 0 survivors (0K)
 Metaspace       used 6679K, committed 6912K, reserved 1056768K
  class space    used 701K, committed 832K, reserved 1048576K
}
Event: 10.764 GC heap after
{Heap after GC invocations=1 (full 0):
 garbage-first heap   total 98304K, used 9749K [0x00000000a0e00000, 0x0000000100000000)
  region size 1024K, 2 young (2048K), 2 survivors (2048K)
 Metaspace       used 6679K, committed 6912K, reserved 1056768K
  class space    used 701K, committed 832K, reserved 1048576K
}

Deoptimization events (20 events):
Event: 10.771 Thread 0x000002617f8c0d70 Uncommon trap: trap_request=0xffffff45 fr.pc=0x0000026107b00220 relative=0x00000000000007c0
Event: 10.771 Thread 0x000002617f8c0d70 Uncommon trap: reason=unstable_if action=reinterpret pc=0x0000026107b00220 method=java.util.HashMap.putVal(ILjava/lang/Object;Ljava/lang/Object;ZZ)Ljava/lang/Object; @ 181 c2
Event: 10.771 Thread 0x000002617f8c0d70 DEOPT PACKING pc=0x0000026107b00220 sp=0x000000bc483fd0d0
Event: 10.771 Thread 0x000002617f8c0d70 DEOPT UNPACKING pc=0x00000261075823a3 sp=0x000000bc483fd070 mode 2
Event: 10.772 Thread 0x000002617f8c0d70 Uncommon trap: trap_request=0xffffff45 fr.pc=0x0000026107ad9abc relative=0x00000000000001bc
Event: 10.772 Thread 0x000002617f8c0d70 Uncommon trap: reason=unstable_if action=reinterpret pc=0x0000026107ad9abc method=java.lang.String.hashCode()I @ 20 c2
Event: 10.772 Thread 0x000002617f8c0d70 DEOPT PACKING pc=0x0000026107ad9abc sp=0x000000bc483fd140
Event: 10.772 Thread 0x000002617f8c0d70 DEOPT UNPACKING pc=0x00000261075823a3 sp=0x000000bc483fd0d0 mode 2
Event: 10.815 Thread 0x000002617f8c0d70 Uncommon trap: trap_request=0xffffff45 fr.pc=0x0000026107b1eb04 relative=0x00000000000048c4
Event: 10.815 Thread 0x000002617f8c0d70 Uncommon trap: reason=unstable_if action=reinterpret pc=0x0000026107b1eb04 method=sun.font.TrueTypeFont.getTableBuffer(I)Ljava/nio/ByteBuffer; @ 109 c2
Event: 10.815 Thread 0x000002617f8c0d70 DEOPT PACKING pc=0x0000026107b1eb04 sp=0x000000bc483fd150
Event: 10.815 Thread 0x000002617f8c0d70 DEOPT UNPACKING pc=0x00000261075823a3 sp=0x000000bc483fd160 mode 2
Event: 11.154 Thread 0x000002617f8c0d70 Uncommon trap: trap_request=0xffffffde fr.pc=0x0000026107b14c24 relative=0x0000000000000464
Event: 11.155 Thread 0x000002617f8c0d70 Uncommon trap: reason=class_check action=maybe_recompile pc=0x0000026107b14c24 method=java.util.HashMap.getNode(Ljava/lang/Object;)Ljava/util/HashMap$Node; @ 63 c2
Event: 11.155 Thread 0x000002617f8c0d70 DEOPT PACKING pc=0x0000026107b14c24 sp=0x000000bc483fd820
Event: 11.155 Thread 0x000002617f8c0d70 DEOPT UNPACKING pc=0x00000261075823a3 sp=0x000000bc483fd738 mode 2
Event: 11.172 Thread 0x000002617f8c0d70 Uncommon trap: trap_request=0xffffffde fr.pc=0x0000026107b14c24 relative=0x0000000000000464
Event: 11.172 Thread 0x000002617f8c0d70 Uncommon trap: reason=class_check action=maybe_recompile pc=0x0000026107b14c24 method=java.util.HashMap.getNode(Ljava/lang/Object;)Ljava/util/HashMap$Node; @ 63 c2
Event: 11.172 Thread 0x000002617f8c0d70 DEOPT PACKING pc=0x0000026107b14c24 sp=0x000000bc483fd820
Event: 11.172 Thread 0x000002617f8c0d70 DEOPT UNPACKING pc=0x00000261075823a3 sp=0x000000bc483fd738 mode 2

Classes unloaded (0 events):
No events

Classes redefined (0 events):
No events

Internal exceptions (14 events):
Event: 0.251 Thread 0x000002616dfe1980 Exception <a 'java/lang/ClassNotFoundException'{0x00000000a6c67d10}: sun/awt/resources/spi/awtProvider> (0x00000000a6c67d10) 
thrown [s\open\src\hotspot\share\classfile\systemDictionary.cpp, line 256]
Event: 0.292 Thread 0x000002616dfe1980 Exception <a 'java/io/FileNotFoundException'{0x00000000a6cc0048}> (0x00000000a6cc0048) 
thrown [s\open\src\hotspot\share\prims\jni.cpp, line 516]
Event: 0.304 Thread 0x000002616dfe1980 Exception <a 'java/io/FileNotFoundException'{0x00000000a6ced1f0}> (0x00000000a6ced1f0) 
thrown [s\open\src\hotspot\share\prims\jni.cpp, line 516]
Event: 0.374 Thread 0x000002616dfe1980 Exception <a 'java/lang/NoSuchMethodError'{0x00000000a6b37680}: 'java.lang.Object java.lang.invoke.DirectMethodHandle$Holder.invokeStaticInit(java.lang.Object)'> (0x00000000a6b37680) 
thrown [s\open\src\hotspot\share\interpreter\linkResolver.cpp, line 759]
Event: 0.643 Thread 0x000002616dfe1980 Exception <a 'java/lang/NoSuchMethodError'{0x00000000a6b82768}: 'void java.lang.invoke.DirectMethodHandle$Holder.invokeSpecial(java.lang.Object, java.lang.Object, java.lang.Object)'> (0x00000000a6b82768) 
thrown [s\open\src\hotspot\share\interpreter\linkResolver.cpp, line 759]
Event: 0.659 Thread 0x000002616dfe1980 Exception <a 'java/lang/NoSuchMethodError'{0x00000000a6bef4e8}: 'java.lang.Object java.lang.invoke.DirectMethodHandle$Holder.newInvokeSpecial(java.lang.Object, java.lang.Object, java.lang.Object, java.lang.Object, java.lang.Object)'> (0x00000000a6bef4e8) 
thrown [s\open\src\hotspot\share\interpreter\linkResolver.cpp, line 759]
Event: 0.661 Thread 0x000002616dfe1980 Exception <a 'java/lang/NoSuchMethodError'{0x00000000a6bfaeb0}: 'java.lang.Object java.lang.invoke.DirectMethodHandle$Holder.invokeStatic(java.lang.Object, int, java.lang.Object, java.lang.Object, java.lang.Object, java.lang.Object)'> (0x00000000a6bfaeb0) 
thrown [s\open\src\hotspot\share\interpreter\linkResolver.cpp, line 759]
Event: 0.668 Thread 0x000002616dfe1980 Exception <a 'java/lang/NoSuchMethodError'{0x00000000a6a20af0}: 'java.lang.Object java.lang.invoke.DirectMethodHandle$Holder.invokeStatic(java.lang.Object, int, java.lang.Object)'> (0x00000000a6a20af0) 
thrown [s\open\src\hotspot\share\interpreter\linkResolver.cpp, line 759]
Event: 0.707 Thread 0x000002616dfe1980 Exception <a 'java/lang/ClassNotFoundException'{0x00000000a6ad8e10}: com/sun/swing/internal/plaf/metal/resources/spi/metalProvider> (0x00000000a6ad8e10) 
thrown [s\open\src\hotspot\share\classfile\systemDictionary.cpp, line 256]
Event: 0.708 Thread 0x000002616dfe1980 Exception <a 'java/lang/ClassNotFoundException'{0x00000000a6adcce8}: com/sun/swing/internal/plaf/basic/resources/spi/basicProvider> (0x00000000a6adcce8) 
thrown [s\open\src\hotspot\share\classfile\systemDictionary.cpp, line 256]
Event: 0.814 Thread 0x000002617f84bc70 Exception <a 'java/lang/NoSuchMethodError'{0x00000000a6884068}: 'java.lang.Object java.lang.invoke.DirectMethodHandle$Holder.newInvokeSpecial(java.lang.Object, java.lang.Object, java.lang.Object, int, int, int, int, int)'> (0x00000000a6884068) 
thrown [s\open\src\hotspot\share\interpreter\linkResolver.cpp, line 759]
Event: 0.925 Thread 0x000002617e2a6470 Exception <a 'java/lang/NoSuchMethodError'{0x00000000a6b95c38}: 'void java.lang.invoke.DirectMethodHandle$Holder.invokeVirtual(java.lang.Object, java.lang.Object)'> (0x00000000a6b95c38) 
thrown [s\open\src\hotspot\share\interpreter\linkResolver.cpp, line 759]
Event: 0.955 Thread 0x000002616dfe1980 Exception <a 'java/lang/NoSuchMethodError'{0x00000000a6620c10}: 'void java.lang.invoke.DirectMethodHandle$Holder.invokeStaticInit(java.lang.Object)'> (0x00000000a6620c10) 
thrown [s\open\src\hotspot\share\interpreter\linkResolver.cpp, line 759]
Event: 10.815 Thread 0x000002617f8c0d70 Implicit null exception at 0x0000026107b1a5de to 0x0000026107b1eae0

VM Operations (20 events):
Event: 3.002 Executing VM operation: Cleanup
Event: 3.002 Executing VM operation: Cleanup done
Event: 4.007 Executing VM operation: Cleanup
Event: 4.007 Executing VM operation: Cleanup done
Event: 5.011 Executing VM operation: Cleanup
Event: 5.011 Executing VM operation: Cleanup done
Event: 6.014 Executing VM operation: Cleanup
Event: 6.014 Executing VM operation: Cleanup done
Event: 7.018 Executing VM operation: Cleanup
Event: 7.019 Executing VM operation: Cleanup done
Event: 8.023 Executing VM operation: Cleanup
Event: 8.023 Executing VM operation: Cleanup done
Event: 9.028 Executing VM operation: Cleanup
Event: 9.029 Executing VM operation: Cleanup done
Event: 10.752 Executing VM operation: G1CollectForAllocation
Event: 10.765 Executing VM operation: G1CollectForAllocation done
Event: 11.008 Executing VM operation: HandshakeAllThreads
Event: 11.008 Executing VM operation: HandshakeAllThreads done
Event: 11.008 Executing VM operation: HandshakeAllThreads
Event: 11.008 Executing VM operation: HandshakeAllThreads done

Events (20 events):
Event: 11.007 loading class sun/font/CMap
Event: 11.007 loading class sun/font/CMap done
Event: 11.007 loading class sun/font/CMap$NullCMapClass
Event: 11.007 loading class sun/font/CMap$NullCMapClass done
Event: 11.007 loading class sun/font/CMap$CMapFormat4
Event: 11.007 loading class sun/font/CMap$CMapFormat4 done
Event: 11.007 loading class java/nio/ByteBufferAsCharBufferB
Event: 11.007 loading class java/nio/ByteBufferAsCharBufferB done
Event: 11.011 loading class sun/font/FontDesignMetrics$KeyReference
Event: 11.011 loading class sun/font/FontDesignMetrics$KeyReference done
Event: 11.012 loading class sun/font/CompositeGlyphMapper
Event: 11.012 loading class sun/font/CompositeGlyphMapper done
Event: 11.104 loading class java/awt/print/PrinterGraphics
Event: 11.104 loading class java/awt/print/PrinterGraphics done
Event: 11.104 loading class java/awt/PrintGraphics
Event: 11.104 loading class java/awt/PrintGraphics done
Event: 11.104 loading class sun/java2d/loops/FontInfo
Event: 11.105 loading class sun/java2d/loops/FontInfo done
Event: 11.173 loading class sun/awt/image/BufImgSurfaceManager
Event: 11.173 loading class sun/awt/image/BufImgSurfaceManager done


Dynamic libraries:
0x00007ff7be650000 - 0x00007ff7be660000 	C:\Program Files\Java\jdk-17\bin\java.exe
0x00007ffbdbd30000 - 0x00007ffbdbf47000 	C:\WINDOWS\SYSTEM32\ntdll.dll
0x00007ffbdaa10000 - 0x00007ffbdaad4000 	C:\WINDOWS\System32\KERNEL32.DLL
0x00007ffbd9420000 - 0x00007ffbd97cd000 	C:\WINDOWS\System32\KERNELBASE.dll
0x00007ffbd9910000 - 0x00007ffbd9a21000 	C:\WINDOWS\System32\ucrtbase.dll
0x00007ffbb4ac0000 - 0x00007ffbb4ad9000 	C:\Program Files\Java\jdk-17\bin\jli.dll
0x00007ffbb4770000 - 0x00007ffbb478b000 	C:\Program Files\Java\jdk-17\bin\VCRUNTIME140.dll
0x00007ffbd9a70000 - 0x00007ffbd9b22000 	C:\WINDOWS\System32\ADVAPI32.dll
0x00007ffbdad90000 - 0x00007ffbdae37000 	C:\WINDOWS\System32\msvcrt.dll
0x00007ffbd9ca0000 - 0x00007ffbd9d49000 	C:\WINDOWS\System32\sechost.dll
0x00007ffbd9a30000 - 0x00007ffbd9a58000 	C:\WINDOWS\System32\bcrypt.dll
0x00007ffbdae40000 - 0x00007ffbdaf54000 	C:\WINDOWS\System32\RPCRT4.dll
0x00007ffbdafb0000 - 0x00007ffbdb15e000 	C:\WINDOWS\System32\USER32.dll
0x00007ffbd9260000 - 0x00007ffbd9286000 	C:\WINDOWS\System32\win32u.dll
0x00007ffbbb740000 - 0x00007ffbbb9d3000 	C:\WINDOWS\WinSxS\amd64_microsoft.windows.common-controls_6595b64144ccf1df_6.0.22621.3672_none_2713b9d173822955\COMCTL32.dll
0x00007ffbdaf60000 - 0x00007ffbdaf89000 	C:\WINDOWS\System32\GDI32.dll
0x00007ffbd9300000 - 0x00007ffbd9419000 	C:\WINDOWS\System32\gdi32full.dll
0x00007ffbd91c0000 - 0x00007ffbd925a000 	C:\WINDOWS\System32\msvcp_win.dll
0x00007ffbd06e0000 - 0x00007ffbd06ea000 	C:\WINDOWS\SYSTEM32\VERSION.dll
0x00007ffbdac90000 - 0x00007ffbdacc1000 	C:\WINDOWS\System32\IMM32.DLL
0x00007ffbd62c0000 - 0x00007ffbd62cc000 	C:\Program Files\Java\jdk-17\bin\vcruntime140_1.dll
0x00007ffb9df50000 - 0x00007ffb9dfde000 	C:\Program Files\Java\jdk-17\bin\msvcp140.dll
0x00007ffb48580000 - 0x00007ffb4915d000 	C:\Program Files\Java\jdk-17\bin\server\jvm.dll
0x00007ffbd9ed0000 - 0x00007ffbd9ed8000 	C:\WINDOWS\System32\PSAPI.DLL
0x00007ffbd1670000 - 0x00007ffbd16a4000 	C:\WINDOWS\SYSTEM32\WINMM.dll
0x00007ffbb4890000 - 0x00007ffbb4899000 	C:\WINDOWS\SYSTEM32\WSOCK32.dll
0x00007ffbd9d70000 - 0x00007ffbd9de1000 	C:\WINDOWS\System32\WS2_32.dll
0x00007ffbd80a0000 - 0x00007ffbd80b8000 	C:\WINDOWS\SYSTEM32\kernel.appcore.dll
0x00007ffbc68b0000 - 0x00007ffbc68ba000 	C:\Program Files\Java\jdk-17\bin\jimage.dll
0x00007ffbd3a20000 - 0x00007ffbd3c52000 	C:\WINDOWS\SYSTEM32\DBGHELP.DLL
0x00007ffbdb160000 - 0x00007ffbdb4ee000 	C:\WINDOWS\System32\combase.dll
0x00007ffbd9bc0000 - 0x00007ffbd9c97000 	C:\WINDOWS\System32\OLEAUT32.dll
0x00007ffbcd860000 - 0x00007ffbcd892000 	C:\WINDOWS\SYSTEM32\dbgcore.DLL
0x00007ffbd9890000 - 0x00007ffbd990b000 	C:\WINDOWS\System32\bcryptPrimitives.dll
0x00007ffbb4440000 - 0x00007ffbb4465000 	C:\Program Files\Java\jdk-17\bin\java.dll
0x00007ffb9c170000 - 0x00007ffb9c247000 	C:\Program Files\Java\jdk-17\bin\jsvml.dll
0x00007ffbd9f90000 - 0x00007ffbda7f7000 	C:\WINDOWS\System32\SHELL32.dll
0x00007ffbd6fd0000 - 0x00007ffbd78cf000 	C:\WINDOWS\SYSTEM32\windows.storage.dll
0x00007ffbd6e90000 - 0x00007ffbd6fcf000 	C:\WINDOWS\SYSTEM32\wintypes.dll
0x00007ffbda810000 - 0x00007ffbda909000 	C:\WINDOWS\System32\SHCORE.dll
0x00007ffbd9f30000 - 0x00007ffbd9f8e000 	C:\WINDOWS\System32\shlwapi.dll
0x00007ffbd8f80000 - 0x00007ffbd8fa7000 	C:\WINDOWS\SYSTEM32\profapi.dll
0x00007ffbb2190000 - 0x00007ffbb21a9000 	C:\Program Files\Java\jdk-17\bin\net.dll
0x00007ffbd1330000 - 0x00007ffbd1466000 	C:\WINDOWS\SYSTEM32\WINHTTP.dll
0x00007ffbd8510000 - 0x00007ffbd8579000 	C:\WINDOWS\system32\mswsock.dll
0x00007ffbb20a0000 - 0x00007ffbb20b6000 	C:\Program Files\Java\jdk-17\bin\nio.dll
0x00007ffbb2080000 - 0x00007ffbb2098000 	C:\Program Files\Java\jdk-17\bin\zip.dll
0x00007ffb605c0000 - 0x00007ffb60751000 	C:\Program Files\Java\jdk-17\bin\awt.dll
0x00007ffbd57e0000 - 0x00007ffbd5877000 	C:\WINDOWS\SYSTEM32\apphelp.dll
0x00007ffbd6920000 - 0x00007ffbd694b000 	C:\WINDOWS\system32\DWMAPI.DLL
0x00007ffbd65c0000 - 0x00007ffbd6671000 	C:\WINDOWS\system32\uxtheme.dll
0x00007ffb46560000 - 0x00007ffb46660000 	C:\WINDOWS\system32\opengl32.dll
0x00007ffb46700000 - 0x00007ffb4672d000 	C:\WINDOWS\SYSTEM32\GLU32.dll
0x00007ffbd66e0000 - 0x00007ffbd6717000 	C:\WINDOWS\SYSTEM32\dxcore.dll
0x00007ffbdb4f0000 - 0x00007ffbdb64e000 	C:\WINDOWS\System32\MSCTF.dll
0x00007ffbdaae0000 - 0x00007ffbdac85000 	C:\WINDOWS\System32\ole32.dll
0x00007ffb90fa0000 - 0x00007ffb91148000 	C:\WINDOWS\system32\d3d9.dll
0x00007ffbc88a0000 - 0x00007ffbc8a5b000 	C:\WINDOWS\System32\DriverStore\FileRepository\u0390931.inf_amd64_12d851e1980a239f\B386329\aticfx64.dll
0x00007ffb9e030000 - 0x00007ffb9e064000 	C:\WINDOWS\System32\DriverStore\FileRepository\u0390931.inf_amd64_12d851e1980a239f\B386329\atiu9p64.dll
0x00007ffb255b0000 - 0x00007ffb26305000 	C:\WINDOWS\System32\DriverStore\FileRepository\u0390931.inf_amd64_12d851e1980a239f\B386329\atiumd64.dll
0x0000000071a20000 - 0x0000000072947000 	C:\WINDOWS\System32\DriverStore\FileRepository\u0390931.inf_amd64_12d851e1980a239f\B386329\atiumd6a.dll
0x00007ffbdb6b0000 - 0x00007ffbdbb24000 	C:\WINDOWS\System32\SETUPAPI.dll
0x00007ffbd8f20000 - 0x00007ffbd8f6d000 	C:\WINDOWS\SYSTEM32\POWRPROF.dll
0x00007ffbd8d50000 - 0x00007ffbd8d63000 	C:\WINDOWS\SYSTEM32\UMPDC.dll
0x00007ffbc5690000 - 0x00007ffbc56c5000 	C:\WINDOWS\SYSTEM32\amdihk64.dll
0x00007ffbcfa90000 - 0x00007ffbcfad9000 	C:\WINDOWS\SYSTEM32\directxdatabasehelper.dll
0x00007ffb9d380000 - 0x00007ffb9d406000 	C:\Program Files\Java\jdk-17\bin\freetype.dll
0x00007ffb9c0a0000 - 0x00007ffb9c165000 	C:\Program Files\Java\jdk-17\bin\fontmanager.dll
0x00007ffbcdbc0000 - 0x00007ffbcdd03000 	C:\WINDOWS\SYSTEM32\textinputframework.dll
0x00007ffbd55d0000 - 0x00007ffbd5703000 	C:\WINDOWS\SYSTEM32\CoreMessaging.dll

dbghelp: loaded successfully - version: 4.0.5 - missing functions: none
symbol engine: initialized successfully - sym options: 0x614 - pdb path: .;C:\Program Files\Java\jdk-17\bin;C:\WINDOWS\SYSTEM32;C:\WINDOWS\WinSxS\amd64_microsoft.windows.common-controls_6595b64144ccf1df_6.0.22621.3672_none_2713b9d173822955;C:\Program Files\Java\jdk-17\bin\server;C:\WINDOWS\System32\DriverStore\FileRepository\u0390931.inf_amd64_12d851e1980a239f\B386329

VM Arguments:
jvm_args: -XX:+ShowCodeDetailsInExceptionMessages 
java_command: bank.management.system.Signup3
java_class_path (initial): C:\Users\vivin\AppData\Roaming\Code\User\workspaceStorage\03aef4cec3476b10e38d3aef6a71f36d\redhat.java\jdt_ws\BANKMANAGEMENTSYSTEM_f5189307\bin;c:\Users\vivin\Desktop\BANKMANAGEMENTSYSTEM\src\icon\jcalendar-tz-1.3.3-4.jar;c:\Users\vivin\Desktop\BANKMANAGEMENTSYSTEM\src\icon\mysql-connector-java-8.0.28.jar
Launcher Type: SUN_STANDARD

[Global flags]
     intx CICompilerCount                          = 3                                         {product} {ergonomic}
     uint ConcGCThreads                            = 1                                         {product} {ergonomic}
     uint G1ConcRefinementThreads                  = 4                                         {product} {ergonomic}
   size_t G1HeapRegionSize                         = 1048576                                   {product} {ergonomic}
    uintx GCDrainStackTargetSize                   = 64                                        {product} {ergonomic}
   size_t InitialHeapSize                          = 100663296                                 {product} {ergonomic}
   size_t MarkStackSize                            = 4194304                                   {product} {ergonomic}
   size_t MaxHeapSize                              = 1595932672                                {product} {ergonomic}
   size_t MaxNewSize                               = 957349888                                 {product} {ergonomic}
   size_t MinHeapDeltaBytes                        = 1048576                                   {product} {ergonomic}
   size_t MinHeapSize                              = 8388608                                   {product} {ergonomic}
    uintx NonNMethodCodeHeapSize                   = 5832780                                {pd product} {ergonomic}
    uintx NonProfiledCodeHeapSize                  = 122912730                              {pd product} {ergonomic}
    uintx ProfiledCodeHeapSize                     = 122912730                              {pd product} {ergonomic}
    uintx ReservedCodeCacheSize                    = 251658240                              {pd product} {ergonomic}
     bool SegmentedCodeCache                       = true                                      {product} {ergonomic}
     bool ShowCodeDetailsInExceptionMessages       = true                                   {manageable} {command line}
   size_t SoftMaxHeapSize                          = 1595932672                             {manageable} {ergonomic}
     bool UseCompressedClassPointers               = true                           {product lp64_product} {ergonomic}
     bool UseCompressedOops                        = true                           {product lp64_product} {ergonomic}
     bool UseG1GC                                  = true                                      {product} {ergonomic}
     bool UseLargePagesIndividualAllocation        = false                                  {pd product} {ergonomic}

Logging:
Log output configuration:
 #0: stdout all=warning uptime,level,tags
 #1: stderr all=off uptime,level,tags

Environment Variables:
PATH=C:\Program Files\Common Files\Oracle\Java\javapath;C:\WINDOWS\system32;C:\WINDOWS;C:\WINDOWS\System32\Wbem;C:\WINDOWS\System32\WindowsPowerShell\v1.0\;C:\WINDOWS\System32\OpenSSH\;%JAVA_HOME%\bin;C:\Program Files\nodejs\;C:\Program Files\Git\cmd;C:\Program Files\MySQL\MySQL Shell 8.0\bin\;C:\Users\vivin\AppData\Local\Microsoft\WindowsApps;C:\Users\vivin\AppData\Local\Programs\Microsoft VS Code\bin;C:\Users\vivin\AppData\Roaming\npm
USERNAME=vivin
LANG=en_US.UTF-8
OS=Windows_NT
PROCESSOR_IDENTIFIER=AMD64 Family 23 Model 24 Stepping 1, AuthenticAMD



---------------  S Y S T E M  ---------------

OS:
 Windows 11 , 64 bit Build 22621 (10.0.22621.3958)
OS uptime: 2 days 8:21 hours

CPU: total 4 (initial active 4) (4 cores per cpu, 2 threads per core) family 23 model 24 stepping 1 microcode 0x0, cx8, cmov, fxsr, ht, mmx, 3dnowpref, sse, sse2, sse3, ssse3, sse4a, sse4.1, sse4.2, popcnt, lzcnt, tsc, tscinvbit, avx, avx2, aes, clmul, bmi1, bmi2, adx, sha, fma, vzeroupper, clflush, clflushopt

Memory: 4k page, system-wide physical 6086M (539M free)
TotalPageFile size 24518M (AvailPageFile size 1M)
current process WorkingSet (physical memory assigned to process): 97M, peak: 97M
current process commit charge ("private bytes"): 216M, peak: 216M

vm_info: Java HotSpot(TM) 64-Bit Server VM (17.0.7+8-LTS-224) for windows-amd64 JRE (17.0.7+8-LTS-224), built on Feb 28 2023 23:03:02 by "mach5one" with MS VC++ 17.1 (VS2022)

END.
