#
# There is insufficient memory for the Java Runtime Environment to continue.
# Native memory allocation (malloc) failed to allocate 1483936 bytes. Error detail: Chunk::new
# Possible reasons:
#   The system is out of physical RAM or swap space
#   This process is running with CompressedOops enabled, and the Java Heap may be blocking the growth of the native heap
# Possible solutions:
#   Reduce memory load on the system
#   Increase physical memory or swap space
#   Check if swap backing store is full
#   Decrease Java heap size (-Xmx/-Xms)
#   Decrease number of Java threads
#   Decrease Java thread stack sizes (-Xss)
#   Set larger code cache with -XX:ReservedCodeCacheSize=
#   JVM is running with Unscaled Compressed Oops mode in which the Java heap is
#     placed in the first 4GB address space. The Java Heap base address is the
#     maximum limit for the native heap growth. Please use -XX:HeapBaseMinAddress
#     to set the Java Heap base and to place the Java Heap above 4GB virtual address.
# This output file may be truncated or incomplete.
#
#  Out of Memory Error (arena.cpp:191), pid=23340, tid=25148
#
# JRE version: OpenJDK Runtime Environment Temurin-17.0.12+7 (17.0.12+7) (build 17.0.12+7)
# Java VM: OpenJDK 64-Bit Server VM Temurin-17.0.12+7 (17.0.12+7, mixed mode, tiered, compressed oops, compressed class ptrs, parallel gc, windows-amd64)
# No core dump will be written. Minidumps are not enabled by default on client versions of Windows
#

---------------  S U M M A R Y ------------

Command Line: --add-modules=ALL-SYSTEM --add-opens=java.base/java.util=ALL-UNNAMED --add-opens=java.base/java.lang=ALL-UNNAMED --add-opens=java.base/sun.nio.fs=ALL-UNNAMED -Declipse.application=org.eclipse.jdt.ls.core.id1 -Dosgi.bundles.defaultStartLevel=4 -Declipse.product=org.eclipse.jdt.ls.core.product -Djava.import.generatesMetadataFilesAtProjectRoot=false -DDetectVMInstallationsJob.disabled=true -Dfile.encoding=utf8 -XX:+UseParallelGC -XX:GCTimeRatio=4 -XX:AdaptiveSizePolicyWeight=90 -Dsun.zip.disableMemoryMapping=true -Xmx1G -Xms100m -Xlog:disable -javaagent:c:\Users\vivin\.vscode\extensions\redhat.java-1.34.0-win32-x64\lombok\lombok-1.18.33.jar -XX:+HeapDumpOnOutOfMemoryError -XX:HeapDumpPath=c:\Users\vivin\AppData\Roaming\Code\User\workspaceStorage\03aef4cec3476b10e38d3aef6a71f36d\redhat.java -Daether.dependencyCollector.impl=bf c:\Users\vivin\.vscode\extensions\redhat.java-1.34.0-win32-x64\server\plugins\org.eclipse.equinox.launcher_1.6.900.v20240613-2009.jar -configuration c:\Users\vivin\AppData\Roaming\Code\User\globalStorage\redhat.java\1.34.0\config_win -data c:\Users\vivin\AppData\Roaming\Code\User\workspaceStorage\03aef4cec3476b10e38d3aef6a71f36d\redhat.java\jdt_ws --pipe=\\.\pipe\lsp-2e5fc4fde7226a5d44ab587feb160e55-sock

Host: AMD Ryzen 3 3250U with Radeon Graphics         , 4 cores, 5G,  Windows 11 , 64 bit Build 22621 (10.0.22621.3958)
Time: Fri Sep 20 01:11:20 2024 India Standard Time elapsed time: 34.556445 seconds (0d 0h 0m 34s)

---------------  T H R E A D  ---------------

Current thread (0x000001feafd85ba0):  JavaThread "C2 CompilerThread0" daemon [_thread_in_native, id=25148, stack(0x0000008332300000,0x0000008332400000)]


Current CompileTask:
C2:  34556 8353   !   4       org.eclipse.jdt.internal.compiler.classfmt.ClassFileReader::<init> (2158 bytes)

Stack: [0x0000008332300000,0x0000008332400000]
Native frames: (J=compiled Java code, j=interpreted, Vv=VM code, C=native code)
V  [jvm.dll+0x67f929]
V  [jvm.dll+0x8371ba]
V  [jvm.dll+0x838c7e]
V  [jvm.dll+0x8392e3]
V  [jvm.dll+0x24834f]
V  [jvm.dll+0xac9d4]
V  [jvm.dll+0xad01c]
V  [jvm.dll+0x2af96f]
V  [jvm.dll+0x5868d7]
V  [jvm.dll+0x2231c2]
V  [jvm.dll+0x2235bf]
V  [jvm.dll+0x21c6e0]
V  [jvm.dll+0x219be1]
V  [jvm.dll+0x1a58bd]
V  [jvm.dll+0x229a2d]
V  [jvm.dll+0x227bdc]
V  [jvm.dll+0x7ec1f7]
V  [jvm.dll+0x7e65dc]
V  [jvm.dll+0x67e7f7]
C  [ucrtbase.dll+0x29333]
C  [KERNEL32.DLL+0x1257d]
C  [ntdll.dll+0x5af28]


---------------  P R O C E S S  ---------------

Threads class SMR info:
_java_thread_list=0x000001feb5d6cce0, length=43, elements={
0x000001fe9bf0fcb0, 0x000001fe9bfb81d0, 0x000001fe9bfb9530, 0x000001feafd78320,
0x000001feafd78df0, 0x000001feafd7df60, 0x000001feafd7b6e0, 0x000001feafd85ba0,
0x000001feafd889c0, 0x000001feafd95c80, 0x000001feafd7a7b0, 0x000001feafd7d030,
0x000001feafd7acc0, 0x000001feafd7da50, 0x000001feafd7c610, 0x000001feafd7b1d0,
0x000001feafd7bbf0, 0x000001feb5dfd0c0, 0x000001feb5dfad50, 0x000001feb5dfa330,
0x000001feb5df9400, 0x000001feb5df84d0, 0x000001feb5dfea10, 0x000001feb6052440,
0x000001feb5dfdff0, 0x000001feb5dfa840, 0x000001feb5dfb770, 0x000001feb5df75a0,
0x000001feb5dfd5d0, 0x000001feb5dfdae0, 0x000001feb5df7ab0, 0x000001feb5df9e20,
0x000001feb5dfbc80, 0x000001feb5dfef20, 0x000001feb51ba6c0, 0x000001feb51b7e40,
0x000001feb51bc010, 0x000001feb51be380, 0x000001feb51bca30, 0x000001feb51bbb00,
0x000001feb51b7420, 0x000001feb51b6f10, 0x000001feb51b8860
}

Java Threads: ( => current thread )
  0x000001fe9bf0fcb0 JavaThread "main" [_thread_blocked, id=492, stack(0x0000008331a00000,0x0000008331b00000)]
  0x000001fe9bfb81d0 JavaThread "Reference Handler" daemon [_thread_blocked, id=15388, stack(0x0000008331d00000,0x0000008331e00000)]
  0x000001fe9bfb9530 JavaThread "Finalizer" daemon [_thread_blocked, id=13416, stack(0x0000008331e00000,0x0000008331f00000)]
  0x000001feafd78320 JavaThread "Signal Dispatcher" daemon [_thread_blocked, id=14848, stack(0x0000008331f00000,0x0000008332000000)]
  0x000001feafd78df0 JavaThread "Attach Listener" daemon [_thread_blocked, id=20028, stack(0x0000008332000000,0x0000008332100000)]
  0x000001feafd7df60 JavaThread "Service Thread" daemon [_thread_blocked, id=27980, stack(0x0000008332100000,0x0000008332200000)]
  0x000001feafd7b6e0 JavaThread "Monitor Deflation Thread" daemon [_thread_blocked, id=16336, stack(0x0000008332200000,0x0000008332300000)]
=>0x000001feafd85ba0 JavaThread "C2 CompilerThread0" daemon [_thread_in_native, id=25148, stack(0x0000008332300000,0x0000008332400000)]
  0x000001feafd889c0 JavaThread "C1 CompilerThread0" daemon [_thread_blocked, id=21264, stack(0x0000008332400000,0x0000008332500000)]
  0x000001feafd95c80 JavaThread "Sweeper thread" daemon [_thread_blocked, id=29564, stack(0x0000008332500000,0x0000008332600000)]
  0x000001feafd7a7b0 JavaThread "Common-Cleaner" daemon [_thread_blocked, id=30156, stack(0x0000008332600000,0x0000008332700000)]
  0x000001feafd7d030 JavaThread "Notification Thread" daemon [_thread_blocked, id=3832, stack(0x0000008332700000,0x0000008332800000)]
  0x000001feafd7acc0 JavaThread "Active Thread: Equinox Container: a14fafa9-4459-4d0b-b412-761468eecbf4" [_thread_in_vm, id=27816, stack(0x0000008332d00000,0x0000008332e00000)]
  0x000001feafd7da50 JavaThread "Framework Event Dispatcher: Equinox Container: a14fafa9-4459-4d0b-b412-761468eecbf4" daemon [_thread_blocked, id=20068, stack(0x0000008332c00000,0x0000008332d00000)]
  0x000001feafd7c610 JavaThread "Start Level: Equinox Container: a14fafa9-4459-4d0b-b412-761468eecbf4" daemon [_thread_blocked, id=18428, stack(0x0000008332e00000,0x0000008332f00000)]
  0x000001feafd7b1d0 JavaThread "Bundle File Closer" daemon [_thread_blocked, id=29312, stack(0x0000008332f00000,0x0000008333000000)]
  0x000001feafd7bbf0 JavaThread "SCR Component Actor" daemon [_thread_blocked, id=29280, stack(0x0000008333000000,0x0000008333100000)]
  0x000001feb5dfd0c0 JavaThread "Worker-JM" [_thread_blocked, id=30020, stack(0x0000008333200000,0x0000008333300000)]
  0x000001feb5dfad50 JavaThread "JNA Cleaner" daemon [_thread_blocked, id=22036, stack(0x0000008333300000,0x0000008333400000)]
  0x000001feb5dfa330 JavaThread "Worker-0" [_thread_blocked, id=16280, stack(0x0000008333400000,0x0000008333500000)]
  0x000001feb5df9400 JavaThread "Worker-1: Initialize workspace" [_thread_in_vm, id=22612, stack(0x0000008333500000,0x0000008333600000)] _threads_hazard_ptr=0x000001feb5d6cce0
  0x000001feb5df84d0 JavaThread "Worker-2" [_thread_blocked, id=16044, stack(0x0000008333600000,0x0000008333700000)]
  0x000001feb5dfea10 JavaThread "Worker-3: Java indexing... " [_thread_blocked, id=23440, stack(0x0000008333700000,0x0000008333800000)]
  0x000001feb6052440 JavaThread "C2 CompilerThread1" daemon [_thread_in_native, id=23824, stack(0x0000008333800000,0x0000008333900000)]
  0x000001feb5dfdff0 JavaThread "Java indexing" daemon [_thread_in_vm, id=15120, stack(0x0000008333900000,0x0000008333a00000)]
  0x000001feb5dfa840 JavaThread "Thread-2" daemon [_thread_in_native, id=16484, stack(0x0000008333a00000,0x0000008333b00000)]
  0x000001feb5dfb770 JavaThread "Thread-3" daemon [_thread_in_native, id=9868, stack(0x0000008333b00000,0x0000008333c00000)]
  0x000001feb5df75a0 JavaThread "Thread-4" daemon [_thread_in_native, id=9020, stack(0x0000008333c00000,0x0000008333d00000)]
  0x000001feb5dfd5d0 JavaThread "Thread-5" daemon [_thread_in_native, id=19160, stack(0x0000008333d00000,0x0000008333e00000)]
  0x000001feb5dfdae0 JavaThread "Thread-6" daemon [_thread_in_native, id=12440, stack(0x0000008333e00000,0x0000008333f00000)]
  0x000001feb5df7ab0 JavaThread "pool-2-thread-1" [_thread_blocked, id=29616, stack(0x0000008333f00000,0x0000008334000000)]
  0x000001feb5df9e20 JavaThread "WorkspaceEventsHandler" [_thread_blocked, id=27204, stack(0x0000008334000000,0x0000008334100000)]
  0x000001feb5dfbc80 JavaThread "pool-1-thread-1" [_thread_blocked, id=17008, stack(0x0000008334100000,0x0000008334200000)]
  0x000001feb5dfef20 JavaThread "Worker-4" [_thread_blocked, id=29652, stack(0x0000008333100000,0x0000008333200000)]
  0x000001feb51ba6c0 JavaThread "ForkJoinPool.commonPool-worker-1" daemon [_thread_blocked, id=25004, stack(0x0000008334200000,0x0000008334300000)]
  0x000001feb51b7e40 JavaThread "ForkJoinPool.commonPool-worker-2" daemon [_thread_in_vm, id=20164, stack(0x0000008334300000,0x0000008334400000)] _threads_hazard_ptr=0x000001feb5d6cce0
  0x000001feb51bc010 JavaThread "ForkJoinPool.commonPool-worker-3" daemon [_thread_blocked, id=9528, stack(0x0000008334400000,0x0000008334500000)]
  0x000001feb51be380 JavaThread "Worker-5" [_thread_blocked, id=9440, stack(0x0000008334500000,0x0000008334600000)]
  0x000001feb51bca30 JavaThread "Compiler Source File Reader" daemon [_thread_blocked, id=11276, stack(0x0000008334600000,0x0000008334700000)]
  0x000001feb51bbb00 JavaThread "Compiler Source File Reader" daemon [_thread_blocked, id=24292, stack(0x0000008334700000,0x0000008334800000)]
  0x000001feb51b7420 JavaThread "Compiler Processing Task" daemon [_thread_blocked, id=8812, stack(0x0000008334800000,0x0000008334900000)]
  0x000001feb51b6f10 JavaThread "Worker-6: Publish Diagnostics" [_thread_in_Java, id=19716, stack(0x0000008334900000,0x0000008334a00000)]
  0x000001feb51b8860 JavaThread "Worker-7: Building" [_thread_blocked, id=17488, stack(0x0000008334a00000,0x0000008334b00000)]

Other Threads:
  0x000001feafd3d950 VMThread "VM Thread" [stack: 0x0000008331c00000,0x0000008331d00000] [id=28300]
  0x000001feb51ea500 WatcherThread [stack: 0x0000008332800000,0x0000008332900000] [id=22780]
  0x000001fe9bf25070 GCTaskThread "GC Thread#0" [stack: 0x0000008331b00000,0x0000008331c00000] [id=13884]
  0x000001feb54c6960 GCTaskThread "GC Thread#1" [stack: 0x0000008332900000,0x0000008332a00000] [id=28048]
  0x000001feb5972050 GCTaskThread "GC Thread#2" [stack: 0x0000008332a00000,0x0000008332b00000] [id=12320]
  0x000001feb5972310 GCTaskThread "GC Thread#3" [stack: 0x0000008332b00000,0x0000008332c00000] [id=29568]

Threads with active compile tasks:
C2 CompilerThread0    34631 8353   !   4       org.eclipse.jdt.internal.compiler.classfmt.ClassFileReader::<init> (2158 bytes)
C2 CompilerThread1    34631 8313 %     4       java.util.TimSort::binarySort @ 32 (223 bytes)

VM state: not at safepoint (normal execution)

VM Mutex/Monitor currently owned by a thread: None

Heap address: 0x00000000c0000000, size: 1024 MB, Compressed Oops mode: 32-bit

CDS archive(s) not mapped
Compressed class space mapped at: 0x0000000100000000-0x0000000140000000, reserved size: 1073741824
Narrow klass base: 0x0000000000000000, Narrow klass shift: 3, Narrow klass range: 0x140000000

GC Precious Log:
 CPUs: 4 total, 4 available
 Memory: 6086M
 Large Page Support: Disabled
 NUMA Support: Disabled
 Compressed Oops: Enabled (32-bit)
 Alignments: Space 512K, Generation 512K, Heap 2M
 Heap Min Capacity: 100M
 Heap Initial Capacity: 100M
 Heap Max Capacity: 1G
 Pre-touch: Disabled
 Parallel Workers: 4

Heap:
 PSYoungGen      total 18432K, used 9260K [0x00000000eab00000, 0x00000000ebf80000, 0x0000000100000000)
  eden space 16896K, 48% used [0x00000000eab00000,0x00000000eb2fb368,0x00000000ebb80000)
  from space 1536K, 70% used [0x00000000ebb80000,0x00000000ebc90000,0x00000000ebd00000)
  to   space 2048K, 0% used [0x00000000ebd80000,0x00000000ebd80000,0x00000000ebf80000)
 ParOldGen       total 68608K, used 63565K [0x00000000c0000000, 0x00000000c4300000, 0x00000000eab00000)
  object space 68608K, 92% used [0x00000000c0000000,0x00000000c3e13758,0x00000000c4300000)
 Metaspace       used 66646K, committed 67904K, reserved 1114112K
  class space    used 7009K, committed 7552K, reserved 1048576K

Card table byte_map: [0x000001fe9b8a0000,0x000001fe9bab0000] _byte_map_base: 0x000001fe9b2a0000

Marking Bits: (ParMarkBitMap*) 0x00007ffb696e58b0
 Begin Bits: [0x000001feadba0000, 0x000001feaeba0000)
 End Bits:   [0x000001feaeba0000, 0x000001feafba0000)

Polling page: 0x000001fe99ea0000

Metaspace:

Usage:
  Non-class:     58.24 MB used.
      Class:      6.84 MB used.
       Both:     65.08 MB used.

Virtual space:
  Non-class space:       64.00 MB reserved,      58.94 MB ( 92%) committed,  1 nodes.
      Class space:        1.00 GB reserved,       7.38 MB ( <1%) committed,  1 nodes.
             Both:        1.06 GB reserved,      66.31 MB (  6%) committed. 

Chunk freelists:
   Non-Class:  4.23 MB
       Class:  8.60 MB
        Both:  12.83 MB

MaxMetaspaceSize: unlimited
CompressedClassSpaceSize: 1.00 GB
Initial GC threshold: 21.00 MB
Current GC threshold: 97.31 MB
CDS: off
MetaspaceReclaimPolicy: balanced
 - commit_granule_bytes: 65536.
 - commit_granule_words: 8192.
 - virtual_space_node_default_size: 8388608.
 - enlarge_chunks_in_place: 1.
 - new_chunks_are_fully_committed: 0.
 - uncommit_free_chunks: 1.
 - use_allocation_guard: 0.
 - handle_deallocations: 1.


Internal statistics:

num_allocs_failed_limit: 9.
num_arena_births: 702.
num_arena_deaths: 26.
num_vsnodes_births: 2.
num_vsnodes_deaths: 0.
num_space_committed: 1061.
num_space_uncommitted: 0.
num_chunks_returned_to_freelist: 38.
num_chunks_taken_from_freelist: 3478.
num_chunk_merges: 11.
num_chunk_splits: 2111.
num_chunks_enlarged: 1205.
num_inconsistent_stats: 0.

CodeHeap 'non-profiled nmethods': size=120000Kb used=4271Kb max_used=4797Kb free=115728Kb
 bounds [0x000001fea6670000, 0x000001fea6b40000, 0x000001feadba0000]
CodeHeap 'profiled nmethods': size=120000Kb used=15849Kb max_used=17572Kb free=104150Kb
 bounds [0x000001fe9eba0000, 0x000001fe9fcd0000, 0x000001fea60d0000]
CodeHeap 'non-nmethods': size=5760Kb used=1363Kb max_used=1440Kb free=4397Kb
 bounds [0x000001fea60d0000, 0x000001fea6340000, 0x000001fea6670000]
 total_blobs=8126 nmethods=7415 adapters=625
 compilation: enabled
              stopped_count=0, restarted_count=0
 full_count=0

Compilation events (20 events):
Event: 34.467 Thread 0x000001feafd889c0 nmethod 8888 0x000001fe9f7a1d10 code [0x000001fe9f7a1ec0, 0x000001fe9f7a2278]
Event: 34.467 Thread 0x000001feafd889c0 8889       1       org.eclipse.jdt.internal.compiler.lookup.MethodBinding::hasSubstitutedParameters (2 bytes)
Event: 34.467 Thread 0x000001feafd889c0 nmethod 8889 0x000001fea6694f10 code [0x000001fea66950a0, 0x000001fea6695178]
Event: 34.469 Thread 0x000001feafd889c0 8890       2       org.eclipse.jdt.internal.compiler.lookup.MethodVerifier::computeSubstituteMethod (10 bytes)
Event: 34.470 Thread 0x000001feafd889c0 nmethod 8890 0x000001fe9fa45910 code [0x000001fe9fa45aa0, 0x000001fe9fa45bc8]
Event: 34.470 Thread 0x000001feafd889c0 8891       2       org.eclipse.jdt.internal.compiler.lookup.MethodVerifier::isParameterSubsignature (24 bytes)
Event: 34.470 Thread 0x000001feafd889c0 nmethod 8891 0x000001fe9f372410 code [0x000001fe9f3725c0, 0x000001fe9f372738]
Event: 34.470 Thread 0x000001feafd889c0 8892       2       org.eclipse.jdt.internal.compiler.lookup.BinaryTypeBinding::canBeSeenBy (28 bytes)
Event: 34.470 Thread 0x000001feafd889c0 nmethod 8892 0x000001fe9f3c4c90 code [0x000001fe9f3c4e40, 0x000001fe9f3c5008]
Event: 34.470 Thread 0x000001feafd889c0 8893       2       org.eclipse.jdt.internal.compiler.lookup.PackageBinding::getTypeOrPackage (368 bytes)
Event: 34.473 Thread 0x000001feafd889c0 nmethod 8893 0x000001fe9f5beb10 code [0x000001fe9f5bee20, 0x000001fe9f5bfe18]
Event: 34.473 Thread 0x000001feafd889c0 8894       3       org.eclipse.jdt.internal.compiler.lookup.SortedCompoundNameVector::add (84 bytes)
Event: 34.474 Thread 0x000001feafd889c0 nmethod 8894 0x000001fe9f5d9c90 code [0x000001fe9f5d9e60, 0x000001fe9f5da298]
Event: 34.474 Thread 0x000001feafd889c0 8896       3       org.eclipse.jdt.internal.compiler.lookup.BinaryTypeBinding::getField (89 bytes)
Event: 34.475 Thread 0x000001feafd889c0 nmethod 8896 0x000001fe9f42f590 code [0x000001fe9f42f780, 0x000001fe9f42fcb8]
Event: 34.483 Thread 0x000001feafd889c0 8897       2       org.eclipse.jdt.internal.compiler.ast.TypeReference::resolveAnnotations (386 bytes)
Event: 34.496 Thread 0x000001feafd889c0 nmethod 8897 0x000001fe9f54bb90 code [0x000001fe9f54bea0, 0x000001fe9f54c828]
Event: 34.497 Thread 0x000001feafd889c0 8903       3       org.eclipse.jdt.internal.compiler.lookup.BinaryTypeBinding::isEquivalentTo (84 bytes)
Event: 34.544 Thread 0x000001feafd889c0 nmethod 8903 0x000001fe9f0c2f10 code [0x000001fe9f0c3120, 0x000001fe9f0c3748]
Event: 34.544 Thread 0x000001feafd889c0 8908       3       org.eclipse.jdt.internal.compiler.util.CharArrayMap::put (86 bytes)

GC Heap History (20 events):
Event: 29.842 GC heap before
{Heap before GC invocations=39 (full 3):
 PSYoungGen      total 19968K, used 19690K [0x00000000eab00000, 0x00000000ec180000, 0x0000000100000000)
  eden space 16896K, 100% used [0x00000000eab00000,0x00000000ebb80000,0x00000000ebb80000)
  from space 3072K, 90% used [0x00000000ebb80000,0x00000000ebe3aba0,0x00000000ebe80000)
  to   space 3072K, 0% used [0x00000000ebe80000,0x00000000ebe80000,0x00000000ec180000)
 ParOldGen       total 68608K, used 45443K [0x00000000c0000000, 0x00000000c4300000, 0x00000000eab00000)
  object space 68608K, 66% used [0x00000000c0000000,0x00000000c2c60f40,0x00000000c4300000)
 Metaspace       used 61714K, committed 62848K, reserved 1114112K
  class space    used 6566K, committed 7040K, reserved 1048576K
}
Event: 29.846 GC heap after
{Heap after GC invocations=39 (full 3):
 PSYoungGen      total 17920K, used 657K [0x00000000eab00000, 0x00000000ebf80000, 0x0000000100000000)
  eden space 16896K, 0% used [0x00000000eab00000,0x00000000eab00000,0x00000000ebb80000)
  from space 1024K, 64% used [0x00000000ebe80000,0x00000000ebf24678,0x00000000ebf80000)
  to   space 1536K, 0% used [0x00000000ebc80000,0x00000000ebc80000,0x00000000ebe00000)
 ParOldGen       total 68608K, used 48043K [0x00000000c0000000, 0x00000000c4300000, 0x00000000eab00000)
  object space 68608K, 70% used [0x00000000c0000000,0x00000000c2eeac38,0x00000000c4300000)
 Metaspace       used 61714K, committed 62848K, reserved 1114112K
  class space    used 6566K, committed 7040K, reserved 1048576K
}
Event: 30.332 GC heap before
{Heap before GC invocations=40 (full 3):
 PSYoungGen      total 17920K, used 17553K [0x00000000eab00000, 0x00000000ebf80000, 0x0000000100000000)
  eden space 16896K, 100% used [0x00000000eab00000,0x00000000ebb80000,0x00000000ebb80000)
  from space 1024K, 64% used [0x00000000ebe80000,0x00000000ebf24678,0x00000000ebf80000)
  to   space 1536K, 0% used [0x00000000ebc80000,0x00000000ebc80000,0x00000000ebe00000)
 ParOldGen       total 68608K, used 48043K [0x00000000c0000000, 0x00000000c4300000, 0x00000000eab00000)
  object space 68608K, 70% used [0x00000000c0000000,0x00000000c2eeac38,0x00000000c4300000)
 Metaspace       used 62842K, committed 64064K, reserved 1114112K
  class space    used 6676K, committed 7168K, reserved 1048576K
}
Event: 30.337 GC heap after
{Heap after GC invocations=40 (full 3):
 PSYoungGen      total 18432K, used 1181K [0x00000000eab00000, 0x00000000ebf00000, 0x0000000100000000)
  eden space 16896K, 0% used [0x00000000eab00000,0x00000000eab00000,0x00000000ebb80000)
  from space 1536K, 76% used [0x00000000ebc80000,0x00000000ebda75e8,0x00000000ebe00000)
  to   space 1024K, 0% used [0x00000000ebe00000,0x00000000ebe00000,0x00000000ebf00000)
 ParOldGen       total 68608K, used 48635K [0x00000000c0000000, 0x00000000c4300000, 0x00000000eab00000)
  object space 68608K, 70% used [0x00000000c0000000,0x00000000c2f7ecd0,0x00000000c4300000)
 Metaspace       used 62842K, committed 64064K, reserved 1114112K
  class space    used 6676K, committed 7168K, reserved 1048576K
}
Event: 30.823 GC heap before
{Heap before GC invocations=41 (full 3):
 PSYoungGen      total 18432K, used 18077K [0x00000000eab00000, 0x00000000ebf00000, 0x0000000100000000)
  eden space 16896K, 100% used [0x00000000eab00000,0x00000000ebb80000,0x00000000ebb80000)
  from space 1536K, 76% used [0x00000000ebc80000,0x00000000ebda75e8,0x00000000ebe00000)
  to   space 1024K, 0% used [0x00000000ebe00000,0x00000000ebe00000,0x00000000ebf00000)
 ParOldGen       total 68608K, used 48635K [0x00000000c0000000, 0x00000000c4300000, 0x00000000eab00000)
  object space 68608K, 70% used [0x00000000c0000000,0x00000000c2f7ecd0,0x00000000c4300000)
 Metaspace       used 63448K, committed 64640K, reserved 1114112K
  class space    used 6745K, committed 7232K, reserved 1048576K
}
Event: 30.829 GC heap after
{Heap after GC invocations=41 (full 3):
 PSYoungGen      total 17920K, used 1013K [0x00000000eab00000, 0x00000000ec080000, 0x0000000100000000)
  eden space 16896K, 0% used [0x00000000eab00000,0x00000000eab00000,0x00000000ebb80000)
  from space 1024K, 98% used [0x00000000ebe00000,0x00000000ebefd5b0,0x00000000ebf00000)
  to   space 2560K, 0% used [0x00000000ebb80000,0x00000000ebb80000,0x00000000ebe00000)
 ParOldGen       total 68608K, used 49910K [0x00000000c0000000, 0x00000000c4300000, 0x00000000eab00000)
  object space 68608K, 72% used [0x00000000c0000000,0x00000000c30bda80,0x00000000c4300000)
 Metaspace       used 63448K, committed 64640K, reserved 1114112K
  class space    used 6745K, committed 7232K, reserved 1048576K
}
Event: 31.544 GC heap before
{Heap before GC invocations=42 (full 3):
 PSYoungGen      total 17920K, used 17909K [0x00000000eab00000, 0x00000000ec080000, 0x0000000100000000)
  eden space 16896K, 100% used [0x00000000eab00000,0x00000000ebb80000,0x00000000ebb80000)
  from space 1024K, 98% used [0x00000000ebe00000,0x00000000ebefd5b0,0x00000000ebf00000)
  to   space 2560K, 0% used [0x00000000ebb80000,0x00000000ebb80000,0x00000000ebe00000)
 ParOldGen       total 68608K, used 49910K [0x00000000c0000000, 0x00000000c4300000, 0x00000000eab00000)
  object space 68608K, 72% used [0x00000000c0000000,0x00000000c30bda80,0x00000000c4300000)
 Metaspace       used 64322K, committed 65472K, reserved 1114112K
  class space    used 6827K, committed 7296K, reserved 1048576K
}
Event: 31.556 GC heap after
{Heap after GC invocations=42 (full 3):
 PSYoungGen      total 19456K, used 2553K [0x00000000eab00000, 0x00000000ec580000, 0x0000000100000000)
  eden space 16896K, 0% used [0x00000000eab00000,0x00000000eab00000,0x00000000ebb80000)
  from space 2560K, 99% used [0x00000000ebb80000,0x00000000ebdfe5a8,0x00000000ebe00000)
  to   space 5120K, 0% used [0x00000000ec080000,0x00000000ec080000,0x00000000ec580000)
 ParOldGen       total 68608K, used 51676K [0x00000000c0000000, 0x00000000c4300000, 0x00000000eab00000)
  object space 68608K, 75% used [0x00000000c0000000,0x00000000c3277120,0x00000000c4300000)
 Metaspace       used 64322K, committed 65472K, reserved 1114112K
  class space    used 6827K, committed 7296K, reserved 1048576K
}
Event: 32.709 GC heap before
{Heap before GC invocations=43 (full 3):
 PSYoungGen      total 19456K, used 19429K [0x00000000eab00000, 0x00000000ec580000, 0x0000000100000000)
  eden space 16896K, 99% used [0x00000000eab00000,0x00000000ebb7af68,0x00000000ebb80000)
  from space 2560K, 99% used [0x00000000ebb80000,0x00000000ebdfe5a8,0x00000000ebe00000)
  to   space 5120K, 0% used [0x00000000ec080000,0x00000000ec080000,0x00000000ec580000)
 ParOldGen       total 68608K, used 51676K [0x00000000c0000000, 0x00000000c4300000, 0x00000000eab00000)
  object space 68608K, 75% used [0x00000000c0000000,0x00000000c3277120,0x00000000c4300000)
 Metaspace       used 64942K, committed 66112K, reserved 1114112K
  class space    used 6874K, committed 7360K, reserved 1048576K
}
Event: 32.730 GC heap after
{Heap after GC invocations=43 (full 3):
 PSYoungGen      total 20992K, used 3702K [0x00000000eab00000, 0x00000000ec480000, 0x0000000100000000)
  eden space 16896K, 0% used [0x00000000eab00000,0x00000000eab00000,0x00000000ebb80000)
  from space 4096K, 90% used [0x00000000ec080000,0x00000000ec41d8e8,0x00000000ec480000)
  to   space 4096K, 0% used [0x00000000ebc80000,0x00000000ebc80000,0x00000000ec080000)
 ParOldGen       total 68608K, used 54165K [0x00000000c0000000, 0x00000000c4300000, 0x00000000eab00000)
  object space 68608K, 78% used [0x00000000c0000000,0x00000000c34e5690,0x00000000c4300000)
 Metaspace       used 64942K, committed 66112K, reserved 1114112K
  class space    used 6874K, committed 7360K, reserved 1048576K
}
Event: 33.035 GC heap before
{Heap before GC invocations=44 (full 3):
 PSYoungGen      total 20992K, used 20598K [0x00000000eab00000, 0x00000000ec480000, 0x0000000100000000)
  eden space 16896K, 100% used [0x00000000eab00000,0x00000000ebb80000,0x00000000ebb80000)
  from space 4096K, 90% used [0x00000000ec080000,0x00000000ec41d8e8,0x00000000ec480000)
  to   space 4096K, 0% used [0x00000000ebc80000,0x00000000ebc80000,0x00000000ec080000)
 ParOldGen       total 68608K, used 54165K [0x00000000c0000000, 0x00000000c4300000, 0x00000000eab00000)
  object space 68608K, 78% used [0x00000000c0000000,0x00000000c34e5690,0x00000000c4300000)
 Metaspace       used 64984K, committed 66240K, reserved 1114112K
  class space    used 6877K, committed 7360K, reserved 1048576K
}
Event: 33.048 GC heap after
{Heap after GC invocations=44 (full 3):
 PSYoungGen      total 18432K, used 1235K [0x00000000eab00000, 0x00000000ec100000, 0x0000000100000000)
  eden space 16896K, 0% used [0x00000000eab00000,0x00000000eab00000,0x00000000ebb80000)
  from space 1536K, 80% used [0x00000000ebc80000,0x00000000ebdb4c30,0x00000000ebe00000)
  to   space 2560K, 0% used [0x00000000ebe80000,0x00000000ebe80000,0x00000000ec100000)
 ParOldGen       total 68608K, used 57487K [0x00000000c0000000, 0x00000000c4300000, 0x00000000eab00000)
  object space 68608K, 83% used [0x00000000c0000000,0x00000000c3823d78,0x00000000c4300000)
 Metaspace       used 64984K, committed 66240K, reserved 1114112K
  class space    used 6877K, committed 7360K, reserved 1048576K
}
Event: 33.137 GC heap before
{Heap before GC invocations=45 (full 3):
 PSYoungGen      total 18432K, used 18131K [0x00000000eab00000, 0x00000000ec100000, 0x0000000100000000)
  eden space 16896K, 100% used [0x00000000eab00000,0x00000000ebb80000,0x00000000ebb80000)
  from space 1536K, 80% used [0x00000000ebc80000,0x00000000ebdb4c30,0x00000000ebe00000)
  to   space 2560K, 0% used [0x00000000ebe80000,0x00000000ebe80000,0x00000000ec100000)
 ParOldGen       total 68608K, used 57487K [0x00000000c0000000, 0x00000000c4300000, 0x00000000eab00000)
  object space 68608K, 83% used [0x00000000c0000000,0x00000000c3823d78,0x00000000c4300000)
 Metaspace       used 65000K, committed 66240K, reserved 1114112K
  class space    used 6879K, committed 7360K, reserved 1048576K
}
Event: 33.146 GC heap after
{Heap after GC invocations=45 (full 3):
 PSYoungGen      total 18432K, used 1325K [0x00000000eab00000, 0x00000000ec000000, 0x0000000100000000)
  eden space 16896K, 0% used [0x00000000eab00000,0x00000000eab00000,0x00000000ebb80000)
  from space 1536K, 86% used [0x00000000ebe80000,0x00000000ebfcb510,0x00000000ec000000)
  to   space 1536K, 0% used [0x00000000ebc80000,0x00000000ebc80000,0x00000000ebe00000)
 ParOldGen       total 68608K, used 58250K [0x00000000c0000000, 0x00000000c4300000, 0x00000000eab00000)
  object space 68608K, 84% used [0x00000000c0000000,0x00000000c38e29c8,0x00000000c4300000)
 Metaspace       used 65000K, committed 66240K, reserved 1114112K
  class space    used 6879K, committed 7360K, reserved 1048576K
}
Event: 33.635 GC heap before
{Heap before GC invocations=46 (full 3):
 PSYoungGen      total 18432K, used 18221K [0x00000000eab00000, 0x00000000ec000000, 0x0000000100000000)
  eden space 16896K, 100% used [0x00000000eab00000,0x00000000ebb80000,0x00000000ebb80000)
  from space 1536K, 86% used [0x00000000ebe80000,0x00000000ebfcb510,0x00000000ec000000)
  to   space 1536K, 0% used [0x00000000ebc80000,0x00000000ebc80000,0x00000000ebe00000)
 ParOldGen       total 68608K, used 58250K [0x00000000c0000000, 0x00000000c4300000, 0x00000000eab00000)
  object space 68608K, 84% used [0x00000000c0000000,0x00000000c38e29c8,0x00000000c4300000)
 Metaspace       used 65383K, committed 66560K, reserved 1114112K
  class space    used 6915K, committed 7360K, reserved 1048576K
}
Event: 33.640 GC heap after
{Heap after GC invocations=46 (full 3):
 PSYoungGen      total 18432K, used 1520K [0x00000000eab00000, 0x00000000ec280000, 0x0000000100000000)
  eden space 16896K, 0% used [0x00000000eab00000,0x00000000eab00000,0x00000000ebb80000)
  from space 1536K, 98% used [0x00000000ebc80000,0x00000000ebdfc178,0x00000000ebe00000)
  to   space 3584K, 0% used [0x00000000ebf00000,0x00000000ebf00000,0x00000000ec280000)
 ParOldGen       total 68608K, used 59623K [0x00000000c0000000, 0x00000000c4300000, 0x00000000eab00000)
  object space 68608K, 86% used [0x00000000c0000000,0x00000000c3a39ed8,0x00000000c4300000)
 Metaspace       used 65383K, committed 66560K, reserved 1114112K
  class space    used 6915K, committed 7360K, reserved 1048576K
}
Event: 34.075 GC heap before
{Heap before GC invocations=47 (full 3):
 PSYoungGen      total 18432K, used 18416K [0x00000000eab00000, 0x00000000ec280000, 0x0000000100000000)
  eden space 16896K, 99% used [0x00000000eab00000,0x00000000ebb7fff8,0x00000000ebb80000)
  from space 1536K, 98% used [0x00000000ebc80000,0x00000000ebdfc178,0x00000000ebe00000)
  to   space 3584K, 0% used [0x00000000ebf00000,0x00000000ebf00000,0x00000000ec280000)
 ParOldGen       total 68608K, used 59623K [0x00000000c0000000, 0x00000000c4300000, 0x00000000eab00000)
  object space 68608K, 86% used [0x00000000c0000000,0x00000000c3a39ed8,0x00000000c4300000)
 Metaspace       used 65953K, committed 67136K, reserved 1114112K
  class space    used 6949K, committed 7424K, reserved 1048576K
}
Event: 34.084 GC heap after
{Heap after GC invocations=47 (full 3):
 PSYoungGen      total 20480K, used 3005K [0x00000000eab00000, 0x00000000ec280000, 0x0000000100000000)
  eden space 16896K, 0% used [0x00000000eab00000,0x00000000eab00000,0x00000000ebb80000)
  from space 3584K, 83% used [0x00000000ebf00000,0x00000000ec1ef608,0x00000000ec280000)
  to   space 3584K, 0% used [0x00000000ebb80000,0x00000000ebb80000,0x00000000ebf00000)
 ParOldGen       total 68608K, used 61114K [0x00000000c0000000, 0x00000000c4300000, 0x00000000eab00000)
  object space 68608K, 89% used [0x00000000c0000000,0x00000000c3baeb28,0x00000000c4300000)
 Metaspace       used 65953K, committed 67136K, reserved 1114112K
  class space    used 6949K, committed 7424K, reserved 1048576K
}
Event: 34.427 GC heap before
{Heap before GC invocations=48 (full 3):
 PSYoungGen      total 20480K, used 19901K [0x00000000eab00000, 0x00000000ec280000, 0x0000000100000000)
  eden space 16896K, 99% used [0x00000000eab00000,0x00000000ebb7fff8,0x00000000ebb80000)
  from space 3584K, 83% used [0x00000000ebf00000,0x00000000ec1ef608,0x00000000ec280000)
  to   space 3584K, 0% used [0x00000000ebb80000,0x00000000ebb80000,0x00000000ebf00000)
 ParOldGen       total 68608K, used 61114K [0x00000000c0000000, 0x00000000c4300000, 0x00000000eab00000)
  object space 68608K, 89% used [0x00000000c0000000,0x00000000c3baeb28,0x00000000c4300000)
 Metaspace       used 66387K, committed 67584K, reserved 1114112K
  class space    used 6991K, committed 7488K, reserved 1048576K
}
Event: 34.436 GC heap after
{Heap after GC invocations=48 (full 3):
 PSYoungGen      total 18432K, used 1088K [0x00000000eab00000, 0x00000000ebf80000, 0x0000000100000000)
  eden space 16896K, 0% used [0x00000000eab00000,0x00000000eab00000,0x00000000ebb80000)
  from space 1536K, 70% used [0x00000000ebb80000,0x00000000ebc90000,0x00000000ebd00000)
  to   space 2048K, 0% used [0x00000000ebd80000,0x00000000ebd80000,0x00000000ebf80000)
 ParOldGen       total 68608K, used 63565K [0x00000000c0000000, 0x00000000c4300000, 0x00000000eab00000)
  object space 68608K, 92% used [0x00000000c0000000,0x00000000c3e13758,0x00000000c4300000)
 Metaspace       used 66387K, committed 67584K, reserved 1114112K
  class space    used 6991K, committed 7488K, reserved 1048576K
}

Dll operation events (10 events):
Event: 0.026 Loaded shared library c:\Users\vivin\.vscode\extensions\redhat.java-1.34.0-win32-x64\jre\17.0.12-win32-x86_64\bin\java.dll
Event: 0.327 Loaded shared library c:\Users\vivin\.vscode\extensions\redhat.java-1.34.0-win32-x64\jre\17.0.12-win32-x86_64\bin\zip.dll
Event: 0.337 Loaded shared library C:\Users\vivin\.vscode\extensions\redhat.java-1.34.0-win32-x64\jre\17.0.12-win32-x86_64\bin\instrument.dll
Event: 0.361 Loaded shared library C:\Users\vivin\.vscode\extensions\redhat.java-1.34.0-win32-x64\jre\17.0.12-win32-x86_64\bin\net.dll
Event: 0.368 Loaded shared library C:\Users\vivin\.vscode\extensions\redhat.java-1.34.0-win32-x64\jre\17.0.12-win32-x86_64\bin\nio.dll
Event: 0.383 Loaded shared library C:\Users\vivin\.vscode\extensions\redhat.java-1.34.0-win32-x64\jre\17.0.12-win32-x86_64\bin\zip.dll
Event: 0.420 Loaded shared library C:\Users\vivin\.vscode\extensions\redhat.java-1.34.0-win32-x64\jre\17.0.12-win32-x86_64\bin\jimage.dll
Event: 0.595 Loaded shared library c:\Users\vivin\.vscode\extensions\redhat.java-1.34.0-win32-x64\jre\17.0.12-win32-x86_64\bin\verify.dll
Event: 4.875 Loaded shared library C:\Users\vivin\AppData\Roaming\Code\User\globalStorage\redhat.java\1.34.0\config_win\org.eclipse.equinox.launcher\org.eclipse.equinox.launcher.win32.win32.x86_64_1.2.1100.v20240722-2106\eclipse_11904.dll
Event: 11.683 Loaded shared library C:\Users\vivin\AppData\Local\Temp\jna-112220296\jna17442954501839512022.dll

Deoptimization events (20 events):
Event: 34.279 Thread 0x000001feb5dfbc80 Uncommon trap: trap_request=0xffffffc6 fr.pc=0x000001fea68853bc relative=0x000000000000059c
Event: 34.279 Thread 0x000001feb5dfbc80 Uncommon trap: reason=bimorphic_or_optimized_type_check action=maybe_recompile pc=0x000001fea68853bc method=java.util.Comparator.lambda$thenComparing$36697e65$1(Ljava/util/Comparator;Ljava/lang/Object;Ljava/lang/Object;)I @ 3 c2
Event: 34.279 Thread 0x000001feb5dfbc80 DEOPT PACKING pc=0x000001fea68853bc sp=0x00000083341fdf40
Event: 34.279 Thread 0x000001feb5dfbc80 DEOPT UNPACKING pc=0x000001fea61266a3 sp=0x00000083341fde68 mode 2
Event: 34.280 Thread 0x000001feb5dfbc80 DEOPT PACKING pc=0x000001fe9f7f799e sp=0x00000083341fddd0
Event: 34.280 Thread 0x000001feb5dfbc80 DEOPT UNPACKING pc=0x000001fea6126e43 sp=0x00000083341fd2c0 mode 0
Event: 34.285 Thread 0x000001feb5dfbc80 DEOPT PACKING pc=0x000001fe9f7f799e sp=0x00000083341fddd0
Event: 34.285 Thread 0x000001feb5dfbc80 DEOPT UNPACKING pc=0x000001fea6126e43 sp=0x00000083341fd2c0 mode 0
Event: 34.372 Thread 0x000001feb5dfbc80 DEOPT PACKING pc=0x000001fe9f7f799e sp=0x00000083341fddd0
Event: 34.372 Thread 0x000001feb5dfbc80 DEOPT UNPACKING pc=0x000001fea6126e43 sp=0x00000083341fd2c0 mode 0
Event: 34.373 Thread 0x000001feb5dfbc80 Uncommon trap: trap_request=0xffffff45 fr.pc=0x000001fea68716fc relative=0x00000000000000bc
Event: 34.373 Thread 0x000001feb5dfbc80 Uncommon trap: reason=unstable_if action=reinterpret pc=0x000001fea68716fc method=java.util.TreeMap.containsKey(Ljava/lang/Object;)Z @ 5 c2
Event: 34.373 Thread 0x000001feb5dfbc80 DEOPT PACKING pc=0x000001fea68716fc sp=0x00000083341fdfa0
Event: 34.373 Thread 0x000001feb5dfbc80 DEOPT UNPACKING pc=0x000001fea61266a3 sp=0x00000083341fdf50 mode 2
Event: 34.377 Thread 0x000001feb5dfbc80 DEOPT PACKING pc=0x000001fe9f7f799e sp=0x00000083341fddd0
Event: 34.377 Thread 0x000001feb5dfbc80 DEOPT UNPACKING pc=0x000001fea6126e43 sp=0x00000083341fd2c0 mode 0
Event: 34.487 Thread 0x000001feb51b7420 DEOPT PACKING pc=0x000001fe9f8ba2d5 sp=0x00000083348fd8f0
Event: 34.487 Thread 0x000001feb51b7420 DEOPT UNPACKING pc=0x000001fea6126e43 sp=0x00000083348fce90 mode 0
Event: 34.547 Thread 0x000001feb51b7420 DEOPT PACKING pc=0x000001fe9f8ba2d5 sp=0x00000083348fd810
Event: 34.547 Thread 0x000001feb51b7420 DEOPT UNPACKING pc=0x000001fea6126e43 sp=0x00000083348fcdb0 mode 0

Classes loaded (20 events):
Event: 34.480 Loading class sun/util/locale/provider/TimeZoneNameUtility
Event: 34.480 Loading class sun/util/locale/provider/TimeZoneNameUtility done
Event: 34.480 Loading class sun/util/locale/provider/TimeZoneNameUtility$TimeZoneNameGetter
Event: 34.480 Loading class sun/util/locale/provider/TimeZoneNameUtility$TimeZoneNameGetter done
Event: 34.481 Loading class sun/util/cldr/CLDRTimeZoneNameProviderImpl
Event: 34.482 Loading class sun/util/locale/provider/TimeZoneNameProviderImpl
Event: 34.482 Loading class sun/util/locale/provider/TimeZoneNameProviderImpl done
Event: 34.482 Loading class sun/util/cldr/CLDRTimeZoneNameProviderImpl done
Event: 34.489 Loading class sun/util/resources/cldr/TimeZoneNames
Event: 34.494 Loading class sun/util/resources/TimeZoneNamesBundle
Event: 34.494 Loading class sun/util/resources/OpenListResourceBundle
Event: 34.494 Loading class sun/util/resources/OpenListResourceBundle done
Event: 34.494 Loading class sun/util/resources/TimeZoneNamesBundle done
Event: 34.494 Loading class sun/util/resources/cldr/TimeZoneNames done
Event: 34.496 Loading class sun/util/resources/cldr/TimeZoneNames_en
Event: 34.499 Loading class sun/util/resources/cldr/TimeZoneNames_en done
Event: 34.509 Loading class sun/util/resources/cldr/TimeZoneNames_en_US
Event: 34.509 Loading class sun/util/resources/cldr/TimeZoneNames_en_US done
Event: 34.512 Loading class sun/util/cldr/CLDRBaseLocaleDataMetaInfo$TZCanonicalIDMapHolder
Event: 34.529 Loading class sun/util/cldr/CLDRBaseLocaleDataMetaInfo$TZCanonicalIDMapHolder done

Classes unloaded (13 events):
Event: 15.696 Thread 0x000001feafd3d950 Unloading class 0x000000010036b800 'java/lang/invoke/LambdaForm$MH+0x000000010036b800'
Event: 15.696 Thread 0x000001feafd3d950 Unloading class 0x0000000100367c00 'java/lang/invoke/LambdaForm$MH+0x0000000100367c00'
Event: 15.696 Thread 0x000001feafd3d950 Unloading class 0x0000000100367000 'java/lang/invoke/LambdaForm$MH+0x0000000100367000'
Event: 15.696 Thread 0x000001feafd3d950 Unloading class 0x0000000100366c00 'java/lang/invoke/LambdaForm$MH+0x0000000100366c00'
Event: 15.696 Thread 0x000001feafd3d950 Unloading class 0x0000000100366400 'java/lang/invoke/LambdaForm$MH+0x0000000100366400'
Event: 15.696 Thread 0x000001feafd3d950 Unloading class 0x0000000100365000 'java/lang/invoke/LambdaForm$MH+0x0000000100365000'
Event: 15.696 Thread 0x000001feafd3d950 Unloading class 0x000000010024a400 'java/lang/invoke/LambdaForm$MH+0x000000010024a400'
Event: 15.696 Thread 0x000001feafd3d950 Unloading class 0x000000010024a000 'java/lang/invoke/LambdaForm$MH+0x000000010024a000'
Event: 15.696 Thread 0x000001feafd3d950 Unloading class 0x0000000100249c00 'java/lang/invoke/LambdaForm$MH+0x0000000100249c00'
Event: 15.696 Thread 0x000001feafd3d950 Unloading class 0x0000000100249800 'java/lang/invoke/LambdaForm$MH+0x0000000100249800'
Event: 15.696 Thread 0x000001feafd3d950 Unloading class 0x0000000100249400 'java/lang/invoke/LambdaForm$BMH+0x0000000100249400'
Event: 15.697 Thread 0x000001feafd3d950 Unloading class 0x0000000100249000 'java/lang/invoke/LambdaForm$DMH+0x0000000100249000'
Event: 15.697 Thread 0x000001feafd3d950 Unloading class 0x0000000100244400 'java/lang/invoke/LambdaForm$DMH+0x0000000100244400'

Classes redefined (0 events):
No events

Internal exceptions (20 events):
Event: 33.347 Thread 0x000001feb51b8860 Exception <a 'sun/nio/fs/WindowsException'{0x00000000eb6a4460}> (0x00000000eb6a4460) 
thrown [s\src\hotspot\share\prims\jni.cpp, line 516]
Event: 33.350 Thread 0x000001feb51b8860 Exception <a 'sun/nio/fs/WindowsException'{0x00000000eb6a69f0}> (0x00000000eb6a69f0) 
thrown [s\src\hotspot\share\prims\jni.cpp, line 516]
Event: 33.522 Thread 0x000001feb51b8860 Exception <a 'sun/nio/fs/WindowsException'{0x00000000eb9965a8}> (0x00000000eb9965a8) 
thrown [s\src\hotspot\share\prims\jni.cpp, line 516]
Event: 33.616 Thread 0x000001feb51b8860 Exception <a 'sun/nio/fs/WindowsException'{0x00000000ebb22cd8}> (0x00000000ebb22cd8) 
thrown [s\src\hotspot\share\prims\jni.cpp, line 516]
Event: 33.617 Thread 0x000001feb5dfbc80 Exception <a 'java/lang/NoSuchMethodError'{0x00000000ebb26858}: 'void java.lang.invoke.DirectMethodHandle$Holder.invokeStatic(java.lang.Object, int, java.lang.Object)'> (0x00000000ebb26858) 
thrown [s\src\hotspot\share\interpreter\linkResolver.cpp, line 759]
Event: 33.620 Thread 0x000001feb5dfbc80 Exception <a 'java/lang/NoSuchMethodError'{0x00000000ebb343b8}: 'int java.lang.invoke.DirectMethodHandle$Holder.invokeStatic(java.lang.Object, int, java.lang.Object)'> (0x00000000ebb343b8) 
thrown [s\src\hotspot\share\interpreter\linkResolver.cpp, line 759]
Event: 33.646 Thread 0x000001feb51b8860 Exception <a 'sun/nio/fs/WindowsException'{0x00000000eab3d858}> (0x00000000eab3d858) 
thrown [s\src\hotspot\share\prims\jni.cpp, line 516]
Event: 33.660 Thread 0x000001feb51b8860 Exception <a 'sun/nio/fs/WindowsException'{0x00000000eabafef8}> (0x00000000eabafef8) 
thrown [s\src\hotspot\share\prims\jni.cpp, line 516]
Event: 33.668 Thread 0x000001feb51b8860 Exception <a 'sun/nio/fs/WindowsException'{0x00000000eabc12c0}> (0x00000000eabc12c0) 
thrown [s\src\hotspot\share\prims\jni.cpp, line 516]
Event: 33.686 Thread 0x000001feb51b8860 Exception <a 'sun/nio/fs/WindowsException'{0x00000000eac48078}> (0x00000000eac48078) 
thrown [s\src\hotspot\share\prims\jni.cpp, line 516]
Event: 33.687 Thread 0x000001feb51b8860 Exception <a 'sun/nio/fs/WindowsException'{0x00000000eaccaa10}> (0x00000000eaccaa10) 
thrown [s\src\hotspot\share\prims\jni.cpp, line 516]
Event: 33.719 Thread 0x000001feb51b8860 Exception <a 'sun/nio/fs/WindowsException'{0x00000000eae18e08}> (0x00000000eae18e08) 
thrown [s\src\hotspot\share\prims\jni.cpp, line 516]
Event: 34.223 Thread 0x000001feb5dfbc80 Exception <a 'sun/nio/fs/WindowsException'{0x00000000ead75ec0}> (0x00000000ead75ec0) 
thrown [s\src\hotspot\share\prims\jni.cpp, line 516]
Event: 34.228 Thread 0x000001feb5dfbc80 Exception <a 'sun/nio/fs/WindowsException'{0x00000000ead764f8}> (0x00000000ead764f8) 
thrown [s\src\hotspot\share\prims\jni.cpp, line 516]
Event: 34.233 Thread 0x000001feb5dfbc80 Exception <a 'sun/nio/fs/WindowsException'{0x00000000eb365770}> (0x00000000eb365770) 
thrown [s\src\hotspot\share\prims\jni.cpp, line 516]
Event: 34.233 Thread 0x000001feb5dfbc80 Exception <a 'sun/nio/fs/WindowsException'{0x00000000eb365da8}> (0x00000000eb365da8) 
thrown [s\src\hotspot\share\prims\jni.cpp, line 516]
Event: 34.437 Thread 0x000001feb5dfbc80 Exception <a 'sun/nio/fs/WindowsException'{0x00000000eab011a0}> (0x00000000eab011a0) 
thrown [s\src\hotspot\share\prims\jni.cpp, line 516]
Event: 34.438 Thread 0x000001feb5dfbc80 Exception <a 'sun/nio/fs/WindowsException'{0x00000000eab01ca8}> (0x00000000eab01ca8) 
thrown [s\src\hotspot\share\prims\jni.cpp, line 516]
Event: 34.439 Thread 0x000001feb5dfbc80 Exception <a 'sun/nio/fs/WindowsException'{0x00000000eab0ad98}> (0x00000000eab0ad98) 
thrown [s\src\hotspot\share\prims\jni.cpp, line 516]
Event: 34.440 Thread 0x000001feb5dfbc80 Exception <a 'sun/nio/fs/WindowsException'{0x00000000eab0b678}> (0x00000000eab0b678) 
thrown [s\src\hotspot\share\prims\jni.cpp, line 516]

VM Operations (20 events):
Event: 32.449 Executing VM operation: ICBufferFull
Event: 32.688 Executing VM operation: ICBufferFull done
Event: 32.688 Executing VM operation: ParallelGCFailedAllocation
Event: 32.931 Executing VM operation: ParallelGCFailedAllocation done
Event: 33.035 Executing VM operation: ParallelGCFailedAllocation
Event: 33.104 Executing VM operation: ParallelGCFailedAllocation done
Event: 33.137 Executing VM operation: ParallelGCFailedAllocation
Event: 33.200 Executing VM operation: ParallelGCFailedAllocation done
Event: 33.634 Executing VM operation: ParallelGCFailedAllocation
Event: 33.645 Executing VM operation: ParallelGCFailedAllocation done
Event: 33.702 Executing VM operation: HandshakeAllThreads
Event: 33.722 Executing VM operation: HandshakeAllThreads done
Event: 33.954 Executing VM operation: HandshakeAllThreads
Event: 33.995 Executing VM operation: HandshakeAllThreads done
Event: 34.019 Executing VM operation: HandshakeAllThreads
Event: 34.046 Executing VM operation: HandshakeAllThreads done
Event: 34.059 Executing VM operation: ParallelGCFailedAllocation
Event: 34.186 Executing VM operation: ParallelGCFailedAllocation done
Event: 34.384 Executing VM operation: ParallelGCFailedAllocation
Event: 34.486 Executing VM operation: ParallelGCFailedAllocation done

Events (20 events):
Event: 34.091 Thread 0x000001feafd95c80 flushing nmethod 0x000001fe9fb2e290
Event: 34.091 Thread 0x000001feafd95c80 flushing nmethod 0x000001fe9fb2e610
Event: 34.091 Thread 0x000001feafd95c80 flushing nmethod 0x000001fe9fb33290
Event: 34.091 Thread 0x000001feafd95c80 flushing nmethod 0x000001fe9fb35c10
Event: 34.092 Thread 0x000001feafd95c80 flushing nmethod 0x000001fe9fb40110
Event: 34.092 Thread 0x000001feafd95c80 flushing nmethod 0x000001fe9fb4f310
Event: 34.092 Thread 0x000001feafd95c80 flushing nmethod 0x000001fe9fb8a310
Event: 34.092 Thread 0x000001feafd95c80 flushing nmethod 0x000001fe9fb8a890
Event: 34.092 Thread 0x000001feafd95c80 flushing nmethod 0x000001fe9fb8bb90
Event: 34.092 Thread 0x000001feafd95c80 flushing nmethod 0x000001fe9fb95c10
Event: 34.092 Thread 0x000001feafd95c80 flushing nmethod 0x000001fe9fb96010
Event: 34.092 Thread 0x000001feafd95c80 flushing nmethod 0x000001fe9fba7d10
Event: 34.092 Thread 0x000001feafd95c80 flushing nmethod 0x000001fe9fba8990
Event: 34.092 Thread 0x000001feafd95c80 flushing nmethod 0x000001fe9fbb9b90
Event: 34.092 Thread 0x000001feafd95c80 flushing nmethod 0x000001fe9fbb9f10
Event: 34.093 Thread 0x000001feafd95c80 flushing nmethod 0x000001fe9fbd7890
Event: 34.093 Thread 0x000001feafd95c80 flushing nmethod 0x000001fe9fbf3610
Event: 34.093 Thread 0x000001feafd95c80 flushing nmethod 0x000001fe9fbf3f10
Event: 34.093 Thread 0x000001feafd95c80 flushing nmethod 0x000001fe9fbf4590
Event: 34.093 Thread 0x000001feafd95c80 flushing nmethod 0x000001fe9fc55b90


Dynamic libraries:
0x00007ff7cf6f0000 - 0x00007ff7cf6fe000 	c:\Users\vivin\.vscode\extensions\redhat.java-1.34.0-win32-x64\jre\17.0.12-win32-x86_64\bin\java.exe
0x00007ffc026d0000 - 0x00007ffc028e7000 	C:\WINDOWS\SYSTEM32\ntdll.dll
0x00007ffc00410000 - 0x00007ffc004d4000 	C:\WINDOWS\System32\KERNEL32.DLL
0x00007ffbffbd0000 - 0x00007ffbfff7d000 	C:\WINDOWS\System32\KERNELBASE.dll
0x00007ffc002b0000 - 0x00007ffc003c1000 	C:\WINDOWS\System32\ucrtbase.dll
0x00007ffbfcd70000 - 0x00007ffbfcd8b000 	c:\Users\vivin\.vscode\extensions\redhat.java-1.34.0-win32-x64\jre\17.0.12-win32-x86_64\bin\VCRUNTIME140.dll
0x00007ffbfc700000 - 0x00007ffbfc717000 	c:\Users\vivin\.vscode\extensions\redhat.java-1.34.0-win32-x64\jre\17.0.12-win32-x86_64\bin\jli.dll
0x00007ffc00bc0000 - 0x00007ffc00d6e000 	C:\WINDOWS\System32\USER32.dll
0x00007ffc003d0000 - 0x00007ffc003f6000 	C:\WINDOWS\System32\win32u.dll
0x00007ffbe59c0000 - 0x00007ffbe5c53000 	C:\WINDOWS\WinSxS\amd64_microsoft.windows.common-controls_6595b64144ccf1df_6.0.22621.3672_none_2713b9d173822955\COMCTL32.dll
0x00007ffc00d70000 - 0x00007ffc00d99000 	C:\WINDOWS\System32\GDI32.dll
0x00007ffc025e0000 - 0x00007ffc02687000 	C:\WINDOWS\System32\msvcrt.dll
0x00007ffc00000000 - 0x00007ffc00119000 	C:\WINDOWS\System32\gdi32full.dll
0x00007ffc001e0000 - 0x00007ffc0027a000 	C:\WINDOWS\System32\msvcp_win.dll
0x00007ffc023e0000 - 0x00007ffc02411000 	C:\WINDOWS\System32\IMM32.DLL
0x00007ffbfcdd0000 - 0x00007ffbfcddc000 	c:\Users\vivin\.vscode\extensions\redhat.java-1.34.0-win32-x64\jre\17.0.12-win32-x86_64\bin\vcruntime140_1.dll
0x00007ffbca1d0000 - 0x00007ffbca25d000 	c:\Users\vivin\.vscode\extensions\redhat.java-1.34.0-win32-x64\jre\17.0.12-win32-x86_64\bin\msvcp140.dll
0x00007ffb68b40000 - 0x00007ffb697aa000 	c:\Users\vivin\.vscode\extensions\redhat.java-1.34.0-win32-x64\jre\17.0.12-win32-x86_64\bin\server\jvm.dll
0x00007ffc00890000 - 0x00007ffc00942000 	C:\WINDOWS\System32\ADVAPI32.dll
0x00007ffc02530000 - 0x00007ffc025d9000 	C:\WINDOWS\System32\sechost.dll
0x00007ffc00280000 - 0x00007ffc002a8000 	C:\WINDOWS\System32\bcrypt.dll
0x00007ffc004e0000 - 0x00007ffc005f4000 	C:\WINDOWS\System32\RPCRT4.dll
0x00007ffc009d0000 - 0x00007ffc00a41000 	C:\WINDOWS\System32\WS2_32.dll
0x00007ffbff8c0000 - 0x00007ffbff90d000 	C:\WINDOWS\SYSTEM32\POWRPROF.dll
0x00007ffbf6370000 - 0x00007ffbf637a000 	C:\WINDOWS\SYSTEM32\VERSION.dll
0x00007ffbf7f00000 - 0x00007ffbf7f34000 	C:\WINDOWS\SYSTEM32\WINMM.dll
0x00007ffbff6f0000 - 0x00007ffbff703000 	C:\WINDOWS\SYSTEM32\UMPDC.dll
0x00007ffbfea40000 - 0x00007ffbfea58000 	C:\WINDOWS\SYSTEM32\kernel.appcore.dll
0x00007ffbfcd60000 - 0x00007ffbfcd6a000 	c:\Users\vivin\.vscode\extensions\redhat.java-1.34.0-win32-x64\jre\17.0.12-win32-x86_64\bin\jimage.dll
0x00007ffbf6ef0000 - 0x00007ffbf7122000 	C:\WINDOWS\SYSTEM32\DBGHELP.DLL
0x00007ffc01740000 - 0x00007ffc01ace000 	C:\WINDOWS\System32\combase.dll
0x00007ffc00600000 - 0x00007ffc006d7000 	C:\WINDOWS\System32\OLEAUT32.dll
0x00007ffbf24f0000 - 0x00007ffbf2522000 	C:\WINDOWS\SYSTEM32\dbgcore.DLL
0x00007ffbfff80000 - 0x00007ffbffffb000 	C:\WINDOWS\System32\bcryptPrimitives.dll
0x00007ffbfc6c0000 - 0x00007ffbfc6ce000 	c:\Users\vivin\.vscode\extensions\redhat.java-1.34.0-win32-x64\jre\17.0.12-win32-x86_64\bin\instrument.dll
0x00007ffbf9f40000 - 0x00007ffbf9f65000 	c:\Users\vivin\.vscode\extensions\redhat.java-1.34.0-win32-x64\jre\17.0.12-win32-x86_64\bin\java.dll
0x00007ffbfc590000 - 0x00007ffbfc5a8000 	c:\Users\vivin\.vscode\extensions\redhat.java-1.34.0-win32-x64\jre\17.0.12-win32-x86_64\bin\zip.dll
0x00007ffc00da0000 - 0x00007ffc01607000 	C:\WINDOWS\System32\SHELL32.dll
0x00007ffbfd970000 - 0x00007ffbfe26f000 	C:\WINDOWS\SYSTEM32\windows.storage.dll
0x00007ffbfd830000 - 0x00007ffbfd96f000 	C:\WINDOWS\SYSTEM32\wintypes.dll
0x00007ffc00790000 - 0x00007ffc00889000 	C:\WINDOWS\System32\SHCORE.dll
0x00007ffc02480000 - 0x00007ffc024de000 	C:\WINDOWS\System32\shlwapi.dll
0x00007ffbff920000 - 0x00007ffbff947000 	C:\WINDOWS\SYSTEM32\profapi.dll
0x00007ffbfc0c0000 - 0x00007ffbfc0d9000 	C:\Users\vivin\.vscode\extensions\redhat.java-1.34.0-win32-x64\jre\17.0.12-win32-x86_64\bin\net.dll
0x00007ffbf7dc0000 - 0x00007ffbf7ef6000 	C:\WINDOWS\SYSTEM32\WINHTTP.dll
0x00007ffbfeeb0000 - 0x00007ffbfef19000 	C:\WINDOWS\system32\mswsock.dll
0x00007ffbf96e0000 - 0x00007ffbf96f6000 	C:\Users\vivin\.vscode\extensions\redhat.java-1.34.0-win32-x64\jre\17.0.12-win32-x86_64\bin\nio.dll
0x00007ffbfc690000 - 0x00007ffbfc6a0000 	c:\Users\vivin\.vscode\extensions\redhat.java-1.34.0-win32-x64\jre\17.0.12-win32-x86_64\bin\verify.dll
0x00007ffbf0fb0000 - 0x00007ffbf0ff5000 	C:\Users\vivin\AppData\Roaming\Code\User\globalStorage\redhat.java\1.34.0\config_win\org.eclipse.equinox.launcher\org.eclipse.equinox.launcher.win32.win32.x86_64_1.2.1100.v20240722-2106\eclipse_11904.dll
0x00007ffc02230000 - 0x00007ffc023d5000 	C:\WINDOWS\System32\ole32.dll
0x00007ffbff100000 - 0x00007ffbff11b000 	C:\WINDOWS\SYSTEM32\CRYPTSP.dll
0x00007ffbfe9a0000 - 0x00007ffbfe9d5000 	C:\WINDOWS\system32\rsaenh.dll
0x00007ffbfefa0000 - 0x00007ffbfefc8000 	C:\WINDOWS\SYSTEM32\USERENV.dll
0x00007ffbff120000 - 0x00007ffbff12c000 	C:\WINDOWS\SYSTEM32\CRYPTBASE.dll
0x00007ffbfe4c0000 - 0x00007ffbfe4ed000 	C:\WINDOWS\SYSTEM32\IPHLPAPI.DLL
0x00007ffc01670000 - 0x00007ffc01679000 	C:\WINDOWS\System32\NSI.dll
0x00007ffbf7b10000 - 0x00007ffbf7b29000 	C:\WINDOWS\SYSTEM32\dhcpcsvc6.DLL
0x00007ffbf7a30000 - 0x00007ffbf7a4f000 	C:\WINDOWS\SYSTEM32\dhcpcsvc.DLL
0x00007ffbfe4f0000 - 0x00007ffbfe5e8000 	C:\WINDOWS\SYSTEM32\DNSAPI.dll
0x00007ffbf4590000 - 0x00007ffbf45d5000 	C:\Users\vivin\AppData\Local\Temp\jna-112220296\jna17442954501839512022.dll
0x00007ffc01710000 - 0x00007ffc01718000 	C:\WINDOWS\System32\PSAPI.DLL
0x00007ffbfeb50000 - 0x00007ffbfeb84000 	C:\WINDOWS\SYSTEM32\ntmarta.dll

dbghelp: loaded successfully - version: 4.0.5 - missing functions: none
symbol engine: initialized successfully - sym options: 0x614 - pdb path: .;c:\Users\vivin\.vscode\extensions\redhat.java-1.34.0-win32-x64\jre\17.0.12-win32-x86_64\bin;C:\WINDOWS\SYSTEM32;C:\WINDOWS\WinSxS\amd64_microsoft.windows.common-controls_6595b64144ccf1df_6.0.22621.3672_none_2713b9d173822955;c:\Users\vivin\.vscode\extensions\redhat.java-1.34.0-win32-x64\jre\17.0.12-win32-x86_64\bin\server;C:\Users\vivin\AppData\Roaming\Code\User\globalStorage\redhat.java\1.34.0\config_win\org.eclipse.equinox.launcher\org.eclipse.equinox.launcher.win32.win32.x86_64_1.2.1100.v20240722-2106;C:\Users\vivin\AppData\Local\Temp\jna-112220296

VM Arguments:
jvm_args: --add-modules=ALL-SYSTEM --add-opens=java.base/java.util=ALL-UNNAMED --add-opens=java.base/java.lang=ALL-UNNAMED --add-opens=java.base/sun.nio.fs=ALL-UNNAMED -Declipse.application=org.eclipse.jdt.ls.core.id1 -Dosgi.bundles.defaultStartLevel=4 -Declipse.product=org.eclipse.jdt.ls.core.product -Djava.import.generatesMetadataFilesAtProjectRoot=false -DDetectVMInstallationsJob.disabled=true -Dfile.encoding=utf8 -XX:+UseParallelGC -XX:GCTimeRatio=4 -XX:AdaptiveSizePolicyWeight=90 -Dsun.zip.disableMemoryMapping=true -Xmx1G -Xms100m -Xlog:disable -javaagent:c:\Users\vivin\.vscode\extensions\redhat.java-1.34.0-win32-x64\lombok\lombok-1.18.33.jar -XX:+HeapDumpOnOutOfMemoryError -XX:HeapDumpPath=c:\Users\vivin\AppData\Roaming\Code\User\workspaceStorage\03aef4cec3476b10e38d3aef6a71f36d\redhat.java -Daether.dependencyCollector.impl=bf 
java_command: c:\Users\vivin\.vscode\extensions\redhat.java-1.34.0-win32-x64\server\plugins\org.eclipse.equinox.launcher_1.6.900.v20240613-2009.jar -configuration c:\Users\vivin\AppData\Roaming\Code\User\globalStorage\redhat.java\1.34.0\config_win -data c:\Users\vivin\AppData\Roaming\Code\User\workspaceStorage\03aef4cec3476b10e38d3aef6a71f36d\redhat.java\jdt_ws --pipe=\\.\pipe\lsp-2e5fc4fde7226a5d44ab587feb160e55-sock
java_class_path (initial): c:\Users\vivin\.vscode\extensions\redhat.java-1.34.0-win32-x64\server\plugins\org.eclipse.equinox.launcher_1.6.900.v20240613-2009.jar
Launcher Type: SUN_STANDARD

[Global flags]
    uintx AdaptiveSizePolicyWeight                 = 90                                        {product} {command line}
     intx CICompilerCount                          = 3                                         {product} {ergonomic}
    uintx GCTimeRatio                              = 4                                         {product} {command line}
     bool HeapDumpOnOutOfMemoryError               = true                                   {manageable} {command line}
    ccstr HeapDumpPath                             = c:\Users\vivin\AppData\Roaming\Code\User\workspaceStorage\03aef4cec3476b10e38d3aef6a71f36d\redhat.java         {manageable} {command line}
   size_t InitialHeapSize                          = 104857600                                 {product} {command line}
   size_t MaxHeapSize                              = 1073741824                                {product} {command line}
   size_t MaxNewSize                               = 357564416                                 {product} {ergonomic}
   size_t MinHeapDeltaBytes                        = 524288                                    {product} {ergonomic}
   size_t MinHeapSize                              = 104857600                                 {product} {command line}
   size_t NewSize                                  = 34603008                                  {product} {ergonomic}
    uintx NonNMethodCodeHeapSize                   = 5832780                                {pd product} {ergonomic}
    uintx NonProfiledCodeHeapSize                  = 122912730                              {pd product} {ergonomic}
   size_t OldSize                                  = 70254592                                  {product} {ergonomic}
    uintx ProfiledCodeHeapSize                     = 122912730                              {pd product} {ergonomic}
    uintx ReservedCodeCacheSize                    = 251658240                              {pd product} {ergonomic}
     bool SegmentedCodeCache                       = true                                      {product} {ergonomic}
   size_t SoftMaxHeapSize                          = 1073741824                             {manageable} {ergonomic}
     bool UseCompressedClassPointers               = true                           {product lp64_product} {ergonomic}
     bool UseCompressedOops                        = true                           {product lp64_product} {ergonomic}
     bool UseLargePagesIndividualAllocation        = false                                  {pd product} {ergonomic}
     bool UseParallelGC                            = true                                      {product} {command line}

Logging:
Log output configuration:
 #0: stdout all=off uptime,level,tags
 #1: stderr all=off uptime,level,tags

Environment Variables:
PATH=C:\Program Files\Common Files\Oracle\Java\javapath;C:\WINDOWS\system32;C:\WINDOWS;C:\WINDOWS\System32\Wbem;C:\WINDOWS\System32\WindowsPowerShell\v1.0\;C:\WINDOWS\System32\OpenSSH\;%JAVA_HOME%\bin;C:\Program Files\nodejs\;C:\Program Files\Git\cmd;C:\Program Files\MySQL\MySQL Shell 8.0\bin\;C:\Users\vivin\AppData\Local\Microsoft\WindowsApps;C:\Users\vivin\AppData\Local\Programs\Microsoft VS Code\bin;C:\Users\vivin\AppData\Roaming\npm
USERNAME=vivin
OS=Windows_NT
PROCESSOR_IDENTIFIER=AMD64 Family 23 Model 24 Stepping 1, AuthenticAMD
TMP=C:\Users\vivin\AppData\Local\Temp
TEMP=C:\Users\vivin\AppData\Local\Temp



Periodic native trim disabled


---------------  S Y S T E M  ---------------

OS:
 Windows 11 , 64 bit Build 22621 (10.0.22621.3958)
OS uptime: 1 days 13:34 hours

CPU: total 4 (initial active 4) (4 cores per cpu, 2 threads per core) family 23 model 24 stepping 1 microcode 0x0, cx8, cmov, fxsr, ht, mmx, 3dnowpref, sse, sse2, sse3, ssse3, sse4a, sse4.1, sse4.2, popcnt, lzcnt, tsc, tscinvbit, avx, avx2, aes, clmul, bmi1, bmi2, adx, sha, fma, vzeroupper, clflush, clflushopt
Processor Information for all 4 processors :
  Max Mhz: 2600, Current Mhz: 2600, Mhz Limit: 2600

Memory: 4k page, system-wide physical 6086M (354M free)
TotalPageFile size 24518M (AvailPageFile size 7M)
current process WorkingSet (physical memory assigned to process): 297M, peak: 309M
current process commit charge ("private bytes"): 323M, peak: 336M

vm_info: OpenJDK 64-Bit Server VM (17.0.12+7) for windows-amd64 JRE (17.0.12+7), built on Jul 16 2024 22:08:24 by "admin" with MS VC++ 16.10 / 16.11 (VS2019)

END.
