#
# There is insufficient memory for the Java Runtime Environment to continue.
# Native memory allocation (malloc) failed to allocate 833296 bytes. Error detail: Chunk::new
# Possible reasons:
#   The system is out of physical RAM or swap space
#   This process is running with CompressedOops enabled, and the Java Heap may be blocking the growth of the native heap
# Possible solutions:
#   Reduce memory load on the system
#   Increase physical memory or swap space
#   Check if swap backing store is full
#   Decrease Java heap size (-Xmx/-Xms)
#   Decrease number of Java threads
#   Decrease Java thread stack sizes (-Xss)
#   Set larger code cache with -XX:ReservedCodeCacheSize=
#   JVM is running with Unscaled Compressed Oops mode in which the Java heap is
#     placed in the first 4GB address space. The Java Heap base address is the
#     maximum limit for the native heap growth. Please use -XX:HeapBaseMinAddress
#     to set the Java Heap base and to place the Java Heap above 4GB virtual address.
# This output file may be truncated or incomplete.
#
#  Out of Memory Error (arena.cpp:191), pid=13600, tid=1000
#
# JRE version: OpenJDK Runtime Environment Temurin-17.0.12+7 (17.0.12+7) (build 17.0.12+7)
# Java VM: OpenJDK 64-Bit Server VM Temurin-17.0.12+7 (17.0.12+7, mixed mode, tiered, compressed oops, compressed class ptrs, parallel gc, windows-amd64)
# No core dump will be written. Minidumps are not enabled by default on client versions of Windows
#

---------------  S U M M A R Y ------------

Command Line: --add-modules=ALL-SYSTEM --add-opens=java.base/java.util=ALL-UNNAMED --add-opens=java.base/java.lang=ALL-UNNAMED --add-opens=java.base/sun.nio.fs=ALL-UNNAMED -Declipse.application=org.eclipse.jdt.ls.core.id1 -Dosgi.bundles.defaultStartLevel=4 -Declipse.product=org.eclipse.jdt.ls.core.product -Djava.import.generatesMetadataFilesAtProjectRoot=false -DDetectVMInstallationsJob.disabled=true -Dfile.encoding=utf8 -XX:+UseParallelGC -XX:GCTimeRatio=4 -XX:AdaptiveSizePolicyWeight=90 -Dsun.zip.disableMemoryMapping=true -Xmx1G -Xms100m -Xlog:disable -javaagent:c:\Users\vivin\.vscode\extensions\redhat.java-1.34.0-win32-x64\lombok\lombok-1.18.33.jar -XX:+HeapDumpOnOutOfMemoryError -XX:HeapDumpPath=c:\Users\vivin\AppData\Roaming\Code\User\workspaceStorage\03aef4cec3476b10e38d3aef6a71f36d\redhat.java -Daether.dependencyCollector.impl=bf c:\Users\vivin\.vscode\extensions\redhat.java-1.34.0-win32-x64\server\plugins\org.eclipse.equinox.launcher_1.6.900.v20240613-2009.jar -configuration c:\Users\vivin\AppData\Roaming\Code\User\globalStorage\redhat.java\1.34.0\config_win -data c:\Users\vivin\AppData\Roaming\Code\User\workspaceStorage\03aef4cec3476b10e38d3aef6a71f36d\redhat.java\jdt_ws --pipe=\\.\pipe\lsp-a5b24b8777d09aef9d2cf4222a0d86f0-sock

Host: AMD Ryzen 3 3250U with Radeon Graphics         , 4 cores, 5G,  Windows 11 , 64 bit Build 22621 (10.0.22621.3958)
Time: Tue Sep 17 22:08:15 2024 India Standard Time elapsed time: 29.039931 seconds (0d 0h 0m 29s)

---------------  T H R E A D  ---------------

Current thread (0x000002119a7bd150):  JavaThread "C2 CompilerThread0" daemon [_thread_in_native, id=1000, stack(0x000000422a000000,0x000000422a100000)]


Current CompileTask:
C2:  29040 7010       4       org.eclipse.jdt.internal.core.search.indexing.BinaryIndexer::extractReferenceFromConstantPool (358 bytes)

Stack: [0x000000422a000000,0x000000422a100000]
Native frames: (J=compiled Java code, j=interpreted, Vv=VM code, C=native code)
V  [jvm.dll+0x67f929]
V  [jvm.dll+0x8371ba]
V  [jvm.dll+0x838c7e]
V  [jvm.dll+0x8392e3]
V  [jvm.dll+0x24834f]
V  [jvm.dll+0xac9d4]
V  [jvm.dll+0xad01c]
V  [jvm.dll+0x367452]
V  [jvm.dll+0x33197a]
V  [jvm.dll+0x330e1a]
V  [jvm.dll+0x21a8b1]
V  [jvm.dll+0x219cf1]
V  [jvm.dll+0x1a58bd]
V  [jvm.dll+0x229a2d]
V  [jvm.dll+0x227bdc]
V  [jvm.dll+0x7ec1f7]
V  [jvm.dll+0x7e65dc]
V  [jvm.dll+0x67e7f7]
C  [ucrtbase.dll+0x29333]
C  [KERNEL32.DLL+0x1257d]
C  [ntdll.dll+0x5af28]


---------------  P R O C E S S  ---------------

Threads class SMR info:
_java_thread_list=0x00000211a2f3ebc0, length=33, elements={
0x00000211849fca70, 0x000002119a789020, 0x000002119a78a310, 0x000002119a7b6310,
0x000002119a7b6de0, 0x000002119a7b78b0, 0x000002119a7ba390, 0x000002119a7bd150,
0x000002119f9d1dc0, 0x000002119f9d8ab0, 0x0000021184a5bee0, 0x000002119fccd240,
0x00000211a0172f00, 0x00000211a0411770, 0x00000211a04db240, 0x00000211a07e8300,
0x000002119febffa0, 0x00000211a052cb80, 0x00000211a052dab0, 0x00000211a052b230,
0x00000211a052b740, 0x00000211a052c670, 0x00000211a052c160, 0x00000211a052bc50,
0x00000211a052a810, 0x00000211a1429430, 0x00000211a142c6d0, 0x00000211a142db10,
0x00000211a142cbe0, 0x00000211a142d0f0, 0x00000211a1429940, 0x00000211a142c1c0,
0x00000211a142e020
}

Java Threads: ( => current thread )
  0x00000211849fca70 JavaThread "main" [_thread_blocked, id=30860, stack(0x0000004229700000,0x0000004229800000)]
  0x000002119a789020 JavaThread "Reference Handler" daemon [_thread_blocked, id=31140, stack(0x0000004229a00000,0x0000004229b00000)]
  0x000002119a78a310 JavaThread "Finalizer" daemon [_thread_blocked, id=33132, stack(0x0000004229b00000,0x0000004229c00000)]
  0x000002119a7b6310 JavaThread "Signal Dispatcher" daemon [_thread_blocked, id=12540, stack(0x0000004229c00000,0x0000004229d00000)]
  0x000002119a7b6de0 JavaThread "Attach Listener" daemon [_thread_blocked, id=26896, stack(0x0000004229d00000,0x0000004229e00000)]
  0x000002119a7b78b0 JavaThread "Service Thread" daemon [_thread_blocked, id=18224, stack(0x0000004229e00000,0x0000004229f00000)]
  0x000002119a7ba390 JavaThread "Monitor Deflation Thread" daemon [_thread_blocked, id=31360, stack(0x0000004229f00000,0x000000422a000000)]
=>0x000002119a7bd150 JavaThread "C2 CompilerThread0" daemon [_thread_in_native, id=1000, stack(0x000000422a000000,0x000000422a100000)]
  0x000002119f9d1dc0 JavaThread "C1 CompilerThread0" daemon [_thread_blocked, id=15600, stack(0x000000422a100000,0x000000422a200000)]
  0x000002119f9d8ab0 JavaThread "Sweeper thread" daemon [_thread_blocked, id=31824, stack(0x000000422a200000,0x000000422a300000)]
  0x0000021184a5bee0 JavaThread "Common-Cleaner" daemon [_thread_blocked, id=7036, stack(0x000000422a300000,0x000000422a400000)]
  0x000002119fccd240 JavaThread "Notification Thread" daemon [_thread_blocked, id=27032, stack(0x000000422a500000,0x000000422a600000)]
  0x00000211a0172f00 JavaThread "Active Thread: Equinox Container: 4f8dcda5-4315-4400-8b26-3d71a9b20e63" [_thread_blocked, id=11196, stack(0x000000422ab00000,0x000000422ac00000)]
  0x00000211a0411770 JavaThread "Framework Event Dispatcher: Equinox Container: 4f8dcda5-4315-4400-8b26-3d71a9b20e63" daemon [_thread_blocked, id=11548, stack(0x000000422ac00000,0x000000422ad00000)]
  0x00000211a04db240 JavaThread "Start Level: Equinox Container: 4f8dcda5-4315-4400-8b26-3d71a9b20e63" daemon [_thread_blocked, id=32060, stack(0x000000422ad00000,0x000000422ae00000)]
  0x00000211a07e8300 JavaThread "Bundle File Closer" daemon [_thread_blocked, id=16628, stack(0x000000422aa00000,0x000000422ab00000)]
  0x000002119febffa0 JavaThread "SCR Component Actor" daemon [_thread_blocked, id=32140, stack(0x000000422ae00000,0x000000422af00000)]
  0x00000211a052cb80 JavaThread "Worker-JM" [_thread_blocked, id=456, stack(0x000000422b000000,0x000000422b100000)]
  0x00000211a052dab0 JavaThread "JNA Cleaner" daemon [_thread_blocked, id=11320, stack(0x000000422b100000,0x000000422b200000)]
  0x00000211a052b230 JavaThread "Worker-0" [_thread_blocked, id=31000, stack(0x000000422b200000,0x000000422b300000)]
  0x00000211a052b740 JavaThread "Worker-1: Initialize Workspace" [_thread_in_vm, id=22236, stack(0x000000422b300000,0x000000422b400000)]
  0x00000211a052c670 JavaThread "Worker-2" [_thread_blocked, id=25976, stack(0x000000422b500000,0x000000422b600000)]
  0x00000211a052c160 JavaThread "Worker-3" [_thread_blocked, id=15256, stack(0x000000422b600000,0x000000422b700000)]
  0x00000211a052bc50 JavaThread "Java indexing" daemon [_thread_in_vm, id=32292, stack(0x000000422b700000,0x000000422b800000)]
  0x00000211a052a810 JavaThread "Worker-4: Java indexing... " [_thread_blocked, id=32740, stack(0x000000422b800000,0x000000422b900000)]
  0x00000211a1429430 JavaThread "Thread-2" daemon [_thread_in_native, id=31524, stack(0x000000422b900000,0x000000422ba00000)]
  0x00000211a142c6d0 JavaThread "Thread-3" daemon [_thread_in_native, id=21972, stack(0x000000422ba00000,0x000000422bb00000)]
  0x00000211a142db10 JavaThread "Thread-4" daemon [_thread_in_native, id=32156, stack(0x000000422bb00000,0x000000422bc00000)]
  0x00000211a142cbe0 JavaThread "Thread-5" daemon [_thread_in_native, id=19464, stack(0x000000422bc00000,0x000000422bd00000)]
  0x00000211a142d0f0 JavaThread "Thread-6" daemon [_thread_in_native, id=27184, stack(0x000000422bd00000,0x000000422be00000)]
  0x00000211a1429940 JavaThread "pool-2-thread-1" [_thread_blocked, id=31736, stack(0x000000422be00000,0x000000422bf00000)]
  0x00000211a142c1c0 JavaThread "WorkspaceEventsHandler" [_thread_blocked, id=31316, stack(0x000000422af00000,0x000000422b000000)]
  0x00000211a142e020 JavaThread "pool-1-thread-1" [_thread_blocked, id=28452, stack(0x000000422bf00000,0x000000422c000000)]

Other Threads:
  0x0000021184aa9580 VMThread "VM Thread" [stack: 0x0000004229900000,0x0000004229a00000] [id=25084]
  0x000002119fcca780 WatcherThread [stack: 0x000000422a600000,0x000000422a700000] [id=33248]
  0x0000021184a0fb30 GCTaskThread "GC Thread#0" [stack: 0x0000004229800000,0x0000004229900000] [id=32244]
  0x000002119fdcc3d0 GCTaskThread "GC Thread#1" [stack: 0x000000422a700000,0x000000422a800000] [id=8548]
  0x00000211a0178650 GCTaskThread "GC Thread#2" [stack: 0x000000422a800000,0x000000422a900000] [id=30880]
  0x000002119fdcc690 GCTaskThread "GC Thread#3" [stack: 0x000000422a900000,0x000000422aa00000] [id=31256]

Threads with active compile tasks:
C2 CompilerThread0    29098 7010       4       org.eclipse.jdt.internal.core.search.indexing.BinaryIndexer::extractReferenceFromConstantPool (358 bytes)

VM state: not at safepoint (normal execution)

VM Mutex/Monitor currently owned by a thread: None

Heap address: 0x00000000c0000000, size: 1024 MB, Compressed Oops mode: 32-bit

CDS archive(s) not mapped
Compressed class space mapped at: 0x0000000100000000-0x0000000140000000, reserved size: 1073741824
Narrow klass base: 0x0000000000000000, Narrow klass shift: 3, Narrow klass range: 0x140000000

GC Precious Log:
 CPUs: 4 total, 4 available
 Memory: 6086M
 Large Page Support: Disabled
 NUMA Support: Disabled
 Compressed Oops: Enabled (32-bit)
 Alignments: Space 512K, Generation 512K, Heap 2M
 Heap Min Capacity: 100M
 Heap Initial Capacity: 100M
 Heap Max Capacity: 1G
 Pre-touch: Disabled
 Parallel Workers: 4

Heap:
 PSYoungGen      total 22528K, used 21458K [0x00000000eab00000, 0x00000000ec480000, 0x0000000100000000)
  eden space 20992K, 95% used [0x00000000eab00000,0x00000000ebe8e380,0x00000000ebf80000)
  from space 1536K, 93% used [0x00000000ec300000,0x00000000ec466868,0x00000000ec480000)
  to   space 2048K, 0% used [0x00000000ec080000,0x00000000ec080000,0x00000000ec280000)
 ParOldGen       total 68608K, used 39566K [0x00000000c0000000, 0x00000000c4300000, 0x00000000eab00000)
  object space 68608K, 57% used [0x00000000c0000000,0x00000000c26a3b30,0x00000000c4300000)
 Metaspace       used 57449K, committed 58560K, reserved 1114112K
  class space    used 6161K, committed 6656K, reserved 1048576K

Card table byte_map: [0x0000021198070000,0x0000021198280000] _byte_map_base: 0x0000021197a70000

Marking Bits: (ParMarkBitMap*) 0x00007ffb586958b0
 Begin Bits: [0x00000211983e0000, 0x00000211993e0000)
 End Bits:   [0x00000211993e0000, 0x000002119a3e0000)

Polling page: 0x0000021184ab0000

Metaspace:

Usage:
  Non-class:     50.09 MB used.
      Class:      6.02 MB used.
       Both:     56.10 MB used.

Virtual space:
  Non-class space:       64.00 MB reserved,      50.69 MB ( 79%) committed,  1 nodes.
      Class space:        1.00 GB reserved,       6.50 MB ( <1%) committed,  1 nodes.
             Both:        1.06 GB reserved,      57.19 MB (  5%) committed. 

Chunk freelists:
   Non-Class:  13.28 MB
       Class:  9.45 MB
        Both:  22.73 MB

MaxMetaspaceSize: unlimited
CompressedClassSpaceSize: 1.00 GB
Initial GC threshold: 21.00 MB
Current GC threshold: 58.38 MB
CDS: off
MetaspaceReclaimPolicy: balanced
 - commit_granule_bytes: 65536.
 - commit_granule_words: 8192.
 - virtual_space_node_default_size: 8388608.
 - enlarge_chunks_in_place: 1.
 - new_chunks_are_fully_committed: 0.
 - uncommit_free_chunks: 1.
 - use_allocation_guard: 0.
 - handle_deallocations: 1.


Internal statistics:

num_allocs_failed_limit: 6.
num_arena_births: 558.
num_arena_deaths: 14.
num_vsnodes_births: 2.
num_vsnodes_deaths: 0.
num_space_committed: 915.
num_space_uncommitted: 0.
num_chunks_returned_to_freelist: 20.
num_chunks_taken_from_freelist: 2780.
num_chunk_merges: 9.
num_chunk_splits: 1713.
num_chunks_enlarged: 1022.
num_inconsistent_stats: 0.

CodeHeap 'non-profiled nmethods': size=120000Kb used=3959Kb max_used=3959Kb free=116040Kb
 bounds [0x0000021190960000, 0x0000021190d40000, 0x0000021197e90000]
CodeHeap 'profiled nmethods': size=120000Kb used=13346Kb max_used=13346Kb free=106653Kb
 bounds [0x0000021188e90000, 0x0000021189ba0000, 0x00000211903c0000]
CodeHeap 'non-nmethods': size=5760Kb used=1339Kb max_used=1380Kb free=4420Kb
 bounds [0x00000211903c0000, 0x0000021190630000, 0x0000021190960000]
 total_blobs=6927 nmethods=6248 adapters=591
 compilation: enabled
              stopped_count=0, restarted_count=0
 full_count=0

Compilation events (20 events):
Event: 28.649 Thread 0x000002119f9d1dc0 nmethod 7008 0x0000021189b90590 code [0x0000021189b90760, 0x0000021189b90ad8]
Event: 28.779 Thread 0x000002119a7bd150 7009       4       java.util.WeakHashMap::put (160 bytes)
Event: 28.808 Thread 0x000002119a7bd150 nmethod 7009 0x0000021190d3c790 code [0x0000021190d3c980, 0x0000021190d3d758]
Event: 28.850 Thread 0x000002119a7bd150 7010       4       org.eclipse.jdt.internal.core.search.indexing.BinaryIndexer::extractReferenceFromConstantPool (358 bytes)
Event: 28.867 Thread 0x000002119f9d1dc0 7011       3       sun.reflect.generics.parser.SignatureParser::parseZeroOrMoreFormalTypeParameters (19 bytes)
Event: 28.867 Thread 0x000002119f9d1dc0 nmethod 7011 0x0000021189b90c10 code [0x0000021189b90dc0, 0x0000021189b91038]
Event: 28.955 Thread 0x000002119f9d1dc0 7012       3       java.util.zip.ZipFile::getEntryName (42 bytes)
Event: 28.956 Thread 0x000002119f9d1dc0 nmethod 7012 0x0000021189b91110 code [0x0000021189b912e0, 0x0000021189b91638]
Event: 28.980 Thread 0x000002119f9d1dc0 7013       3       org.eclipse.jdt.internal.core.search.indexing.AbstractIndexer::addClassDeclaration (129 bytes)
Event: 28.983 Thread 0x000002119f9d1dc0 nmethod 7013 0x0000021189b91810 code [0x0000021189b91be0, 0x0000021189b938c8]
Event: 28.983 Thread 0x000002119f9d1dc0 7014       3       java.io.InputStream::readAllBytes (7 bytes)
Event: 28.983 Thread 0x000002119f9d1dc0 nmethod 7014 0x0000021189b94510 code [0x0000021189b946c0, 0x0000021189b94888]
Event: 28.987 Thread 0x000002119f9d1dc0 7016       3       org.eclipse.jdt.internal.compiler.util.Util::scanIdentifier (71 bytes)
Event: 28.988 Thread 0x000002119f9d1dc0 nmethod 7016 0x0000021189b94910 code [0x0000021189b94b00, 0x0000021189b950e8]
Event: 29.019 Thread 0x000002119f9d1dc0 7018       3       java.util.stream.Collectors::toSet (26 bytes)
Event: 29.019 Thread 0x000002119f9d1dc0 nmethod 7018 0x0000021189b95310 code [0x0000021189b95500, 0x0000021189b95b88]
Event: 29.020 Thread 0x000002119f9d1dc0 7019       3       java.util.stream.Collectors$$Lambda$5/0x000000010003b4c8::get (8 bytes)
Event: 29.020 Thread 0x000002119f9d1dc0 nmethod 7019 0x0000021189b95d90 code [0x0000021189b95f60, 0x0000021189b963d8]
Event: 29.035 Thread 0x000002119f9d1dc0 7020       3       org.eclipse.jdt.ls.core.internal.handlers.InitHandler$1::belongsTo (75 bytes)
Event: 29.036 Thread 0x000002119f9d1dc0 nmethod 7020 0x0000021189b96590 code [0x0000021189b967e0, 0x0000021189b971b8]

GC Heap History (20 events):
Event: 21.436 GC heap before
{Heap before GC invocations=19 (full 2):
 PSYoungGen      total 22528K, used 22528K [0x00000000eab00000, 0x00000000ec680000, 0x0000000100000000)
  eden space 22016K, 100% used [0x00000000eab00000,0x00000000ec080000,0x00000000ec080000)
  from space 512K, 100% used [0x00000000ec600000,0x00000000ec680000,0x00000000ec680000)
  to   space 2048K, 0% used [0x00000000ec280000,0x00000000ec280000,0x00000000ec480000)
 ParOldGen       total 68608K, used 19383K [0x00000000c0000000, 0x00000000c4300000, 0x00000000eab00000)
  object space 68608K, 28% used [0x00000000c0000000,0x00000000c12ede20,0x00000000c4300000)
 Metaspace       used 51362K, committed 52352K, reserved 1114112K
  class space    used 5537K, committed 5952K, reserved 1048576K
}
Event: 21.441 GC heap after
{Heap after GC invocations=19 (full 2):
 PSYoungGen      total 24064K, used 2043K [0x00000000eab00000, 0x00000000ec680000, 0x0000000100000000)
  eden space 22016K, 0% used [0x00000000eab00000,0x00000000eab00000,0x00000000ec080000)
  from space 2048K, 99% used [0x00000000ec280000,0x00000000ec47ee30,0x00000000ec480000)
  to   space 2048K, 0% used [0x00000000ec480000,0x00000000ec480000,0x00000000ec680000)
 ParOldGen       total 68608K, used 19962K [0x00000000c0000000, 0x00000000c4300000, 0x00000000eab00000)
  object space 68608K, 29% used [0x00000000c0000000,0x00000000c137e990,0x00000000c4300000)
 Metaspace       used 51362K, committed 52352K, reserved 1114112K
  class space    used 5537K, committed 5952K, reserved 1048576K
}
Event: 22.698 GC heap before
{Heap before GC invocations=20 (full 2):
 PSYoungGen      total 24064K, used 24059K [0x00000000eab00000, 0x00000000ec680000, 0x0000000100000000)
  eden space 22016K, 100% used [0x00000000eab00000,0x00000000ec080000,0x00000000ec080000)
  from space 2048K, 99% used [0x00000000ec280000,0x00000000ec47ee30,0x00000000ec480000)
  to   space 2048K, 0% used [0x00000000ec480000,0x00000000ec480000,0x00000000ec680000)
 ParOldGen       total 68608K, used 19962K [0x00000000c0000000, 0x00000000c4300000, 0x00000000eab00000)
  object space 68608K, 29% used [0x00000000c0000000,0x00000000c137e990,0x00000000c4300000)
 Metaspace       used 53065K, committed 54144K, reserved 1114112K
  class space    used 5703K, committed 6208K, reserved 1048576K
}
Event: 22.707 GC heap after
{Heap after GC invocations=20 (full 2):
 PSYoungGen      total 24064K, used 1840K [0x00000000eab00000, 0x00000000ec680000, 0x0000000100000000)
  eden space 22016K, 0% used [0x00000000eab00000,0x00000000eab00000,0x00000000ec080000)
  from space 2048K, 89% used [0x00000000ec480000,0x00000000ec64c050,0x00000000ec680000)
  to   space 2560K, 0% used [0x00000000ec180000,0x00000000ec180000,0x00000000ec400000)
 ParOldGen       total 68608K, used 21916K [0x00000000c0000000, 0x00000000c4300000, 0x00000000eab00000)
  object space 68608K, 31% used [0x00000000c0000000,0x00000000c1567098,0x00000000c4300000)
 Metaspace       used 53065K, committed 54144K, reserved 1114112K
  class space    used 5703K, committed 6208K, reserved 1048576K
}
Event: 23.266 GC heap before
{Heap before GC invocations=21 (full 2):
 PSYoungGen      total 24064K, used 23856K [0x00000000eab00000, 0x00000000ec680000, 0x0000000100000000)
  eden space 22016K, 100% used [0x00000000eab00000,0x00000000ec080000,0x00000000ec080000)
  from space 2048K, 89% used [0x00000000ec480000,0x00000000ec64c050,0x00000000ec680000)
  to   space 2560K, 0% used [0x00000000ec180000,0x00000000ec180000,0x00000000ec400000)
 ParOldGen       total 68608K, used 21916K [0x00000000c0000000, 0x00000000c4300000, 0x00000000eab00000)
  object space 68608K, 31% used [0x00000000c0000000,0x00000000c1567098,0x00000000c4300000)
 Metaspace       used 53242K, committed 54272K, reserved 1114112K
  class space    used 5721K, committed 6208K, reserved 1048576K
}
Event: 23.281 GC heap after
{Heap after GC invocations=21 (full 2):
 PSYoungGen      total 24576K, used 2176K [0x00000000eab00000, 0x00000000ec580000, 0x0000000100000000)
  eden space 22016K, 0% used [0x00000000eab00000,0x00000000eab00000,0x00000000ec080000)
  from space 2560K, 85% used [0x00000000ec180000,0x00000000ec3a0010,0x00000000ec400000)
  to   space 1536K, 0% used [0x00000000ec400000,0x00000000ec400000,0x00000000ec580000)
 ParOldGen       total 68608K, used 23653K [0x00000000c0000000, 0x00000000c4300000, 0x00000000eab00000)
  object space 68608K, 34% used [0x00000000c0000000,0x00000000c1719480,0x00000000c4300000)
 Metaspace       used 53242K, committed 54272K, reserved 1114112K
  class space    used 5721K, committed 6208K, reserved 1048576K
}
Event: 23.464 GC heap before
{Heap before GC invocations=22 (full 2):
 PSYoungGen      total 24576K, used 24192K [0x00000000eab00000, 0x00000000ec580000, 0x0000000100000000)
  eden space 22016K, 100% used [0x00000000eab00000,0x00000000ec080000,0x00000000ec080000)
  from space 2560K, 85% used [0x00000000ec180000,0x00000000ec3a0010,0x00000000ec400000)
  to   space 1536K, 0% used [0x00000000ec400000,0x00000000ec400000,0x00000000ec580000)
 ParOldGen       total 68608K, used 23653K [0x00000000c0000000, 0x00000000c4300000, 0x00000000eab00000)
  object space 68608K, 34% used [0x00000000c0000000,0x00000000c1719480,0x00000000c4300000)
 Metaspace       used 53337K, committed 54400K, reserved 1114112K
  class space    used 5729K, committed 6208K, reserved 1048576K
}
Event: 23.471 GC heap after
{Heap after GC invocations=22 (full 2):
 PSYoungGen      total 22528K, used 1504K [0x00000000eab00000, 0x00000000ec980000, 0x0000000100000000)
  eden space 20992K, 0% used [0x00000000eab00000,0x00000000eab00000,0x00000000ebf80000)
  from space 1536K, 97% used [0x00000000ec400000,0x00000000ec578030,0x00000000ec580000)
  to   space 4608K, 0% used [0x00000000ebf80000,0x00000000ebf80000,0x00000000ec400000)
 ParOldGen       total 68608K, used 26069K [0x00000000c0000000, 0x00000000c4300000, 0x00000000eab00000)
  object space 68608K, 37% used [0x00000000c0000000,0x00000000c1975480,0x00000000c4300000)
 Metaspace       used 53337K, committed 54400K, reserved 1114112K
  class space    used 5729K, committed 6208K, reserved 1048576K
}
Event: 23.630 GC heap before
{Heap before GC invocations=23 (full 2):
 PSYoungGen      total 22528K, used 22496K [0x00000000eab00000, 0x00000000ec980000, 0x0000000100000000)
  eden space 20992K, 100% used [0x00000000eab00000,0x00000000ebf80000,0x00000000ebf80000)
  from space 1536K, 97% used [0x00000000ec400000,0x00000000ec578030,0x00000000ec580000)
  to   space 4608K, 0% used [0x00000000ebf80000,0x00000000ebf80000,0x00000000ec400000)
 ParOldGen       total 68608K, used 26069K [0x00000000c0000000, 0x00000000c4300000, 0x00000000eab00000)
  object space 68608K, 37% used [0x00000000c0000000,0x00000000c1975480,0x00000000c4300000)
 Metaspace       used 53464K, committed 54528K, reserved 1114112K
  class space    used 5743K, committed 6208K, reserved 1048576K
}
Event: 23.634 GC heap after
{Heap after GC invocations=23 (full 2):
 PSYoungGen      total 23552K, used 2477K [0x00000000eab00000, 0x00000000ec580000, 0x0000000100000000)
  eden space 20992K, 0% used [0x00000000eab00000,0x00000000eab00000,0x00000000ebf80000)
  from space 2560K, 96% used [0x00000000ebf80000,0x00000000ec1eb510,0x00000000ec200000)
  to   space 3072K, 0% used [0x00000000ec280000,0x00000000ec280000,0x00000000ec580000)
 ParOldGen       total 68608K, used 27365K [0x00000000c0000000, 0x00000000c4300000, 0x00000000eab00000)
  object space 68608K, 39% used [0x00000000c0000000,0x00000000c1ab94f0,0x00000000c4300000)
 Metaspace       used 53464K, committed 54528K, reserved 1114112K
  class space    used 5743K, committed 6208K, reserved 1048576K
}
Event: 23.732 GC heap before
{Heap before GC invocations=24 (full 2):
 PSYoungGen      total 23552K, used 23469K [0x00000000eab00000, 0x00000000ec580000, 0x0000000100000000)
  eden space 20992K, 100% used [0x00000000eab00000,0x00000000ebf80000,0x00000000ebf80000)
  from space 2560K, 96% used [0x00000000ebf80000,0x00000000ec1eb510,0x00000000ec200000)
  to   space 3072K, 0% used [0x00000000ec280000,0x00000000ec280000,0x00000000ec580000)
 ParOldGen       total 68608K, used 27365K [0x00000000c0000000, 0x00000000c4300000, 0x00000000eab00000)
  object space 68608K, 39% used [0x00000000c0000000,0x00000000c1ab94f0,0x00000000c4300000)
 Metaspace       used 53569K, committed 54592K, reserved 1114112K
  class space    used 5745K, committed 6208K, reserved 1048576K
}
Event: 23.744 GC heap after
{Heap after GC invocations=24 (full 2):
 PSYoungGen      total 23040K, used 1861K [0x00000000eab00000, 0x00000000ec480000, 0x0000000100000000)
  eden space 20992K, 0% used [0x00000000eab00000,0x00000000eab00000,0x00000000ebf80000)
  from space 2048K, 90% used [0x00000000ec280000,0x00000000ec4516f0,0x00000000ec480000)
  to   space 2560K, 0% used [0x00000000ebf80000,0x00000000ebf80000,0x00000000ec200000)
 ParOldGen       total 68608K, used 29610K [0x00000000c0000000, 0x00000000c4300000, 0x00000000eab00000)
  object space 68608K, 43% used [0x00000000c0000000,0x00000000c1ceaa00,0x00000000c4300000)
 Metaspace       used 53569K, committed 54592K, reserved 1114112K
  class space    used 5745K, committed 6208K, reserved 1048576K
}
Event: 23.929 GC heap before
{Heap before GC invocations=25 (full 2):
 PSYoungGen      total 23040K, used 22853K [0x00000000eab00000, 0x00000000ec480000, 0x0000000100000000)
  eden space 20992K, 100% used [0x00000000eab00000,0x00000000ebf80000,0x00000000ebf80000)
  from space 2048K, 90% used [0x00000000ec280000,0x00000000ec4516f0,0x00000000ec480000)
  to   space 2560K, 0% used [0x00000000ebf80000,0x00000000ebf80000,0x00000000ec200000)
 ParOldGen       total 68608K, used 29610K [0x00000000c0000000, 0x00000000c4300000, 0x00000000eab00000)
  object space 68608K, 43% used [0x00000000c0000000,0x00000000c1ceaa00,0x00000000c4300000)
 Metaspace       used 53680K, committed 54720K, reserved 1114112K
  class space    used 5760K, committed 6208K, reserved 1048576K
}
Event: 23.947 GC heap after
{Heap after GC invocations=25 (full 2):
 PSYoungGen      total 23552K, used 2541K [0x00000000eab00000, 0x00000000eca80000, 0x0000000100000000)
  eden space 20992K, 0% used [0x00000000eab00000,0x00000000eab00000,0x00000000ebf80000)
  from space 2560K, 99% used [0x00000000ebf80000,0x00000000ec1fb510,0x00000000ec200000)
  to   space 5632K, 0% used [0x00000000ec500000,0x00000000ec500000,0x00000000eca80000)
 ParOldGen       total 68608K, used 31896K [0x00000000c0000000, 0x00000000c4300000, 0x00000000eab00000)
  object space 68608K, 46% used [0x00000000c0000000,0x00000000c1f26290,0x00000000c4300000)
 Metaspace       used 53680K, committed 54720K, reserved 1114112K
  class space    used 5760K, committed 6208K, reserved 1048576K
}
Event: 24.367 GC heap before
{Heap before GC invocations=26 (full 2):
 PSYoungGen      total 23552K, used 23499K [0x00000000eab00000, 0x00000000eca80000, 0x0000000100000000)
  eden space 20992K, 99% used [0x00000000eab00000,0x00000000ebf77930,0x00000000ebf80000)
  from space 2560K, 99% used [0x00000000ebf80000,0x00000000ec1fb510,0x00000000ec200000)
  to   space 5632K, 0% used [0x00000000ec500000,0x00000000ec500000,0x00000000eca80000)
 ParOldGen       total 68608K, used 31896K [0x00000000c0000000, 0x00000000c4300000, 0x00000000eab00000)
  object space 68608K, 46% used [0x00000000c0000000,0x00000000c1f26290,0x00000000c4300000)
 Metaspace       used 53914K, committed 54976K, reserved 1114112K
  class space    used 5777K, committed 6272K, reserved 1048576K
}
Event: 24.386 GC heap after
{Heap after GC invocations=26 (full 2):
 PSYoungGen      total 25088K, used 4074K [0x00000000eab00000, 0x00000000ec900000, 0x0000000100000000)
  eden space 20992K, 0% used [0x00000000eab00000,0x00000000eab00000,0x00000000ebf80000)
  from space 4096K, 99% used [0x00000000ec500000,0x00000000ec8faa50,0x00000000ec900000)
  to   space 4608K, 0% used [0x00000000ec000000,0x00000000ec000000,0x00000000ec480000)
 ParOldGen       total 68608K, used 34429K [0x00000000c0000000, 0x00000000c4300000, 0x00000000eab00000)
  object space 68608K, 50% used [0x00000000c0000000,0x00000000c219f7a0,0x00000000c4300000)
 Metaspace       used 53914K, committed 54976K, reserved 1114112K
  class space    used 5777K, committed 6272K, reserved 1048576K
}
Event: 25.432 GC heap before
{Heap before GC invocations=27 (full 2):
 PSYoungGen      total 25088K, used 25066K [0x00000000eab00000, 0x00000000ec900000, 0x0000000100000000)
  eden space 20992K, 100% used [0x00000000eab00000,0x00000000ebf80000,0x00000000ebf80000)
  from space 4096K, 99% used [0x00000000ec500000,0x00000000ec8faa50,0x00000000ec900000)
  to   space 4608K, 0% used [0x00000000ec000000,0x00000000ec000000,0x00000000ec480000)
 ParOldGen       total 68608K, used 34429K [0x00000000c0000000, 0x00000000c4300000, 0x00000000eab00000)
  object space 68608K, 50% used [0x00000000c0000000,0x00000000c219f7a0,0x00000000c4300000)
 Metaspace       used 56395K, committed 57536K, reserved 1114112K
  class space    used 6031K, committed 6528K, reserved 1048576K
}
Event: 25.450 GC heap after
{Heap after GC invocations=27 (full 2):
 PSYoungGen      total 22528K, used 1286K [0x00000000eab00000, 0x00000000ec580000, 0x0000000100000000)
  eden space 20992K, 0% used [0x00000000eab00000,0x00000000eab00000,0x00000000ebf80000)
  from space 1536K, 83% used [0x00000000ec000000,0x00000000ec141b18,0x00000000ec180000)
  to   space 2560K, 0% used [0x00000000ec300000,0x00000000ec300000,0x00000000ec580000)
 ParOldGen       total 68608K, used 38381K [0x00000000c0000000, 0x00000000c4300000, 0x00000000eab00000)
  object space 68608K, 55% used [0x00000000c0000000,0x00000000c257b410,0x00000000c4300000)
 Metaspace       used 56395K, committed 57536K, reserved 1114112K
  class space    used 6031K, committed 6528K, reserved 1048576K
}
Event: 26.633 GC heap before
{Heap before GC invocations=28 (full 2):
 PSYoungGen      total 22528K, used 22278K [0x00000000eab00000, 0x00000000ec580000, 0x0000000100000000)
  eden space 20992K, 100% used [0x00000000eab00000,0x00000000ebf80000,0x00000000ebf80000)
  from space 1536K, 83% used [0x00000000ec000000,0x00000000ec141b18,0x00000000ec180000)
  to   space 2560K, 0% used [0x00000000ec300000,0x00000000ec300000,0x00000000ec580000)
 ParOldGen       total 68608K, used 38381K [0x00000000c0000000, 0x00000000c4300000, 0x00000000eab00000)
  object space 68608K, 55% used [0x00000000c0000000,0x00000000c257b410,0x00000000c4300000)
 Metaspace       used 56762K, committed 57856K, reserved 1114112K
  class space    used 6099K, committed 6592K, reserved 1048576K
}
Event: 26.642 GC heap after
{Heap after GC invocations=28 (full 2):
 PSYoungGen      total 22528K, used 1434K [0x00000000eab00000, 0x00000000ec480000, 0x0000000100000000)
  eden space 20992K, 0% used [0x00000000eab00000,0x00000000eab00000,0x00000000ebf80000)
  from space 1536K, 93% used [0x00000000ec300000,0x00000000ec466868,0x00000000ec480000)
  to   space 2048K, 0% used [0x00000000ec080000,0x00000000ec080000,0x00000000ec280000)
 ParOldGen       total 68608K, used 39566K [0x00000000c0000000, 0x00000000c4300000, 0x00000000eab00000)
  object space 68608K, 57% used [0x00000000c0000000,0x00000000c26a3b30,0x00000000c4300000)
 Metaspace       used 56762K, committed 57856K, reserved 1114112K
  class space    used 6099K, committed 6592K, reserved 1048576K
}

Dll operation events (10 events):
Event: 0.030 Loaded shared library c:\Users\vivin\.vscode\extensions\redhat.java-1.34.0-win32-x64\jre\17.0.12-win32-x86_64\bin\java.dll
Event: 0.681 Loaded shared library c:\Users\vivin\.vscode\extensions\redhat.java-1.34.0-win32-x64\jre\17.0.12-win32-x86_64\bin\zip.dll
Event: 0.689 Loaded shared library C:\Users\vivin\.vscode\extensions\redhat.java-1.34.0-win32-x64\jre\17.0.12-win32-x86_64\bin\instrument.dll
Event: 0.727 Loaded shared library C:\Users\vivin\.vscode\extensions\redhat.java-1.34.0-win32-x64\jre\17.0.12-win32-x86_64\bin\net.dll
Event: 0.742 Loaded shared library C:\Users\vivin\.vscode\extensions\redhat.java-1.34.0-win32-x64\jre\17.0.12-win32-x86_64\bin\nio.dll
Event: 0.771 Loaded shared library C:\Users\vivin\.vscode\extensions\redhat.java-1.34.0-win32-x64\jre\17.0.12-win32-x86_64\bin\zip.dll
Event: 0.838 Loaded shared library C:\Users\vivin\.vscode\extensions\redhat.java-1.34.0-win32-x64\jre\17.0.12-win32-x86_64\bin\jimage.dll
Event: 1.039 Loaded shared library c:\Users\vivin\.vscode\extensions\redhat.java-1.34.0-win32-x64\jre\17.0.12-win32-x86_64\bin\verify.dll
Event: 5.825 Loaded shared library C:\Users\vivin\AppData\Roaming\Code\User\globalStorage\redhat.java\1.34.0\config_win\org.eclipse.equinox.launcher\org.eclipse.equinox.launcher.win32.win32.x86_64_1.2.1100.v20240722-2106\eclipse_11904.dll
Event: 11.036 Loaded shared library C:\Users\vivin\AppData\Local\Temp\jna-112220296\jna12471483352982819885.dll

Deoptimization events (20 events):
Event: 25.614 Thread 0x00000211a052bc50 DEOPT PACKING pc=0x0000021189ae6639 sp=0x000000422b7fef60
Event: 25.614 Thread 0x00000211a052bc50 DEOPT UNPACKING pc=0x0000021190416e43 sp=0x000000422b7fe358 mode 0
Event: 25.696 Thread 0x00000211a052bc50 DEOPT PACKING pc=0x0000021189b1784a sp=0x000000422b7ff100
Event: 25.696 Thread 0x00000211a052bc50 DEOPT UNPACKING pc=0x0000021190416e43 sp=0x000000422b7fe550 mode 0
Event: 25.720 Thread 0x00000211a052b740 DEOPT PACKING pc=0x0000021189086913 sp=0x000000422b3f8c60
Event: 25.720 Thread 0x00000211a052b740 DEOPT UNPACKING pc=0x0000021190416e43 sp=0x000000422b3f8198 mode 0
Event: 26.060 Thread 0x00000211a142e020 Uncommon trap: trap_request=0xffffffcc fr.pc=0x0000021190d05d38 relative=0x0000000000000118
Event: 26.060 Thread 0x00000211a142e020 Uncommon trap: reason=intrinsic_or_type_checked_inlining action=make_not_entrant pc=0x0000021190d05d38 method=java.util.ArrayList.toArray([Ljava/lang/Object;)[Ljava/lang/Object; @ 36 c2
Event: 26.060 Thread 0x00000211a142e020 DEOPT PACKING pc=0x0000021190d05d38 sp=0x000000422bffe1c0
Event: 26.060 Thread 0x00000211a142e020 DEOPT UNPACKING pc=0x00000211904166a3 sp=0x000000422bffe170 mode 2
Event: 26.119 Thread 0x00000211a052bc50 DEOPT PACKING pc=0x0000021189b20338 sp=0x000000422b7ff0a0
Event: 26.119 Thread 0x00000211a052bc50 DEOPT UNPACKING pc=0x0000021190416e43 sp=0x000000422b7fe538 mode 0
Event: 26.562 Thread 0x00000211a052bc50 DEOPT PACKING pc=0x0000021189a29795 sp=0x000000422b7fefc0
Event: 26.562 Thread 0x00000211a052bc50 DEOPT UNPACKING pc=0x0000021190416e43 sp=0x000000422b7fe560 mode 0
Event: 26.717 Thread 0x00000211a052bc50 DEOPT PACKING pc=0x0000021189a29795 sp=0x000000422b7fefc0
Event: 26.717 Thread 0x00000211a052bc50 DEOPT UNPACKING pc=0x0000021190416e43 sp=0x000000422b7fe560 mode 0
Event: 26.884 Thread 0x00000211a052b740 DEOPT PACKING pc=0x00000211899cdafc sp=0x000000422b3fb9c0
Event: 26.884 Thread 0x00000211a052b740 DEOPT UNPACKING pc=0x0000021190416e43 sp=0x000000422b3faf40 mode 0
Event: 28.850 Thread 0x00000211a052bc50 DEOPT PACKING pc=0x0000021189b264e3 sp=0x000000422b7ff010
Event: 28.850 Thread 0x00000211a052bc50 DEOPT UNPACKING pc=0x0000021190416e43 sp=0x000000422b7fe578 mode 0

Classes loaded (20 events):
Event: 22.265 Loading class java/util/regex/Pattern$BackRef
Event: 22.265 Loading class java/util/regex/Pattern$BackRef done
Event: 22.395 Loading class java/nio/channels/Channels$ReadableByteChannelImpl
Event: 22.395 Loading class java/nio/channels/Channels$ReadableByteChannelImpl done
Event: 22.396 Loading class java/nio/channels/NonWritableChannelException
Event: 22.396 Loading class java/nio/channels/NonWritableChannelException done
Event: 23.807 Loading class java/util/zip/ZipError
Event: 23.807 Loading class java/util/zip/ZipError done
Event: 23.862 Loading class java/util/WeakHashMap$KeyIterator
Event: 23.863 Loading class java/util/WeakHashMap$KeyIterator done
Event: 24.459 Loading class java/io/FileReader
Event: 24.459 Loading class java/io/FileReader done
Event: 24.461 Loading class java/lang/UnsupportedClassVersionError
Event: 24.461 Loading class java/lang/UnsupportedClassVersionError done
Event: 24.477 Loading class jdk/internal/reflect/UnsafeQualifiedStaticIntegerFieldAccessorImpl
Event: 24.477 Loading class jdk/internal/reflect/UnsafeQualifiedStaticIntegerFieldAccessorImpl done
Event: 25.265 Loading class sun/nio/fs/WindowsFileCopy
Event: 25.266 Loading class sun/nio/fs/WindowsFileCopy done
Event: 26.109 Loading class java/util/Vector$1
Event: 26.110 Loading class java/util/Vector$1 done

Classes unloaded (7 events):
Event: 15.010 Thread 0x0000021184aa9580 Unloading class 0x0000000100252400 'java/lang/invoke/LambdaForm$MH+0x0000000100252400'
Event: 15.010 Thread 0x0000021184aa9580 Unloading class 0x0000000100252000 'java/lang/invoke/LambdaForm$MH+0x0000000100252000'
Event: 15.010 Thread 0x0000021184aa9580 Unloading class 0x0000000100251c00 'java/lang/invoke/LambdaForm$MH+0x0000000100251c00'
Event: 15.010 Thread 0x0000021184aa9580 Unloading class 0x0000000100251800 'java/lang/invoke/LambdaForm$MH+0x0000000100251800'
Event: 15.010 Thread 0x0000021184aa9580 Unloading class 0x0000000100251400 'java/lang/invoke/LambdaForm$BMH+0x0000000100251400'
Event: 15.010 Thread 0x0000021184aa9580 Unloading class 0x0000000100251000 'java/lang/invoke/LambdaForm$DMH+0x0000000100251000'
Event: 15.010 Thread 0x0000021184aa9580 Unloading class 0x000000010024c400 'java/lang/invoke/LambdaForm$DMH+0x000000010024c400'

Classes redefined (0 events):
No events

Internal exceptions (20 events):
Event: 21.750 Thread 0x00000211a052b740 Exception <a 'sun/nio/fs/WindowsException'{0x00000000eae03a58}> (0x00000000eae03a58) 
thrown [s\src\hotspot\share\prims\jni.cpp, line 516]
Event: 21.751 Thread 0x00000211a052b740 Exception <a 'sun/nio/fs/WindowsException'{0x00000000eae04638}> (0x00000000eae04638) 
thrown [s\src\hotspot\share\prims\jni.cpp, line 516]
Event: 21.751 Thread 0x00000211a052b740 Exception <a 'sun/nio/fs/WindowsException'{0x00000000eae04f18}> (0x00000000eae04f18) 
thrown [s\src\hotspot\share\prims\jni.cpp, line 516]
Event: 21.751 Thread 0x00000211a052b740 Exception <a 'sun/nio/fs/WindowsException'{0x00000000eae05b58}> (0x00000000eae05b58) 
thrown [s\src\hotspot\share\prims\jni.cpp, line 516]
Event: 21.752 Thread 0x00000211a052b740 Exception <a 'sun/nio/fs/WindowsException'{0x00000000eae06438}> (0x00000000eae06438) 
thrown [s\src\hotspot\share\prims\jni.cpp, line 516]
Event: 21.753 Thread 0x00000211a052b740 Exception <a 'sun/nio/fs/WindowsException'{0x00000000eae07bb8}> (0x00000000eae07bb8) 
thrown [s\src\hotspot\share\prims\jni.cpp, line 516]
Event: 21.753 Thread 0x00000211a052b740 Exception <a 'sun/nio/fs/WindowsException'{0x00000000eae08498}> (0x00000000eae08498) 
thrown [s\src\hotspot\share\prims\jni.cpp, line 516]
Event: 21.756 Thread 0x00000211a052b740 Exception <a 'java/lang/NoSuchMethodError'{0x00000000eae1d778}: 'void java.lang.invoke.DirectMethodHandle$Holder.invokeVirtual(java.lang.Object, java.lang.Object, java.lang.Object, java.lang.Object)'> (0x00000000eae1d778) 
thrown [s\src\hotspot\share\interpreter\linkResolver.cpp, line 759]
Event: 21.866 Thread 0x00000211a052b740 Exception <a 'java/lang/NoSuchMethodError'{0x00000000eb0b5b38}: 'java.lang.Object java.lang.invoke.Invokers$Holder.invoke_MT(java.lang.Object, java.lang.Object, java.lang.Object)'> (0x00000000eb0b5b38) 
thrown [s\src\hotspot\share\interpreter\linkResolver.cpp, line 759]
Event: 22.816 Thread 0x00000211a052b740 Exception <a 'java/io/FileNotFoundException'{0x00000000eb170700}> (0x00000000eb170700) 
thrown [s\src\hotspot\share\prims\jni.cpp, line 516]
Event: 22.817 Thread 0x00000211a052b740 Exception <a 'java/io/FileNotFoundException'{0x00000000eb171c10}> (0x00000000eb171c10) 
thrown [s\src\hotspot\share\prims\jni.cpp, line 516]
Event: 22.819 Thread 0x00000211a052b740 Exception <a 'java/lang/NoSuchMethodError'{0x00000000eb18af80}: 'java.lang.Object java.lang.invoke.DirectMethodHandle$Holder.newInvokeSpecial(java.lang.Object, java.lang.Object, java.lang.Object, int)'> (0x00000000eb18af80) 
thrown [s\src\hotspot\share\interpreter\linkResolver.cpp, line 759]
Event: 22.827 Thread 0x00000211a052b740 Exception <a 'java/lang/NoSuchMethodError'{0x00000000eb18f330}: 'java.lang.Object java.lang.invoke.DirectMethodHandle$Holder.invokeSpecial(java.lang.Object, java.lang.Object, java.lang.Object, java.lang.Object, int)'> (0x00000000eb18f330) 
thrown [s\src\hotspot\share\interpreter\linkResolver.cpp, line 759]
Event: 22.828 Thread 0x00000211a052b740 Exception <a 'java/lang/NoSuchMethodError'{0x00000000eb192ce0}: 'java.lang.Object java.lang.invoke.Invokers$Holder.linkToTargetMethod(java.lang.Object, java.lang.Object, int, java.lang.Object)'> (0x00000000eb192ce0) 
thrown [s\src\hotspot\share\interpreter\linkResolver.cpp, line 759]
Event: 23.592 Thread 0x00000211a052b230 Exception <a 'java/io/FileNotFoundException'{0x00000000eb7e39c8}> (0x00000000eb7e39c8) 
thrown [s\src\hotspot\share\prims\jni.cpp, line 516]
Event: 23.786 Thread 0x00000211a052b230 Exception <a 'java/io/FileNotFoundException'{0x00000000eb560d18}> (0x00000000eb560d18) 
thrown [s\src\hotspot\share\prims\jni.cpp, line 516]
Event: 23.865 Thread 0x00000211a052b230 Exception <a 'java/io/FileNotFoundException'{0x00000000eb961ef0}> (0x00000000eb961ef0) 
thrown [s\src\hotspot\share\prims\jni.cpp, line 516]
Event: 23.866 Thread 0x00000211a052b230 Exception <a 'java/io/FileNotFoundException'{0x00000000eb962ee8}> (0x00000000eb962ee8) 
thrown [s\src\hotspot\share\prims\jni.cpp, line 516]
Event: 23.866 Thread 0x00000211a052b230 Exception <a 'java/io/FileNotFoundException'{0x00000000eb963c38}> (0x00000000eb963c38) 
thrown [s\src\hotspot\share\prims\jni.cpp, line 516]
Event: 25.267 Thread 0x00000211a052bc50 Exception <a 'sun/nio/fs/WindowsException'{0x00000000ebcfc308}> (0x00000000ebcfc308) 
thrown [s\src\hotspot\share\prims\jni.cpp, line 516]

VM Operations (20 events):
Event: 23.929 Executing VM operation: ParallelGCFailedAllocation
Event: 23.947 Executing VM operation: ParallelGCFailedAllocation done
Event: 24.359 Executing VM operation: ParallelGCFailedAllocation
Event: 24.398 Executing VM operation: ParallelGCFailedAllocation done
Event: 24.429 Executing VM operation: HandshakeAllThreads
Event: 24.429 Executing VM operation: HandshakeAllThreads done
Event: 24.429 Executing VM operation: HandshakeAllThreads
Event: 24.429 Executing VM operation: HandshakeAllThreads done
Event: 24.470 Executing VM operation: HandshakeAllThreads
Event: 24.470 Executing VM operation: HandshakeAllThreads done
Event: 25.431 Executing VM operation: ParallelGCFailedAllocation
Event: 25.451 Executing VM operation: ParallelGCFailedAllocation done
Event: 26.454 Executing VM operation: Cleanup
Event: 26.528 Executing VM operation: Cleanup done
Event: 26.633 Executing VM operation: ParallelGCFailedAllocation
Event: 26.644 Executing VM operation: ParallelGCFailedAllocation done
Event: 27.646 Executing VM operation: Cleanup
Event: 27.693 Executing VM operation: Cleanup done
Event: 28.701 Executing VM operation: Cleanup
Event: 28.839 Executing VM operation: Cleanup done

Events (20 events):
Event: 17.240 Thread 0x000002119f9d8ab0 flushing nmethod 0x00000211897a1410
Event: 17.240 Thread 0x000002119f9d8ab0 flushing nmethod 0x00000211897a2810
Event: 17.240 Thread 0x000002119f9d8ab0 flushing nmethod 0x00000211897a2d90
Event: 17.240 Thread 0x000002119f9d8ab0 flushing nmethod 0x00000211897a6e10
Event: 17.240 Thread 0x000002119f9d8ab0 flushing nmethod 0x00000211897a7510
Event: 17.240 Thread 0x000002119f9d8ab0 flushing nmethod 0x00000211897ac710
Event: 17.465 Thread 0x00000211a1429940 Thread added: 0x00000211a1429940
Event: 17.974 Thread 0x000002119fd0d850 Thread exited: 0x000002119fd0d850
Event: 18.149 Thread 0x00000211a142c1c0 Thread added: 0x00000211a142c1c0
Event: 18.149 Thread 0x00000211a142e020 Thread added: 0x00000211a142e020
Event: 19.264 Thread 0x00000211a0ff73f0 Thread exited: 0x00000211a0ff73f0
Event: 20.626 Thread 0x00000211a0551b60 Thread added: 0x00000211a0551b60
Event: 21.746 Thread 0x00000211a0551b60 Thread exited: 0x00000211a0551b60
Event: 21.929 Thread 0x00000211a0f84a80 Thread added: 0x00000211a0f84a80
Event: 24.444 Thread 0x000002119f9d8ab0 flushing nmethod 0x00000211897d3490
Event: 24.444 Thread 0x000002119f9d8ab0 flushing nmethod 0x00000211897d9890
Event: 24.444 Thread 0x000002119f9d8ab0 flushing nmethod 0x00000211897fa210
Event: 24.444 Thread 0x000002119f9d8ab0 flushing nmethod 0x00000211897fdb90
Event: 24.445 Thread 0x000002119f9d8ab0 flushing nmethod 0x0000021189830690
Event: 28.134 Thread 0x00000211a0f84a80 Thread exited: 0x00000211a0f84a80


Dynamic libraries:
0x00007ff7446f0000 - 0x00007ff7446fe000 	c:\Users\vivin\.vscode\extensions\redhat.java-1.34.0-win32-x64\jre\17.0.12-win32-x86_64\bin\java.exe
0x00007ffbdbd30000 - 0x00007ffbdbf47000 	C:\WINDOWS\SYSTEM32\ntdll.dll
0x00007ffbdaa10000 - 0x00007ffbdaad4000 	C:\WINDOWS\System32\KERNEL32.DLL
0x00007ffbd9420000 - 0x00007ffbd97cd000 	C:\WINDOWS\System32\KERNELBASE.dll
0x00007ffbd9910000 - 0x00007ffbd9a21000 	C:\WINDOWS\System32\ucrtbase.dll
0x00007ffbd5780000 - 0x00007ffbd5797000 	c:\Users\vivin\.vscode\extensions\redhat.java-1.34.0-win32-x64\jre\17.0.12-win32-x86_64\bin\jli.dll
0x00007ffbdafb0000 - 0x00007ffbdb15e000 	C:\WINDOWS\System32\USER32.dll
0x00007ffbd9260000 - 0x00007ffbd9286000 	C:\WINDOWS\System32\win32u.dll
0x00007ffbdaf60000 - 0x00007ffbdaf89000 	C:\WINDOWS\System32\GDI32.dll
0x00007ffbd9300000 - 0x00007ffbd9419000 	C:\WINDOWS\System32\gdi32full.dll
0x00007ffbd91c0000 - 0x00007ffbd925a000 	C:\WINDOWS\System32\msvcp_win.dll
0x00007ffbd5730000 - 0x00007ffbd574b000 	c:\Users\vivin\.vscode\extensions\redhat.java-1.34.0-win32-x64\jre\17.0.12-win32-x86_64\bin\VCRUNTIME140.dll
0x00007ffbbb740000 - 0x00007ffbbb9d3000 	C:\WINDOWS\WinSxS\amd64_microsoft.windows.common-controls_6595b64144ccf1df_6.0.22621.3672_none_2713b9d173822955\COMCTL32.dll
0x00007ffbdad90000 - 0x00007ffbdae37000 	C:\WINDOWS\System32\msvcrt.dll
0x00007ffbdac90000 - 0x00007ffbdacc1000 	C:\WINDOWS\System32\IMM32.DLL
0x00007ffbd61e0000 - 0x00007ffbd61ec000 	c:\Users\vivin\.vscode\extensions\redhat.java-1.34.0-win32-x64\jre\17.0.12-win32-x86_64\bin\vcruntime140_1.dll
0x00007ffbd3f40000 - 0x00007ffbd3fcd000 	c:\Users\vivin\.vscode\extensions\redhat.java-1.34.0-win32-x64\jre\17.0.12-win32-x86_64\bin\msvcp140.dll
0x00007ffb57af0000 - 0x00007ffb5875a000 	c:\Users\vivin\.vscode\extensions\redhat.java-1.34.0-win32-x64\jre\17.0.12-win32-x86_64\bin\server\jvm.dll
0x00007ffbd9a70000 - 0x00007ffbd9b22000 	C:\WINDOWS\System32\ADVAPI32.dll
0x00007ffbd9ca0000 - 0x00007ffbd9d49000 	C:\WINDOWS\System32\sechost.dll
0x00007ffbd9a30000 - 0x00007ffbd9a58000 	C:\WINDOWS\System32\bcrypt.dll
0x00007ffbdae40000 - 0x00007ffbdaf54000 	C:\WINDOWS\System32\RPCRT4.dll
0x00007ffbd9d70000 - 0x00007ffbd9de1000 	C:\WINDOWS\System32\WS2_32.dll
0x00007ffbd8f20000 - 0x00007ffbd8f6d000 	C:\WINDOWS\SYSTEM32\POWRPROF.dll
0x00007ffbd1670000 - 0x00007ffbd16a4000 	C:\WINDOWS\SYSTEM32\WINMM.dll
0x00007ffbd06e0000 - 0x00007ffbd06ea000 	C:\WINDOWS\SYSTEM32\VERSION.dll
0x00007ffbd8d50000 - 0x00007ffbd8d63000 	C:\WINDOWS\SYSTEM32\UMPDC.dll
0x00007ffbd80a0000 - 0x00007ffbd80b8000 	C:\WINDOWS\SYSTEM32\kernel.appcore.dll
0x00007ffbd5710000 - 0x00007ffbd571a000 	c:\Users\vivin\.vscode\extensions\redhat.java-1.34.0-win32-x64\jre\17.0.12-win32-x86_64\bin\jimage.dll
0x00007ffbd3a20000 - 0x00007ffbd3c52000 	C:\WINDOWS\SYSTEM32\DBGHELP.DLL
0x00007ffbdb160000 - 0x00007ffbdb4ee000 	C:\WINDOWS\System32\combase.dll
0x00007ffbd9bc0000 - 0x00007ffbd9c97000 	C:\WINDOWS\System32\OLEAUT32.dll
0x00007ffbcd860000 - 0x00007ffbcd892000 	C:\WINDOWS\SYSTEM32\dbgcore.DLL
0x00007ffbd9890000 - 0x00007ffbd990b000 	C:\WINDOWS\System32\bcryptPrimitives.dll
0x00007ffbd55a0000 - 0x00007ffbd55ae000 	c:\Users\vivin\.vscode\extensions\redhat.java-1.34.0-win32-x64\jre\17.0.12-win32-x86_64\bin\instrument.dll
0x00007ffbd2b40000 - 0x00007ffbd2b65000 	c:\Users\vivin\.vscode\extensions\redhat.java-1.34.0-win32-x64\jre\17.0.12-win32-x86_64\bin\java.dll
0x00007ffbd5420000 - 0x00007ffbd5438000 	c:\Users\vivin\.vscode\extensions\redhat.java-1.34.0-win32-x64\jre\17.0.12-win32-x86_64\bin\zip.dll
0x00007ffbd9f90000 - 0x00007ffbda7f7000 	C:\WINDOWS\System32\SHELL32.dll
0x00007ffbd6fd0000 - 0x00007ffbd78cf000 	C:\WINDOWS\SYSTEM32\windows.storage.dll
0x00007ffbd6e90000 - 0x00007ffbd6fcf000 	C:\WINDOWS\SYSTEM32\wintypes.dll
0x00007ffbda810000 - 0x00007ffbda909000 	C:\WINDOWS\System32\SHCORE.dll
0x00007ffbd9f30000 - 0x00007ffbd9f8e000 	C:\WINDOWS\System32\shlwapi.dll
0x00007ffbd8f80000 - 0x00007ffbd8fa7000 	C:\WINDOWS\SYSTEM32\profapi.dll
0x00007ffbd3f20000 - 0x00007ffbd3f39000 	C:\Users\vivin\.vscode\extensions\redhat.java-1.34.0-win32-x64\jre\17.0.12-win32-x86_64\bin\net.dll
0x00007ffbd1330000 - 0x00007ffbd1466000 	C:\WINDOWS\SYSTEM32\WINHTTP.dll
0x00007ffbd8510000 - 0x00007ffbd8579000 	C:\WINDOWS\system32\mswsock.dll
0x00007ffbd2a70000 - 0x00007ffbd2a86000 	C:\Users\vivin\.vscode\extensions\redhat.java-1.34.0-win32-x64\jre\17.0.12-win32-x86_64\bin\nio.dll
0x00007ffbd5590000 - 0x00007ffbd55a0000 	c:\Users\vivin\.vscode\extensions\redhat.java-1.34.0-win32-x64\jre\17.0.12-win32-x86_64\bin\verify.dll
0x00007ffbc5000000 - 0x00007ffbc5045000 	C:\Users\vivin\AppData\Roaming\Code\User\globalStorage\redhat.java\1.34.0\config_win\org.eclipse.equinox.launcher\org.eclipse.equinox.launcher.win32.win32.x86_64_1.2.1100.v20240722-2106\eclipse_11904.dll
0x00007ffbdaae0000 - 0x00007ffbdac85000 	C:\WINDOWS\System32\ole32.dll
0x00007ffbd8760000 - 0x00007ffbd877b000 	C:\WINDOWS\SYSTEM32\CRYPTSP.dll
0x00007ffbd8000000 - 0x00007ffbd8035000 	C:\WINDOWS\system32\rsaenh.dll
0x00007ffbd8600000 - 0x00007ffbd8628000 	C:\WINDOWS\SYSTEM32\USERENV.dll
0x00007ffbd8780000 - 0x00007ffbd878c000 	C:\WINDOWS\SYSTEM32\CRYPTBASE.dll
0x00007ffbd7a10000 - 0x00007ffbd7a3d000 	C:\WINDOWS\SYSTEM32\IPHLPAPI.DLL
0x00007ffbda800000 - 0x00007ffbda809000 	C:\WINDOWS\System32\NSI.dll
0x00007ffbd0dc0000 - 0x00007ffbd0dd9000 	C:\WINDOWS\SYSTEM32\dhcpcsvc6.DLL
0x00007ffbd0cc0000 - 0x00007ffbd0cdf000 	C:\WINDOWS\SYSTEM32\dhcpcsvc.DLL
0x00007ffbd7ab0000 - 0x00007ffbd7ba8000 	C:\WINDOWS\SYSTEM32\DNSAPI.dll
0x00007ffbb4c10000 - 0x00007ffbb4c55000 	C:\Users\vivin\AppData\Local\Temp\jna-112220296\jna12471483352982819885.dll
0x00007ffbd9ed0000 - 0x00007ffbd9ed8000 	C:\WINDOWS\System32\PSAPI.DLL

dbghelp: loaded successfully - version: 4.0.5 - missing functions: none
symbol engine: initialized successfully - sym options: 0x614 - pdb path: .;c:\Users\vivin\.vscode\extensions\redhat.java-1.34.0-win32-x64\jre\17.0.12-win32-x86_64\bin;C:\WINDOWS\SYSTEM32;C:\WINDOWS\WinSxS\amd64_microsoft.windows.common-controls_6595b64144ccf1df_6.0.22621.3672_none_2713b9d173822955;c:\Users\vivin\.vscode\extensions\redhat.java-1.34.0-win32-x64\jre\17.0.12-win32-x86_64\bin\server;C:\Users\vivin\AppData\Roaming\Code\User\globalStorage\redhat.java\1.34.0\config_win\org.eclipse.equinox.launcher\org.eclipse.equinox.launcher.win32.win32.x86_64_1.2.1100.v20240722-2106;C:\Users\vivin\AppData\Local\Temp\jna-112220296

VM Arguments:
jvm_args: --add-modules=ALL-SYSTEM --add-opens=java.base/java.util=ALL-UNNAMED --add-opens=java.base/java.lang=ALL-UNNAMED --add-opens=java.base/sun.nio.fs=ALL-UNNAMED -Declipse.application=org.eclipse.jdt.ls.core.id1 -Dosgi.bundles.defaultStartLevel=4 -Declipse.product=org.eclipse.jdt.ls.core.product -Djava.import.generatesMetadataFilesAtProjectRoot=false -DDetectVMInstallationsJob.disabled=true -Dfile.encoding=utf8 -XX:+UseParallelGC -XX:GCTimeRatio=4 -XX:AdaptiveSizePolicyWeight=90 -Dsun.zip.disableMemoryMapping=true -Xmx1G -Xms100m -Xlog:disable -javaagent:c:\Users\vivin\.vscode\extensions\redhat.java-1.34.0-win32-x64\lombok\lombok-1.18.33.jar -XX:+HeapDumpOnOutOfMemoryError -XX:HeapDumpPath=c:\Users\vivin\AppData\Roaming\Code\User\workspaceStorage\03aef4cec3476b10e38d3aef6a71f36d\redhat.java -Daether.dependencyCollector.impl=bf 
java_command: c:\Users\vivin\.vscode\extensions\redhat.java-1.34.0-win32-x64\server\plugins\org.eclipse.equinox.launcher_1.6.900.v20240613-2009.jar -configuration c:\Users\vivin\AppData\Roaming\Code\User\globalStorage\redhat.java\1.34.0\config_win -data c:\Users\vivin\AppData\Roaming\Code\User\workspaceStorage\03aef4cec3476b10e38d3aef6a71f36d\redhat.java\jdt_ws --pipe=\\.\pipe\lsp-a5b24b8777d09aef9d2cf4222a0d86f0-sock
java_class_path (initial): c:\Users\vivin\.vscode\extensions\redhat.java-1.34.0-win32-x64\server\plugins\org.eclipse.equinox.launcher_1.6.900.v20240613-2009.jar
Launcher Type: SUN_STANDARD

[Global flags]
    uintx AdaptiveSizePolicyWeight                 = 90                                        {product} {command line}
     intx CICompilerCount                          = 3                                         {product} {ergonomic}
    uintx GCTimeRatio                              = 4                                         {product} {command line}
     bool HeapDumpOnOutOfMemoryError               = true                                   {manageable} {command line}
    ccstr HeapDumpPath                             = c:\Users\vivin\AppData\Roaming\Code\User\workspaceStorage\03aef4cec3476b10e38d3aef6a71f36d\redhat.java         {manageable} {command line}
   size_t InitialHeapSize                          = 104857600                                 {product} {command line}
   size_t MaxHeapSize                              = 1073741824                                {product} {command line}
   size_t MaxNewSize                               = 357564416                                 {product} {ergonomic}
   size_t MinHeapDeltaBytes                        = 524288                                    {product} {ergonomic}
   size_t MinHeapSize                              = 104857600                                 {product} {command line}
   size_t NewSize                                  = 34603008                                  {product} {ergonomic}
    uintx NonNMethodCodeHeapSize                   = 5832780                                {pd product} {ergonomic}
    uintx NonProfiledCodeHeapSize                  = 122912730                              {pd product} {ergonomic}
   size_t OldSize                                  = 70254592                                  {product} {ergonomic}
    uintx ProfiledCodeHeapSize                     = 122912730                              {pd product} {ergonomic}
    uintx ReservedCodeCacheSize                    = 251658240                              {pd product} {ergonomic}
     bool SegmentedCodeCache                       = true                                      {product} {ergonomic}
   size_t SoftMaxHeapSize                          = 1073741824                             {manageable} {ergonomic}
     bool UseCompressedClassPointers               = true                           {product lp64_product} {ergonomic}
     bool UseCompressedOops                        = true                           {product lp64_product} {ergonomic}
     bool UseLargePagesIndividualAllocation        = false                                  {pd product} {ergonomic}
     bool UseParallelGC                            = true                                      {product} {command line}

Logging:
Log output configuration:
 #0: stdout all=off uptime,level,tags
 #1: stderr all=off uptime,level,tags

Environment Variables:
PATH=C:\Program Files\Common Files\Oracle\Java\javapath;C:\WINDOWS\system32;C:\WINDOWS;C:\WINDOWS\System32\Wbem;C:\WINDOWS\System32\WindowsPowerShell\v1.0\;C:\WINDOWS\System32\OpenSSH\;%JAVA_HOME%\bin;C:\Program Files\nodejs\;C:\Program Files\Git\cmd;C:\Program Files\MySQL\MySQL Shell 8.0\bin\;C:\Users\vivin\AppData\Local\Microsoft\WindowsApps;C:\Users\vivin\AppData\Local\Programs\Microsoft VS Code\bin;C:\Users\vivin\AppData\Roaming\npm
USERNAME=vivin
OS=Windows_NT
PROCESSOR_IDENTIFIER=AMD64 Family 23 Model 24 Stepping 1, AuthenticAMD
TMP=C:\Users\vivin\AppData\Local\Temp
TEMP=C:\Users\vivin\AppData\Local\Temp



Periodic native trim disabled


---------------  S Y S T E M  ---------------

OS:
 Windows 11 , 64 bit Build 22621 (10.0.22621.3958)
OS uptime: 2 days 8:57 hours

CPU: total 4 (initial active 4) (4 cores per cpu, 2 threads per core) family 23 model 24 stepping 1 microcode 0x0, cx8, cmov, fxsr, ht, mmx, 3dnowpref, sse, sse2, sse3, ssse3, sse4a, sse4.1, sse4.2, popcnt, lzcnt, tsc, tscinvbit, avx, avx2, aes, clmul, bmi1, bmi2, adx, sha, fma, vzeroupper, clflush, clflushopt
Processor Information for all 4 processors :
  Max Mhz: 2600, Current Mhz: 2600, Mhz Limit: 2600

Memory: 4k page, system-wide physical 6086M (900M free)
TotalPageFile size 24518M (AvailPageFile size 11M)
current process WorkingSet (physical memory assigned to process): 224M, peak: 234M
current process commit charge ("private bytes"): 282M, peak: 294M

vm_info: OpenJDK 64-Bit Server VM (17.0.12+7) for windows-amd64 JRE (17.0.12+7), built on Jul 16 2024 22:08:24 by "admin" with MS VC++ 16.10 / 16.11 (VS2019)

END.
