#
# There is insufficient memory for the Java Runtime Environment to continue.
# Native memory allocation (malloc) failed to allocate 1051216 bytes. Error detail: Chunk::new
# Possible reasons:
#   The system is out of physical RAM or swap space
#   This process is running with CompressedOops enabled, and the Java Heap may be blocking the growth of the native heap
# Possible solutions:
#   Reduce memory load on the system
#   Increase physical memory or swap space
#   Check if swap backing store is full
#   Decrease Java heap size (-Xmx/-Xms)
#   Decrease number of Java threads
#   Decrease Java thread stack sizes (-Xss)
#   Set larger code cache with -XX:ReservedCodeCacheSize=
#   JVM is running with Unscaled Compressed Oops mode in which the Java heap is
#     placed in the first 4GB address space. The Java Heap base address is the
#     maximum limit for the native heap growth. Please use -XX:HeapBaseMinAddress
#     to set the Java Heap base and to place the Java Heap above 4GB virtual address.
# This output file may be truncated or incomplete.
#
#  Out of Memory Error (arena.cpp:191), pid=33548, tid=18664
#
# JRE version: OpenJDK Runtime Environment Temurin-17.0.12+7 (17.0.12+7) (build 17.0.12+7)
# Java VM: OpenJDK 64-Bit Server VM Temurin-17.0.12+7 (17.0.12+7, mixed mode, tiered, compressed oops, compressed class ptrs, parallel gc, windows-amd64)
# No core dump will be written. Minidumps are not enabled by default on client versions of Windows
#

---------------  S U M M A R Y ------------

Command Line: --add-modules=ALL-SYSTEM --add-opens=java.base/java.util=ALL-UNNAMED --add-opens=java.base/java.lang=ALL-UNNAMED --add-opens=java.base/sun.nio.fs=ALL-UNNAMED -Declipse.application=org.eclipse.jdt.ls.core.id1 -Dosgi.bundles.defaultStartLevel=4 -Declipse.product=org.eclipse.jdt.ls.core.product -Djava.import.generatesMetadataFilesAtProjectRoot=false -DDetectVMInstallationsJob.disabled=true -Dfile.encoding=utf8 -XX:+UseParallelGC -XX:GCTimeRatio=4 -XX:AdaptiveSizePolicyWeight=90 -Dsun.zip.disableMemoryMapping=true -Xmx1G -Xms100m -Xlog:disable -javaagent:c:\Users\vivin\.vscode\extensions\redhat.java-1.34.0-win32-x64\lombok\lombok-1.18.33.jar c:\Users\vivin\.vscode\extensions\redhat.java-1.34.0-win32-x64\server\plugins\org.eclipse.equinox.launcher_1.6.900.v20240613-2009.jar -configuration c:\Users\vivin\AppData\Roaming\Code\User\globalStorage\redhat.java\1.34.0\config_ss_win -data c:\Users\vivin\AppData\Roaming\Code\User\workspaceStorage\03aef4cec3476b10e38d3aef6a71f36d\redhat.java\ss_ws --pipe=\\.\pipe\lsp-6add986b2cdd8c0e829f67140aba02f7-sock

Host: AMD Ryzen 3 3250U with Radeon Graphics         , 4 cores, 5G,  Windows 11 , 64 bit Build 22621 (10.0.22621.3958)
Time: Tue Sep 17 22:07:59 2024 India Standard Time elapsed time: 13.807264 seconds (0d 0h 0m 13s)

---------------  T H R E A D  ---------------

Current thread (0x000001d2fc7bd8a0):  JavaThread "C2 CompilerThread0" daemon [_thread_in_native, id=18664, stack(0x0000001b96c00000,0x0000001b96d00000)]


Current CompileTask:
C2:  13807 3796   !   4       java.nio.file.FileTreeWalker::next (144 bytes)

Stack: [0x0000001b96c00000,0x0000001b96d00000]
Native frames: (J=compiled Java code, j=interpreted, Vv=VM code, C=native code)
V  [jvm.dll+0x67f929]
V  [jvm.dll+0x8371ba]
V  [jvm.dll+0x838c7e]
V  [jvm.dll+0x8392e3]
V  [jvm.dll+0x24834f]
V  [jvm.dll+0xac9d4]
V  [jvm.dll+0xad01c]
V  [jvm.dll+0x367452]
V  [jvm.dll+0x33197a]
V  [jvm.dll+0x330e1a]
V  [jvm.dll+0x21a8b1]
V  [jvm.dll+0x219cf1]
V  [jvm.dll+0x1a58bd]
V  [jvm.dll+0x229a2d]
V  [jvm.dll+0x227bdc]
V  [jvm.dll+0x7ec1f7]
V  [jvm.dll+0x7e65dc]
V  [jvm.dll+0x67e7f7]
C  [ucrtbase.dll+0x29333]
C  [KERNEL32.DLL+0x1257d]
C  [ntdll.dll+0x5af28]


---------------  P R O C E S S  ---------------

Threads class SMR info:
_java_thread_list=0x000001d2fec49cb0, length=32, elements={
0x000001d2e893a470, 0x000001d2e89ebdf0, 0x000001d2e89ed060, 0x000001d2fc79bf70,
0x000001d2fc7b6930, 0x000001d2fc7b7400, 0x000001d2fc7b9ce0, 0x000001d2fc7bd8a0,
0x000001d2fd8d9ab0, 0x000001d2fd926f50, 0x000001d2fd9d55a0, 0x000001d2fdaabef0,
0x000001d2fe52d490, 0x000001d2fe3ea270, 0x000001d2fe3ddf00, 0x000001d2fe4a66d0,
0x000001d2fdb309d0, 0x000001d2fdb304c0, 0x000001d2fdb30ee0, 0x000001d2fdb32830,
0x000001d2fdb313f0, 0x000001d2fdb31900, 0x000001d2fdb31e10, 0x000001d2fdb2ffb0,
0x000001d2fdb32320, 0x000001d2fdb2f080, 0x000001d28437daa0, 0x000001d28437b730,
0x000001d28437a800, 0x000001d284380320, 0x000001d28437e4c0, 0x000001d2ff086030
}

Java Threads: ( => current thread )
  0x000001d2e893a470 JavaThread "main" [_thread_blocked, id=32772, stack(0x0000001b96300000,0x0000001b96400000)]
  0x000001d2e89ebdf0 JavaThread "Reference Handler" daemon [_thread_blocked, id=15004, stack(0x0000001b96600000,0x0000001b96700000)]
  0x000001d2e89ed060 JavaThread "Finalizer" daemon [_thread_blocked, id=4528, stack(0x0000001b96700000,0x0000001b96800000)]
  0x000001d2fc79bf70 JavaThread "Signal Dispatcher" daemon [_thread_blocked, id=31120, stack(0x0000001b96800000,0x0000001b96900000)]
  0x000001d2fc7b6930 JavaThread "Attach Listener" daemon [_thread_blocked, id=17736, stack(0x0000001b96900000,0x0000001b96a00000)]
  0x000001d2fc7b7400 JavaThread "Service Thread" daemon [_thread_blocked, id=33368, stack(0x0000001b96a00000,0x0000001b96b00000)]
  0x000001d2fc7b9ce0 JavaThread "Monitor Deflation Thread" daemon [_thread_blocked, id=20552, stack(0x0000001b96b00000,0x0000001b96c00000)]
=>0x000001d2fc7bd8a0 JavaThread "C2 CompilerThread0" daemon [_thread_in_native, id=18664, stack(0x0000001b96c00000,0x0000001b96d00000)]
  0x000001d2fd8d9ab0 JavaThread "C1 CompilerThread0" daemon [_thread_blocked, id=28628, stack(0x0000001b96d00000,0x0000001b96e00000)]
  0x000001d2fd926f50 JavaThread "Sweeper thread" daemon [_thread_blocked, id=32724, stack(0x0000001b96e00000,0x0000001b96f00000)]
  0x000001d2fd9d55a0 JavaThread "Common-Cleaner" daemon [_thread_blocked, id=18212, stack(0x0000001b96f00000,0x0000001b97000000)]
  0x000001d2fdaabef0 JavaThread "Notification Thread" daemon [_thread_blocked, id=33612, stack(0x0000001b97000000,0x0000001b97100000)]
  0x000001d2fe52d490 JavaThread "Active Thread: Equinox Container: a455e9d0-2281-47f1-98fc-b14a6479b476" [_thread_blocked, id=16416, stack(0x0000001b97500000,0x0000001b97600000)]
  0x000001d2fe3ea270 JavaThread "Framework Event Dispatcher: Equinox Container: a455e9d0-2281-47f1-98fc-b14a6479b476" daemon [_thread_blocked, id=33032, stack(0x0000001b97700000,0x0000001b97800000)]
  0x000001d2fe3ddf00 JavaThread "Start Level: Equinox Container: a455e9d0-2281-47f1-98fc-b14a6479b476" daemon [_thread_blocked, id=19116, stack(0x0000001b97800000,0x0000001b97900000)]
  0x000001d2fe4a66d0 JavaThread "SCR Component Actor" daemon [_thread_blocked, id=31988, stack(0x0000001b97900000,0x0000001b97a00000)]
  0x000001d2fdb309d0 JavaThread "Worker-JM" [_thread_blocked, id=33072, stack(0x0000001b97a00000,0x0000001b97b00000)]
  0x000001d2fdb304c0 JavaThread "JNA Cleaner" daemon [_thread_blocked, id=19780, stack(0x0000001b97b00000,0x0000001b97c00000)]
  0x000001d2fdb30ee0 JavaThread "Worker-0" [_thread_blocked, id=30728, stack(0x0000001b97c00000,0x0000001b97d00000)]
  0x000001d2fdb32830 JavaThread "Worker-1" [_thread_blocked, id=30228, stack(0x0000001b97d00000,0x0000001b97e00000)]
  0x000001d2fdb313f0 JavaThread "Thread-2" daemon [_thread_in_native, id=32904, stack(0x0000001b97f00000,0x0000001b98000000)]
  0x000001d2fdb31900 JavaThread "Thread-3" daemon [_thread_in_native, id=33580, stack(0x0000001b98000000,0x0000001b98100000)]
  0x000001d2fdb31e10 JavaThread "Thread-4" daemon [_thread_in_native, id=33332, stack(0x0000001b98100000,0x0000001b98200000)]
  0x000001d2fdb2ffb0 JavaThread "Thread-5" daemon [_thread_in_native, id=1212, stack(0x0000001b98200000,0x0000001b98300000)]
  0x000001d2fdb32320 JavaThread "Thread-6" daemon [_thread_in_native, id=19644, stack(0x0000001b98300000,0x0000001b98400000)]
  0x000001d2fdb2f080 JavaThread "pool-2-thread-1" [_thread_blocked, id=33044, stack(0x0000001b98400000,0x0000001b98500000)]
  0x000001d28437daa0 JavaThread "WorkspaceEventsHandler" [_thread_blocked, id=15420, stack(0x0000001b97e00000,0x0000001b97f00000)]
  0x000001d28437b730 JavaThread "pool-1-thread-1" [_thread_blocked, id=12548, stack(0x0000001b98500000,0x0000001b98600000)]
  0x000001d28437a800 JavaThread "ForkJoinPool.commonPool-worker-1" daemon [_thread_blocked, id=21896, stack(0x0000001b98600000,0x0000001b98700000)]
  0x000001d284380320 JavaThread "ForkJoinPool.commonPool-worker-2" daemon [_thread_in_Java, id=23072, stack(0x0000001b98700000,0x0000001b98800000)]
  0x000001d28437e4c0 JavaThread "ForkJoinPool.commonPool-worker-3" daemon [_thread_in_Java, id=17364, stack(0x0000001b98800000,0x0000001b98900000)]
  0x000001d2ff086030 JavaThread "C2 CompilerThread1" daemon [_thread_in_vm, id=9744, stack(0x0000001b98900000,0x0000001b98a00000)]

Other Threads:
  0x000001d2e89e6b10 VMThread "VM Thread" [stack: 0x0000001b96500000,0x0000001b96600000] [id=17928]
  0x000001d2fdbad110 WatcherThread [stack: 0x0000001b97100000,0x0000001b97200000] [id=14224]
  0x000001d2e894ff60 GCTaskThread "GC Thread#0" [stack: 0x0000001b96400000,0x0000001b96500000] [id=25572]
  0x000001d2fde0b960 GCTaskThread "GC Thread#1" [stack: 0x0000001b97200000,0x0000001b97300000] [id=18204]
  0x000001d2fe195020 GCTaskThread "GC Thread#2" [stack: 0x0000001b97300000,0x0000001b97400000] [id=10744]
  0x000001d2fe1952e0 GCTaskThread "GC Thread#3" [stack: 0x0000001b97400000,0x0000001b97500000] [id=3640]

Threads with active compile tasks:
C2 CompilerThread0    13892 3796   !   4       java.nio.file.FileTreeWalker::next (144 bytes)
C2 CompilerThread1    13892 3931       4       org.eclipse.jdt.internal.core.JarPackageFragmentRoot::initRawPackageInfo (342 bytes)

VM state: not at safepoint (normal execution)

VM Mutex/Monitor currently owned by a thread: None

Heap address: 0x00000000c0000000, size: 1024 MB, Compressed Oops mode: 32-bit

CDS archive(s) not mapped
Compressed class space mapped at: 0x0000000100000000-0x0000000140000000, reserved size: 1073741824
Narrow klass base: 0x0000000000000000, Narrow klass shift: 3, Narrow klass range: 0x140000000

GC Precious Log:
 CPUs: 4 total, 4 available
 Memory: 6086M
 Large Page Support: Disabled
 NUMA Support: Disabled
 Compressed Oops: Enabled (32-bit)
 Alignments: Space 512K, Generation 512K, Heap 2M
 Heap Min Capacity: 100M
 Heap Initial Capacity: 100M
 Heap Max Capacity: 1G
 Pre-touch: Disabled
 Parallel Workers: 4

Heap:
 PSYoungGen      total 23552K, used 6820K [0x00000000eab00000, 0x00000000ec600000, 0x0000000100000000)
  eden space 22528K, 25% used [0x00000000eab00000,0x00000000eb0b10f8,0x00000000ec100000)
  from space 1024K, 96% used [0x00000000ec500000,0x00000000ec5f8010,0x00000000ec600000)
  to   space 2560K, 0% used [0x00000000ec280000,0x00000000ec280000,0x00000000ec500000)
 ParOldGen       total 68608K, used 16931K [0x00000000c0000000, 0x00000000c4300000, 0x00000000eab00000)
  object space 68608K, 24% used [0x00000000c0000000,0x00000000c1088d28,0x00000000c4300000)
 Metaspace       used 38309K, committed 39040K, reserved 1114112K
  class space    used 3871K, committed 4160K, reserved 1048576K

Card table byte_map: [0x000001d2e82f0000,0x000001d2e8500000] _byte_map_base: 0x000001d2e7cf0000

Marking Bits: (ParMarkBitMap*) 0x00007ffb586958b0
 Begin Bits: [0x000001d2fa5d0000, 0x000001d2fb5d0000)
 End Bits:   [0x000001d2fb5d0000, 0x000001d2fc5d0000)

Polling page: 0x000001d2e6930000

Metaspace:

Usage:
  Non-class:     33.63 MB used.
      Class:      3.78 MB used.
       Both:     37.41 MB used.

Virtual space:
  Non-class space:       64.00 MB reserved,      34.06 MB ( 53%) committed,  1 nodes.
      Class space:        1.00 GB reserved,       4.06 MB ( <1%) committed,  1 nodes.
             Both:        1.06 GB reserved,      38.12 MB (  4%) committed. 

Chunk freelists:
   Non-Class:  13.63 MB
       Class:  11.94 MB
        Both:  25.56 MB

MaxMetaspaceSize: unlimited
CompressedClassSpaceSize: 1.00 GB
Initial GC threshold: 21.00 MB
Current GC threshold: 58.38 MB
CDS: off
MetaspaceReclaimPolicy: balanced
 - commit_granule_bytes: 65536.
 - commit_granule_words: 8192.
 - virtual_space_node_default_size: 8388608.
 - enlarge_chunks_in_place: 1.
 - new_chunks_are_fully_committed: 0.
 - uncommit_free_chunks: 1.
 - use_allocation_guard: 0.
 - handle_deallocations: 1.


Internal statistics:

num_allocs_failed_limit: 6.
num_arena_births: 382.
num_arena_deaths: 14.
num_vsnodes_births: 2.
num_vsnodes_deaths: 0.
num_space_committed: 610.
num_space_uncommitted: 0.
num_chunks_returned_to_freelist: 20.
num_chunks_taken_from_freelist: 1602.
num_chunk_merges: 11.
num_chunk_splits: 1022.
num_chunks_enlarged: 674.
num_inconsistent_stats: 0.

CodeHeap 'non-profiled nmethods': size=120000Kb used=1720Kb max_used=1720Kb free=118279Kb
 bounds [0x000001d2f30a0000, 0x000001d2f3310000, 0x000001d2fa5d0000]
CodeHeap 'profiled nmethods': size=120000Kb used=7849Kb max_used=7849Kb free=112150Kb
 bounds [0x000001d2eb5d0000, 0x000001d2ebd80000, 0x000001d2f2b00000]
CodeHeap 'non-nmethods': size=5760Kb used=1292Kb max_used=1323Kb free=4467Kb
 bounds [0x000001d2f2b00000, 0x000001d2f2d70000, 0x000001d2f30a0000]
 total_blobs=4528 nmethods=3909 adapters=533
 compilation: enabled
              stopped_count=0, restarted_count=0
 full_count=0

Compilation events (20 events):
Event: 13.783 Thread 0x000001d2fd8d9ab0 3874       2       java.lang.invoke.LambdaForm$MH/0x000000010019a800::invoke (148 bytes)
Event: 13.784 Thread 0x000001d2fd8d9ab0 nmethod 3874 0x000001d2ebd67e90 code [0x000001d2ebd680c0, 0x000001d2ebd68508]
Event: 13.784 Thread 0x000001d2fd8d9ab0 3875       1       org.eclipse.jdt.internal.core.OpenableElementInfo::setIsStructureKnown (6 bytes)
Event: 13.784 Thread 0x000001d2fd8d9ab0 nmethod 3875 0x000001d2f3244a10 code [0x000001d2f3244ba0, 0x000001d2f3244c78]
Event: 13.784 Thread 0x000001d2fd8d9ab0 3876       1       org.eclipse.jdt.internal.core.JavaModelManager::getElementsOutOfSynchWithBuffers (5 bytes)
Event: 13.784 Thread 0x000001d2fd8d9ab0 nmethod 3876 0x000001d2f3244d10 code [0x000001d2f3244ea0, 0x000001d2f3244f78]
Event: 13.784 Thread 0x000001d2fd8d9ab0 3877       2       org.eclipse.jdt.core.compiler.CharOperation::equals (6 bytes)
Event: 13.784 Thread 0x000001d2fd8d9ab0 nmethod 3877 0x000001d2ebd68990 code [0x000001d2ebd68b20, 0x000001d2ebd68c28]
Event: 13.784 Thread 0x000001d2fd8d9ab0 3878       2       java.util.Arrays::equals (43 bytes)
Event: 13.784 Thread 0x000001d2fd8d9ab0 nmethod 3878 0x000001d2ebd68d10 code [0x000001d2ebd68ec0, 0x000001d2ebd690a8]
Event: 13.785 Thread 0x000001d2fd8d9ab0 3879   !   2       jdk.internal.reflect.GeneratedMethodAccessor8::invoke (52 bytes)
Event: 13.786 Thread 0x000001d2fd8d9ab0 nmethod 3879 0x000001d2ebd69190 code [0x000001d2ebd693a0, 0x000001d2ebd69718]
Event: 13.786 Thread 0x000001d2fd8d9ab0 3880       2       sun.nio.fs.WindowsPath::isEmpty (8 bytes)
Event: 13.786 Thread 0x000001d2fd8d9ab0 nmethod 3880 0x000001d2ebd69a90 code [0x000001d2ebd69c20, 0x000001d2ebd69d58]
Event: 13.787 Thread 0x000001d2fd8d9ab0 3881       2       org.eclipse.jdt.internal.core.JavaModelCache::getInfo (156 bytes)
Event: 13.788 Thread 0x000001d2fd8d9ab0 nmethod 3881 0x000001d2ebd69e10 code [0x000001d2ebd6a100, 0x000001d2ebd6ac78]
Event: 13.788 Thread 0x000001d2fd8d9ab0 3882   !   2       java.lang.Class::getEnumConstantsShared (71 bytes)
Event: 13.789 Thread 0x000001d2fd8d9ab0 nmethod 3882 0x000001d2ebd6b210 code [0x000001d2ebd6b460, 0x000001d2ebd6baf8]
Event: 13.792 Thread 0x000001d2fd8d9ab0 3884       2       java.io.File::getName (42 bytes)
Event: 13.792 Thread 0x000001d2fd8d9ab0 nmethod 3884 0x000001d2ebd6c090 code [0x000001d2ebd6c260, 0x000001d2ebd6c4d8]

GC Heap History (20 events):
Event: 8.115 GC heap before
{Heap before GC invocations=4 (full 0):
 PSYoungGen      total 29696K, used 10593K [0x00000000eab00000, 0x00000000ecc00000, 0x0000000100000000)
  eden space 25600K, 25% used [0x00000000eab00000,0x00000000eb160078,0x00000000ec400000)
  from space 4096K, 99% used [0x00000000ec400000,0x00000000ec7f83a0,0x00000000ec800000)
  to   space 4096K, 0% used [0x00000000ec800000,0x00000000ec800000,0x00000000ecc00000)
 ParOldGen       total 68608K, used 2427K [0x00000000c0000000, 0x00000000c4300000, 0x00000000eab00000)
  object space 68608K, 3% used [0x00000000c0000000,0x00000000c025eec0,0x00000000c4300000)
 Metaspace       used 21027K, committed 21504K, reserved 1114112K
  class space    used 2146K, committed 2368K, reserved 1048576K
}
Event: 8.123 GC heap after
{Heap after GC invocations=4 (full 0):
 PSYoungGen      total 29696K, used 4068K [0x00000000eab00000, 0x00000000ecc00000, 0x0000000100000000)
  eden space 25600K, 0% used [0x00000000eab00000,0x00000000eab00000,0x00000000ec400000)
  from space 4096K, 99% used [0x00000000ec800000,0x00000000ecbf9288,0x00000000ecc00000)
  to   space 4096K, 0% used [0x00000000ec400000,0x00000000ec400000,0x00000000ec800000)
 ParOldGen       total 68608K, used 2835K [0x00000000c0000000, 0x00000000c4300000, 0x00000000eab00000)
  object space 68608K, 4% used [0x00000000c0000000,0x00000000c02c4ec0,0x00000000c4300000)
 Metaspace       used 21027K, committed 21504K, reserved 1114112K
  class space    used 2146K, committed 2368K, reserved 1048576K
}
Event: 8.123 GC heap before
{Heap before GC invocations=5 (full 1):
 PSYoungGen      total 29696K, used 4068K [0x00000000eab00000, 0x00000000ecc00000, 0x0000000100000000)
  eden space 25600K, 0% used [0x00000000eab00000,0x00000000eab00000,0x00000000ec400000)
  from space 4096K, 99% used [0x00000000ec800000,0x00000000ecbf9288,0x00000000ecc00000)
  to   space 4096K, 0% used [0x00000000ec400000,0x00000000ec400000,0x00000000ec800000)
 ParOldGen       total 68608K, used 2835K [0x00000000c0000000, 0x00000000c4300000, 0x00000000eab00000)
  object space 68608K, 4% used [0x00000000c0000000,0x00000000c02c4ec0,0x00000000c4300000)
 Metaspace       used 21027K, committed 21504K, reserved 1114112K
  class space    used 2146K, committed 2368K, reserved 1048576K
}
Event: 8.169 GC heap after
{Heap after GC invocations=5 (full 1):
 PSYoungGen      total 29696K, used 0K [0x00000000eab00000, 0x00000000ecc00000, 0x0000000100000000)
  eden space 25600K, 0% used [0x00000000eab00000,0x00000000eab00000,0x00000000ec400000)
  from space 4096K, 0% used [0x00000000ec800000,0x00000000ec800000,0x00000000ecc00000)
  to   space 4096K, 0% used [0x00000000ec400000,0x00000000ec400000,0x00000000ec800000)
 ParOldGen       total 68608K, used 6785K [0x00000000c0000000, 0x00000000c4300000, 0x00000000eab00000)
  object space 68608K, 9% used [0x00000000c0000000,0x00000000c06a0670,0x00000000c4300000)
 Metaspace       used 21014K, committed 21504K, reserved 1114112K
  class space    used 2143K, committed 2368K, reserved 1048576K
}
Event: 9.193 GC heap before
{Heap before GC invocations=6 (full 1):
 PSYoungGen      total 29696K, used 25600K [0x00000000eab00000, 0x00000000ecc00000, 0x0000000100000000)
  eden space 25600K, 100% used [0x00000000eab00000,0x00000000ec400000,0x00000000ec400000)
  from space 4096K, 0% used [0x00000000ec800000,0x00000000ec800000,0x00000000ecc00000)
  to   space 4096K, 0% used [0x00000000ec400000,0x00000000ec400000,0x00000000ec800000)
 ParOldGen       total 68608K, used 6785K [0x00000000c0000000, 0x00000000c4300000, 0x00000000eab00000)
  object space 68608K, 9% used [0x00000000c0000000,0x00000000c06a0670,0x00000000c4300000)
 Metaspace       used 23904K, committed 24448K, reserved 1114112K
  class space    used 2442K, committed 2688K, reserved 1048576K
}
Event: 9.198 GC heap after
{Heap after GC invocations=6 (full 1):
 PSYoungGen      total 27648K, used 2212K [0x00000000eab00000, 0x00000000eca80000, 0x0000000100000000)
  eden space 25088K, 0% used [0x00000000eab00000,0x00000000eab00000,0x00000000ec380000)
  from space 2560K, 86% used [0x00000000ec400000,0x00000000ec6291e0,0x00000000ec680000)
  to   space 3584K, 0% used [0x00000000ec700000,0x00000000ec700000,0x00000000eca80000)
 ParOldGen       total 68608K, used 6793K [0x00000000c0000000, 0x00000000c4300000, 0x00000000eab00000)
  object space 68608K, 9% used [0x00000000c0000000,0x00000000c06a2670,0x00000000c4300000)
 Metaspace       used 23904K, committed 24448K, reserved 1114112K
  class space    used 2442K, committed 2688K, reserved 1048576K
}
Event: 10.122 GC heap before
{Heap before GC invocations=7 (full 1):
 PSYoungGen      total 27648K, used 27300K [0x00000000eab00000, 0x00000000eca80000, 0x0000000100000000)
  eden space 25088K, 100% used [0x00000000eab00000,0x00000000ec380000,0x00000000ec380000)
  from space 2560K, 86% used [0x00000000ec400000,0x00000000ec6291e0,0x00000000ec680000)
  to   space 3584K, 0% used [0x00000000ec700000,0x00000000ec700000,0x00000000eca80000)
 ParOldGen       total 68608K, used 6793K [0x00000000c0000000, 0x00000000c4300000, 0x00000000eab00000)
  object space 68608K, 9% used [0x00000000c0000000,0x00000000c06a2670,0x00000000c4300000)
 Metaspace       used 28080K, committed 28608K, reserved 1114112K
  class space    used 2751K, committed 3008K, reserved 1048576K
}
Event: 10.126 GC heap after
{Heap after GC invocations=7 (full 1):
 PSYoungGen      total 27648K, used 2969K [0x00000000eab00000, 0x00000000eca00000, 0x0000000100000000)
  eden space 24576K, 0% used [0x00000000eab00000,0x00000000eab00000,0x00000000ec300000)
  from space 3072K, 96% used [0x00000000ec700000,0x00000000ec9e65d8,0x00000000eca00000)
  to   space 3584K, 0% used [0x00000000ec300000,0x00000000ec300000,0x00000000ec680000)
 ParOldGen       total 68608K, used 6793K [0x00000000c0000000, 0x00000000c4300000, 0x00000000eab00000)
  object space 68608K, 9% used [0x00000000c0000000,0x00000000c06a2670,0x00000000c4300000)
 Metaspace       used 28080K, committed 28608K, reserved 1114112K
  class space    used 2751K, committed 3008K, reserved 1048576K
}
Event: 11.122 GC heap before
{Heap before GC invocations=8 (full 1):
 PSYoungGen      total 27648K, used 27545K [0x00000000eab00000, 0x00000000eca00000, 0x0000000100000000)
  eden space 24576K, 100% used [0x00000000eab00000,0x00000000ec300000,0x00000000ec300000)
  from space 3072K, 96% used [0x00000000ec700000,0x00000000ec9e65d8,0x00000000eca00000)
  to   space 3584K, 0% used [0x00000000ec300000,0x00000000ec300000,0x00000000ec680000)
 ParOldGen       total 68608K, used 6793K [0x00000000c0000000, 0x00000000c4300000, 0x00000000eab00000)
  object space 68608K, 9% used [0x00000000c0000000,0x00000000c06a2670,0x00000000c4300000)
 Metaspace       used 30402K, committed 30976K, reserved 1114112K
  class space    used 2943K, committed 3200K, reserved 1048576K
}
Event: 11.129 GC heap after
{Heap after GC invocations=8 (full 1):
 PSYoungGen      total 27648K, used 3556K [0x00000000eab00000, 0x00000000ecb80000, 0x0000000100000000)
  eden space 24064K, 0% used [0x00000000eab00000,0x00000000eab00000,0x00000000ec280000)
  from space 3584K, 99% used [0x00000000ec300000,0x00000000ec6792d0,0x00000000ec680000)
  to   space 4608K, 0% used [0x00000000ec700000,0x00000000ec700000,0x00000000ecb80000)
 ParOldGen       total 68608K, used 7483K [0x00000000c0000000, 0x00000000c4300000, 0x00000000eab00000)
  object space 68608K, 10% used [0x00000000c0000000,0x00000000c074ede8,0x00000000c4300000)
 Metaspace       used 30402K, committed 30976K, reserved 1114112K
  class space    used 2943K, committed 3200K, reserved 1048576K
}
Event: 12.274 GC heap before
{Heap before GC invocations=9 (full 1):
 PSYoungGen      total 27648K, used 27620K [0x00000000eab00000, 0x00000000ecb80000, 0x0000000100000000)
  eden space 24064K, 100% used [0x00000000eab00000,0x00000000ec280000,0x00000000ec280000)
  from space 3584K, 99% used [0x00000000ec300000,0x00000000ec6792d0,0x00000000ec680000)
  to   space 4608K, 0% used [0x00000000ec700000,0x00000000ec700000,0x00000000ecb80000)
 ParOldGen       total 68608K, used 7483K [0x00000000c0000000, 0x00000000c4300000, 0x00000000eab00000)
  object space 68608K, 10% used [0x00000000c0000000,0x00000000c074ede8,0x00000000c4300000)
 Metaspace       used 34269K, committed 34880K, reserved 1114112K
  class space    used 3417K, committed 3648K, reserved 1048576K
}
Event: 12.279 GC heap after
{Heap after GC invocations=9 (full 1):
 PSYoungGen      total 28160K, used 4587K [0x00000000eab00000, 0x00000000ecc00000, 0x0000000100000000)
  eden space 23552K, 0% used [0x00000000eab00000,0x00000000eab00000,0x00000000ec200000)
  from space 4608K, 99% used [0x00000000ec700000,0x00000000ecb7ad20,0x00000000ecb80000)
  to   space 5120K, 0% used [0x00000000ec200000,0x00000000ec200000,0x00000000ec700000)
 ParOldGen       total 68608K, used 7531K [0x00000000c0000000, 0x00000000c4300000, 0x00000000eab00000)
  object space 68608K, 10% used [0x00000000c0000000,0x00000000c075ade8,0x00000000c4300000)
 Metaspace       used 34269K, committed 34880K, reserved 1114112K
  class space    used 3417K, committed 3648K, reserved 1048576K
}
Event: 12.671 GC heap before
{Heap before GC invocations=10 (full 1):
 PSYoungGen      total 28160K, used 11548K [0x00000000eab00000, 0x00000000ecc00000, 0x0000000100000000)
  eden space 23552K, 29% used [0x00000000eab00000,0x00000000eb1cc3f0,0x00000000ec200000)
  from space 4608K, 99% used [0x00000000ec700000,0x00000000ecb7ad20,0x00000000ecb80000)
  to   space 5120K, 0% used [0x00000000ec200000,0x00000000ec200000,0x00000000ec700000)
 ParOldGen       total 68608K, used 7531K [0x00000000c0000000, 0x00000000c4300000, 0x00000000eab00000)
  object space 68608K, 10% used [0x00000000c0000000,0x00000000c075ade8,0x00000000c4300000)
 Metaspace       used 35227K, committed 35840K, reserved 1114112K
  class space    used 3531K, committed 3776K, reserved 1048576K
}
Event: 12.677 GC heap after
{Heap after GC invocations=10 (full 1):
 PSYoungGen      total 26624K, used 2719K [0x00000000eab00000, 0x00000000ec900000, 0x0000000100000000)
  eden space 23552K, 0% used [0x00000000eab00000,0x00000000eab00000,0x00000000ec200000)
  from space 3072K, 88% used [0x00000000ec200000,0x00000000ec4a7e50,0x00000000ec500000)
  to   space 3584K, 0% used [0x00000000ec580000,0x00000000ec580000,0x00000000ec900000)
 ParOldGen       total 68608K, used 10056K [0x00000000c0000000, 0x00000000c4300000, 0x00000000eab00000)
  object space 68608K, 14% used [0x00000000c0000000,0x00000000c09d2340,0x00000000c4300000)
 Metaspace       used 35227K, committed 35840K, reserved 1114112K
  class space    used 3531K, committed 3776K, reserved 1048576K
}
Event: 12.677 GC heap before
{Heap before GC invocations=11 (full 2):
 PSYoungGen      total 26624K, used 2719K [0x00000000eab00000, 0x00000000ec900000, 0x0000000100000000)
  eden space 23552K, 0% used [0x00000000eab00000,0x00000000eab00000,0x00000000ec200000)
  from space 3072K, 88% used [0x00000000ec200000,0x00000000ec4a7e50,0x00000000ec500000)
  to   space 3584K, 0% used [0x00000000ec580000,0x00000000ec580000,0x00000000ec900000)
 ParOldGen       total 68608K, used 10056K [0x00000000c0000000, 0x00000000c4300000, 0x00000000eab00000)
  object space 68608K, 14% used [0x00000000c0000000,0x00000000c09d2340,0x00000000c4300000)
 Metaspace       used 35227K, committed 35840K, reserved 1114112K
  class space    used 3531K, committed 3776K, reserved 1048576K
}
Event: 12.726 GC heap after
{Heap after GC invocations=11 (full 2):
 PSYoungGen      total 26624K, used 0K [0x00000000eab00000, 0x00000000ec900000, 0x0000000100000000)
  eden space 23552K, 0% used [0x00000000eab00000,0x00000000eab00000,0x00000000ec200000)
  from space 3072K, 0% used [0x00000000ec200000,0x00000000ec200000,0x00000000ec500000)
  to   space 3584K, 0% used [0x00000000ec580000,0x00000000ec580000,0x00000000ec900000)
 ParOldGen       total 68608K, used 12581K [0x00000000c0000000, 0x00000000c4300000, 0x00000000eab00000)
  object space 68608K, 18% used [0x00000000c0000000,0x00000000c0c49468,0x00000000c4300000)
 Metaspace       used 35227K, committed 35840K, reserved 1114112K
  class space    used 3531K, committed 3776K, reserved 1048576K
}
Event: 13.557 GC heap before
{Heap before GC invocations=12 (full 2):
 PSYoungGen      total 26624K, used 23552K [0x00000000eab00000, 0x00000000ec900000, 0x0000000100000000)
  eden space 23552K, 100% used [0x00000000eab00000,0x00000000ec200000,0x00000000ec200000)
  from space 3072K, 0% used [0x00000000ec200000,0x00000000ec200000,0x00000000ec500000)
  to   space 3584K, 0% used [0x00000000ec580000,0x00000000ec580000,0x00000000ec900000)
 ParOldGen       total 68608K, used 12581K [0x00000000c0000000, 0x00000000c4300000, 0x00000000eab00000)
  object space 68608K, 18% used [0x00000000c0000000,0x00000000c0c49468,0x00000000c4300000)
 Metaspace       used 38038K, committed 38784K, reserved 1114112K
  class space    used 3841K, committed 4160K, reserved 1048576K
}
Event: 13.562 GC heap after
{Heap after GC invocations=12 (full 2):
 PSYoungGen      total 25088K, used 1647K [0x00000000eab00000, 0x00000000ec780000, 0x0000000100000000)
  eden space 23040K, 0% used [0x00000000eab00000,0x00000000eab00000,0x00000000ec180000)
  from space 2048K, 80% used [0x00000000ec580000,0x00000000ec71bc70,0x00000000ec780000)
  to   space 2560K, 0% used [0x00000000ec280000,0x00000000ec280000,0x00000000ec500000)
 ParOldGen       total 68608K, used 12589K [0x00000000c0000000, 0x00000000c4300000, 0x00000000eab00000)
  object space 68608K, 18% used [0x00000000c0000000,0x00000000c0c4b468,0x00000000c4300000)
 Metaspace       used 38038K, committed 38784K, reserved 1114112K
  class space    used 3841K, committed 4160K, reserved 1048576K
}
Event: 13.691 GC heap before
{Heap before GC invocations=13 (full 2):
 PSYoungGen      total 25088K, used 24687K [0x00000000eab00000, 0x00000000ec780000, 0x0000000100000000)
  eden space 23040K, 100% used [0x00000000eab00000,0x00000000ec180000,0x00000000ec180000)
  from space 2048K, 80% used [0x00000000ec580000,0x00000000ec71bc70,0x00000000ec780000)
  to   space 2560K, 0% used [0x00000000ec280000,0x00000000ec280000,0x00000000ec500000)
 ParOldGen       total 68608K, used 12589K [0x00000000c0000000, 0x00000000c4300000, 0x00000000eab00000)
  object space 68608K, 18% used [0x00000000c0000000,0x00000000c0c4b468,0x00000000c4300000)
 Metaspace       used 38228K, committed 38976K, reserved 1114112K
  class space    used 3867K, committed 4160K, reserved 1048576K
}
Event: 13.698 GC heap after
{Heap after GC invocations=13 (full 2):
 PSYoungGen      total 25088K, used 2080K [0x00000000eab00000, 0x00000000ec600000, 0x0000000100000000)
  eden space 22528K, 0% used [0x00000000eab00000,0x00000000eab00000,0x00000000ec100000)
  from space 2560K, 81% used [0x00000000ec280000,0x00000000ec488080,0x00000000ec500000)
  to   space 1024K, 0% used [0x00000000ec500000,0x00000000ec500000,0x00000000ec600000)
 ParOldGen       total 68608K, used 14155K [0x00000000c0000000, 0x00000000c4300000, 0x00000000eab00000)
  object space 68608K, 20% used [0x00000000c0000000,0x00000000c0dd2cb8,0x00000000c4300000)
 Metaspace       used 38228K, committed 38976K, reserved 1114112K
  class space    used 3867K, committed 4160K, reserved 1048576K
}

Dll operation events (10 events):
Event: 0.081 Loaded shared library c:\Users\vivin\.vscode\extensions\redhat.java-1.34.0-win32-x64\jre\17.0.12-win32-x86_64\bin\java.dll
Event: 0.657 Loaded shared library c:\Users\vivin\.vscode\extensions\redhat.java-1.34.0-win32-x64\jre\17.0.12-win32-x86_64\bin\zip.dll
Event: 0.697 Loaded shared library C:\Users\vivin\.vscode\extensions\redhat.java-1.34.0-win32-x64\jre\17.0.12-win32-x86_64\bin\instrument.dll
Event: 0.747 Loaded shared library C:\Users\vivin\.vscode\extensions\redhat.java-1.34.0-win32-x64\jre\17.0.12-win32-x86_64\bin\net.dll
Event: 0.754 Loaded shared library C:\Users\vivin\.vscode\extensions\redhat.java-1.34.0-win32-x64\jre\17.0.12-win32-x86_64\bin\nio.dll
Event: 0.773 Loaded shared library C:\Users\vivin\.vscode\extensions\redhat.java-1.34.0-win32-x64\jre\17.0.12-win32-x86_64\bin\zip.dll
Event: 0.828 Loaded shared library C:\Users\vivin\.vscode\extensions\redhat.java-1.34.0-win32-x64\jre\17.0.12-win32-x86_64\bin\jimage.dll
Event: 1.091 Loaded shared library c:\Users\vivin\.vscode\extensions\redhat.java-1.34.0-win32-x64\jre\17.0.12-win32-x86_64\bin\verify.dll
Event: 5.299 Loaded shared library C:\Users\vivin\AppData\Roaming\Code\User\globalStorage\redhat.java\1.34.0\config_ss_win\org.eclipse.equinox.launcher\org.eclipse.equinox.launcher.win32.win32.x86_64_1.2.1100.v20240722-2106\eclipse_11904.dll
Event: 8.473 Loaded shared library C:\Users\vivin\AppData\Local\Temp\jna-112220296\jna3067981942113181816.dll

Deoptimization events (20 events):
Event: 13.657 Thread 0x000001d28437a800 DEOPT PACKING pc=0x000001d2ebd21aa8 sp=0x0000001b986fd6f0
Event: 13.657 Thread 0x000001d28437a800 DEOPT UNPACKING pc=0x000001d2f2b56e43 sp=0x0000001b986fcbf8 mode 0
Event: 13.660 Thread 0x000001d28437a800 DEOPT PACKING pc=0x000001d2ebd2199a sp=0x0000001b986fd6f0
Event: 13.660 Thread 0x000001d28437a800 DEOPT UNPACKING pc=0x000001d2f2b56e43 sp=0x0000001b986fcbf8 mode 0
Event: 13.751 Thread 0x000001d28437a800 Uncommon trap: trap_request=0xffffffbe fr.pc=0x000001d2f3242758 relative=0x0000000000000618
Event: 13.751 Thread 0x000001d28437a800 Uncommon trap: reason=profile_predicate action=maybe_recompile pc=0x000001d2f3242758 method=org.eclipse.jdt.internal.core.util.HashtableOfArrayToObject.getKey([Ljava/lang/Object;I)[Ljava/lang/Object; @ 61 c2
Event: 13.751 Thread 0x000001d28437e4c0 Uncommon trap: trap_request=0xffffffbe fr.pc=0x000001d2f3242758 relative=0x0000000000000618
Event: 13.751 Thread 0x000001d28437a800 DEOPT PACKING pc=0x000001d2f3242758 sp=0x0000001b986fd780
Event: 13.751 Thread 0x000001d28437e4c0 Uncommon trap: reason=profile_predicate action=maybe_recompile pc=0x000001d2f3242758 method=org.eclipse.jdt.internal.core.util.HashtableOfArrayToObject.getKey([Ljava/lang/Object;I)[Ljava/lang/Object; @ 61 c2
Event: 13.751 Thread 0x000001d28437e4c0 DEOPT PACKING pc=0x000001d2f3242758 sp=0x0000001b988fd7d0
Event: 13.751 Thread 0x000001d28437a800 DEOPT UNPACKING pc=0x000001d2f2b566a3 sp=0x0000001b986fd730 mode 2
Event: 13.751 Thread 0x000001d28437e4c0 DEOPT UNPACKING pc=0x000001d2f2b566a3 sp=0x0000001b988fd780 mode 2
Event: 13.752 Thread 0x000001d284380320 Uncommon trap: trap_request=0xffffffbe fr.pc=0x000001d2f3242758 relative=0x0000000000000618
Event: 13.752 Thread 0x000001d284380320 Uncommon trap: reason=profile_predicate action=maybe_recompile pc=0x000001d2f3242758 method=org.eclipse.jdt.internal.core.util.HashtableOfArrayToObject.getKey([Ljava/lang/Object;I)[Ljava/lang/Object; @ 61 c2
Event: 13.752 Thread 0x000001d284380320 DEOPT PACKING pc=0x000001d2f3242758 sp=0x0000001b987fd8f0
Event: 13.752 Thread 0x000001d284380320 DEOPT UNPACKING pc=0x000001d2f2b566a3 sp=0x0000001b987fd8a0 mode 2
Event: 13.753 Thread 0x000001d28437a800 Uncommon trap: trap_request=0xffffffbe fr.pc=0x000001d2f3242758 relative=0x0000000000000618
Event: 13.753 Thread 0x000001d28437a800 Uncommon trap: reason=profile_predicate action=maybe_recompile pc=0x000001d2f3242758 method=org.eclipse.jdt.internal.core.util.HashtableOfArrayToObject.getKey([Ljava/lang/Object;I)[Ljava/lang/Object; @ 61 c2
Event: 13.753 Thread 0x000001d28437a800 DEOPT PACKING pc=0x000001d2f3242758 sp=0x0000001b986fd750
Event: 13.753 Thread 0x000001d28437a800 DEOPT UNPACKING pc=0x000001d2f2b566a3 sp=0x0000001b986fd700 mode 2

Classes loaded (20 events):
Event: 13.288 Loading class java/util/RegularEnumSet$EnumSetIterator
Event: 13.288 Loading class java/util/RegularEnumSet$EnumSetIterator done
Event: 13.293 Loading class java/nio/ByteBufferAsIntBufferL
Event: 13.294 Loading class java/nio/ByteBufferAsIntBufferL done
Event: 13.302 Loading class jdk/internal/jimage/ImageReader$Directory
Event: 13.302 Loading class jdk/internal/jimage/ImageReader$Directory done
Event: 13.377 Loading class java/nio/file/FileTreeWalker$DirectoryNode
Event: 13.377 Loading class java/nio/file/FileTreeWalker$DirectoryNode done
Event: 13.378 Loading class java/nio/file/FileTreeWalker$Event
Event: 13.378 Loading class java/nio/file/FileTreeWalker$Event done
Event: 13.378 Loading class java/nio/file/FileTreeWalker$EventType
Event: 13.378 Loading class java/nio/file/FileTreeWalker$EventType done
Event: 13.378 Loading class java/nio/file/Files$3
Event: 13.378 Loading class java/nio/file/Files$3 done
Event: 13.378 Loading class java/nio/file/FileVisitResult
Event: 13.378 Loading class java/nio/file/FileVisitResult done
Event: 13.568 Loading class java/nio/channels/Channels$ReadableByteChannelImpl
Event: 13.568 Loading class java/nio/channels/Channels$ReadableByteChannelImpl done
Event: 13.570 Loading class java/nio/channels/NonWritableChannelException
Event: 13.570 Loading class java/nio/channels/NonWritableChannelException done

Classes unloaded (7 events):
Event: 8.132 Thread 0x000001d2e89e6b10 Unloading class 0x000000010021a400 'java/lang/invoke/LambdaForm$MH+0x000000010021a400'
Event: 8.132 Thread 0x000001d2e89e6b10 Unloading class 0x000000010021a000 'java/lang/invoke/LambdaForm$MH+0x000000010021a000'
Event: 8.132 Thread 0x000001d2e89e6b10 Unloading class 0x0000000100219c00 'java/lang/invoke/LambdaForm$MH+0x0000000100219c00'
Event: 8.132 Thread 0x000001d2e89e6b10 Unloading class 0x0000000100219800 'java/lang/invoke/LambdaForm$MH+0x0000000100219800'
Event: 8.132 Thread 0x000001d2e89e6b10 Unloading class 0x0000000100219400 'java/lang/invoke/LambdaForm$BMH+0x0000000100219400'
Event: 8.132 Thread 0x000001d2e89e6b10 Unloading class 0x0000000100219000 'java/lang/invoke/LambdaForm$DMH+0x0000000100219000'
Event: 8.132 Thread 0x000001d2e89e6b10 Unloading class 0x0000000100214400 'java/lang/invoke/LambdaForm$DMH+0x0000000100214400'

Classes redefined (0 events):
No events

Internal exceptions (20 events):
Event: 13.087 Thread 0x000001d28437a800 Exception <a 'java/lang/NoSuchMethodError'{0x00000000eb359040}: 'void java.lang.invoke.DirectMethodHandle$Holder.invokeStaticInit(java.lang.Object, java.lang.Object, java.lang.Object)'> (0x00000000eb359040) 
thrown [s\src\hotspot\share\interpreter\linkResolver.cpp, line 759]
Event: 13.137 Thread 0x000001d2fdb30ee0 Exception <a 'sun/nio/fs/WindowsException'{0x00000000eb5b8a20}> (0x00000000eb5b8a20) 
thrown [s\src\hotspot\share\prims\jni.cpp, line 516]
Event: 13.138 Thread 0x000001d2fdb30ee0 Exception <a 'sun/nio/fs/WindowsException'{0x00000000eb5b97b0}> (0x00000000eb5b97b0) 
thrown [s\src\hotspot\share\prims\jni.cpp, line 516]
Event: 13.139 Thread 0x000001d2fdb30ee0 Exception <a 'sun/nio/fs/WindowsException'{0x00000000eb5ba8b8}> (0x00000000eb5ba8b8) 
thrown [s\src\hotspot\share\prims\jni.cpp, line 516]
Event: 13.139 Thread 0x000001d2fdb30ee0 Exception <a 'sun/nio/fs/WindowsException'{0x00000000eb5bb3c0}> (0x00000000eb5bb3c0) 
thrown [s\src\hotspot\share\prims\jni.cpp, line 516]
Event: 13.143 Thread 0x000001d2fdb30ee0 Exception <a 'sun/nio/fs/WindowsException'{0x00000000eb5e8c80}> (0x00000000eb5e8c80) 
thrown [s\src\hotspot\share\prims\jni.cpp, line 516]
Event: 13.143 Thread 0x000001d2fdb30ee0 Exception <a 'sun/nio/fs/WindowsException'{0x00000000eb5e9788}> (0x00000000eb5e9788) 
thrown [s\src\hotspot\share\prims\jni.cpp, line 516]
Event: 13.148 Thread 0x000001d2fdb30ee0 Exception <a 'sun/nio/fs/WindowsException'{0x00000000eb6141a8}> (0x00000000eb6141a8) 
thrown [s\src\hotspot\share\prims\jni.cpp, line 516]
Event: 13.148 Thread 0x000001d2fdb30ee0 Exception <a 'sun/nio/fs/WindowsException'{0x00000000eb614cb0}> (0x00000000eb614cb0) 
thrown [s\src\hotspot\share\prims\jni.cpp, line 516]
Event: 13.151 Thread 0x000001d2fdb30ee0 Exception <a 'sun/nio/fs/WindowsException'{0x00000000eb616520}> (0x00000000eb616520) 
thrown [s\src\hotspot\share\prims\jni.cpp, line 516]
Event: 13.151 Thread 0x000001d2fdb30ee0 Exception <a 'sun/nio/fs/WindowsException'{0x00000000eb616e00}> (0x00000000eb616e00) 
thrown [s\src\hotspot\share\prims\jni.cpp, line 516]
Event: 13.151 Thread 0x000001d2fdb30ee0 Exception <a 'sun/nio/fs/WindowsException'{0x00000000eb6179e0}> (0x00000000eb6179e0) 
thrown [s\src\hotspot\share\prims\jni.cpp, line 516]
Event: 13.151 Thread 0x000001d2fdb30ee0 Exception <a 'sun/nio/fs/WindowsException'{0x00000000eb6185f0}> (0x00000000eb6185f0) 
thrown [s\src\hotspot\share\prims\jni.cpp, line 516]
Event: 13.152 Thread 0x000001d2fdb30ee0 Exception <a 'sun/nio/fs/WindowsException'{0x00000000eb619230}> (0x00000000eb619230) 
thrown [s\src\hotspot\share\prims\jni.cpp, line 516]
Event: 13.152 Thread 0x000001d2fdb30ee0 Exception <a 'sun/nio/fs/WindowsException'{0x00000000eb619b10}> (0x00000000eb619b10) 
thrown [s\src\hotspot\share\prims\jni.cpp, line 516]
Event: 13.154 Thread 0x000001d2fdb30ee0 Exception <a 'sun/nio/fs/WindowsException'{0x00000000eb61b290}> (0x00000000eb61b290) 
thrown [s\src\hotspot\share\prims\jni.cpp, line 516]
Event: 13.154 Thread 0x000001d2fdb30ee0 Exception <a 'sun/nio/fs/WindowsException'{0x00000000eb61bb70}> (0x00000000eb61bb70) 
thrown [s\src\hotspot\share\prims\jni.cpp, line 516]
Event: 13.157 Thread 0x000001d2fdb30ee0 Exception <a 'java/lang/NoSuchMethodError'{0x00000000eb62fc80}: 'void java.lang.invoke.DirectMethodHandle$Holder.invokeVirtual(java.lang.Object, java.lang.Object, java.lang.Object, java.lang.Object)'> (0x00000000eb62fc80) 
thrown [s\src\hotspot\share\interpreter\linkResolver.cpp, line 759]
Event: 13.222 Thread 0x000001d2fdb30ee0 Exception <a 'java/lang/NoSuchMethodError'{0x00000000eb838268}: 'java.lang.Object java.lang.invoke.DirectMethodHandle$Holder.newInvokeSpecial(java.lang.Object, java.lang.Object, java.lang.Object, java.lang.Object, java.lang.Object, java.lang.Object)'> (0x00000000eb838268) 
thrown [s\src\hotspot\share\interpreter\linkResolver.cpp, line 759]
Event: 13.260 Thread 0x000001d28437a800 Exception <a 'java/lang/NoSuchMethodError'{0x00000000eb937038}: 'java.lang.Object java.lang.invoke.Invokers$Holder.invoke_MT(java.lang.Object, java.lang.Object, java.lang.Object)'> (0x00000000eb937038) 
thrown [s\src\hotspot\share\interpreter\linkResolver.cpp, line 759]

VM Operations (20 events):
Event: 12.274 Executing VM operation: ParallelGCFailedAllocation
Event: 12.279 Executing VM operation: ParallelGCFailedAllocation done
Event: 12.642 Executing VM operation: HandshakeAllThreads
Event: 12.642 Executing VM operation: HandshakeAllThreads done
Event: 12.671 Executing VM operation: CollectForMetadataAllocation
Event: 12.726 Executing VM operation: CollectForMetadataAllocation done
Event: 13.218 Executing VM operation: HandshakeAllThreads
Event: 13.218 Executing VM operation: HandshakeAllThreads done
Event: 13.295 Executing VM operation: HandshakeAllThreads
Event: 13.295 Executing VM operation: HandshakeAllThreads done
Event: 13.295 Executing VM operation: HandshakeAllThreads
Event: 13.295 Executing VM operation: HandshakeAllThreads done
Event: 13.301 Executing VM operation: HandshakeAllThreads
Event: 13.301 Executing VM operation: HandshakeAllThreads done
Event: 13.557 Executing VM operation: ParallelGCFailedAllocation
Event: 13.563 Executing VM operation: ParallelGCFailedAllocation done
Event: 13.569 Executing VM operation: HandshakeAllThreads
Event: 13.569 Executing VM operation: HandshakeAllThreads done
Event: 13.691 Executing VM operation: ParallelGCFailedAllocation
Event: 13.700 Executing VM operation: ParallelGCFailedAllocation done

Events (20 events):
Event: 8.607 Thread 0x000001d2fdb30ee0 Thread added: 0x000001d2fdb30ee0
Event: 8.726 Thread 0x000001d2fdb32830 Thread added: 0x000001d2fdb32830
Event: 9.173 Thread 0x000001d2fe731040 Thread added: 0x000001d2fe731040
Event: 9.466 Thread 0x000001d2fe731040 Thread exited: 0x000001d2fe731040
Event: 10.111 Thread 0x000001d2feef5c30 Thread added: 0x000001d2feef5c30
Event: 10.852 Thread 0x000001d2fdb2f080 Thread added: 0x000001d2fdb2f080
Event: 11.082 Thread 0x000001d2fdb2f080 Thread exited: 0x000001d2fdb2f080
Event: 11.582 Thread 0x000001d2fdb313f0 Thread added: 0x000001d2fdb313f0
Event: 11.583 Thread 0x000001d2fdb31900 Thread added: 0x000001d2fdb31900
Event: 11.583 Thread 0x000001d2fdb31e10 Thread added: 0x000001d2fdb31e10
Event: 11.583 Thread 0x000001d2fdb2ffb0 Thread added: 0x000001d2fdb2ffb0
Event: 11.584 Thread 0x000001d2fdb32320 Thread added: 0x000001d2fdb32320
Event: 11.673 Thread 0x000001d2fdb2f080 Thread added: 0x000001d2fdb2f080
Event: 11.676 Thread 0x000001d2feef5c30 Thread exited: 0x000001d2feef5c30
Event: 12.224 Thread 0x000001d28437daa0 Thread added: 0x000001d28437daa0
Event: 12.225 Thread 0x000001d28437b730 Thread added: 0x000001d28437b730
Event: 13.035 Thread 0x000001d28437a800 Thread added: 0x000001d28437a800
Event: 13.040 Thread 0x000001d284380320 Thread added: 0x000001d284380320
Event: 13.070 Thread 0x000001d28437e4c0 Thread added: 0x000001d28437e4c0
Event: 13.613 Thread 0x000001d2ff086030 Thread added: 0x000001d2ff086030


Dynamic libraries:
0x00007ff7446f0000 - 0x00007ff7446fe000 	c:\Users\vivin\.vscode\extensions\redhat.java-1.34.0-win32-x64\jre\17.0.12-win32-x86_64\bin\java.exe
0x00007ffbdbd30000 - 0x00007ffbdbf47000 	C:\WINDOWS\SYSTEM32\ntdll.dll
0x00007ffbdaa10000 - 0x00007ffbdaad4000 	C:\WINDOWS\System32\KERNEL32.DLL
0x00007ffbd9420000 - 0x00007ffbd97cd000 	C:\WINDOWS\System32\KERNELBASE.dll
0x00007ffbd9910000 - 0x00007ffbd9a21000 	C:\WINDOWS\System32\ucrtbase.dll
0x00007ffbd5780000 - 0x00007ffbd5797000 	c:\Users\vivin\.vscode\extensions\redhat.java-1.34.0-win32-x64\jre\17.0.12-win32-x86_64\bin\jli.dll
0x00007ffbdafb0000 - 0x00007ffbdb15e000 	C:\WINDOWS\System32\USER32.dll
0x00007ffbd9260000 - 0x00007ffbd9286000 	C:\WINDOWS\System32\win32u.dll
0x00007ffbdaf60000 - 0x00007ffbdaf89000 	C:\WINDOWS\System32\GDI32.dll
0x00007ffbd9300000 - 0x00007ffbd9419000 	C:\WINDOWS\System32\gdi32full.dll
0x00007ffbd91c0000 - 0x00007ffbd925a000 	C:\WINDOWS\System32\msvcp_win.dll
0x00007ffbd5730000 - 0x00007ffbd574b000 	c:\Users\vivin\.vscode\extensions\redhat.java-1.34.0-win32-x64\jre\17.0.12-win32-x86_64\bin\VCRUNTIME140.dll
0x00007ffbbb740000 - 0x00007ffbbb9d3000 	C:\WINDOWS\WinSxS\amd64_microsoft.windows.common-controls_6595b64144ccf1df_6.0.22621.3672_none_2713b9d173822955\COMCTL32.dll
0x00007ffbdad90000 - 0x00007ffbdae37000 	C:\WINDOWS\System32\msvcrt.dll
0x00007ffbdac90000 - 0x00007ffbdacc1000 	C:\WINDOWS\System32\IMM32.DLL
0x00007ffbd61e0000 - 0x00007ffbd61ec000 	c:\Users\vivin\.vscode\extensions\redhat.java-1.34.0-win32-x64\jre\17.0.12-win32-x86_64\bin\vcruntime140_1.dll
0x00007ffbd3f40000 - 0x00007ffbd3fcd000 	c:\Users\vivin\.vscode\extensions\redhat.java-1.34.0-win32-x64\jre\17.0.12-win32-x86_64\bin\msvcp140.dll
0x00007ffb57af0000 - 0x00007ffb5875a000 	c:\Users\vivin\.vscode\extensions\redhat.java-1.34.0-win32-x64\jre\17.0.12-win32-x86_64\bin\server\jvm.dll
0x00007ffbd9a70000 - 0x00007ffbd9b22000 	C:\WINDOWS\System32\ADVAPI32.dll
0x00007ffbd9ca0000 - 0x00007ffbd9d49000 	C:\WINDOWS\System32\sechost.dll
0x00007ffbd9a30000 - 0x00007ffbd9a58000 	C:\WINDOWS\System32\bcrypt.dll
0x00007ffbdae40000 - 0x00007ffbdaf54000 	C:\WINDOWS\System32\RPCRT4.dll
0x00007ffbd9d70000 - 0x00007ffbd9de1000 	C:\WINDOWS\System32\WS2_32.dll
0x00007ffbd8f20000 - 0x00007ffbd8f6d000 	C:\WINDOWS\SYSTEM32\POWRPROF.dll
0x00007ffbd1670000 - 0x00007ffbd16a4000 	C:\WINDOWS\SYSTEM32\WINMM.dll
0x00007ffbd06e0000 - 0x00007ffbd06ea000 	C:\WINDOWS\SYSTEM32\VERSION.dll
0x00007ffbd8d50000 - 0x00007ffbd8d63000 	C:\WINDOWS\SYSTEM32\UMPDC.dll
0x00007ffbd80a0000 - 0x00007ffbd80b8000 	C:\WINDOWS\SYSTEM32\kernel.appcore.dll
0x00007ffbd5710000 - 0x00007ffbd571a000 	c:\Users\vivin\.vscode\extensions\redhat.java-1.34.0-win32-x64\jre\17.0.12-win32-x86_64\bin\jimage.dll
0x00007ffbd3a20000 - 0x00007ffbd3c52000 	C:\WINDOWS\SYSTEM32\DBGHELP.DLL
0x00007ffbdb160000 - 0x00007ffbdb4ee000 	C:\WINDOWS\System32\combase.dll
0x00007ffbd9bc0000 - 0x00007ffbd9c97000 	C:\WINDOWS\System32\OLEAUT32.dll
0x00007ffbcd860000 - 0x00007ffbcd892000 	C:\WINDOWS\SYSTEM32\dbgcore.DLL
0x00007ffbd9890000 - 0x00007ffbd990b000 	C:\WINDOWS\System32\bcryptPrimitives.dll
0x00007ffbd55a0000 - 0x00007ffbd55ae000 	c:\Users\vivin\.vscode\extensions\redhat.java-1.34.0-win32-x64\jre\17.0.12-win32-x86_64\bin\instrument.dll
0x00007ffbd2b40000 - 0x00007ffbd2b65000 	c:\Users\vivin\.vscode\extensions\redhat.java-1.34.0-win32-x64\jre\17.0.12-win32-x86_64\bin\java.dll
0x00007ffbd5420000 - 0x00007ffbd5438000 	c:\Users\vivin\.vscode\extensions\redhat.java-1.34.0-win32-x64\jre\17.0.12-win32-x86_64\bin\zip.dll
0x00007ffbd9f90000 - 0x00007ffbda7f7000 	C:\WINDOWS\System32\SHELL32.dll
0x00007ffbd6fd0000 - 0x00007ffbd78cf000 	C:\WINDOWS\SYSTEM32\windows.storage.dll
0x00007ffbd6e90000 - 0x00007ffbd6fcf000 	C:\WINDOWS\SYSTEM32\wintypes.dll
0x00007ffbda810000 - 0x00007ffbda909000 	C:\WINDOWS\System32\SHCORE.dll
0x00007ffbd9f30000 - 0x00007ffbd9f8e000 	C:\WINDOWS\System32\shlwapi.dll
0x00007ffbd8f80000 - 0x00007ffbd8fa7000 	C:\WINDOWS\SYSTEM32\profapi.dll
0x00007ffbd3f20000 - 0x00007ffbd3f39000 	C:\Users\vivin\.vscode\extensions\redhat.java-1.34.0-win32-x64\jre\17.0.12-win32-x86_64\bin\net.dll
0x00007ffbd1330000 - 0x00007ffbd1466000 	C:\WINDOWS\SYSTEM32\WINHTTP.dll
0x00007ffbd8510000 - 0x00007ffbd8579000 	C:\WINDOWS\system32\mswsock.dll
0x00007ffbd2a70000 - 0x00007ffbd2a86000 	C:\Users\vivin\.vscode\extensions\redhat.java-1.34.0-win32-x64\jre\17.0.12-win32-x86_64\bin\nio.dll
0x00007ffbd5590000 - 0x00007ffbd55a0000 	c:\Users\vivin\.vscode\extensions\redhat.java-1.34.0-win32-x64\jre\17.0.12-win32-x86_64\bin\verify.dll
0x00007ffbc63a0000 - 0x00007ffbc63e5000 	C:\Users\vivin\AppData\Roaming\Code\User\globalStorage\redhat.java\1.34.0\config_ss_win\org.eclipse.equinox.launcher\org.eclipse.equinox.launcher.win32.win32.x86_64_1.2.1100.v20240722-2106\eclipse_11904.dll
0x00007ffbdaae0000 - 0x00007ffbdac85000 	C:\WINDOWS\System32\ole32.dll
0x00007ffbd8760000 - 0x00007ffbd877b000 	C:\WINDOWS\SYSTEM32\CRYPTSP.dll
0x00007ffbd8000000 - 0x00007ffbd8035000 	C:\WINDOWS\system32\rsaenh.dll
0x00007ffbd8600000 - 0x00007ffbd8628000 	C:\WINDOWS\SYSTEM32\USERENV.dll
0x00007ffbd8780000 - 0x00007ffbd878c000 	C:\WINDOWS\SYSTEM32\CRYPTBASE.dll
0x00007ffbd7a10000 - 0x00007ffbd7a3d000 	C:\WINDOWS\SYSTEM32\IPHLPAPI.DLL
0x00007ffbda800000 - 0x00007ffbda809000 	C:\WINDOWS\System32\NSI.dll
0x00007ffbd0dc0000 - 0x00007ffbd0dd9000 	C:\WINDOWS\SYSTEM32\dhcpcsvc6.DLL
0x00007ffbd0cc0000 - 0x00007ffbd0cdf000 	C:\WINDOWS\SYSTEM32\dhcpcsvc.DLL
0x00007ffbd7ab0000 - 0x00007ffbd7ba8000 	C:\WINDOWS\SYSTEM32\DNSAPI.dll
0x00007ffbc4fb0000 - 0x00007ffbc4ff5000 	C:\Users\vivin\AppData\Local\Temp\jna-112220296\jna3067981942113181816.dll
0x00007ffbd9ed0000 - 0x00007ffbd9ed8000 	C:\WINDOWS\System32\PSAPI.DLL

dbghelp: loaded successfully - version: 4.0.5 - missing functions: none
symbol engine: initialized successfully - sym options: 0x614 - pdb path: .;c:\Users\vivin\.vscode\extensions\redhat.java-1.34.0-win32-x64\jre\17.0.12-win32-x86_64\bin;C:\WINDOWS\SYSTEM32;C:\WINDOWS\WinSxS\amd64_microsoft.windows.common-controls_6595b64144ccf1df_6.0.22621.3672_none_2713b9d173822955;c:\Users\vivin\.vscode\extensions\redhat.java-1.34.0-win32-x64\jre\17.0.12-win32-x86_64\bin\server;C:\Users\vivin\AppData\Roaming\Code\User\globalStorage\redhat.java\1.34.0\config_ss_win\org.eclipse.equinox.launcher\org.eclipse.equinox.launcher.win32.win32.x86_64_1.2.1100.v20240722-2106;C:\Users\vivin\AppData\Local\Temp\jna-112220296

VM Arguments:
jvm_args: --add-modules=ALL-SYSTEM --add-opens=java.base/java.util=ALL-UNNAMED --add-opens=java.base/java.lang=ALL-UNNAMED --add-opens=java.base/sun.nio.fs=ALL-UNNAMED -Declipse.application=org.eclipse.jdt.ls.core.id1 -Dosgi.bundles.defaultStartLevel=4 -Declipse.product=org.eclipse.jdt.ls.core.product -Djava.import.generatesMetadataFilesAtProjectRoot=false -DDetectVMInstallationsJob.disabled=true -Dfile.encoding=utf8 -XX:+UseParallelGC -XX:GCTimeRatio=4 -XX:AdaptiveSizePolicyWeight=90 -Dsun.zip.disableMemoryMapping=true -Xmx1G -Xms100m -Xlog:disable -javaagent:c:\Users\vivin\.vscode\extensions\redhat.java-1.34.0-win32-x64\lombok\lombok-1.18.33.jar 
java_command: c:\Users\vivin\.vscode\extensions\redhat.java-1.34.0-win32-x64\server\plugins\org.eclipse.equinox.launcher_1.6.900.v20240613-2009.jar -configuration c:\Users\vivin\AppData\Roaming\Code\User\globalStorage\redhat.java\1.34.0\config_ss_win -data c:\Users\vivin\AppData\Roaming\Code\User\workspaceStorage\03aef4cec3476b10e38d3aef6a71f36d\redhat.java\ss_ws --pipe=\\.\pipe\lsp-6add986b2cdd8c0e829f67140aba02f7-sock
java_class_path (initial): c:\Users\vivin\.vscode\extensions\redhat.java-1.34.0-win32-x64\server\plugins\org.eclipse.equinox.launcher_1.6.900.v20240613-2009.jar
Launcher Type: SUN_STANDARD

[Global flags]
    uintx AdaptiveSizePolicyWeight                 = 90                                        {product} {command line}
     intx CICompilerCount                          = 3                                         {product} {ergonomic}
    uintx GCTimeRatio                              = 4                                         {product} {command line}
   size_t InitialHeapSize                          = 104857600                                 {product} {command line}
   size_t MaxHeapSize                              = 1073741824                                {product} {command line}
   size_t MaxNewSize                               = 357564416                                 {product} {ergonomic}
   size_t MinHeapDeltaBytes                        = 524288                                    {product} {ergonomic}
   size_t MinHeapSize                              = 104857600                                 {product} {command line}
   size_t NewSize                                  = 34603008                                  {product} {ergonomic}
    uintx NonNMethodCodeHeapSize                   = 5832780                                {pd product} {ergonomic}
    uintx NonProfiledCodeHeapSize                  = 122912730                              {pd product} {ergonomic}
   size_t OldSize                                  = 70254592                                  {product} {ergonomic}
    uintx ProfiledCodeHeapSize                     = 122912730                              {pd product} {ergonomic}
    uintx ReservedCodeCacheSize                    = 251658240                              {pd product} {ergonomic}
     bool SegmentedCodeCache                       = true                                      {product} {ergonomic}
   size_t SoftMaxHeapSize                          = 1073741824                             {manageable} {ergonomic}
     bool UseCompressedClassPointers               = true                           {product lp64_product} {ergonomic}
     bool UseCompressedOops                        = true                           {product lp64_product} {ergonomic}
     bool UseLargePagesIndividualAllocation        = false                                  {pd product} {ergonomic}
     bool UseParallelGC                            = true                                      {product} {command line}

Logging:
Log output configuration:
 #0: stdout all=off uptime,level,tags
 #1: stderr all=off uptime,level,tags

Environment Variables:
PATH=C:\Program Files\Common Files\Oracle\Java\javapath;C:\WINDOWS\system32;C:\WINDOWS;C:\WINDOWS\System32\Wbem;C:\WINDOWS\System32\WindowsPowerShell\v1.0\;C:\WINDOWS\System32\OpenSSH\;%JAVA_HOME%\bin;C:\Program Files\nodejs\;C:\Program Files\Git\cmd;C:\Program Files\MySQL\MySQL Shell 8.0\bin\;C:\Users\vivin\AppData\Local\Microsoft\WindowsApps;C:\Users\vivin\AppData\Local\Programs\Microsoft VS Code\bin;C:\Users\vivin\AppData\Roaming\npm
USERNAME=vivin
OS=Windows_NT
PROCESSOR_IDENTIFIER=AMD64 Family 23 Model 24 Stepping 1, AuthenticAMD
TMP=C:\Users\vivin\AppData\Local\Temp
TEMP=C:\Users\vivin\AppData\Local\Temp



Periodic native trim disabled


---------------  S Y S T E M  ---------------

OS:
 Windows 11 , 64 bit Build 22621 (10.0.22621.3958)
OS uptime: 2 days 8:57 hours

CPU: total 4 (initial active 4) (4 cores per cpu, 2 threads per core) family 23 model 24 stepping 1 microcode 0x0, cx8, cmov, fxsr, ht, mmx, 3dnowpref, sse, sse2, sse3, ssse3, sse4a, sse4.1, sse4.2, popcnt, lzcnt, tsc, tscinvbit, avx, avx2, aes, clmul, bmi1, bmi2, adx, sha, fma, vzeroupper, clflush, clflushopt
Processor Information for all 4 processors :
  Max Mhz: 2600, Current Mhz: 2600, Mhz Limit: 2600

Memory: 4k page, system-wide physical 6086M (918M free)
TotalPageFile size 24518M (AvailPageFile size 5M)
current process WorkingSet (physical memory assigned to process): 158M, peak: 158M
current process commit charge ("private bytes"): 238M, peak: 246M

vm_info: OpenJDK 64-Bit Server VM (17.0.12+7) for windows-amd64 JRE (17.0.12+7), built on Jul 16 2024 22:08:24 by "admin" with MS VC++ 16.10 / 16.11 (VS2019)

END.
