#
# There is insufficient memory for the Java Runtime Environment to continue.
# Native memory allocation (malloc) failed to allocate 435792 bytes. Error detail: Chunk::new
# Possible reasons:
#   The system is out of physical RAM or swap space
#   This process is running with CompressedOops enabled, and the Java Heap may be blocking the growth of the native heap
# Possible solutions:
#   Reduce memory load on the system
#   Increase physical memory or swap space
#   Check if swap backing store is full
#   Decrease Java heap size (-Xmx/-Xms)
#   Decrease number of Java threads
#   Decrease Java thread stack sizes (-Xss)
#   Set larger code cache with -XX:ReservedCodeCacheSize=
#   JVM is running with Unscaled Compressed Oops mode in which the Java heap is
#     placed in the first 4GB address space. The Java Heap base address is the
#     maximum limit for the native heap growth. Please use -XX:HeapBaseMinAddress
#     to set the Java Heap base and to place the Java Heap above 4GB virtual address.
# This output file may be truncated or incomplete.
#
#  Out of Memory Error (arena.cpp:191), pid=8796, tid=22680
#
# JRE version: OpenJDK Runtime Environment Temurin-17.0.12+7 (17.0.12+7) (build 17.0.12+7)
# Java VM: OpenJDK 64-Bit Server VM Temurin-17.0.12+7 (17.0.12+7, mixed mode, tiered, compressed oops, compressed class ptrs, parallel gc, windows-amd64)
# No core dump will be written. Minidumps are not enabled by default on client versions of Windows
#

---------------  S U M M A R Y ------------

Command Line: --add-modules=ALL-SYSTEM --add-opens=java.base/java.util=ALL-UNNAMED --add-opens=java.base/java.lang=ALL-UNNAMED --add-opens=java.base/sun.nio.fs=ALL-UNNAMED -Declipse.application=org.eclipse.jdt.ls.core.id1 -Dosgi.bundles.defaultStartLevel=4 -Declipse.product=org.eclipse.jdt.ls.core.product -Djava.import.generatesMetadataFilesAtProjectRoot=false -DDetectVMInstallationsJob.disabled=true -Dfile.encoding=utf8 -XX:+UseParallelGC -XX:GCTimeRatio=4 -XX:AdaptiveSizePolicyWeight=90 -Dsun.zip.disableMemoryMapping=true -Xmx1G -Xms100m -Xlog:disable -javaagent:c:\Users\vivin\.vscode\extensions\redhat.java-1.34.0-win32-x64\lombok\lombok-1.18.33.jar -XX:+HeapDumpOnOutOfMemoryError -XX:HeapDumpPath=c:\Users\vivin\AppData\Roaming\Code\User\workspaceStorage\03aef4cec3476b10e38d3aef6a71f36d\redhat.java -Daether.dependencyCollector.impl=bf c:\Users\vivin\.vscode\extensions\redhat.java-1.34.0-win32-x64\server\plugins\org.eclipse.equinox.launcher_1.6.900.v20240613-2009.jar -configuration c:\Users\vivin\AppData\Roaming\Code\User\globalStorage\redhat.java\1.34.0\config_win -data c:\Users\vivin\AppData\Roaming\Code\User\workspaceStorage\03aef4cec3476b10e38d3aef6a71f36d\redhat.java\jdt_ws --pipe=\\.\pipe\lsp-21773fbcbb5e154a457f04f6dd873e95-sock

Host: AMD Ryzen 3 3250U with Radeon Graphics         , 4 cores, 5G,  Windows 11 , 64 bit Build 22621 (10.0.22621.3958)
Time: Tue Sep 17 22:07:39 2024 India Standard Time elapsed time: 72.438181 seconds (0d 0h 1m 12s)

---------------  T H R E A D  ---------------

Current thread (0x000001c819d5cf50):  JavaThread "C2 CompilerThread0" daemon [_thread_in_native, id=22680, stack(0x0000003a67b00000,0x0000003a67c00000)]


Current CompileTask:
C2:  72438 12738       4       org.eclipse.jdt.core.Signature::appendTypeSignature (513 bytes)

Stack: [0x0000003a67b00000,0x0000003a67c00000]
Native frames: (J=compiled Java code, j=interpreted, Vv=VM code, C=native code)
V  [jvm.dll+0x67f929]
V  [jvm.dll+0x8371ba]
V  [jvm.dll+0x838c7e]
V  [jvm.dll+0x8392e3]
V  [jvm.dll+0x24834f]
V  [jvm.dll+0xac9d4]
V  [jvm.dll+0xad01c]
V  [jvm.dll+0x3674a7]
V  [jvm.dll+0x1bd376]
V  [jvm.dll+0x21aa09]
V  [jvm.dll+0x219cf1]
V  [jvm.dll+0x1a58bd]
V  [jvm.dll+0x229a2d]
V  [jvm.dll+0x227bdc]
V  [jvm.dll+0x7ec1f7]
V  [jvm.dll+0x7e65dc]
V  [jvm.dll+0x67e7f7]
C  [ucrtbase.dll+0x29333]
C  [KERNEL32.DLL+0x1257d]
C  [ntdll.dll+0x5af28]


---------------  P R O C E S S  ---------------

Threads class SMR info:
_java_thread_list=0x000001c82cbb5fd0, length=46, elements={
0x000001c805eecc50, 0x000001c819d29020, 0x000001c819d2a190, 0x000001c819d56310,
0x000001c819d56be0, 0x000001c819d576b0, 0x000001c819d5a190, 0x000001c819d5cf50,
0x000001c81ef0bde0, 0x000001c81ef2aaa0, 0x000001c805f4bd50, 0x000001c81f1e1850,
0x000001c81f882ad0, 0x000001c81f837f90, 0x000001c81f8388f0, 0x000001c8200297d0,
0x000001c81f5defc0, 0x000001c81ff48060, 0x000001c81ff49ec0, 0x000001c81ff4a3d0,
0x000001c81ff48f90, 0x000001c81ff494a0, 0x000001c81ff4a8e0, 0x000001c81ff4adf0,
0x000001c81ff499b0, 0x000001c81ff4b300, 0x000001c81ff4b810, 0x000001c821efb5d0,
0x000001c821efbae0, 0x000001c821efbff0, 0x000001c821efabb0, 0x000001c821efa6a0,
0x000001c821efb0c0, 0x000001c821efca10, 0x000001c821ef9c80, 0x000001c821ef9770,
0x000001c821efcf20, 0x000001c81ff48a80, 0x000001c821efc500, 0x000001c823fc9110,
0x000001c823fc35f0, 0x000001c823fc81e0, 0x000001c823fc8c00, 0x000001c823fc26c0,
0x000001c823fc4520, 0x000001c823fc4a30
}

Java Threads: ( => current thread )
  0x000001c805eecc50 JavaThread "main" [_thread_blocked, id=33396, stack(0x0000003a67200000,0x0000003a67300000)]
  0x000001c819d29020 JavaThread "Reference Handler" daemon [_thread_blocked, id=25820, stack(0x0000003a67500000,0x0000003a67600000)]
  0x000001c819d2a190 JavaThread "Finalizer" daemon [_thread_blocked, id=29152, stack(0x0000003a67600000,0x0000003a67700000)]
  0x000001c819d56310 JavaThread "Signal Dispatcher" daemon [_thread_blocked, id=21268, stack(0x0000003a67700000,0x0000003a67800000)]
  0x000001c819d56be0 JavaThread "Attach Listener" daemon [_thread_blocked, id=33304, stack(0x0000003a67800000,0x0000003a67900000)]
  0x000001c819d576b0 JavaThread "Service Thread" daemon [_thread_blocked, id=23804, stack(0x0000003a67900000,0x0000003a67a00000)]
  0x000001c819d5a190 JavaThread "Monitor Deflation Thread" daemon [_thread_blocked, id=20464, stack(0x0000003a67a00000,0x0000003a67b00000)]
=>0x000001c819d5cf50 JavaThread "C2 CompilerThread0" daemon [_thread_in_native, id=22680, stack(0x0000003a67b00000,0x0000003a67c00000)]
  0x000001c81ef0bde0 JavaThread "C1 CompilerThread0" daemon [_thread_in_native, id=20412, stack(0x0000003a67c00000,0x0000003a67d00000)]
  0x000001c81ef2aaa0 JavaThread "Sweeper thread" daemon [_thread_blocked, id=32472, stack(0x0000003a67d00000,0x0000003a67e00000)]
  0x000001c805f4bd50 JavaThread "Common-Cleaner" daemon [_thread_blocked, id=32552, stack(0x0000003a67e00000,0x0000003a67f00000)]
  0x000001c81f1e1850 JavaThread "Notification Thread" daemon [_thread_blocked, id=32836, stack(0x0000003a67f00000,0x0000003a68000000)]
  0x000001c81f882ad0 JavaThread "Active Thread: Equinox Container: 96429fe7-8276-4ffa-b61e-90a69a7edd45" [_thread_blocked, id=17912, stack(0x0000003a68500000,0x0000003a68600000)]
  0x000001c81f837f90 JavaThread "Framework Event Dispatcher: Equinox Container: 96429fe7-8276-4ffa-b61e-90a69a7edd45" daemon [_thread_blocked, id=33704, stack(0x0000003a68600000,0x0000003a68700000)]
  0x000001c81f8388f0 JavaThread "Start Level: Equinox Container: 96429fe7-8276-4ffa-b61e-90a69a7edd45" daemon [_thread_blocked, id=18904, stack(0x0000003a68700000,0x0000003a68800000)]
  0x000001c8200297d0 JavaThread "Bundle File Closer" daemon [_thread_blocked, id=33196, stack(0x0000003a68800000,0x0000003a68900000)]
  0x000001c81f5defc0 JavaThread "SCR Component Actor" daemon [_thread_blocked, id=32096, stack(0x0000003a68400000,0x0000003a68500000)]
  0x000001c81ff48060 JavaThread "Worker-JM" [_thread_blocked, id=5664, stack(0x0000003a68b00000,0x0000003a68c00000)]
  0x000001c81ff49ec0 JavaThread "JNA Cleaner" daemon [_thread_blocked, id=20916, stack(0x0000003a68a00000,0x0000003a68b00000)]
  0x000001c81ff4a3d0 JavaThread "Worker-0: Java indexing... " [_thread_blocked, id=21892, stack(0x0000003a68c00000,0x0000003a68d00000)]
  0x000001c81ff48f90 JavaThread "Worker-1" [_thread_blocked, id=12316, stack(0x0000003a68d00000,0x0000003a68e00000)]
  0x000001c81ff494a0 JavaThread "Worker-2" [_thread_blocked, id=30428, stack(0x0000003a68f00000,0x0000003a69000000)]
  0x000001c81ff4a8e0 JavaThread "Worker-3" [_thread_blocked, id=31900, stack(0x0000003a69000000,0x0000003a69100000)]
  0x000001c81ff4adf0 JavaThread "Java indexing" daemon [_thread_in_Java, id=15876, stack(0x0000003a69100000,0x0000003a69200000)]
  0x000001c81ff499b0 JavaThread "Thread-2" daemon [_thread_in_native, id=10896, stack(0x0000003a69200000,0x0000003a69300000)]
  0x000001c81ff4b300 JavaThread "Thread-3" daemon [_thread_in_native, id=31036, stack(0x0000003a69300000,0x0000003a69400000)]
  0x000001c81ff4b810 JavaThread "Thread-4" daemon [_thread_in_native, id=30664, stack(0x0000003a69400000,0x0000003a69500000)]
  0x000001c821efb5d0 JavaThread "Thread-5" daemon [_thread_in_native, id=15940, stack(0x0000003a69500000,0x0000003a69600000)]
  0x000001c821efbae0 JavaThread "Thread-6" daemon [_thread_in_native, id=16916, stack(0x0000003a69600000,0x0000003a69700000)]
  0x000001c821efbff0 JavaThread "pool-2-thread-1" [_thread_blocked, id=20764, stack(0x0000003a69700000,0x0000003a69800000)]
  0x000001c821efabb0 JavaThread "WorkspaceEventsHandler" [_thread_blocked, id=10932, stack(0x0000003a69800000,0x0000003a69900000)]
  0x000001c821efa6a0 JavaThread "pool-1-thread-1" [_thread_blocked, id=27568, stack(0x0000003a69900000,0x0000003a69a00000)]
  0x000001c821efb0c0 JavaThread "Worker-4" [_thread_blocked, id=20148, stack(0x0000003a68900000,0x0000003a68a00000)]
  0x000001c821efca10 JavaThread "Compiler Source File Reader" daemon [_thread_blocked, id=9820, stack(0x0000003a69a00000,0x0000003a69b00000)]
  0x000001c821ef9c80 JavaThread "Compiler Source File Reader" daemon [_thread_blocked, id=33712, stack(0x0000003a69b00000,0x0000003a69c00000)]
  0x000001c821ef9770 JavaThread "Worker-5" [_thread_blocked, id=28916, stack(0x0000003a69c00000,0x0000003a69d00000)]
  0x000001c821efcf20 JavaThread "ForkJoinPool.commonPool-worker-1" daemon [_thread_blocked, id=30752, stack(0x0000003a69d00000,0x0000003a69e00000)]
  0x000001c81ff48a80 JavaThread "ForkJoinPool.commonPool-worker-2" daemon [_thread_blocked, id=31536, stack(0x0000003a69e00000,0x0000003a69f00000)]
  0x000001c821efc500 JavaThread "Compiler Processing Task" daemon [_thread_blocked, id=31616, stack(0x0000003a69f00000,0x0000003a6a000000)]
  0x000001c823fc9110 JavaThread "ForkJoinPool.commonPool-worker-3" daemon [_thread_blocked, id=30068, stack(0x0000003a67000000,0x0000003a67100000)]
  0x000001c823fc35f0 JavaThread "Cleaner-0" daemon [_thread_blocked, id=31700, stack(0x0000003a6a000000,0x0000003a6a100000)]
  0x000001c823fc81e0 JavaThread "Java Debug Server" daemon [_thread_in_native, id=32948, stack(0x0000003a6a300000,0x0000003a6a400000)]
  0x000001c823fc8c00 JavaThread "pool-3-thread-1" [_thread_in_Java, id=3976, stack(0x0000003a6a400000,0x0000003a6a500000)]
  0x000001c823fc26c0 JavaThread "RxSchedulerPurge-1" daemon [_thread_blocked, id=18724, stack(0x0000003a6a500000,0x0000003a6a600000)]
  0x000001c823fc4520 JavaThread "RxCachedWorkerPoolEvictor-1" daemon [_thread_blocked, id=28396, stack(0x0000003a6a600000,0x0000003a6a700000)]
  0x000001c823fc4a30 JavaThread "RxNewThreadScheduler-1" daemon [_thread_blocked, id=28000, stack(0x0000003a6a700000,0x0000003a6a800000)]

Other Threads:
  0x000001c805f99760 VMThread "VM Thread" [stack: 0x0000003a67400000,0x0000003a67500000] [id=31216]
  0x000001c81f1c8f50 WatcherThread [stack: 0x0000003a68000000,0x0000003a68100000] [id=30804]
  0x000001c805effd10 GCTaskThread "GC Thread#0" [stack: 0x0000003a67300000,0x0000003a67400000] [id=32312]
  0x000001c81f7aa230 GCTaskThread "GC Thread#1" [stack: 0x0000003a68100000,0x0000003a68200000] [id=25364]
  0x000001c81f7aa4f0 GCTaskThread "GC Thread#2" [stack: 0x0000003a68200000,0x0000003a68300000] [id=14572]
  0x000001c81f7aa7b0 GCTaskThread "GC Thread#3" [stack: 0x0000003a68300000,0x0000003a68400000] [id=32068]

Threads with active compile tasks:
C2 CompilerThread0    72495 12738       4       org.eclipse.jdt.core.Signature::appendTypeSignature (513 bytes)
C1 CompilerThread0    72495 12749       3       java.lang.WeakPairMap$Pair$Lookup::<init> (21 bytes)

VM state: not at safepoint (normal execution)

VM Mutex/Monitor currently owned by a thread:  ([mutex/lock_event])
[0x000001c805ee85b0] MethodData_lock - owner thread: 0x0000000000000000

Heap address: 0x00000000c0000000, size: 1024 MB, Compressed Oops mode: 32-bit

CDS archive(s) not mapped
Compressed class space mapped at: 0x0000000100000000-0x0000000140000000, reserved size: 1073741824
Narrow klass base: 0x0000000000000000, Narrow klass shift: 3, Narrow klass range: 0x140000000

GC Precious Log:
 CPUs: 4 total, 4 available
 Memory: 6086M
 Large Page Support: Disabled
 NUMA Support: Disabled
 Compressed Oops: Enabled (32-bit)
 Alignments: Space 512K, Generation 512K, Heap 2M
 Heap Min Capacity: 100M
 Heap Initial Capacity: 100M
 Heap Max Capacity: 1G
 Pre-touch: Disabled
 Parallel Workers: 4

Heap:
 PSYoungGen      total 16384K, used 11175K [0x00000000eab00000, 0x00000000ebf80000, 0x0000000100000000)
  eden space 12800K, 87% used [0x00000000eab00000,0x00000000eb5e9e48,0x00000000eb780000)
  from space 3584K, 0% used [0x00000000eb780000,0x00000000eb780000,0x00000000ebb00000)
  to   space 3072K, 0% used [0x00000000ebb80000,0x00000000ebb80000,0x00000000ebe80000)
 ParOldGen       total 224256K, used 223850K [0x00000000c0000000, 0x00000000cdb00000, 0x00000000eab00000)
  object space 224256K, 99% used [0x00000000c0000000,0x00000000cda9aae0,0x00000000cdb00000)
 Metaspace       used 79443K, committed 80832K, reserved 1179648K
  class space    used 8374K, committed 9024K, reserved 1048576K

Card table byte_map: [0x000001c805880000,0x000001c805a90000] _byte_map_base: 0x000001c805280000

Marking Bits: (ParMarkBitMap*) 0x00007ffb586958b0
 Begin Bits: [0x000001c817b80000, 0x000001c818b80000)
 End Bits:   [0x000001c818b80000, 0x000001c819b80000)

Polling page: 0x000001c803e60000

Metaspace:

Usage:
  Non-class:     69.40 MB used.
      Class:      8.18 MB used.
       Both:     77.58 MB used.

Virtual space:
  Non-class space:      128.00 MB reserved,      70.12 MB ( 55%) committed,  2 nodes.
      Class space:        1.00 GB reserved,       8.81 MB ( <1%) committed,  1 nodes.
             Both:        1.12 GB reserved,      78.94 MB (  7%) committed. 

Chunk freelists:
   Non-Class:  9.67 MB
       Class:  7.16 MB
        Both:  16.83 MB

MaxMetaspaceSize: unlimited
CompressedClassSpaceSize: 1.00 GB
Initial GC threshold: 21.00 MB
Current GC threshold: 131.50 MB
CDS: off
MetaspaceReclaimPolicy: balanced
 - commit_granule_bytes: 65536.
 - commit_granule_words: 8192.
 - virtual_space_node_default_size: 8388608.
 - enlarge_chunks_in_place: 1.
 - new_chunks_are_fully_committed: 0.
 - uncommit_free_chunks: 1.
 - use_allocation_guard: 0.
 - handle_deallocations: 1.


Internal statistics:

num_allocs_failed_limit: 9.
num_arena_births: 892.
num_arena_deaths: 14.
num_vsnodes_births: 3.
num_vsnodes_deaths: 0.
num_space_committed: 1263.
num_space_uncommitted: 0.
num_chunks_returned_to_freelist: 23.
num_chunks_taken_from_freelist: 4292.
num_chunk_merges: 11.
num_chunk_splits: 2631.
num_chunks_enlarged: 1501.
num_inconsistent_stats: 0.

CodeHeap 'non-profiled nmethods': size=120000Kb used=8928Kb max_used=8928Kb free=111072Kb
 bounds [0x000001c810650000, 0x000001c810f10000, 0x000001c817b80000]
CodeHeap 'profiled nmethods': size=120000Kb used=22374Kb max_used=22374Kb free=97625Kb
 bounds [0x000001c808b80000, 0x000001c80a160000, 0x000001c8100b0000]
CodeHeap 'non-nmethods': size=5760Kb used=1411Kb max_used=1497Kb free=4349Kb
 bounds [0x000001c8100b0000, 0x000001c810320000, 0x000001c810650000]
 total_blobs=11219 nmethods=10449 adapters=683
 compilation: enabled
              stopped_count=0, restarted_count=0
 full_count=0

Compilation events (20 events):
Event: 71.353 Thread 0x000001c819d5cf50 12729       4       org.eclipse.jdt.internal.core.PackageFragmentRoot::resource (5 bytes)
Event: 71.353 Thread 0x000001c81ef0bde0 nmethod 12728 0x000001c80a14c710 code [0x000001c80a14c8c0, 0x000001c80a14caf8]
Event: 71.354 Thread 0x000001c819d5cf50 nmethod 12729 0x000001c810f03310 code [0x000001c810f03480, 0x000001c810f034f8]
Event: 71.355 Thread 0x000001c819d5cf50 12730       4       java.util.regex.Matcher::<init> (95 bytes)
Event: 71.356 Thread 0x000001c81ef0bde0 12731       3       org.eclipse.jdt.ls.core.internal.JDTUtils::toRange (89 bytes)
Event: 71.357 Thread 0x000001c81ef0bde0 nmethod 12731 0x000001c80a14cc10 code [0x000001c80a14ce60, 0x000001c80a14d6f8]
Event: 71.357 Thread 0x000001c81ef0bde0 12733       3       org.eclipse.jdt.internal.core.PackageFragment::resource (74 bytes)
Event: 71.358 Thread 0x000001c81ef0bde0 nmethod 12733 0x000001c80a14db90 code [0x000001c80a14dde0, 0x000001c80a14e838]
Event: 71.358 Thread 0x000001c81ef0bde0 12735   !   3       com.google.gson.internal.bind.ReflectiveTypeAdapterFactory$Adapter::write (73 bytes)
Event: 71.359 Thread 0x000001c81ef0bde0 nmethod 12735 0x000001c80a14ec90 code [0x000001c80a14eee0, 0x000001c80a14f898]
Event: 71.359 Thread 0x000001c81ef0bde0 12732       3       org.eclipse.jdt.ls.core.internal.JDTUtils::newRange (22 bytes)
Event: 71.360 Thread 0x000001c81ef0bde0 nmethod 12732 0x000001c80a14fc10 code [0x000001c80a14fe00, 0x000001c80a1503b8]
Event: 71.373 Thread 0x000001c819d5cf50 nmethod 12730 0x000001c810f03610 code [0x000001c810f037c0, 0x000001c810f03e98]
Event: 71.373 Thread 0x000001c819d5cf50 12734       4       com.google.gson.stream.JsonWriter::newline (55 bytes)
Event: 71.374 Thread 0x000001c819d5cf50 nmethod 12734 0x000001c810f04190 code [0x000001c810f04300, 0x000001c810f04398]
Event: 71.407 Thread 0x000001c819d5cf50 12736       4       org.eclipse.jdt.internal.compiler.util.Util::scanTypeSignature (206 bytes)
Event: 71.430 Thread 0x000001c819d5cf50 nmethod 12736 0x000001c810f04490 code [0x000001c810f046c0, 0x000001c810f05040]
Event: 71.828 Thread 0x000001c819d5cf50 12737       4       org.eclipse.jdt.internal.compiler.classfmt.FieldInfo::createField (453 bytes)
Event: 71.879 Thread 0x000001c819d5cf50 nmethod 12737 0x000001c810f05790 code [0x000001c810f059c0, 0x000001c810f06fb0]
Event: 72.309 Thread 0x000001c819d5cf50 12738       4       org.eclipse.jdt.core.Signature::appendTypeSignature (513 bytes)

GC Heap History (20 events):
Event: 69.716 GC heap before
{Heap before GC invocations=445 (full 14):
 PSYoungGen      total 13312K, used 12813K [0x00000000eab00000, 0x00000000ebe80000, 0x0000000100000000)
  eden space 8704K, 100% used [0x00000000eab00000,0x00000000eb380000,0x00000000eb380000)
  from space 4608K, 89% used [0x00000000eb380000,0x00000000eb783798,0x00000000eb800000)
  to   space 5632K, 0% used [0x00000000eb900000,0x00000000eb900000,0x00000000ebe80000)
 ParOldGen       total 224256K, used 207873K [0x00000000c0000000, 0x00000000cdb00000, 0x00000000eab00000)
  object space 224256K, 92% used [0x00000000c0000000,0x00000000ccb004e8,0x00000000cdb00000)
 Metaspace       used 79348K, committed 80768K, reserved 1179648K
  class space    used 8363K, committed 9024K, reserved 1048576K
}
Event: 69.731 GC heap after
{Heap after GC invocations=445 (full 14):
 PSYoungGen      total 14336K, used 5254K [0x00000000eab00000, 0x00000000ebe80000, 0x0000000100000000)
  eden space 8704K, 0% used [0x00000000eab00000,0x00000000eab00000,0x00000000eb380000)
  from space 5632K, 93% used [0x00000000eb900000,0x00000000ebe21820,0x00000000ebe80000)
  to   space 5632K, 0% used [0x00000000eb380000,0x00000000eb380000,0x00000000eb900000)
 ParOldGen       total 224256K, used 211329K [0x00000000c0000000, 0x00000000cdb00000, 0x00000000eab00000)
  object space 224256K, 94% used [0x00000000c0000000,0x00000000cce604f0,0x00000000cdb00000)
 Metaspace       used 79348K, committed 80768K, reserved 1179648K
  class space    used 8363K, committed 9024K, reserved 1048576K
}
Event: 69.768 GC heap before
{Heap before GC invocations=446 (full 14):
 PSYoungGen      total 14336K, used 13958K [0x00000000eab00000, 0x00000000ebe80000, 0x0000000100000000)
  eden space 8704K, 100% used [0x00000000eab00000,0x00000000eb380000,0x00000000eb380000)
  from space 5632K, 93% used [0x00000000eb900000,0x00000000ebe21820,0x00000000ebe80000)
  to   space 5632K, 0% used [0x00000000eb380000,0x00000000eb380000,0x00000000eb900000)
 ParOldGen       total 224256K, used 211329K [0x00000000c0000000, 0x00000000cdb00000, 0x00000000eab00000)
  object space 224256K, 94% used [0x00000000c0000000,0x00000000cce604f0,0x00000000cdb00000)
 Metaspace       used 79348K, committed 80768K, reserved 1179648K
  class space    used 8363K, committed 9024K, reserved 1048576K
}
Event: 69.776 GC heap after
{Heap after GC invocations=446 (full 14):
 PSYoungGen      total 14336K, used 5626K [0x00000000eab00000, 0x00000000ec280000, 0x0000000100000000)
  eden space 8704K, 0% used [0x00000000eab00000,0x00000000eab00000,0x00000000eb380000)
  from space 5632K, 99% used [0x00000000eb380000,0x00000000eb8fe9f0,0x00000000eb900000)
  to   space 7680K, 0% used [0x00000000ebb00000,0x00000000ebb00000,0x00000000ec280000)
 ParOldGen       total 224256K, used 212667K [0x00000000c0000000, 0x00000000cdb00000, 0x00000000eab00000)
  object space 224256K, 94% used [0x00000000c0000000,0x00000000ccfaec90,0x00000000cdb00000)
 Metaspace       used 79348K, committed 80768K, reserved 1179648K
  class space    used 8363K, committed 9024K, reserved 1048576K
}
Event: 69.816 GC heap before
{Heap before GC invocations=447 (full 14):
 PSYoungGen      total 14336K, used 14330K [0x00000000eab00000, 0x00000000ec280000, 0x0000000100000000)
  eden space 8704K, 100% used [0x00000000eab00000,0x00000000eb380000,0x00000000eb380000)
  from space 5632K, 99% used [0x00000000eb380000,0x00000000eb8fe9f0,0x00000000eb900000)
  to   space 7680K, 0% used [0x00000000ebb00000,0x00000000ebb00000,0x00000000ec280000)
 ParOldGen       total 224256K, used 212667K [0x00000000c0000000, 0x00000000cdb00000, 0x00000000eab00000)
  object space 224256K, 94% used [0x00000000c0000000,0x00000000ccfaec90,0x00000000cdb00000)
 Metaspace       used 79348K, committed 80768K, reserved 1179648K
  class space    used 8363K, committed 9024K, reserved 1048576K
}
Event: 69.827 GC heap after
{Heap after GC invocations=447 (full 14):
 PSYoungGen      total 15360K, used 4379K [0x00000000eab00000, 0x00000000ec000000, 0x0000000100000000)
  eden space 10240K, 0% used [0x00000000eab00000,0x00000000eab00000,0x00000000eb500000)
  from space 5120K, 85% used [0x00000000ebb00000,0x00000000ebf46fe0,0x00000000ec000000)
  to   space 5632K, 0% used [0x00000000eb500000,0x00000000eb500000,0x00000000eba80000)
 ParOldGen       total 224256K, used 215964K [0x00000000c0000000, 0x00000000cdb00000, 0x00000000eab00000)
  object space 224256K, 96% used [0x00000000c0000000,0x00000000cd2e7300,0x00000000cdb00000)
 Metaspace       used 79348K, committed 80768K, reserved 1179648K
  class space    used 8363K, committed 9024K, reserved 1048576K
}
Event: 69.877 GC heap before
{Heap before GC invocations=448 (full 14):
 PSYoungGen      total 15360K, used 14619K [0x00000000eab00000, 0x00000000ec000000, 0x0000000100000000)
  eden space 10240K, 100% used [0x00000000eab00000,0x00000000eb500000,0x00000000eb500000)
  from space 5120K, 85% used [0x00000000ebb00000,0x00000000ebf46fe0,0x00000000ec000000)
  to   space 5632K, 0% used [0x00000000eb500000,0x00000000eb500000,0x00000000eba80000)
 ParOldGen       total 224256K, used 215964K [0x00000000c0000000, 0x00000000cdb00000, 0x00000000eab00000)
  object space 224256K, 96% used [0x00000000c0000000,0x00000000cd2e7300,0x00000000cdb00000)
 Metaspace       used 79348K, committed 80768K, reserved 1179648K
  class space    used 8363K, committed 9024K, reserved 1048576K
}
Event: 69.887 GC heap after
{Heap after GC invocations=448 (full 14):
 PSYoungGen      total 15872K, used 4414K [0x00000000eab00000, 0x00000000ebf80000, 0x0000000100000000)
  eden space 10240K, 0% used [0x00000000eab00000,0x00000000eab00000,0x00000000eb500000)
  from space 5632K, 78% used [0x00000000eb500000,0x00000000eb94f950,0x00000000eba80000)
  to   space 4608K, 0% used [0x00000000ebb00000,0x00000000ebb00000,0x00000000ebf80000)
 ParOldGen       total 224256K, used 218145K [0x00000000c0000000, 0x00000000cdb00000, 0x00000000eab00000)
  object space 224256K, 97% used [0x00000000c0000000,0x00000000cd5085c8,0x00000000cdb00000)
 Metaspace       used 79348K, committed 80768K, reserved 1179648K
  class space    used 8363K, committed 9024K, reserved 1048576K
}
Event: 69.931 GC heap before
{Heap before GC invocations=449 (full 14):
 PSYoungGen      total 15872K, used 14654K [0x00000000eab00000, 0x00000000ebf80000, 0x0000000100000000)
  eden space 10240K, 100% used [0x00000000eab00000,0x00000000eb500000,0x00000000eb500000)
  from space 5632K, 78% used [0x00000000eb500000,0x00000000eb94f950,0x00000000eba80000)
  to   space 4608K, 0% used [0x00000000ebb00000,0x00000000ebb00000,0x00000000ebf80000)
 ParOldGen       total 224256K, used 218145K [0x00000000c0000000, 0x00000000cdb00000, 0x00000000eab00000)
  object space 224256K, 97% used [0x00000000c0000000,0x00000000cd5085c8,0x00000000cdb00000)
 Metaspace       used 79348K, committed 80768K, reserved 1179648K
  class space    used 8363K, committed 9024K, reserved 1048576K
}
Event: 69.942 GC heap after
{Heap after GC invocations=449 (full 14):
 PSYoungGen      total 14336K, used 2482K [0x00000000eab00000, 0x00000000ebd80000, 0x0000000100000000)
  eden space 11776K, 0% used [0x00000000eab00000,0x00000000eab00000,0x00000000eb680000)
  from space 2560K, 96% used [0x00000000ebb00000,0x00000000ebd6c8b0,0x00000000ebd80000)
  to   space 3584K, 0% used [0x00000000eb680000,0x00000000eb680000,0x00000000eba00000)
 ParOldGen       total 224256K, used 222375K [0x00000000c0000000, 0x00000000cdb00000, 0x00000000eab00000)
  object space 224256K, 99% used [0x00000000c0000000,0x00000000cd929ec0,0x00000000cdb00000)
 Metaspace       used 79348K, committed 80768K, reserved 1179648K
  class space    used 8363K, committed 9024K, reserved 1048576K
}
Event: 69.942 GC heap before
{Heap before GC invocations=450 (full 15):
 PSYoungGen      total 14336K, used 2482K [0x00000000eab00000, 0x00000000ebd80000, 0x0000000100000000)
  eden space 11776K, 0% used [0x00000000eab00000,0x00000000eab00000,0x00000000eb680000)
  from space 2560K, 96% used [0x00000000ebb00000,0x00000000ebd6c8b0,0x00000000ebd80000)
  to   space 3584K, 0% used [0x00000000eb680000,0x00000000eb680000,0x00000000eba00000)
 ParOldGen       total 224256K, used 222375K [0x00000000c0000000, 0x00000000cdb00000, 0x00000000eab00000)
  object space 224256K, 99% used [0x00000000c0000000,0x00000000cd929ec0,0x00000000cdb00000)
 Metaspace       used 79348K, committed 80768K, reserved 1179648K
  class space    used 8363K, committed 9024K, reserved 1048576K
}
Event: 70.293 GC heap after
{Heap after GC invocations=450 (full 15):
 PSYoungGen      total 15360K, used 0K [0x00000000eab00000, 0x00000000ebf00000, 0x0000000100000000)
  eden space 11776K, 0% used [0x00000000eab00000,0x00000000eab00000,0x00000000eb680000)
  from space 3584K, 0% used [0x00000000eb680000,0x00000000eb680000,0x00000000eba00000)
  to   space 3584K, 0% used [0x00000000ebb80000,0x00000000ebb80000,0x00000000ebf00000)
 ParOldGen       total 224256K, used 221055K [0x00000000c0000000, 0x00000000cdb00000, 0x00000000eab00000)
  object space 224256K, 98% used [0x00000000c0000000,0x00000000cd7dfef8,0x00000000cdb00000)
 Metaspace       used 79348K, committed 80768K, reserved 1179648K
  class space    used 8363K, committed 9024K, reserved 1048576K
}
Event: 70.376 GC heap before
{Heap before GC invocations=451 (full 16):
 PSYoungGen      total 15360K, used 11776K [0x00000000eab00000, 0x00000000ebf00000, 0x0000000100000000)
  eden space 11776K, 100% used [0x00000000eab00000,0x00000000eb680000,0x00000000eb680000)
  from space 3584K, 0% used [0x00000000eb680000,0x00000000eb680000,0x00000000eba00000)
  to   space 3584K, 0% used [0x00000000ebb80000,0x00000000ebb80000,0x00000000ebf00000)
 ParOldGen       total 224256K, used 221055K [0x00000000c0000000, 0x00000000cdb00000, 0x00000000eab00000)
  object space 224256K, 98% used [0x00000000c0000000,0x00000000cd7dfef8,0x00000000cdb00000)
 Metaspace       used 79412K, committed 80832K, reserved 1179648K
  class space    used 8369K, committed 9024K, reserved 1048576K
}
Event: 70.866 GC heap after
{Heap after GC invocations=451 (full 16):
 PSYoungGen      total 15872K, used 0K [0x00000000eab00000, 0x00000000ebe80000, 0x0000000100000000)
  eden space 12800K, 0% used [0x00000000eab00000,0x00000000eab00000,0x00000000eb780000)
  from space 3072K, 0% used [0x00000000ebb80000,0x00000000ebb80000,0x00000000ebe80000)
  to   space 3584K, 0% used [0x00000000eb780000,0x00000000eb780000,0x00000000ebb00000)
 ParOldGen       total 224256K, used 223003K [0x00000000c0000000, 0x00000000cdb00000, 0x00000000eab00000)
  object space 224256K, 99% used [0x00000000c0000000,0x00000000cd9c6d30,0x00000000cdb00000)
 Metaspace       used 79412K, committed 80832K, reserved 1179648K
  class space    used 8369K, committed 9024K, reserved 1048576K
}
Event: 70.949 GC heap before
{Heap before GC invocations=452 (full 17):
 PSYoungGen      total 15872K, used 12800K [0x00000000eab00000, 0x00000000ebe80000, 0x0000000100000000)
  eden space 12800K, 100% used [0x00000000eab00000,0x00000000eb780000,0x00000000eb780000)
  from space 3072K, 0% used [0x00000000ebb80000,0x00000000ebb80000,0x00000000ebe80000)
  to   space 3584K, 0% used [0x00000000eb780000,0x00000000eb780000,0x00000000ebb00000)
 ParOldGen       total 224256K, used 223003K [0x00000000c0000000, 0x00000000cdb00000, 0x00000000eab00000)
  object space 224256K, 99% used [0x00000000c0000000,0x00000000cd9c6d30,0x00000000cdb00000)
 Metaspace       used 79416K, committed 80832K, reserved 1179648K
  class space    used 8370K, committed 9024K, reserved 1048576K
}
Event: 71.333 GC heap after
{Heap after GC invocations=452 (full 17):
 PSYoungGen      total 16384K, used 1146K [0x00000000eab00000, 0x00000000ebf80000, 0x0000000100000000)
  eden space 12800K, 8% used [0x00000000eab00000,0x00000000eac1ea38,0x00000000eb780000)
  from space 3584K, 0% used [0x00000000eb780000,0x00000000eb780000,0x00000000ebb00000)
  to   space 3072K, 0% used [0x00000000ebb80000,0x00000000ebb80000,0x00000000ebe80000)
 ParOldGen       total 224256K, used 224237K [0x00000000c0000000, 0x00000000cdb00000, 0x00000000eab00000)
  object space 224256K, 99% used [0x00000000c0000000,0x00000000cdafb5d8,0x00000000cdb00000)
 Metaspace       used 79416K, committed 80832K, reserved 1179648K
  class space    used 8370K, committed 9024K, reserved 1048576K
}
Event: 71.433 GC heap before
{Heap before GC invocations=453 (full 18):
 PSYoungGen      total 16384K, used 12800K [0x00000000eab00000, 0x00000000ebf80000, 0x0000000100000000)
  eden space 12800K, 100% used [0x00000000eab00000,0x00000000eb780000,0x00000000eb780000)
  from space 3584K, 0% used [0x00000000eb780000,0x00000000eb780000,0x00000000ebb00000)
  to   space 3072K, 0% used [0x00000000ebb80000,0x00000000ebb80000,0x00000000ebe80000)
 ParOldGen       total 224256K, used 224237K [0x00000000c0000000, 0x00000000cdb00000, 0x00000000eab00000)
  object space 224256K, 99% used [0x00000000c0000000,0x00000000cdafb5d8,0x00000000cdb00000)
 Metaspace       used 79419K, committed 80832K, reserved 1179648K
  class space    used 8370K, committed 9024K, reserved 1048576K
}
Event: 71.784 GC heap after
{Heap after GC invocations=453 (full 18):
 PSYoungGen      total 15872K, used 3779K [0x00000000eab00000, 0x00000000ebf80000, 0x0000000100000000)
  eden space 12800K, 29% used [0x00000000eab00000,0x00000000eaeb0ff0,0x00000000eb780000)
  from space 3072K, 0% used [0x00000000ebb80000,0x00000000ebb80000,0x00000000ebe80000)
  to   space 3584K, 0% used [0x00000000eb780000,0x00000000eb780000,0x00000000ebb00000)
 ParOldGen       total 224256K, used 223964K [0x00000000c0000000, 0x00000000cdb00000, 0x00000000eab00000)
  object space 224256K, 99% used [0x00000000c0000000,0x00000000cdab7010,0x00000000cdb00000)
 Metaspace       used 79419K, committed 80832K, reserved 1179648K
  class space    used 8370K, committed 9024K, reserved 1048576K
}
Event: 71.908 GC heap before
{Heap before GC invocations=454 (full 19):
 PSYoungGen      total 15872K, used 12800K [0x00000000eab00000, 0x00000000ebf80000, 0x0000000100000000)
  eden space 12800K, 100% used [0x00000000eab00000,0x00000000eb780000,0x00000000eb780000)
  from space 3072K, 0% used [0x00000000ebb80000,0x00000000ebb80000,0x00000000ebe80000)
  to   space 3584K, 0% used [0x00000000eb780000,0x00000000eb780000,0x00000000ebb00000)
 ParOldGen       total 224256K, used 223964K [0x00000000c0000000, 0x00000000cdb00000, 0x00000000eab00000)
  object space 224256K, 99% used [0x00000000c0000000,0x00000000cdab7010,0x00000000cdb00000)
 Metaspace       used 79419K, committed 80832K, reserved 1179648K
  class space    used 8370K, committed 9024K, reserved 1048576K
}
Event: 72.264 GC heap after
{Heap after GC invocations=454 (full 19):
 PSYoungGen      total 16384K, used 5960K [0x00000000eab00000, 0x00000000ebf80000, 0x0000000100000000)
  eden space 12800K, 46% used [0x00000000eab00000,0x00000000eb0d20f0,0x00000000eb780000)
  from space 3584K, 0% used [0x00000000eb780000,0x00000000eb780000,0x00000000ebb00000)
  to   space 3072K, 0% used [0x00000000ebb80000,0x00000000ebb80000,0x00000000ebe80000)
 ParOldGen       total 224256K, used 223850K [0x00000000c0000000, 0x00000000cdb00000, 0x00000000eab00000)
  object space 224256K, 99% used [0x00000000c0000000,0x00000000cda9aae0,0x00000000cdb00000)
 Metaspace       used 79419K, committed 80832K, reserved 1179648K
  class space    used 8370K, committed 9024K, reserved 1048576K
}

Dll operation events (12 events):
Event: 0.019 Loaded shared library c:\Users\vivin\.vscode\extensions\redhat.java-1.34.0-win32-x64\jre\17.0.12-win32-x86_64\bin\java.dll
Event: 0.334 Loaded shared library c:\Users\vivin\.vscode\extensions\redhat.java-1.34.0-win32-x64\jre\17.0.12-win32-x86_64\bin\zip.dll
Event: 0.339 Loaded shared library C:\Users\vivin\.vscode\extensions\redhat.java-1.34.0-win32-x64\jre\17.0.12-win32-x86_64\bin\instrument.dll
Event: 0.364 Loaded shared library C:\Users\vivin\.vscode\extensions\redhat.java-1.34.0-win32-x64\jre\17.0.12-win32-x86_64\bin\net.dll
Event: 0.369 Loaded shared library C:\Users\vivin\.vscode\extensions\redhat.java-1.34.0-win32-x64\jre\17.0.12-win32-x86_64\bin\nio.dll
Event: 0.383 Loaded shared library C:\Users\vivin\.vscode\extensions\redhat.java-1.34.0-win32-x64\jre\17.0.12-win32-x86_64\bin\zip.dll
Event: 0.418 Loaded shared library C:\Users\vivin\.vscode\extensions\redhat.java-1.34.0-win32-x64\jre\17.0.12-win32-x86_64\bin\jimage.dll
Event: 0.619 Loaded shared library c:\Users\vivin\.vscode\extensions\redhat.java-1.34.0-win32-x64\jre\17.0.12-win32-x86_64\bin\verify.dll
Event: 4.619 Loaded shared library C:\Users\vivin\AppData\Roaming\Code\User\globalStorage\redhat.java\1.34.0\config_win\org.eclipse.equinox.launcher\org.eclipse.equinox.launcher.win32.win32.x86_64_1.2.1100.v20240722-2106\eclipse_11904.dll
Event: 9.119 Loaded shared library C:\Users\vivin\AppData\Local\Temp\jna-112220296\jna5851007079113651231.dll
Event: 35.829 Loaded shared library C:\Users\vivin\.vscode\extensions\redhat.java-1.34.0-win32-x64\jre\17.0.12-win32-x86_64\bin\sunmscapi.dll
Event: 66.773 Loaded shared library C:\Users\vivin\.vscode\extensions\redhat.java-1.34.0-win32-x64\jre\17.0.12-win32-x86_64\bin\extnet.dll

Deoptimization events (20 events):
Event: 69.794 Thread 0x000001c81ff4adf0 Uncommon trap: trap_request=0xffffff45 fr.pc=0x000001c810df2448 relative=0x00000000000015a8
Event: 69.794 Thread 0x000001c81ff4adf0 Uncommon trap: reason=unstable_if action=reinterpret pc=0x000001c810df2448 method=org.eclipse.jdt.internal.compiler.classfmt.MethodInfo.createMethod([B[IIJ)Lorg/eclipse/jdt/internal/compiler/classfmt/MethodInfo; @ 217 c2
Event: 69.794 Thread 0x000001c81ff4adf0 DEOPT PACKING pc=0x000001c810df2448 sp=0x0000003a691fefb0
Event: 69.794 Thread 0x000001c81ff4adf0 DEOPT UNPACKING pc=0x000001c8101066a3 sp=0x0000003a691fef00 mode 2
Event: 69.798 Thread 0x000001c81ff4adf0 Uncommon trap: trap_request=0xffffff45 fr.pc=0x000001c810d9d120 relative=0x00000000000011a0
Event: 69.798 Thread 0x000001c81ff4adf0 Uncommon trap: reason=unstable_if action=reinterpret pc=0x000001c810d9d120 method=org.eclipse.jdt.internal.compiler.classfmt.FieldInfo.createField([B[IIJ)Lorg/eclipse/jdt/internal/compiler/classfmt/FieldInfo; @ 167 c2
Event: 69.798 Thread 0x000001c81ff4adf0 DEOPT PACKING pc=0x000001c810d9d120 sp=0x0000003a691fefa0
Event: 69.798 Thread 0x000001c81ff4adf0 DEOPT UNPACKING pc=0x000001c8101066a3 sp=0x0000003a691fef28 mode 2
Event: 71.347 Thread 0x000001c81ff48a80 Uncommon trap: trap_request=0xffffffbe fr.pc=0x000001c810e8474c relative=0x0000000000000dec
Event: 71.347 Thread 0x000001c81ff48a80 Uncommon trap: reason=profile_predicate action=maybe_recompile pc=0x000001c810e8474c method=java.util.regex.Pattern$BnM.optimize(Ljava/util/regex/Pattern$Node;)Ljava/util/regex/Pattern$Node; @ 67 c2
Event: 71.347 Thread 0x000001c81ff48a80 DEOPT PACKING pc=0x000001c810e8474c sp=0x0000003a69efe600
Event: 71.347 Thread 0x000001c81ff48a80 DEOPT UNPACKING pc=0x000001c8101066a3 sp=0x0000003a69efe550 mode 2
Event: 71.350 Thread 0x000001c81ff48a80 Uncommon trap: trap_request=0xffffffbe fr.pc=0x000001c810e8474c relative=0x0000000000000dec
Event: 71.350 Thread 0x000001c81ff48a80 Uncommon trap: reason=profile_predicate action=maybe_recompile pc=0x000001c810e8474c method=java.util.regex.Pattern$BnM.optimize(Ljava/util/regex/Pattern$Node;)Ljava/util/regex/Pattern$Node; @ 67 c2
Event: 71.350 Thread 0x000001c81ff48a80 DEOPT PACKING pc=0x000001c810e8474c sp=0x0000003a69efe5a0
Event: 71.350 Thread 0x000001c81ff48a80 DEOPT UNPACKING pc=0x000001c8101066a3 sp=0x0000003a69efe4f0 mode 2
Event: 71.414 Thread 0x000001c81ff4adf0 Uncommon trap: trap_request=0xffffff45 fr.pc=0x000001c810edb870 relative=0x00000000000010f0
Event: 71.414 Thread 0x000001c81ff4adf0 Uncommon trap: reason=unstable_if action=reinterpret pc=0x000001c810edb870 method=org.eclipse.jdt.internal.compiler.classfmt.AnnotationInfo.scanAnnotation(IZZ)I @ 282 c2
Event: 71.414 Thread 0x000001c81ff4adf0 DEOPT PACKING pc=0x000001c810edb870 sp=0x0000003a691fee80
Event: 71.414 Thread 0x000001c81ff4adf0 DEOPT UNPACKING pc=0x000001c8101066a3 sp=0x0000003a691fee08 mode 2

Classes loaded (20 events):
Event: 68.106 Loading class java/nio/StringCharBuffer
Event: 68.107 Loading class java/nio/StringCharBuffer done
Event: 68.112 Loading class java/nio/file/TempFileHelper
Event: 68.112 Loading class java/nio/file/TempFileHelper done
Event: 68.177 Loading class java/util/stream/SliceOps
Event: 68.178 Loading class java/util/stream/SliceOps done
Event: 68.178 Loading class java/util/stream/SliceOps$1
Event: 68.185 Loading class java/util/stream/SliceOps$1 done
Event: 68.232 Loading class java/util/stream/SliceOps$1$1
Event: 68.233 Loading class java/util/stream/SliceOps$1$1 done
Event: 68.256 Loading class java/util/concurrent/CompletableFuture$UniWhenComplete
Event: 68.256 Loading class java/util/concurrent/CompletableFuture$UniWhenComplete done
Event: 68.257 Loading class java/util/concurrent/CompletableFuture$UniCompose
Event: 68.258 Loading class java/util/concurrent/CompletableFuture$UniCompose done
Event: 68.258 Loading class java/util/concurrent/CompletableFuture$UniRelay
Event: 68.258 Loading class java/util/concurrent/CompletableFuture$UniRelay done
Event: 68.669 Loading class java/util/concurrent/ScheduledThreadPoolExecutor$DelayedWorkQueue$Itr
Event: 68.669 Loading class java/util/concurrent/ScheduledThreadPoolExecutor$DelayedWorkQueue$Itr done
Event: 70.348 Loading class jdk/internal/reflect/UnsafeLongFieldAccessorImpl
Event: 70.348 Loading class jdk/internal/reflect/UnsafeLongFieldAccessorImpl done

Classes unloaded (7 events):
Event: 11.520 Thread 0x000001c805f99760 Unloading class 0x0000000100252400 'java/lang/invoke/LambdaForm$MH+0x0000000100252400'
Event: 11.520 Thread 0x000001c805f99760 Unloading class 0x0000000100252000 'java/lang/invoke/LambdaForm$MH+0x0000000100252000'
Event: 11.520 Thread 0x000001c805f99760 Unloading class 0x0000000100251c00 'java/lang/invoke/LambdaForm$MH+0x0000000100251c00'
Event: 11.520 Thread 0x000001c805f99760 Unloading class 0x0000000100251800 'java/lang/invoke/LambdaForm$MH+0x0000000100251800'
Event: 11.520 Thread 0x000001c805f99760 Unloading class 0x0000000100251400 'java/lang/invoke/LambdaForm$BMH+0x0000000100251400'
Event: 11.520 Thread 0x000001c805f99760 Unloading class 0x0000000100251000 'java/lang/invoke/LambdaForm$DMH+0x0000000100251000'
Event: 11.520 Thread 0x000001c805f99760 Unloading class 0x000000010024c400 'java/lang/invoke/LambdaForm$DMH+0x000000010024c400'

Classes redefined (0 events):
No events

Internal exceptions (20 events):
Event: 56.174 Thread 0x000001c821efcf20 Exception <a 'java/lang/NoSuchMethodError'{0x00000000eac3be20}: 'java.lang.Object java.lang.invoke.DelegatingMethodHandle$Holder.reinvoke_L(java.lang.Object, long, java.lang.Object, java.lang.Object, java.lang.Object, java.lang.Object, java.lang.Object, java.lang.Object, java.lang.Object, java.lang.Object, java.lang.Object)'> (0x00000000eac3be20) 
thrown [s\src\hotspot\share\interpreter\linkResolver.cpp, line 759]
Event: 56.205 Thread 0x000001c821efcf20 Exception <a 'java/lang/NoSuchMethodError'{0x00000000eab2eae8}: 'java.lang.Object java.lang.invoke.DirectMethodHandle$Holder.invokeSpecial(java.lang.Object, java.lang.Object, java.lang.Object, java.lang.Object, java.lang.Object, java.lang.Object, java.lang.Object, java.lang.Object, java.lang.Object, java.lang.Object, java.lang.Object)'> (0x00000000eab2eae8) 
thrown [s\src\hotspot\share\interpreter\linkResolver.cpp, line 759]
Event: 56.206 Thread 0x000001c821efcf20 Exception <a 'java/lang/NoSuchMethodError'{0x00000000eab4b790}: 'java.lang.Object java.lang.invoke.Invokers$Holder.linkToTargetMethod(java.lang.Object, java.lang.Object, java.lang.Object, java.lang.Object, java.lang.Object, java.lang.Object, java.lang.Object, java.lang.Object, java.lang.Object, java.lang.Object)'> (0x00000000eab4b790) 
thrown [s\src\hotspot\share\interpreter\linkResolver.cpp, line 759]
Event: 57.949 Thread 0x000001c81ff4adf0 Implicit null exception at 0x000001c810c54294 to 0x000001c810c58e94
Event: 65.590 Thread 0x000001c821ef9c80 Implicit null exception at 0x000001c810b9b2d2 to 0x000001c810b9bff8
Event: 66.311 Thread 0x000001c823fc9110 Exception <a 'java/lang/NoSuchMethodError'{0x00000000eb6cad30}: 'void java.lang.invoke.DirectMethodHandle$Holder.invokeSpecial(java.lang.Object, java.lang.Object, java.lang.Object, java.lang.Object, java.lang.Object)'> (0x00000000eb6cad30) 
thrown [s\src\hotspot\share\interpreter\linkResolver.cpp, line 759]
Event: 66.390 Thread 0x000001c81ff48a80 Exception <a 'sun/nio/fs/WindowsException'{0x00000000eb7a3208}> (0x00000000eb7a3208) 
thrown [s\src\hotspot\share\prims\jni.cpp, line 516]
Event: 66.392 Thread 0x000001c81ff48a80 Exception <a 'sun/nio/fs/WindowsException'{0x00000000eb7a3860}> (0x00000000eb7a3860) 
thrown [s\src\hotspot\share\prims\jni.cpp, line 516]
Event: 66.406 Thread 0x000001c81ff48a80 Exception <a 'sun/nio/fs/WindowsException'{0x00000000eb7a44e8}> (0x00000000eb7a44e8) 
thrown [s\src\hotspot\share\prims\jni.cpp, line 516]
Event: 66.407 Thread 0x000001c81ff48a80 Exception <a 'sun/nio/fs/WindowsException'{0x00000000eb7a4dc8}> (0x00000000eb7a4dc8) 
thrown [s\src\hotspot\share\prims\jni.cpp, line 516]
Event: 66.409 Thread 0x000001c81ff48a80 Exception <a 'sun/nio/fs/WindowsException'{0x00000000eb7a8540}> (0x00000000eb7a8540) 
thrown [s\src\hotspot\share\prims\jni.cpp, line 516]
Event: 66.409 Thread 0x000001c81ff48a80 Exception <a 'sun/nio/fs/WindowsException'{0x00000000eb7a8b78}> (0x00000000eb7a8b78) 
thrown [s\src\hotspot\share\prims\jni.cpp, line 516]
Event: 67.025 Thread 0x000001c823fc8c00 Exception <a 'java/io/FileNotFoundException'{0x00000000eaeac0b0}> (0x00000000eaeac0b0) 
thrown [s\src\hotspot\share\prims\jni.cpp, line 516]
Event: 67.854 Thread 0x000001c823fc8c00 Exception <a 'java/lang/NoSuchMethodError'{0x00000000eb8c67e8}: 'java.lang.Object java.lang.invoke.DirectMethodHandle$Holder.invokeVirtual(java.lang.Object, java.lang.Object, java.lang.Object, java.lang.Object)'> (0x00000000eb8c67e8) 
thrown [s\src\hotspot\share\interpreter\linkResolver.cpp, line 759]
Event: 68.050 Thread 0x000001c823fc4a30 Exception <a 'java/lang/NoSuchMethodError'{0x00000000eaeab0a0}: 'java.lang.Object java.lang.invoke.DirectMethodHandle$Holder.invokeStatic(java.lang.Object, long, java.lang.Object, java.lang.Object)'> (0x00000000eaeab0a0) 
thrown [s\src\hotspot\share\interpreter\linkResolver.cpp, line 759]
Event: 68.059 Thread 0x000001c823fc4a30 Exception <a 'java/lang/NoSuchMethodError'{0x00000000eaeb1ea8}: 'java.lang.Object java.lang.invoke.DirectMethodHandle$Holder.newInvokeSpecial(java.lang.Object, long)'> (0x00000000eaeb1ea8) 
thrown [s\src\hotspot\share\interpreter\linkResolver.cpp, line 759]
Event: 68.161 Thread 0x000001c823fc4a30 Exception <a 'sun/nio/fs/WindowsException'{0x00000000eaf37578}> (0x00000000eaf37578) 
thrown [s\src\hotspot\share\prims\jni.cpp, line 516]
Event: 68.169 Thread 0x000001c823fc4a30 Exception <a 'sun/nio/fs/WindowsException'{0x00000000eaf37858}> (0x00000000eaf37858) 
thrown [s\src\hotspot\share\prims\jni.cpp, line 516]
Event: 68.170 Thread 0x000001c823fc4a30 Exception <a 'sun/nio/fs/WindowsException'{0x00000000eaf38bc8}> (0x00000000eaf38bc8) 
thrown [s\src\hotspot\share\prims\jni.cpp, line 516]
Event: 68.170 Thread 0x000001c823fc4a30 Exception <a 'sun/nio/fs/WindowsException'{0x00000000eaf38e98}> (0x00000000eaf38e98) 
thrown [s\src\hotspot\share\prims\jni.cpp, line 516]

VM Operations (20 events):
Event: 69.545 Executing VM operation: ParallelGCFailedAllocation
Event: 69.557 Executing VM operation: ParallelGCFailedAllocation done
Event: 69.716 Executing VM operation: ParallelGCFailedAllocation
Event: 69.731 Executing VM operation: ParallelGCFailedAllocation done
Event: 69.768 Executing VM operation: ParallelGCFailedAllocation
Event: 69.776 Executing VM operation: ParallelGCFailedAllocation done
Event: 69.816 Executing VM operation: ParallelGCFailedAllocation
Event: 69.828 Executing VM operation: ParallelGCFailedAllocation done
Event: 69.877 Executing VM operation: ParallelGCFailedAllocation
Event: 69.887 Executing VM operation: ParallelGCFailedAllocation done
Event: 69.931 Executing VM operation: ParallelGCFailedAllocation
Event: 70.293 Executing VM operation: ParallelGCFailedAllocation done
Event: 70.376 Executing VM operation: ParallelGCFailedAllocation
Event: 70.867 Executing VM operation: ParallelGCFailedAllocation done
Event: 70.949 Executing VM operation: ParallelGCFailedAllocation
Event: 71.337 Executing VM operation: ParallelGCFailedAllocation done
Event: 71.433 Executing VM operation: ParallelGCFailedAllocation
Event: 71.785 Executing VM operation: ParallelGCFailedAllocation done
Event: 71.908 Executing VM operation: ParallelGCFailedAllocation
Event: 72.264 Executing VM operation: ParallelGCFailedAllocation done

Events (20 events):
Event: 62.963 Thread 0x000001c81ef2aaa0 flushing nmethod 0x000001c809db7d10
Event: 62.963 Thread 0x000001c81ef2aaa0 flushing nmethod 0x000001c809dde290
Event: 62.964 Thread 0x000001c81ef2aaa0 flushing nmethod 0x000001c809e30d10
Event: 62.964 Thread 0x000001c81ef2aaa0 flushing nmethod 0x000001c809e3d010
Event: 62.964 Thread 0x000001c81ef2aaa0 flushing nmethod 0x000001c809ed0590
Event: 62.965 Thread 0x000001c81ef2aaa0 flushing nmethod 0x000001c809f22490
Event: 62.965 Thread 0x000001c81ef2aaa0 flushing nmethod 0x000001c809f51c10
Event: 62.965 Thread 0x000001c81ef2aaa0 flushing nmethod 0x000001c809f52490
Event: 62.965 Thread 0x000001c81ef2aaa0 flushing nmethod 0x000001c809f53010
Event: 62.966 Thread 0x000001c81ef2aaa0 flushing nmethod 0x000001c80a00cc90
Event: 62.966 Thread 0x000001c81ef2aaa0 flushing nmethod 0x000001c80a011f10
Event: 66.793 Thread 0x000001c823fc81e0 Thread added: 0x000001c823fc81e0
Event: 66.847 Thread 0x000001c823fc8c00 Thread added: 0x000001c823fc8c00
Event: 67.658 Thread 0x000001c823fc26c0 Thread added: 0x000001c823fc26c0
Event: 67.712 Thread 0x000001c823fc4520 Thread added: 0x000001c823fc4520
Event: 68.025 Thread 0x000001c823fc4a30 Thread added: 0x000001c823fc4a30
Event: 68.249 Thread 0x000001c823fc4f40 Thread added: 0x000001c823fc4f40
Event: 69.797 Thread 0x000001c820bb2000 Thread exited: 0x000001c820bb2000
Event: 70.342 Thread 0x000001c823fc72b0 Thread added: 0x000001c823fc72b0
Event: 70.345 Thread 0x000001c823fc4f40 Thread exited: 0x000001c823fc4f40


Dynamic libraries:
0x00007ff7446f0000 - 0x00007ff7446fe000 	c:\Users\vivin\.vscode\extensions\redhat.java-1.34.0-win32-x64\jre\17.0.12-win32-x86_64\bin\java.exe
0x00007ffbdbd30000 - 0x00007ffbdbf47000 	C:\WINDOWS\SYSTEM32\ntdll.dll
0x00007ffbdaa10000 - 0x00007ffbdaad4000 	C:\WINDOWS\System32\KERNEL32.DLL
0x00007ffbd9420000 - 0x00007ffbd97cd000 	C:\WINDOWS\System32\KERNELBASE.dll
0x00007ffbd9910000 - 0x00007ffbd9a21000 	C:\WINDOWS\System32\ucrtbase.dll
0x00007ffbd5780000 - 0x00007ffbd5797000 	c:\Users\vivin\.vscode\extensions\redhat.java-1.34.0-win32-x64\jre\17.0.12-win32-x86_64\bin\jli.dll
0x00007ffbdafb0000 - 0x00007ffbdb15e000 	C:\WINDOWS\System32\USER32.dll
0x00007ffbd9260000 - 0x00007ffbd9286000 	C:\WINDOWS\System32\win32u.dll
0x00007ffbdaf60000 - 0x00007ffbdaf89000 	C:\WINDOWS\System32\GDI32.dll
0x00007ffbd9300000 - 0x00007ffbd9419000 	C:\WINDOWS\System32\gdi32full.dll
0x00007ffbd91c0000 - 0x00007ffbd925a000 	C:\WINDOWS\System32\msvcp_win.dll
0x00007ffbd5730000 - 0x00007ffbd574b000 	c:\Users\vivin\.vscode\extensions\redhat.java-1.34.0-win32-x64\jre\17.0.12-win32-x86_64\bin\VCRUNTIME140.dll
0x00007ffbbb740000 - 0x00007ffbbb9d3000 	C:\WINDOWS\WinSxS\amd64_microsoft.windows.common-controls_6595b64144ccf1df_6.0.22621.3672_none_2713b9d173822955\COMCTL32.dll
0x00007ffbdad90000 - 0x00007ffbdae37000 	C:\WINDOWS\System32\msvcrt.dll
0x00007ffbdac90000 - 0x00007ffbdacc1000 	C:\WINDOWS\System32\IMM32.DLL
0x00007ffbd61e0000 - 0x00007ffbd61ec000 	c:\Users\vivin\.vscode\extensions\redhat.java-1.34.0-win32-x64\jre\17.0.12-win32-x86_64\bin\vcruntime140_1.dll
0x00007ffbd3f40000 - 0x00007ffbd3fcd000 	c:\Users\vivin\.vscode\extensions\redhat.java-1.34.0-win32-x64\jre\17.0.12-win32-x86_64\bin\msvcp140.dll
0x00007ffb57af0000 - 0x00007ffb5875a000 	c:\Users\vivin\.vscode\extensions\redhat.java-1.34.0-win32-x64\jre\17.0.12-win32-x86_64\bin\server\jvm.dll
0x00007ffbd9a70000 - 0x00007ffbd9b22000 	C:\WINDOWS\System32\ADVAPI32.dll
0x00007ffbd9ca0000 - 0x00007ffbd9d49000 	C:\WINDOWS\System32\sechost.dll
0x00007ffbd9a30000 - 0x00007ffbd9a58000 	C:\WINDOWS\System32\bcrypt.dll
0x00007ffbdae40000 - 0x00007ffbdaf54000 	C:\WINDOWS\System32\RPCRT4.dll
0x00007ffbd9d70000 - 0x00007ffbd9de1000 	C:\WINDOWS\System32\WS2_32.dll
0x00007ffbd8f20000 - 0x00007ffbd8f6d000 	C:\WINDOWS\SYSTEM32\POWRPROF.dll
0x00007ffbd06e0000 - 0x00007ffbd06ea000 	C:\WINDOWS\SYSTEM32\VERSION.dll
0x00007ffbd1670000 - 0x00007ffbd16a4000 	C:\WINDOWS\SYSTEM32\WINMM.dll
0x00007ffbd8d50000 - 0x00007ffbd8d63000 	C:\WINDOWS\SYSTEM32\UMPDC.dll
0x00007ffbd80a0000 - 0x00007ffbd80b8000 	C:\WINDOWS\SYSTEM32\kernel.appcore.dll
0x00007ffbd5710000 - 0x00007ffbd571a000 	c:\Users\vivin\.vscode\extensions\redhat.java-1.34.0-win32-x64\jre\17.0.12-win32-x86_64\bin\jimage.dll
0x00007ffbd3a20000 - 0x00007ffbd3c52000 	C:\WINDOWS\SYSTEM32\DBGHELP.DLL
0x00007ffbdb160000 - 0x00007ffbdb4ee000 	C:\WINDOWS\System32\combase.dll
0x00007ffbd9bc0000 - 0x00007ffbd9c97000 	C:\WINDOWS\System32\OLEAUT32.dll
0x00007ffbcd860000 - 0x00007ffbcd892000 	C:\WINDOWS\SYSTEM32\dbgcore.DLL
0x00007ffbd9890000 - 0x00007ffbd990b000 	C:\WINDOWS\System32\bcryptPrimitives.dll
0x00007ffbd55a0000 - 0x00007ffbd55ae000 	c:\Users\vivin\.vscode\extensions\redhat.java-1.34.0-win32-x64\jre\17.0.12-win32-x86_64\bin\instrument.dll
0x00007ffbd5440000 - 0x00007ffbd5465000 	c:\Users\vivin\.vscode\extensions\redhat.java-1.34.0-win32-x64\jre\17.0.12-win32-x86_64\bin\java.dll
0x00007ffbd5420000 - 0x00007ffbd5438000 	c:\Users\vivin\.vscode\extensions\redhat.java-1.34.0-win32-x64\jre\17.0.12-win32-x86_64\bin\zip.dll
0x00007ffbd9f90000 - 0x00007ffbda7f7000 	C:\WINDOWS\System32\SHELL32.dll
0x00007ffbd6fd0000 - 0x00007ffbd78cf000 	C:\WINDOWS\SYSTEM32\windows.storage.dll
0x00007ffbd6e90000 - 0x00007ffbd6fcf000 	C:\WINDOWS\SYSTEM32\wintypes.dll
0x00007ffbda810000 - 0x00007ffbda909000 	C:\WINDOWS\System32\SHCORE.dll
0x00007ffbd9f30000 - 0x00007ffbd9f8e000 	C:\WINDOWS\System32\shlwapi.dll
0x00007ffbd8f80000 - 0x00007ffbd8fa7000 	C:\WINDOWS\SYSTEM32\profapi.dll
0x00007ffbd2b10000 - 0x00007ffbd2b29000 	C:\Users\vivin\.vscode\extensions\redhat.java-1.34.0-win32-x64\jre\17.0.12-win32-x86_64\bin\net.dll
0x00007ffbd1330000 - 0x00007ffbd1466000 	C:\WINDOWS\SYSTEM32\WINHTTP.dll
0x00007ffbd8510000 - 0x00007ffbd8579000 	C:\WINDOWS\system32\mswsock.dll
0x00007ffbd2a80000 - 0x00007ffbd2a96000 	C:\Users\vivin\.vscode\extensions\redhat.java-1.34.0-win32-x64\jre\17.0.12-win32-x86_64\bin\nio.dll
0x00007ffbd5590000 - 0x00007ffbd55a0000 	c:\Users\vivin\.vscode\extensions\redhat.java-1.34.0-win32-x64\jre\17.0.12-win32-x86_64\bin\verify.dll
0x00007ffbc5000000 - 0x00007ffbc5045000 	C:\Users\vivin\AppData\Roaming\Code\User\globalStorage\redhat.java\1.34.0\config_win\org.eclipse.equinox.launcher\org.eclipse.equinox.launcher.win32.win32.x86_64_1.2.1100.v20240722-2106\eclipse_11904.dll
0x00007ffbdaae0000 - 0x00007ffbdac85000 	C:\WINDOWS\System32\ole32.dll
0x00007ffbd8760000 - 0x00007ffbd877b000 	C:\WINDOWS\SYSTEM32\CRYPTSP.dll
0x00007ffbd8000000 - 0x00007ffbd8035000 	C:\WINDOWS\system32\rsaenh.dll
0x00007ffbd8600000 - 0x00007ffbd8628000 	C:\WINDOWS\SYSTEM32\USERENV.dll
0x00007ffbd8780000 - 0x00007ffbd878c000 	C:\WINDOWS\SYSTEM32\CRYPTBASE.dll
0x00007ffbd7a10000 - 0x00007ffbd7a3d000 	C:\WINDOWS\SYSTEM32\IPHLPAPI.DLL
0x00007ffbda800000 - 0x00007ffbda809000 	C:\WINDOWS\System32\NSI.dll
0x00007ffbd0dc0000 - 0x00007ffbd0dd9000 	C:\WINDOWS\SYSTEM32\dhcpcsvc6.DLL
0x00007ffbd0cc0000 - 0x00007ffbd0cdf000 	C:\WINDOWS\SYSTEM32\dhcpcsvc.DLL
0x00007ffbd7ab0000 - 0x00007ffbd7ba8000 	C:\WINDOWS\SYSTEM32\DNSAPI.dll
0x00007ffbc63a0000 - 0x00007ffbc63e5000 	C:\Users\vivin\AppData\Local\Temp\jna-112220296\jna5851007079113651231.dll
0x00007ffbd9ed0000 - 0x00007ffbd9ed8000 	C:\WINDOWS\System32\PSAPI.DLL
0x00007ffbd81b0000 - 0x00007ffbd81e4000 	C:\WINDOWS\SYSTEM32\ntmarta.dll
0x00007ffbd5720000 - 0x00007ffbd572e000 	C:\Users\vivin\.vscode\extensions\redhat.java-1.34.0-win32-x64\jre\17.0.12-win32-x86_64\bin\sunmscapi.dll
0x00007ffbd9050000 - 0x00007ffbd91b6000 	C:\WINDOWS\System32\CRYPT32.dll
0x00007ffbd8920000 - 0x00007ffbd894e000 	C:\WINDOWS\SYSTEM32\ncrypt.dll
0x00007ffbd88e0000 - 0x00007ffbd8917000 	C:\WINDOWS\SYSTEM32\NTASN1.dll
0x00007ffbd5480000 - 0x00007ffbd5489000 	C:\Users\vivin\.vscode\extensions\redhat.java-1.34.0-win32-x64\jre\17.0.12-win32-x86_64\bin\extnet.dll

dbghelp: loaded successfully - version: 4.0.5 - missing functions: none
symbol engine: initialized successfully - sym options: 0x614 - pdb path: .;c:\Users\vivin\.vscode\extensions\redhat.java-1.34.0-win32-x64\jre\17.0.12-win32-x86_64\bin;C:\WINDOWS\SYSTEM32;C:\WINDOWS\WinSxS\amd64_microsoft.windows.common-controls_6595b64144ccf1df_6.0.22621.3672_none_2713b9d173822955;c:\Users\vivin\.vscode\extensions\redhat.java-1.34.0-win32-x64\jre\17.0.12-win32-x86_64\bin\server;C:\Users\vivin\AppData\Roaming\Code\User\globalStorage\redhat.java\1.34.0\config_win\org.eclipse.equinox.launcher\org.eclipse.equinox.launcher.win32.win32.x86_64_1.2.1100.v20240722-2106;C:\Users\vivin\AppData\Local\Temp\jna-112220296

VM Arguments:
jvm_args: --add-modules=ALL-SYSTEM --add-opens=java.base/java.util=ALL-UNNAMED --add-opens=java.base/java.lang=ALL-UNNAMED --add-opens=java.base/sun.nio.fs=ALL-UNNAMED -Declipse.application=org.eclipse.jdt.ls.core.id1 -Dosgi.bundles.defaultStartLevel=4 -Declipse.product=org.eclipse.jdt.ls.core.product -Djava.import.generatesMetadataFilesAtProjectRoot=false -DDetectVMInstallationsJob.disabled=true -Dfile.encoding=utf8 -XX:+UseParallelGC -XX:GCTimeRatio=4 -XX:AdaptiveSizePolicyWeight=90 -Dsun.zip.disableMemoryMapping=true -Xmx1G -Xms100m -Xlog:disable -javaagent:c:\Users\vivin\.vscode\extensions\redhat.java-1.34.0-win32-x64\lombok\lombok-1.18.33.jar -XX:+HeapDumpOnOutOfMemoryError -XX:HeapDumpPath=c:\Users\vivin\AppData\Roaming\Code\User\workspaceStorage\03aef4cec3476b10e38d3aef6a71f36d\redhat.java -Daether.dependencyCollector.impl=bf 
java_command: c:\Users\vivin\.vscode\extensions\redhat.java-1.34.0-win32-x64\server\plugins\org.eclipse.equinox.launcher_1.6.900.v20240613-2009.jar -configuration c:\Users\vivin\AppData\Roaming\Code\User\globalStorage\redhat.java\1.34.0\config_win -data c:\Users\vivin\AppData\Roaming\Code\User\workspaceStorage\03aef4cec3476b10e38d3aef6a71f36d\redhat.java\jdt_ws --pipe=\\.\pipe\lsp-21773fbcbb5e154a457f04f6dd873e95-sock
java_class_path (initial): c:\Users\vivin\.vscode\extensions\redhat.java-1.34.0-win32-x64\server\plugins\org.eclipse.equinox.launcher_1.6.900.v20240613-2009.jar
Launcher Type: SUN_STANDARD

[Global flags]
    uintx AdaptiveSizePolicyWeight                 = 90                                        {product} {command line}
     intx CICompilerCount                          = 3                                         {product} {ergonomic}
    uintx GCTimeRatio                              = 4                                         {product} {command line}
     bool HeapDumpOnOutOfMemoryError               = true                                   {manageable} {command line}
    ccstr HeapDumpPath                             = c:\Users\vivin\AppData\Roaming\Code\User\workspaceStorage\03aef4cec3476b10e38d3aef6a71f36d\redhat.java         {manageable} {command line}
   size_t InitialHeapSize                          = 104857600                                 {product} {command line}
   size_t MaxHeapSize                              = 1073741824                                {product} {command line}
   size_t MaxNewSize                               = 357564416                                 {product} {ergonomic}
   size_t MinHeapDeltaBytes                        = 524288                                    {product} {ergonomic}
   size_t MinHeapSize                              = 104857600                                 {product} {command line}
   size_t NewSize                                  = 34603008                                  {product} {ergonomic}
    uintx NonNMethodCodeHeapSize                   = 5832780                                {pd product} {ergonomic}
    uintx NonProfiledCodeHeapSize                  = 122912730                              {pd product} {ergonomic}
   size_t OldSize                                  = 70254592                                  {product} {ergonomic}
    uintx ProfiledCodeHeapSize                     = 122912730                              {pd product} {ergonomic}
    uintx ReservedCodeCacheSize                    = 251658240                              {pd product} {ergonomic}
     bool SegmentedCodeCache                       = true                                      {product} {ergonomic}
   size_t SoftMaxHeapSize                          = 1073741824                             {manageable} {ergonomic}
     bool UseCompressedClassPointers               = true                           {product lp64_product} {ergonomic}
     bool UseCompressedOops                        = true                           {product lp64_product} {ergonomic}
     bool UseLargePagesIndividualAllocation        = false                                  {pd product} {ergonomic}
     bool UseParallelGC                            = true                                      {product} {command line}

Logging:
Log output configuration:
 #0: stdout all=off uptime,level,tags
 #1: stderr all=off uptime,level,tags

Environment Variables:
PATH=C:\Program Files\Common Files\Oracle\Java\javapath;C:\WINDOWS\system32;C:\WINDOWS;C:\WINDOWS\System32\Wbem;C:\WINDOWS\System32\WindowsPowerShell\v1.0\;C:\WINDOWS\System32\OpenSSH\;%JAVA_HOME%\bin;C:\Program Files\nodejs\;C:\Program Files\Git\cmd;C:\Program Files\MySQL\MySQL Shell 8.0\bin\;C:\Users\vivin\AppData\Local\Microsoft\WindowsApps;C:\Users\vivin\AppData\Local\Programs\Microsoft VS Code\bin;C:\Users\vivin\AppData\Roaming\npm
USERNAME=vivin
OS=Windows_NT
PROCESSOR_IDENTIFIER=AMD64 Family 23 Model 24 Stepping 1, AuthenticAMD
TMP=C:\Users\vivin\AppData\Local\Temp
TEMP=C:\Users\vivin\AppData\Local\Temp



Periodic native trim disabled


---------------  S Y S T E M  ---------------

OS:
 Windows 11 , 64 bit Build 22621 (10.0.22621.3958)
OS uptime: 2 days 8:57 hours

CPU: total 4 (initial active 4) (4 cores per cpu, 2 threads per core) family 23 model 24 stepping 1 microcode 0x0, cx8, cmov, fxsr, ht, mmx, 3dnowpref, sse, sse2, sse3, ssse3, sse4a, sse4.1, sse4.2, popcnt, lzcnt, tsc, tscinvbit, avx, avx2, aes, clmul, bmi1, bmi2, adx, sha, fma, vzeroupper, clflush, clflushopt
Processor Information for all 4 processors :
  Max Mhz: 2600, Current Mhz: 2600, Mhz Limit: 2600

Memory: 4k page, system-wide physical 6086M (757M free)
TotalPageFile size 24518M (AvailPageFile size 39M)
current process WorkingSet (physical memory assigned to process): 537M, peak: 537M
current process commit charge ("private bytes"): 496M, peak: 959M

vm_info: OpenJDK 64-Bit Server VM (17.0.12+7) for windows-amd64 JRE (17.0.12+7), built on Jul 16 2024 22:08:24 by "admin" with MS VC++ 16.10 / 16.11 (VS2019)

END.
